2019-08-25 22:44:41.755955 EDT | [rlkit-skew-fit-pusher-reference-sample-from-true-prior-take2_2019_08_25_22_43_31_0000--s-0] Epoch 0 finished
-------------------------------------------------  ----------------
vae_trainer/train/log prob                         -13424.3
vae_trainer/train/KL                                   19.5919
vae_trainer/train/loss                              13816.1
vae_trainer/epoch                                       0
vae_trainer/test/log prob                          -11902.6
vae_trainer/test/KL                                     9.94247
vae_trainer/test/loss                               12101.4
vae_trainer/beta                                       20
replay_buffer/VAE Sample Weights Mean                   0.00166667
replay_buffer/VAE Sample Weights Std                    0.0231737
replay_buffer/VAE Sample Weights Max                    0.482315
replay_buffer/VAE Sample Weights Min                    5.3428e-09
replay_buffer/VAE Sample Probs Mean                     0.00166667
replay_buffer/VAE Sample Probs Std                      0.0231737
replay_buffer/VAE Sample Probs Max                      0.482315
replay_buffer/VAE Sample Probs Min                      5.3428e-09
trainer/QF1 Loss                                        1.13309
trainer/QF2 Loss                                        1.13243
trainer/Policy Loss                                    -1.33788
trainer/Q1 Predictions Mean                            -0.00559096
trainer/Q1 Predictions Std                              0.000637473
trainer/Q1 Predictions Max                             -0.00371901
trainer/Q1 Predictions Min                             -0.00786977
trainer/Q2 Predictions Mean                             0.00352512
trainer/Q2 Predictions Std                              0.000916539
trainer/Q2 Predictions Max                              0.0071597
trainer/Q2 Predictions Min                              0.000357497
trainer/Q Targets Mean                                  0.0299881
trainer/Q Targets Std                                   1.06383
trainer/Q Targets Max                                   2.01789
trainer/Q Targets Min                                  -3.19907
trainer/Log Pis Mean                                   -1.34348
trainer/Log Pis Std                                     0.30234
trainer/Log Pis Max                                    -0.540759
trainer/Log Pis Min                                    -2.85832
trainer/Policy mu Mean                                 -0.00142978
trainer/Policy mu Std                                   0.000262402
trainer/Policy mu Max                                  -0.000816871
trainer/Policy mu Min                                  -0.00260191
trainer/Policy log std Mean                            -0.000476029
trainer/Policy log std Std                              0.0024765
trainer/Policy log std Max                              0.00287203
trainer/Policy log std Min                             -0.00414828
trainer/Alpha                                           0.999
trainer/Alpha Loss                                     -0
exploration/num steps total                           600
exploration/num paths total                            12
exploration/path length Mean                           50
exploration/path length Std                             0
exploration/path length Max                            50
exploration/path length Min                            50
exploration/hand_distance Mean                          0.0812118
exploration/hand_distance Std                           0.0314214
exploration/hand_distance Max                           0.173352
exploration/hand_distance Min                           0.0292593
exploration/Final hand_distance Mean                    0.0719603
exploration/Final hand_distance Std                     0.0371564
exploration/Final hand_distance Max                     0.145784
exploration/Final hand_distance Min                     0.0319282
exploration/puck_distance Mean                          0.117403
exploration/puck_distance Std                           0.0557066
exploration/puck_distance Max                           0.203172
exploration/puck_distance Min                           0.0256553
exploration/Final puck_distance Mean                    0.118584
exploration/Final puck_distance Std                     0.0593041
exploration/Final puck_distance Max                     0.203172
exploration/Final puck_distance Min                     0.025666
exploration/touch_distance Mean                         0.147372
exploration/touch_distance Std                          0.0469381
exploration/touch_distance Max                          0.254971
exploration/touch_distance Min                          0.0577611
exploration/Final touch_distance Mean                   0.142
exploration/Final touch_distance Std                    0.0480495
exploration/Final touch_distance Max                    0.195599
exploration/Final touch_distance Min                    0.0673808
exploration/success Mean                                0.016
exploration/success Std                                 0.125475
exploration/success Max                                 1
exploration/success Min                                 0
exploration/Final success Mean                          0.1
exploration/Final success Std                           0.3
exploration/Final success Max                           1
exploration/Final success Min                           0
exploration/image_dist Mean                            11.1822
exploration/image_dist Std                              2.00302
exploration/image_dist Max                             16.9894
exploration/image_dist Min                              7.56958
exploration/Final image_dist Mean                      11.1308
exploration/Final image_dist Std                        2.53343
exploration/Final image_dist Max                       16.9894
exploration/Final image_dist Min                        8.80247
exploration/image_success Mean                         -0.666
exploration/image_success Std                           0.47164
exploration/image_success Max                           0
exploration/image_success Min                          -1
exploration/Final image_success Mean                   -0.6
exploration/Final image_success Std                     0.489898
exploration/Final image_success Max                     0
exploration/Final image_success Min                    -1
exploration/vae_mdist Mean                           1510.14
exploration/vae_mdist Std                            1250.79
exploration/vae_mdist Max                            4681.16
exploration/vae_mdist Min                             490.605
exploration/Final vae_mdist Mean                     1510.14
exploration/Final vae_mdist Std                      1250.79
exploration/Final vae_mdist Max                      4681.15
exploration/Final vae_mdist Min                       490.607
exploration/vae_success Mean                            0
exploration/vae_success Std                             0
exploration/vae_success Max                             0
exploration/vae_success Min                             0
exploration/Final vae_success Mean                      0
exploration/Final vae_success Std                       0
exploration/Final vae_success Max                       0
exploration/Final vae_success Min                       0
exploration/vae_dist Mean                               1.6164
exploration/vae_dist Std                                0.639593
exploration/vae_dist Max                                3.06015
exploration/vae_dist Min                                0.990762
exploration/Final vae_dist Mean                         1.6164
exploration/Final vae_dist Std                          0.639593
exploration/Final vae_dist Max                          3.06015
exploration/Final vae_dist Min                          0.990764
exploration/Rewards Mean                               -1.6164
exploration/Rewards Std                                 0.639593
exploration/Rewards Max                                -0.990762
exploration/Rewards Min                                -3.06015
exploration/Returns Mean                              -80.8201
exploration/Returns Std                                31.9796
exploration/Returns Max                               -49.5382
exploration/Returns Min                              -153.007
exploration/Actions Mean                                0.0019876
exploration/Actions Std                                 0.629583
exploration/Actions Max                                 0.997444
exploration/Actions Min                                -0.994263
exploration/Num Paths                                  10
exploration/Average Returns                           -80.8201
exploration/env_infos/final/hand_distance Mean          0.0719603
exploration/env_infos/final/hand_distance Std           0.0371564
exploration/env_infos/final/hand_distance Max           0.145784
exploration/env_infos/final/hand_distance Min           0.0319282
exploration/env_infos/initial/hand_distance Mean        0.0915532
exploration/env_infos/initial/hand_distance Std         0.020641
exploration/env_infos/initial/hand_distance Max         0.12797
exploration/env_infos/initial/hand_distance Min         0.0618998
exploration/env_infos/hand_distance Mean                0.0812118
exploration/env_infos/hand_distance Std                 0.0314214
exploration/env_infos/hand_distance Max                 0.173352
exploration/env_infos/hand_distance Min                 0.0292593
exploration/env_infos/final/puck_distance Mean          0.118584
exploration/env_infos/final/puck_distance Std           0.0593041
exploration/env_infos/final/puck_distance Max           0.203172
exploration/env_infos/final/puck_distance Min           0.025666
exploration/env_infos/initial/puck_distance Mean        0.118851
exploration/env_infos/initial/puck_distance Std         0.0529664
exploration/env_infos/initial/puck_distance Max         0.203171
exploration/env_infos/initial/puck_distance Min         0.0256594
exploration/env_infos/puck_distance Mean                0.117403
exploration/env_infos/puck_distance Std                 0.0557066
exploration/env_infos/puck_distance Max                 0.203172
exploration/env_infos/puck_distance Min                 0.0256553
exploration/env_infos/final/touch_distance Mean         0.142
exploration/env_infos/final/touch_distance Std          0.0480495
exploration/env_infos/final/touch_distance Max          0.195599
exploration/env_infos/final/touch_distance Min          0.0673808
exploration/env_infos/initial/touch_distance Mean       0.161396
exploration/env_infos/initial/touch_distance Std        0.0368684
exploration/env_infos/initial/touch_distance Max        0.22144
exploration/env_infos/initial/touch_distance Min        0.0968599
exploration/env_infos/touch_distance Mean               0.147372
exploration/env_infos/touch_distance Std                0.0469381
exploration/env_infos/touch_distance Max                0.254971
exploration/env_infos/touch_distance Min                0.0577611
exploration/env_infos/final/success Mean                0.1
exploration/env_infos/final/success Std                 0.3
exploration/env_infos/final/success Max                 1
exploration/env_infos/final/success Min                 0
exploration/env_infos/initial/success Mean              0
exploration/env_infos/initial/success Std               0
exploration/env_infos/initial/success Max               0
exploration/env_infos/initial/success Min               0
exploration/env_infos/success Mean                      0.016
exploration/env_infos/success Std                       0.125475
exploration/env_infos/success Max                       1
exploration/env_infos/success Min                       0
exploration/env_infos/final/image_dist Mean            11.1308
exploration/env_infos/final/image_dist Std              2.53343
exploration/env_infos/final/image_dist Max             16.9894
exploration/env_infos/final/image_dist Min              8.80247
exploration/env_infos/initial/image_dist Mean          10.6232
exploration/env_infos/initial/image_dist Std            0.891502
exploration/env_infos/initial/image_dist Max           12.0808
exploration/env_infos/initial/image_dist Min            9.0772
exploration/env_infos/image_dist Mean                  11.1822
exploration/env_infos/image_dist Std                    2.00302
exploration/env_infos/image_dist Max                   16.9894
exploration/env_infos/image_dist Min                    7.56958
exploration/env_infos/final/image_success Mean         -0.6
exploration/env_infos/final/image_success Std           0.489898
exploration/env_infos/final/image_success Max           0
exploration/env_infos/final/image_success Min          -1
exploration/env_infos/initial/image_success Mean       -0.7
exploration/env_infos/initial/image_success Std         0.458258
exploration/env_infos/initial/image_success Max         0
exploration/env_infos/initial/image_success Min        -1
exploration/env_infos/image_success Mean               -0.666
exploration/env_infos/image_success Std                 0.47164
exploration/env_infos/image_success Max                 0
exploration/env_infos/image_success Min                -1
exploration/env_infos/final/vae_mdist Mean           1510.14
exploration/env_infos/final/vae_mdist Std            1250.79
exploration/env_infos/final/vae_mdist Max            4681.15
exploration/env_infos/final/vae_mdist Min             490.607
exploration/env_infos/initial/vae_mdist Mean         1510.14
exploration/env_infos/initial/vae_mdist Std          1250.79
exploration/env_infos/initial/vae_mdist Max          4681.16
exploration/env_infos/initial/vae_mdist Min           490.606
exploration/env_infos/vae_mdist Mean                 1510.14
exploration/env_infos/vae_mdist Std                  1250.79
exploration/env_infos/vae_mdist Max                  4681.16
exploration/env_infos/vae_mdist Min                   490.605
exploration/env_infos/final/vae_success Mean            0
exploration/env_infos/final/vae_success Std             0
exploration/env_infos/final/vae_success Max             0
exploration/env_infos/final/vae_success Min             0
exploration/env_infos/initial/vae_success Mean          0
exploration/env_infos/initial/vae_success Std           0
exploration/env_infos/initial/vae_success Max           0
exploration/env_infos/initial/vae_success Min           0
exploration/env_infos/vae_success Mean                  0
exploration/env_infos/vae_success Std                   0
exploration/env_infos/vae_success Max                   0
exploration/env_infos/vae_success Min                   0
exploration/env_infos/final/vae_dist Mean               1.6164
exploration/env_infos/final/vae_dist Std                0.639593
exploration/env_infos/final/vae_dist Max                3.06015
exploration/env_infos/final/vae_dist Min                0.990764
exploration/env_infos/initial/vae_dist Mean             1.6164
exploration/env_infos/initial/vae_dist Std              0.639593
exploration/env_infos/initial/vae_dist Max              3.06015
exploration/env_infos/initial/vae_dist Min              0.990763
exploration/env_infos/vae_dist Mean                     1.6164
exploration/env_infos/vae_dist Std                      0.639593
exploration/env_infos/vae_dist Max                      3.06015
exploration/env_infos/vae_dist Min                      0.990762
exploration/env_infos/final/vae_dist_l1 Mean            2.7732
exploration/env_infos/final/vae_dist_l1 Std             1.0437
exploration/env_infos/final/vae_dist_l1 Max             5.38631
exploration/env_infos/final/vae_dist_l1 Min             1.72876
exploration/env_infos/initial/vae_dist_l1 Mean          2.7732
exploration/env_infos/initial/vae_dist_l1 Std           1.0437
exploration/env_infos/initial/vae_dist_l1 Max           5.38631
exploration/env_infos/initial/vae_dist_l1 Min           1.72876
exploration/env_infos/vae_dist_l1 Mean                  2.7732
exploration/env_infos/vae_dist_l1 Std                   1.0437
exploration/env_infos/vae_dist_l1 Max                   5.38631
exploration/env_infos/vae_dist_l1 Min                   1.72876
exploration/env_infos/final/vae_dist_l2 Mean            1.6164
exploration/env_infos/final/vae_dist_l2 Std             0.639593
exploration/env_infos/final/vae_dist_l2 Max             3.06015
exploration/env_infos/final/vae_dist_l2 Min             0.990764
exploration/env_infos/initial/vae_dist_l2 Mean          1.6164
exploration/env_infos/initial/vae_dist_l2 Std           0.639593
exploration/env_infos/initial/vae_dist_l2 Max           3.06015
exploration/env_infos/initial/vae_dist_l2 Min           0.990763
exploration/env_infos/vae_dist_l2 Mean                  1.6164
exploration/env_infos/vae_dist_l2 Std                   0.639593
exploration/env_infos/vae_dist_l2 Max                   3.06015
exploration/env_infos/vae_dist_l2 Min                   0.990762
evaluation/num steps total                            500
evaluation/num paths total                             10
evaluation/path length Mean                            50
evaluation/path length Std                              0
evaluation/path length Max                             50
evaluation/path length Min                             50
evaluation/hand_distance Mean                           0.109828
evaluation/hand_distance Std                            0.0254708
evaluation/hand_distance Max                            0.150319
evaluation/hand_distance Min                            0.0693052
evaluation/Final hand_distance Mean                     0.11022
evaluation/Final hand_distance Std                      0.0253481
evaluation/Final hand_distance Max                      0.149625
evaluation/Final hand_distance Min                      0.0705114
evaluation/puck_distance Mean                           0.16206
evaluation/puck_distance Std                            0.0588155
evaluation/puck_distance Max                            0.268401
evaluation/puck_distance Min                            0.0619476
evaluation/Final puck_distance Mean                     0.162061
evaluation/Final puck_distance Std                      0.0588155
evaluation/Final puck_distance Max                      0.2684
evaluation/Final puck_distance Min                      0.061948
evaluation/touch_distance Mean                          0.150699
evaluation/touch_distance Std                           0.0418207
evaluation/touch_distance Max                           0.249877
evaluation/touch_distance Min                           0.0952694
evaluation/Final touch_distance Mean                    0.150851
evaluation/Final touch_distance Std                     0.0419451
evaluation/Final touch_distance Max                     0.245949
evaluation/Final touch_distance Min                     0.0970611
evaluation/success Mean                                 0
evaluation/success Std                                  0
evaluation/success Max                                  0
evaluation/success Min                                  0
evaluation/Final success Mean                           0
evaluation/Final success Std                            0
evaluation/Final success Max                            0
evaluation/Final success Min                            0
evaluation/image_dist Mean                             10.9519
evaluation/image_dist Std                               0.72252
evaluation/image_dist Max                              11.9745
evaluation/image_dist Min                               9.26039
evaluation/Final image_dist Mean                       10.9679
evaluation/Final image_dist Std                         0.715675
evaluation/Final image_dist Max                        11.7959
evaluation/Final image_dist Min                         9.37194
evaluation/image_success Mean                          -0.9
evaluation/image_success Std                            0.3
evaluation/image_success Max                            0
evaluation/image_success Min                           -1
evaluation/Final image_success Mean                    -0.9
evaluation/Final image_success Std                      0.3
evaluation/Final image_success Max                      0
evaluation/Final image_success Min                     -1
evaluation/vae_mdist Mean                               4.24535e-09
evaluation/vae_mdist Std                                2.60809e-09
evaluation/vae_mdist Max                                1.00154e-08
evaluation/vae_mdist Min                                8.2066e-10
evaluation/Final vae_mdist Mean                         4.23953e-09
evaluation/Final vae_mdist Std                          2.53411e-09
evaluation/Final vae_mdist Max                          9.09504e-09
evaluation/Final vae_mdist Min                          1.30079e-09
evaluation/vae_success Mean                             1
evaluation/vae_success Std                              0
evaluation/vae_success Max                              1
evaluation/vae_success Min                              1
evaluation/Final vae_success Mean                       1
evaluation/Final vae_success Std                        0
evaluation/Final vae_success Max                        1
evaluation/Final vae_success Min                        1
evaluation/vae_dist Mean                                2.76514e-06
evaluation/vae_dist Std                                 9.21927e-07
evaluation/vae_dist Max                                 4.47759e-06
evaluation/vae_dist Min                                 1.28148e-06
evaluation/Final vae_dist Mean                          2.77906e-06
evaluation/Final vae_dist Std                           8.72429e-07
evaluation/Final vae_dist Max                           4.26694e-06
evaluation/Final vae_dist Min                           1.61337e-06
evaluation/Rewards Mean                                -2.76514e-06
evaluation/Rewards Std                                  9.21927e-07
evaluation/Rewards Max                                 -1.28148e-06
evaluation/Rewards Min                                 -4.47759e-06
evaluation/Returns Mean                                -0.000138257
evaluation/Returns Std                                  4.5047e-05
evaluation/Returns Max                                 -7.40091e-05
evaluation/Returns Min                                 -0.000202905
evaluation/Actions Mean                                -0.00140983
evaluation/Actions Std                                  0.000142235
evaluation/Actions Max                                 -0.00126759
evaluation/Actions Min                                 -0.00155207
evaluation/Num Paths                                   10
evaluation/Average Returns                             -0.000138257
evaluation/env_infos/final/hand_distance Mean           0.11022
evaluation/env_infos/final/hand_distance Std            0.0253481
evaluation/env_infos/final/hand_distance Max            0.149625
evaluation/env_infos/final/hand_distance Min            0.0705114
evaluation/env_infos/initial/hand_distance Mean         0.110898
evaluation/env_infos/initial/hand_distance Std          0.0251646
evaluation/env_infos/initial/hand_distance Max          0.150319
evaluation/env_infos/initial/hand_distance Min          0.0695059
evaluation/env_infos/hand_distance Mean                 0.109828
evaluation/env_infos/hand_distance Std                  0.0254708
evaluation/env_infos/hand_distance Max                  0.150319
evaluation/env_infos/hand_distance Min                  0.0693052
evaluation/env_infos/final/puck_distance Mean           0.162061
evaluation/env_infos/final/puck_distance Std            0.0588155
evaluation/env_infos/final/puck_distance Max            0.2684
evaluation/env_infos/final/puck_distance Min            0.061948
evaluation/env_infos/initial/puck_distance Mean         0.162059
evaluation/env_infos/initial/puck_distance Std          0.0588151
evaluation/env_infos/initial/puck_distance Max          0.268381
evaluation/env_infos/initial/puck_distance Min          0.061948
evaluation/env_infos/puck_distance Mean                 0.16206
evaluation/env_infos/puck_distance Std                  0.0588155
evaluation/env_infos/puck_distance Max                  0.268401
evaluation/env_infos/puck_distance Min                  0.0619476
evaluation/env_infos/final/touch_distance Mean          0.150851
evaluation/env_infos/final/touch_distance Std           0.0419451
evaluation/env_infos/final/touch_distance Max           0.245949
evaluation/env_infos/final/touch_distance Min           0.0970611
evaluation/env_infos/initial/touch_distance Mean        0.148043
evaluation/env_infos/initial/touch_distance Std         0.0455486
evaluation/env_infos/initial/touch_distance Max         0.249877
evaluation/env_infos/initial/touch_distance Min         0.0952694
evaluation/env_infos/touch_distance Mean                0.150699
evaluation/env_infos/touch_distance Std                 0.0418207
evaluation/env_infos/touch_distance Max                 0.249877
evaluation/env_infos/touch_distance Min                 0.0952694
evaluation/env_infos/final/success Mean                 0
evaluation/env_infos/final/success Std                  0
evaluation/env_infos/final/success Max                  0
evaluation/env_infos/final/success Min                  0
evaluation/env_infos/initial/success Mean               0
evaluation/env_infos/initial/success Std                0
evaluation/env_infos/initial/success Max                0
evaluation/env_infos/initial/success Min                0
evaluation/env_infos/success Mean                       0
evaluation/env_infos/success Std                        0
evaluation/env_infos/success Max                        0
evaluation/env_infos/success Min                        0
evaluation/env_infos/final/image_dist Mean             10.9679
evaluation/env_infos/final/image_dist Std               0.715675
evaluation/env_infos/final/image_dist Max              11.7959
evaluation/env_infos/final/image_dist Min               9.37194
evaluation/env_infos/initial/image_dist Mean           11.0545
evaluation/env_infos/initial/image_dist Std             0.679026
evaluation/env_infos/initial/image_dist Max            11.9745
evaluation/env_infos/initial/image_dist Min             9.45788
evaluation/env_infos/image_dist Mean                   10.9519
evaluation/env_infos/image_dist Std                     0.72252
evaluation/env_infos/image_dist Max                    11.9745
evaluation/env_infos/image_dist Min                     9.26039
evaluation/env_infos/final/image_success Mean          -0.9
evaluation/env_infos/final/image_success Std            0.3
evaluation/env_infos/final/image_success Max            0
evaluation/env_infos/final/image_success Min           -1
evaluation/env_infos/initial/image_success Mean        -0.9
evaluation/env_infos/initial/image_success Std          0.3
evaluation/env_infos/initial/image_success Max          0
evaluation/env_infos/initial/image_success Min         -1
evaluation/env_infos/image_success Mean                -0.9
evaluation/env_infos/image_success Std                  0.3
evaluation/env_infos/image_success Max                  0
evaluation/env_infos/image_success Min                 -1
evaluation/env_infos/final/vae_mdist Mean               4.23953e-09
evaluation/env_infos/final/vae_mdist Std                2.53411e-09
evaluation/env_infos/final/vae_mdist Max                9.09504e-09
evaluation/env_infos/final/vae_mdist Min                1.30079e-09
evaluation/env_infos/initial/vae_mdist Mean             4.87323e-09
evaluation/env_infos/initial/vae_mdist Std              2.70257e-09
evaluation/env_infos/initial/vae_mdist Max              1.00154e-08
evaluation/env_infos/initial/vae_mdist Min              1.90992e-09
evaluation/env_infos/vae_mdist Mean                     4.24535e-09
evaluation/env_infos/vae_mdist Std                      2.60809e-09
evaluation/env_infos/vae_mdist Max                      1.00154e-08
evaluation/env_infos/vae_mdist Min                      8.2066e-10
evaluation/env_infos/final/vae_success Mean             1
evaluation/env_infos/final/vae_success Std              0
evaluation/env_infos/final/vae_success Max              1
evaluation/env_infos/final/vae_success Min              1
evaluation/env_infos/initial/vae_success Mean           1
evaluation/env_infos/initial/vae_success Std            0
evaluation/env_infos/initial/vae_success Max            1
evaluation/env_infos/initial/vae_success Min            1
evaluation/env_infos/vae_success Mean                   1
evaluation/env_infos/vae_success Std                    0
evaluation/env_infos/vae_success Max                    1
evaluation/env_infos/vae_success Min                    1
evaluation/env_infos/final/vae_dist Mean                2.77906e-06
evaluation/env_infos/final/vae_dist Std                 8.72429e-07
evaluation/env_infos/final/vae_dist Max                 4.26694e-06
evaluation/env_infos/final/vae_dist Min                 1.61337e-06
evaluation/env_infos/initial/vae_dist Mean              3.00606e-06
evaluation/env_infos/initial/vae_dist Std               8.46075e-07
evaluation/env_infos/initial/vae_dist Max               4.47759e-06
evaluation/env_infos/initial/vae_dist Min               1.95492e-06
evaluation/env_infos/vae_dist Mean                      2.76514e-06
evaluation/env_infos/vae_dist Std                       9.21927e-07
evaluation/env_infos/vae_dist Max                       4.47759e-06
evaluation/env_infos/vae_dist Min                       1.28148e-06
evaluation/env_infos/final/vae_dist_l1 Mean             4.42831e-06
evaluation/env_infos/final/vae_dist_l1 Std              1.19731e-06
evaluation/env_infos/final/vae_dist_l1 Max              6.67586e-06
evaluation/env_infos/final/vae_dist_l1 Min              3.09625e-06
evaluation/env_infos/initial/vae_dist_l1 Mean           4.8136e-06
evaluation/env_infos/initial/vae_dist_l1 Std            1.20964e-06
evaluation/env_infos/initial/vae_dist_l1 Max            7.26627e-06
evaluation/env_infos/initial/vae_dist_l1 Min            3.33596e-06
evaluation/env_infos/vae_dist_l1 Mean                   4.3707e-06
evaluation/env_infos/vae_dist_l1 Std                    1.39342e-06
evaluation/env_infos/vae_dist_l1 Max                    7.37415e-06
evaluation/env_infos/vae_dist_l1 Min                    2.21046e-06
evaluation/env_infos/final/vae_dist_l2 Mean             2.77906e-06
evaluation/env_infos/final/vae_dist_l2 Std              8.72429e-07
evaluation/env_infos/final/vae_dist_l2 Max              4.26694e-06
evaluation/env_infos/final/vae_dist_l2 Min              1.61337e-06
evaluation/env_infos/initial/vae_dist_l2 Mean           3.00606e-06
evaluation/env_infos/initial/vae_dist_l2 Std            8.46075e-07
evaluation/env_infos/initial/vae_dist_l2 Max            4.47759e-06
evaluation/env_infos/initial/vae_dist_l2 Min            1.95492e-06
evaluation/env_infos/vae_dist_l2 Mean                   2.76514e-06
evaluation/env_infos/vae_dist_l2 Std                    9.21927e-07
evaluation/env_infos/vae_dist_l2 Max                    4.47759e-06
evaluation/env_infos/vae_dist_l2 Min                    1.28148e-06
time/data storing (s)                                   0.0707425
time/evaluation sampling (s)                           14.3397
time/exploration sampling (s)                          15.0264
time/logging (s)                                        0.0168945
time/saving (s)                                         0.032158
time/training (s)                                      19.5947
time/vae training (s)                                   9.06149
time/epoch (s)                                         58.1421
time/total (s)                                         70.2028
Epoch                                                   0
-------------------------------------------------  ----------------
