2019-08-25 22:49:27.311048 EDT | [rlkit-skew-fit-pusher-reference-sample-from-true-prior-take2_2019_08_25_22_48_17_0000--s-0] Epoch 0 finished
-------------------------------------------------  ----------------
vae_trainer/train/log prob                         -13861.8
vae_trainer/train/KL                                   18.8233
vae_trainer/train/loss                              14238.2
vae_trainer/epoch                                       0
vae_trainer/test/log prob                          -11856.1
vae_trainer/test/KL                                    10.5286
vae_trainer/test/loss                               12066.7
vae_trainer/beta                                       20
replay_buffer/VAE Sample Weights Mean                   0.00166667
replay_buffer/VAE Sample Weights Std                    0.0173074
replay_buffer/VAE Sample Weights Max                    0.319013
replay_buffer/VAE Sample Weights Min                    2.11666e-08
replay_buffer/VAE Sample Probs Mean                     0.00166667
replay_buffer/VAE Sample Probs Std                      0.0173074
replay_buffer/VAE Sample Probs Max                      0.319013
replay_buffer/VAE Sample Probs Min                      2.11666e-08
trainer/QF1 Loss                                        1.09104
trainer/QF2 Loss                                        1.0915
trainer/Policy Loss                                    -1.331
trainer/Q1 Predictions Mean                             0.00230233
trainer/Q1 Predictions Std                              0.000611464
trainer/Q1 Predictions Max                              0.00400218
trainer/Q1 Predictions Min                              0.000292204
trainer/Q2 Predictions Mean                            -0.00252214
trainer/Q2 Predictions Std                              0.00135464
trainer/Q2 Predictions Max                              0.002009
trainer/Q2 Predictions Min                             -0.00819971
trainer/Q Targets Mean                                  0.0496337
trainer/Q Targets Std                                   1.04347
trainer/Q Targets Max                                   1.94435
trainer/Q Targets Min                                  -3.15581
trainer/Log Pis Mean                                   -1.33353
trainer/Log Pis Std                                     0.305937
trainer/Log Pis Max                                    -0.556319
trainer/Log Pis Min                                    -2.07693
trainer/Policy mu Mean                                  0.000830539
trainer/Policy mu Std                                   0.000783549
trainer/Policy mu Max                                   0.00284107
trainer/Policy mu Min                                  -0.00166714
trainer/Policy log std Mean                            -0.000901566
trainer/Policy log std Std                              0.000438868
trainer/Policy log std Max                              0.000386159
trainer/Policy log std Min                             -0.00226822
trainer/Alpha                                           0.999
trainer/Alpha Loss                                     -0
exploration/num steps total                           600
exploration/num paths total                            12
exploration/path length Mean                           50
exploration/path length Std                             0
exploration/path length Max                            50
exploration/path length Min                            50
exploration/hand_distance Mean                          0.084841
exploration/hand_distance Std                           0.0306367
exploration/hand_distance Max                           0.163526
exploration/hand_distance Min                           0.0288363
exploration/Final hand_distance Mean                    0.0844734
exploration/Final hand_distance Std                     0.0273072
exploration/Final hand_distance Max                     0.12915
exploration/Final hand_distance Min                     0.0526595
exploration/puck_distance Mean                          0.161371
exploration/puck_distance Std                           0.0784143
exploration/puck_distance Max                           0.341057
exploration/puck_distance Min                           0.0681628
exploration/Final puck_distance Mean                    0.163619
exploration/Final puck_distance Std                     0.0803143
exploration/Final puck_distance Max                     0.341057
exploration/Final puck_distance Min                     0.068168
exploration/touch_distance Mean                         0.139115
exploration/touch_distance Std                          0.0493997
exploration/touch_distance Max                          0.258171
exploration/touch_distance Min                          0.057216
exploration/Final touch_distance Mean                   0.137538
exploration/Final touch_distance Std                    0.0516753
exploration/Final touch_distance Max                    0.21322
exploration/Final touch_distance Min                    0.0631992
exploration/success Mean                                0
exploration/success Std                                 0
exploration/success Max                                 0
exploration/success Min                                 0
exploration/Final success Mean                          0
exploration/Final success Std                           0
exploration/Final success Max                           0
exploration/Final success Min                           0
exploration/image_dist Mean                            11.9605
exploration/image_dist Std                              1.45075
exploration/image_dist Max                             16.6646
exploration/image_dist Min                              9.4999
exploration/Final image_dist Mean                      12.5962
exploration/Final image_dist Std                        1.75165
exploration/Final image_dist Max                       16.6646
exploration/Final image_dist Min                       10.5057
exploration/image_success Mean                         -0.948
exploration/image_success Std                           0.222027
exploration/image_success Max                           0
exploration/image_success Min                          -1
exploration/Final image_success Mean                   -1
exploration/Final image_success Std                     0
exploration/Final image_success Max                    -1
exploration/Final image_success Min                    -1
exploration/vae_mdist Mean                           1708.9
exploration/vae_mdist Std                            1072.26
exploration/vae_mdist Max                            4027.98
exploration/vae_mdist Min                             181.276
exploration/Final vae_mdist Mean                     1708.9
exploration/Final vae_mdist Std                      1072.26
exploration/Final vae_mdist Max                      4027.96
exploration/Final vae_mdist Min                       181.276
exploration/vae_success Mean                            0
exploration/vae_success Std                             0
exploration/vae_success Max                             0
exploration/vae_success Min                             0
exploration/Final vae_success Mean                      0
exploration/Final vae_success Std                       0
exploration/Final vae_success Max                       0
exploration/Final vae_success Min                       0
exploration/vae_dist Mean                               1.74368
exploration/vae_dist Std                                0.615254
exploration/vae_dist Max                                2.83879
exploration/vae_dist Min                                0.602139
exploration/Final vae_dist Mean                         1.74368
exploration/Final vae_dist Std                          0.615254
exploration/Final vae_dist Max                          2.83879
exploration/Final vae_dist Min                          0.602139
exploration/Rewards Mean                               -1.74368
exploration/Rewards Std                                 0.615254
exploration/Rewards Max                                -0.602139
exploration/Rewards Min                                -2.83879
exploration/Returns Mean                              -87.184
exploration/Returns Std                                30.7627
exploration/Returns Max                               -30.107
exploration/Returns Min                              -141.94
exploration/Actions Mean                                0.0150256
exploration/Actions Std                                 0.614389
exploration/Actions Max                                 0.997033
exploration/Actions Min                                -0.999153
exploration/Num Paths                                  10
exploration/Average Returns                           -87.184
exploration/env_infos/final/hand_distance Mean          0.0844734
exploration/env_infos/final/hand_distance Std           0.0273072
exploration/env_infos/final/hand_distance Max           0.12915
exploration/env_infos/final/hand_distance Min           0.0526595
exploration/env_infos/initial/hand_distance Mean        0.100419
exploration/env_infos/initial/hand_distance Std         0.0257569
exploration/env_infos/initial/hand_distance Max         0.137063
exploration/env_infos/initial/hand_distance Min         0.0646816
exploration/env_infos/hand_distance Mean                0.084841
exploration/env_infos/hand_distance Std                 0.0306367
exploration/env_infos/hand_distance Max                 0.163526
exploration/env_infos/hand_distance Min                 0.0288363
exploration/env_infos/final/puck_distance Mean          0.163619
exploration/env_infos/final/puck_distance Std           0.0803143
exploration/env_infos/final/puck_distance Max           0.341057
exploration/env_infos/final/puck_distance Min           0.068168
exploration/env_infos/initial/puck_distance Mean        0.160244
exploration/env_infos/initial/puck_distance Std         0.0774957
exploration/env_infos/initial/puck_distance Max         0.341051
exploration/env_infos/initial/puck_distance Min         0.0681635
exploration/env_infos/puck_distance Mean                0.161371
exploration/env_infos/puck_distance Std                 0.0784143
exploration/env_infos/puck_distance Max                 0.341057
exploration/env_infos/puck_distance Min                 0.0681628
exploration/env_infos/final/touch_distance Mean         0.137538
exploration/env_infos/final/touch_distance Std          0.0516753
exploration/env_infos/final/touch_distance Max          0.21322
exploration/env_infos/final/touch_distance Min          0.0631992
exploration/env_infos/initial/touch_distance Mean       0.156479
exploration/env_infos/initial/touch_distance Std        0.0548633
exploration/env_infos/initial/touch_distance Max        0.258171
exploration/env_infos/initial/touch_distance Min        0.0837127
exploration/env_infos/touch_distance Mean               0.139115
exploration/env_infos/touch_distance Std                0.0493997
exploration/env_infos/touch_distance Max                0.258171
exploration/env_infos/touch_distance Min                0.057216
exploration/env_infos/final/success Mean                0
exploration/env_infos/final/success Std                 0
exploration/env_infos/final/success Max                 0
exploration/env_infos/final/success Min                 0
exploration/env_infos/initial/success Mean              0
exploration/env_infos/initial/success Std               0
exploration/env_infos/initial/success Max               0
exploration/env_infos/initial/success Min               0
exploration/env_infos/success Mean                      0
exploration/env_infos/success Std                       0
exploration/env_infos/success Max                       0
exploration/env_infos/success Min                       0
exploration/env_infos/final/image_dist Mean            12.5962
exploration/env_infos/final/image_dist Std              1.75165
exploration/env_infos/final/image_dist Max             16.6646
exploration/env_infos/final/image_dist Min             10.5057
exploration/env_infos/initial/image_dist Mean          10.9628
exploration/env_infos/initial/image_dist Std            0.73885
exploration/env_infos/initial/image_dist Max           12.6254
exploration/env_infos/initial/image_dist Min            9.81682
exploration/env_infos/image_dist Mean                  11.9605
exploration/env_infos/image_dist Std                    1.45075
exploration/env_infos/image_dist Max                   16.6646
exploration/env_infos/image_dist Min                    9.4999
exploration/env_infos/final/image_success Mean         -1
exploration/env_infos/final/image_success Std           0
exploration/env_infos/final/image_success Max          -1
exploration/env_infos/final/image_success Min          -1
exploration/env_infos/initial/image_success Mean       -0.9
exploration/env_infos/initial/image_success Std         0.3
exploration/env_infos/initial/image_success Max         0
exploration/env_infos/initial/image_success Min        -1
exploration/env_infos/image_success Mean               -0.948
exploration/env_infos/image_success Std                 0.222027
exploration/env_infos/image_success Max                 0
exploration/env_infos/image_success Min                -1
exploration/env_infos/final/vae_mdist Mean           1708.9
exploration/env_infos/final/vae_mdist Std            1072.26
exploration/env_infos/final/vae_mdist Max            4027.96
exploration/env_infos/final/vae_mdist Min             181.276
exploration/env_infos/initial/vae_mdist Mean         1708.9
exploration/env_infos/initial/vae_mdist Std          1072.26
exploration/env_infos/initial/vae_mdist Max          4027.98
exploration/env_infos/initial/vae_mdist Min           181.276
exploration/env_infos/vae_mdist Mean                 1708.9
exploration/env_infos/vae_mdist Std                  1072.26
exploration/env_infos/vae_mdist Max                  4027.98
exploration/env_infos/vae_mdist Min                   181.276
exploration/env_infos/final/vae_success Mean            0
exploration/env_infos/final/vae_success Std             0
exploration/env_infos/final/vae_success Max             0
exploration/env_infos/final/vae_success Min             0
exploration/env_infos/initial/vae_success Mean          0
exploration/env_infos/initial/vae_success Std           0
exploration/env_infos/initial/vae_success Max           0
exploration/env_infos/initial/vae_success Min           0
exploration/env_infos/vae_success Mean                  0
exploration/env_infos/vae_success Std                   0
exploration/env_infos/vae_success Max                   0
exploration/env_infos/vae_success Min                   0
exploration/env_infos/final/vae_dist Mean               1.74368
exploration/env_infos/final/vae_dist Std                0.615254
exploration/env_infos/final/vae_dist Max                2.83879
exploration/env_infos/final/vae_dist Min                0.602139
exploration/env_infos/initial/vae_dist Mean             1.74368
exploration/env_infos/initial/vae_dist Std              0.615254
exploration/env_infos/initial/vae_dist Max              2.83879
exploration/env_infos/initial/vae_dist Min              0.60214
exploration/env_infos/vae_dist Mean                     1.74368
exploration/env_infos/vae_dist Std                      0.615254
exploration/env_infos/vae_dist Max                      2.83879
exploration/env_infos/vae_dist Min                      0.602139
exploration/env_infos/final/vae_dist_l1 Mean            2.88689
exploration/env_infos/final/vae_dist_l1 Std             1.11801
exploration/env_infos/final/vae_dist_l1 Max             4.59907
exploration/env_infos/final/vae_dist_l1 Min             0.857329
exploration/env_infos/initial/vae_dist_l1 Mean          2.88689
exploration/env_infos/initial/vae_dist_l1 Std           1.11801
exploration/env_infos/initial/vae_dist_l1 Max           4.59908
exploration/env_infos/initial/vae_dist_l1 Min           0.857332
exploration/env_infos/vae_dist_l1 Mean                  2.88689
exploration/env_infos/vae_dist_l1 Std                   1.11801
exploration/env_infos/vae_dist_l1 Max                   4.59908
exploration/env_infos/vae_dist_l1 Min                   0.857329
exploration/env_infos/final/vae_dist_l2 Mean            1.74368
exploration/env_infos/final/vae_dist_l2 Std             0.615254
exploration/env_infos/final/vae_dist_l2 Max             2.83879
exploration/env_infos/final/vae_dist_l2 Min             0.602139
exploration/env_infos/initial/vae_dist_l2 Mean          1.74368
exploration/env_infos/initial/vae_dist_l2 Std           0.615254
exploration/env_infos/initial/vae_dist_l2 Max           2.83879
exploration/env_infos/initial/vae_dist_l2 Min           0.60214
exploration/env_infos/vae_dist_l2 Mean                  1.74368
exploration/env_infos/vae_dist_l2 Std                   0.615254
exploration/env_infos/vae_dist_l2 Max                   2.83879
exploration/env_infos/vae_dist_l2 Min                   0.602139
evaluation/num steps total                            500
evaluation/num paths total                             10
evaluation/path length Mean                            50
evaluation/path length Std                              0
evaluation/path length Max                             50
evaluation/path length Min                             50
evaluation/hand_distance Mean                           0.105669
evaluation/hand_distance Std                            0.0246855
evaluation/hand_distance Max                            0.154135
evaluation/hand_distance Min                            0.0601886
evaluation/Final hand_distance Mean                     0.105304
evaluation/Final hand_distance Std                      0.02456
evaluation/Final hand_distance Max                      0.150276
evaluation/Final hand_distance Min                      0.0618457
evaluation/puck_distance Mean                           0.13344
evaluation/puck_distance Std                            0.0589816
evaluation/puck_distance Max                            0.221839
evaluation/puck_distance Min                            0.0586543
evaluation/Final puck_distance Mean                     0.133439
evaluation/Final puck_distance Std                      0.0589814
evaluation/Final puck_distance Max                      0.221839
evaluation/Final puck_distance Min                      0.0586549
evaluation/touch_distance Mean                          0.125998
evaluation/touch_distance Std                           0.0345283
evaluation/touch_distance Max                           0.217481
evaluation/touch_distance Min                           0.0848092
evaluation/Final touch_distance Mean                    0.125733
evaluation/Final touch_distance Std                     0.0342456
evaluation/Final touch_distance Max                     0.211776
evaluation/Final touch_distance Min                     0.090182
evaluation/success Mean                                 0
evaluation/success Std                                  0
evaluation/success Max                                  0
evaluation/success Min                                  0
evaluation/Final success Mean                           0
evaluation/Final success Std                            0
evaluation/Final success Max                            0
evaluation/Final success Min                            0
evaluation/image_dist Mean                             11.2138
evaluation/image_dist Std                               0.86336
evaluation/image_dist Max                              12.3275
evaluation/image_dist Min                               9.6919
evaluation/Final image_dist Mean                       11.1941
evaluation/Final image_dist Std                         0.864922
evaluation/Final image_dist Max                        12.2925
evaluation/Final image_dist Min                         9.71296
evaluation/image_success Mean                          -0.902
evaluation/image_success Std                            0.297315
evaluation/image_success Max                            0
evaluation/image_success Min                           -1
evaluation/Final image_success Mean                    -0.9
evaluation/Final image_success Std                      0.3
evaluation/Final image_success Max                      0
evaluation/Final image_success Min                     -1
evaluation/vae_mdist Mean                               6.53043e-09
evaluation/vae_mdist Std                                4.55708e-09
evaluation/vae_mdist Max                                1.69541e-08
evaluation/vae_mdist Min                                2.34372e-10
evaluation/Final vae_mdist Mean                         6.51933e-09
evaluation/Final vae_mdist Std                          4.55899e-09
evaluation/Final vae_mdist Max                          1.46065e-08
evaluation/Final vae_mdist Min                          5.38669e-10
evaluation/vae_success Mean                             1
evaluation/vae_success Std                              0
evaluation/vae_success Max                              1
evaluation/vae_success Min                              1
evaluation/Final vae_success Mean                       1
evaluation/Final vae_success Std                        0
evaluation/Final vae_success Max                        1
evaluation/Final vae_success Min                        1
evaluation/vae_dist Mean                                3.34944e-06
evaluation/vae_dist Std                                 1.35879e-06
evaluation/vae_dist Max                                 5.8241e-06
evaluation/vae_dist Min                                 6.848e-07
evaluation/Final vae_dist Mean                          3.35211e-06
evaluation/Final vae_dist Std                           1.34393e-06
evaluation/Final vae_dist Max                           5.4061e-06
evaluation/Final vae_dist Min                           1.03825e-06
evaluation/Rewards Mean                                -3.34944e-06
evaluation/Rewards Std                                  1.35879e-06
evaluation/Rewards Max                                 -6.848e-07
evaluation/Rewards Min                                 -5.8241e-06
evaluation/Returns Mean                                -0.000167472
evaluation/Returns Std                                  6.72531e-05
evaluation/Returns Max                                 -4.73031e-05
evaluation/Returns Min                                 -0.000270915
evaluation/Actions Mean                                 0.000844601
evaluation/Actions Std                                  0.000627241
evaluation/Actions Max                                  0.00147184
evaluation/Actions Min                                  0.000217358
evaluation/Num Paths                                   10
evaluation/Average Returns                             -0.000167472
evaluation/env_infos/final/hand_distance Mean           0.105304
evaluation/env_infos/final/hand_distance Std            0.02456
evaluation/env_infos/final/hand_distance Max            0.150276
evaluation/env_infos/final/hand_distance Min            0.0618457
evaluation/env_infos/initial/hand_distance Mean         0.106568
evaluation/env_infos/initial/hand_distance Std          0.0249887
evaluation/env_infos/initial/hand_distance Max          0.154135
evaluation/env_infos/initial/hand_distance Min          0.0601886
evaluation/env_infos/hand_distance Mean                 0.105669
evaluation/env_infos/hand_distance Std                  0.0246855
evaluation/env_infos/hand_distance Max                  0.154135
evaluation/env_infos/hand_distance Min                  0.0601886
evaluation/env_infos/final/puck_distance Mean           0.133439
evaluation/env_infos/final/puck_distance Std            0.0589814
evaluation/env_infos/final/puck_distance Max            0.221839
evaluation/env_infos/final/puck_distance Min            0.0586549
evaluation/env_infos/initial/puck_distance Mean         0.13344
evaluation/env_infos/initial/puck_distance Std          0.0589814
evaluation/env_infos/initial/puck_distance Max          0.221834
evaluation/env_infos/initial/puck_distance Min          0.0586563
evaluation/env_infos/puck_distance Mean                 0.13344
evaluation/env_infos/puck_distance Std                  0.0589816
evaluation/env_infos/puck_distance Max                  0.221839
evaluation/env_infos/puck_distance Min                  0.0586543
evaluation/env_infos/final/touch_distance Mean          0.125733
evaluation/env_infos/final/touch_distance Std           0.0342456
evaluation/env_infos/final/touch_distance Max           0.211776
evaluation/env_infos/final/touch_distance Min           0.090182
evaluation/env_infos/initial/touch_distance Mean        0.126024
evaluation/env_infos/initial/touch_distance Std         0.0378749
evaluation/env_infos/initial/touch_distance Max         0.217481
evaluation/env_infos/initial/touch_distance Min         0.0848092
evaluation/env_infos/touch_distance Mean                0.125998
evaluation/env_infos/touch_distance Std                 0.0345283
evaluation/env_infos/touch_distance Max                 0.217481
evaluation/env_infos/touch_distance Min                 0.0848092
evaluation/env_infos/final/success Mean                 0
evaluation/env_infos/final/success Std                  0
evaluation/env_infos/final/success Max                  0
evaluation/env_infos/final/success Min                  0
evaluation/env_infos/initial/success Mean               0
evaluation/env_infos/initial/success Std                0
evaluation/env_infos/initial/success Max                0
evaluation/env_infos/initial/success Min                0
evaluation/env_infos/success Mean                       0
evaluation/env_infos/success Std                        0
evaluation/env_infos/success Max                        0
evaluation/env_infos/success Min                        0
evaluation/env_infos/final/image_dist Mean             11.1941
evaluation/env_infos/final/image_dist Std               0.864922
evaluation/env_infos/final/image_dist Max              12.2925
evaluation/env_infos/final/image_dist Min               9.71296
evaluation/env_infos/initial/image_dist Mean           11.2535
evaluation/env_infos/initial/image_dist Std             0.82067
evaluation/env_infos/initial/image_dist Max            12.2908
evaluation/env_infos/initial/image_dist Min            10.018
evaluation/env_infos/image_dist Mean                   11.2138
evaluation/env_infos/image_dist Std                     0.86336
evaluation/env_infos/image_dist Max                    12.3275
evaluation/env_infos/image_dist Min                     9.6919
evaluation/env_infos/final/image_success Mean          -0.9
evaluation/env_infos/final/image_success Std            0.3
evaluation/env_infos/final/image_success Max            0
evaluation/env_infos/final/image_success Min           -1
evaluation/env_infos/initial/image_success Mean        -1
evaluation/env_infos/initial/image_success Std          0
evaluation/env_infos/initial/image_success Max         -1
evaluation/env_infos/initial/image_success Min         -1
evaluation/env_infos/image_success Mean                -0.902
evaluation/env_infos/image_success Std                  0.297315
evaluation/env_infos/image_success Max                  0
evaluation/env_infos/image_success Min                 -1
evaluation/env_infos/final/vae_mdist Mean               6.51933e-09
evaluation/env_infos/final/vae_mdist Std                4.55899e-09
evaluation/env_infos/final/vae_mdist Max                1.46065e-08
evaluation/env_infos/final/vae_mdist Min                5.38669e-10
evaluation/env_infos/initial/vae_mdist Mean             7.10802e-09
evaluation/env_infos/initial/vae_mdist Std              4.84933e-09
evaluation/env_infos/initial/vae_mdist Max              1.69541e-08
evaluation/env_infos/initial/vae_mdist Min              1.37783e-09
evaluation/env_infos/vae_mdist Mean                     6.53043e-09
evaluation/env_infos/vae_mdist Std                      4.55708e-09
evaluation/env_infos/vae_mdist Max                      1.69541e-08
evaluation/env_infos/vae_mdist Min                      2.34372e-10
evaluation/env_infos/final/vae_success Mean             1
evaluation/env_infos/final/vae_success Std              0
evaluation/env_infos/final/vae_success Max              1
evaluation/env_infos/final/vae_success Min              1
evaluation/env_infos/initial/vae_success Mean           1
evaluation/env_infos/initial/vae_success Std            0
evaluation/env_infos/initial/vae_success Max            1
evaluation/env_infos/initial/vae_success Min            1
evaluation/env_infos/vae_success Mean                   1
evaluation/env_infos/vae_success Std                    0
evaluation/env_infos/vae_success Max                    1
evaluation/env_infos/vae_success Min                    1
evaluation/env_infos/final/vae_dist Mean                3.35211e-06
evaluation/env_infos/final/vae_dist Std                 1.34393e-06
evaluation/env_infos/final/vae_dist Max                 5.4061e-06
evaluation/env_infos/final/vae_dist Min                 1.03825e-06
evaluation/env_infos/initial/vae_dist Mean              3.5335e-06
evaluation/env_infos/initial/vae_dist Std               1.31724e-06
evaluation/env_infos/initial/vae_dist Max               5.8241e-06
evaluation/env_infos/initial/vae_dist Min               1.66023e-06
evaluation/env_infos/vae_dist Mean                      3.34944e-06
evaluation/env_infos/vae_dist Std                       1.35879e-06
evaluation/env_infos/vae_dist Max                       5.8241e-06
evaluation/env_infos/vae_dist Min                       6.848e-07
evaluation/env_infos/final/vae_dist_l1 Mean             5.77862e-06
evaluation/env_infos/final/vae_dist_l1 Std              2.41992e-06
evaluation/env_infos/final/vae_dist_l1 Max              1.04012e-05
evaluation/env_infos/final/vae_dist_l1 Min              1.50983e-06
evaluation/env_infos/initial/vae_dist_l1 Mean           6.33504e-06
evaluation/env_infos/initial/vae_dist_l1 Std            2.49596e-06
evaluation/env_infos/initial/vae_dist_l1 Max            1.15539e-05
evaluation/env_infos/initial/vae_dist_l1 Min            3.20948e-06
evaluation/env_infos/vae_dist_l1 Mean                   5.69722e-06
evaluation/env_infos/vae_dist_l1 Std                    2.42926e-06
evaluation/env_infos/vae_dist_l1 Max                    1.15539e-05
evaluation/env_infos/vae_dist_l1 Min                    1.15328e-06
evaluation/env_infos/final/vae_dist_l2 Mean             3.35211e-06
evaluation/env_infos/final/vae_dist_l2 Std              1.34393e-06
evaluation/env_infos/final/vae_dist_l2 Max              5.4061e-06
evaluation/env_infos/final/vae_dist_l2 Min              1.03825e-06
evaluation/env_infos/initial/vae_dist_l2 Mean           3.5335e-06
evaluation/env_infos/initial/vae_dist_l2 Std            1.31724e-06
evaluation/env_infos/initial/vae_dist_l2 Max            5.8241e-06
evaluation/env_infos/initial/vae_dist_l2 Min            1.66023e-06
evaluation/env_infos/vae_dist_l2 Mean                   3.34944e-06
evaluation/env_infos/vae_dist_l2 Std                    1.35879e-06
evaluation/env_infos/vae_dist_l2 Max                    5.8241e-06
evaluation/env_infos/vae_dist_l2 Min                    6.848e-07
time/data storing (s)                                   0.0834259
time/evaluation sampling (s)                           15.0449
time/exploration sampling (s)                          15.0284
time/logging (s)                                        0.0115329
time/saving (s)                                         0.0248991
time/training (s)                                      17.4055
time/vae training (s)                                  10.5331
time/epoch (s)                                         58.1316
time/total (s)                                         70.2858
Epoch                                                   0
-------------------------------------------------  ----------------
