2019-08-20 20:15:15.019469 EDT | [rlkit-skew-fit-pusher-reference-sample-from-true-prior-take2_2019_08_20_20_12_41_0000--s-0] Epoch 0 finished
-------------------------------------------------  ----------------
vae_trainer/train/log prob                         -11775.3
vae_trainer/train/KL                                   21.7824
vae_trainer/train/loss                              12211
vae_trainer/epoch                                       0
vae_trainer/test/log prob                          -10606.3
vae_trainer/test/KL                                    12.1594
vae_trainer/test/loss                               10849.4
vae_trainer/beta                                       20
replay_buffer/VAE Sample Weights Mean                   9.52381e-05
replay_buffer/VAE Sample Weights Std                    0.00141512
replay_buffer/VAE Sample Weights Max                    0.0820181
replay_buffer/VAE Sample Weights Min                    9.57601e-11
replay_buffer/VAE Sample Probs Mean                     9.52381e-05
replay_buffer/VAE Sample Probs Std                      0.00141512
replay_buffer/VAE Sample Probs Max                      0.0820181
replay_buffer/VAE Sample Probs Min                      9.57601e-11
trainer/QF1 Loss                                        1.14279
trainer/QF2 Loss                                        1.14295
trainer/Policy Loss                                    -1.34674
trainer/Q1 Predictions Mean                             0.00223343
trainer/Q1 Predictions Std                              0.000584807
trainer/Q1 Predictions Max                              0.00398363
trainer/Q1 Predictions Min                              0.000298896
trainer/Q2 Predictions Mean                             0.00492627
trainer/Q2 Predictions Std                              0.000776456
trainer/Q2 Predictions Max                              0.00806107
trainer/Q2 Predictions Min                              0.00269282
trainer/Q Targets Mean                                 -0.00313553
trainer/Q Targets Std                                   1.06905
trainer/Q Targets Max                                   1.81455
trainer/Q Targets Min                                  -2.75371
trainer/Log Pis Mean                                   -1.3445
trainer/Log Pis Std                                     0.304831
trainer/Log Pis Max                                    -0.543932
trainer/Log Pis Min                                    -2.90869
trainer/Policy mu Mean                                  0.000742844
trainer/Policy mu Std                                   0.00181709
trainer/Policy mu Max                                   0.0038205
trainer/Policy mu Min                                  -0.00241383
trainer/Policy log std Mean                            -0.000183156
trainer/Policy log std Std                              0.000425553
trainer/Policy log std Max                              0.00079854
trainer/Policy log std Min                             -0.00152268
trainer/Alpha                                           0.999
trainer/Alpha Loss                                     -0
exploration/num steps total                         10500
exploration/num paths total                           210
exploration/path length Mean                           50
exploration/path length Std                             0
exploration/path length Max                            50
exploration/path length Min                            50
exploration/hand_distance Mean                          0.0931076
exploration/hand_distance Std                           0.0350263
exploration/hand_distance Max                           0.204822
exploration/hand_distance Min                           0.0291688
exploration/Final hand_distance Mean                    0.104753
exploration/Final hand_distance Std                     0.0450916
exploration/Final hand_distance Max                     0.194857
exploration/Final hand_distance Min                     0.0424483
exploration/puck_distance Mean                          0.0890228
exploration/puck_distance Std                           0.0361119
exploration/puck_distance Max                           0.133278
exploration/puck_distance Min                           0.00594071
exploration/Final puck_distance Mean                    0.090523
exploration/Final puck_distance Std                     0.0434721
exploration/Final puck_distance Max                     0.133278
exploration/Final puck_distance Min                     0.00594689
exploration/touch_distance Mean                         0.0780156
exploration/touch_distance Std                          0.0208786
exploration/touch_distance Max                          0.148709
exploration/touch_distance Min                          0.0560151
exploration/Final touch_distance Mean                   0.107234
exploration/Final touch_distance Std                    0.0244197
exploration/Final touch_distance Max                    0.144957
exploration/Final touch_distance Min                    0.0725723
exploration/success Mean                                0.008
exploration/success Std                                 0.0890842
exploration/success Max                                 1
exploration/success Min                                 0
exploration/Final success Mean                          0.1
exploration/Final success Std                           0.3
exploration/Final success Max                           1
exploration/Final success Min                           0
exploration/image_dist Mean                            11.0519
exploration/image_dist Std                              2.16473
exploration/image_dist Max                             14.6563
exploration/image_dist Min                              4.52721
exploration/Final image_dist Mean                      11.0596
exploration/Final image_dist Std                        3.16636
exploration/Final image_dist Max                       14.3317
exploration/Final image_dist Min                        4.58687
exploration/image_success Mean                         -0.65
exploration/image_success Std                           0.47697
exploration/image_success Max                           0
exploration/image_success Min                          -1
exploration/Final image_success Mean                   -0.7
exploration/Final image_success Std                     0.458258
exploration/Final image_success Max                     0
exploration/Final image_success Min                    -1
exploration/vae_mdist Mean                           1537.91
exploration/vae_mdist Std                            1082.27
exploration/vae_mdist Max                            3774.93
exploration/vae_mdist Min                             318.983
exploration/Final vae_mdist Mean                     1537.91
exploration/Final vae_mdist Std                      1082.27
exploration/Final vae_mdist Max                      3774.92
exploration/Final vae_mdist Min                       318.984
exploration/vae_success Mean                            0
exploration/vae_success Std                             0
exploration/vae_success Max                             0
exploration/vae_success Min                             0
exploration/Final vae_success Mean                      0
exploration/Final vae_success Std                       0
exploration/Final vae_success Max                       0
exploration/Final vae_success Min                       0
exploration/vae_dist Mean                               1.64786
exploration/vae_dist Std                                0.601378
exploration/vae_dist Max                                2.74855
exploration/vae_dist Min                                0.798908
exploration/Final vae_dist Mean                         1.64786
exploration/Final vae_dist Std                          0.601378
exploration/Final vae_dist Max                          2.74854
exploration/Final vae_dist Min                          0.79891
exploration/Rewards Mean                               -1.64786
exploration/Rewards Std                                 0.601378
exploration/Rewards Max                                -0.798908
exploration/Rewards Min                                -2.74855
exploration/Returns Mean                              -82.3929
exploration/Returns Std                                30.0689
exploration/Returns Max                               -39.9455
exploration/Returns Min                              -137.427
exploration/Actions Mean                               -0.0319523
exploration/Actions Std                                 0.628436
exploration/Actions Max                                 0.99674
exploration/Actions Min                                -0.995008
exploration/Num Paths                                  10
exploration/Average Returns                           -82.3929
exploration/env_infos/final/image_success Mean         -0.7
exploration/env_infos/final/image_success Std           0.458258
exploration/env_infos/final/image_success Max           0
exploration/env_infos/final/image_success Min          -1
exploration/env_infos/initial/image_success Mean       -0.8
exploration/env_infos/initial/image_success Std         0.4
exploration/env_infos/initial/image_success Max         0
exploration/env_infos/initial/image_success Min        -1
exploration/env_infos/image_success Mean               -0.65
exploration/env_infos/image_success Std                 0.47697
exploration/env_infos/image_success Max                 0
exploration/env_infos/image_success Min                -1
exploration/env_infos/final/success Mean                0.1
exploration/env_infos/final/success Std                 0.3
exploration/env_infos/final/success Max                 1
exploration/env_infos/final/success Min                 0
exploration/env_infos/initial/success Mean              0
exploration/env_infos/initial/success Std               0
exploration/env_infos/initial/success Max               0
exploration/env_infos/initial/success Min               0
exploration/env_infos/success Mean                      0.008
exploration/env_infos/success Std                       0.0890842
exploration/env_infos/success Max                       1
exploration/env_infos/success Min                       0
exploration/env_infos/final/image_dist Mean            11.0596
exploration/env_infos/final/image_dist Std              3.16636
exploration/env_infos/final/image_dist Max             14.3317
exploration/env_infos/final/image_dist Min              4.58687
exploration/env_infos/initial/image_dist Mean          11.0287
exploration/env_infos/initial/image_dist Std            0.855797
exploration/env_infos/initial/image_dist Max           12.5718
exploration/env_infos/initial/image_dist Min            9.96091
exploration/env_infos/image_dist Mean                  11.0519
exploration/env_infos/image_dist Std                    2.16473
exploration/env_infos/image_dist Max                   14.6563
exploration/env_infos/image_dist Min                    4.52721
exploration/env_infos/final/vae_dist Mean               1.64786
exploration/env_infos/final/vae_dist Std                0.601378
exploration/env_infos/final/vae_dist Max                2.74854
exploration/env_infos/final/vae_dist Min                0.79891
exploration/env_infos/initial/vae_dist Mean             1.64786
exploration/env_infos/initial/vae_dist Std              0.601378
exploration/env_infos/initial/vae_dist Max              2.74854
exploration/env_infos/initial/vae_dist Min              0.798912
exploration/env_infos/vae_dist Mean                     1.64786
exploration/env_infos/vae_dist Std                      0.601378
exploration/env_infos/vae_dist Max                      2.74855
exploration/env_infos/vae_dist Min                      0.798908
exploration/env_infos/final/vae_dist_l1 Mean            2.90334
exploration/env_infos/final/vae_dist_l1 Std             1.15653
exploration/env_infos/final/vae_dist_l1 Max             5.1911
exploration/env_infos/final/vae_dist_l1 Min             1.21613
exploration/env_infos/initial/vae_dist_l1 Mean          2.90334
exploration/env_infos/initial/vae_dist_l1 Std           1.15653
exploration/env_infos/initial/vae_dist_l1 Max           5.1911
exploration/env_infos/initial/vae_dist_l1 Min           1.21613
exploration/env_infos/vae_dist_l1 Mean                  2.90334
exploration/env_infos/vae_dist_l1 Std                   1.15653
exploration/env_infos/vae_dist_l1 Max                   5.19111
exploration/env_infos/vae_dist_l1 Min                   1.21613
exploration/env_infos/final/vae_success Mean            0
exploration/env_infos/final/vae_success Std             0
exploration/env_infos/final/vae_success Max             0
exploration/env_infos/final/vae_success Min             0
exploration/env_infos/initial/vae_success Mean          0
exploration/env_infos/initial/vae_success Std           0
exploration/env_infos/initial/vae_success Max           0
exploration/env_infos/initial/vae_success Min           0
exploration/env_infos/vae_success Mean                  0
exploration/env_infos/vae_success Std                   0
exploration/env_infos/vae_success Max                   0
exploration/env_infos/vae_success Min                   0
exploration/env_infos/final/puck_distance Mean          0.090523
exploration/env_infos/final/puck_distance Std           0.0434721
exploration/env_infos/final/puck_distance Max           0.133278
exploration/env_infos/final/puck_distance Min           0.00594689
exploration/env_infos/initial/puck_distance Mean        0.0859778
exploration/env_infos/initial/puck_distance Std         0.0274719
exploration/env_infos/initial/puck_distance Max         0.131007
exploration/env_infos/initial/puck_distance Min         0.0489582
exploration/env_infos/puck_distance Mean                0.0890228
exploration/env_infos/puck_distance Std                 0.0361119
exploration/env_infos/puck_distance Max                 0.133278
exploration/env_infos/puck_distance Min                 0.00594071
exploration/env_infos/final/vae_dist_l2 Mean            1.64786
exploration/env_infos/final/vae_dist_l2 Std             0.601378
exploration/env_infos/final/vae_dist_l2 Max             2.74854
exploration/env_infos/final/vae_dist_l2 Min             0.79891
exploration/env_infos/initial/vae_dist_l2 Mean          1.64786
exploration/env_infos/initial/vae_dist_l2 Std           0.601378
exploration/env_infos/initial/vae_dist_l2 Max           2.74854
exploration/env_infos/initial/vae_dist_l2 Min           0.798912
exploration/env_infos/vae_dist_l2 Mean                  1.64786
exploration/env_infos/vae_dist_l2 Std                   0.601378
exploration/env_infos/vae_dist_l2 Max                   2.74855
exploration/env_infos/vae_dist_l2 Min                   0.798908
exploration/env_infos/final/hand_distance Mean          0.104753
exploration/env_infos/final/hand_distance Std           0.0450916
exploration/env_infos/final/hand_distance Max           0.194857
exploration/env_infos/final/hand_distance Min           0.0424483
exploration/env_infos/initial/hand_distance Mean        0.101134
exploration/env_infos/initial/hand_distance Std         0.0248582
exploration/env_infos/initial/hand_distance Max         0.139308
exploration/env_infos/initial/hand_distance Min         0.0675996
exploration/env_infos/hand_distance Mean                0.0931076
exploration/env_infos/hand_distance Std                 0.0350263
exploration/env_infos/hand_distance Max                 0.204822
exploration/env_infos/hand_distance Min                 0.0291688
exploration/env_infos/final/vae_mdist Mean           1537.91
exploration/env_infos/final/vae_mdist Std            1082.27
exploration/env_infos/final/vae_mdist Max            3774.92
exploration/env_infos/final/vae_mdist Min             318.984
exploration/env_infos/initial/vae_mdist Mean         1537.91
exploration/env_infos/initial/vae_mdist Std          1082.27
exploration/env_infos/initial/vae_mdist Max          3774.92
exploration/env_infos/initial/vae_mdist Min           318.986
exploration/env_infos/vae_mdist Mean                 1537.91
exploration/env_infos/vae_mdist Std                  1082.27
exploration/env_infos/vae_mdist Max                  3774.93
exploration/env_infos/vae_mdist Min                   318.983
exploration/env_infos/final/touch_distance Mean         0.107234
exploration/env_infos/final/touch_distance Std          0.0244197
exploration/env_infos/final/touch_distance Max          0.144957
exploration/env_infos/final/touch_distance Min          0.0725723
exploration/env_infos/initial/touch_distance Mean       0.0730904
exploration/env_infos/initial/touch_distance Std        0.0011627
exploration/env_infos/initial/touch_distance Max        0.0755302
exploration/env_infos/initial/touch_distance Min        0.0718772
exploration/env_infos/touch_distance Mean               0.0780156
exploration/env_infos/touch_distance Std                0.0208786
exploration/env_infos/touch_distance Max                0.148709
exploration/env_infos/touch_distance Min                0.0560151
evaluation/num steps total                            500
evaluation/num paths total                             10
evaluation/path length Mean                            50
evaluation/path length Std                              0
evaluation/path length Max                             50
evaluation/path length Min                             50
evaluation/hand_distance Mean                           0.0919777
evaluation/hand_distance Std                            0.0261491
evaluation/hand_distance Max                            0.135925
evaluation/hand_distance Min                            0.0281105
evaluation/Final hand_distance Mean                     0.0911267
evaluation/Final hand_distance Std                      0.0257151
evaluation/Final hand_distance Max                      0.121655
evaluation/Final hand_distance Min                      0.0302818
evaluation/puck_distance Mean                           0.113675
evaluation/puck_distance Std                            0.0345779
evaluation/puck_distance Max                            0.160584
evaluation/puck_distance Min                            0.0376978
evaluation/Final puck_distance Mean                     0.113675
evaluation/Final puck_distance Std                      0.0345779
evaluation/Final puck_distance Max                      0.160583
evaluation/Final puck_distance Min                      0.0376978
evaluation/touch_distance Mean                          0.0597943
evaluation/touch_distance Std                           0.00220745
evaluation/touch_distance Max                           0.0739209
evaluation/touch_distance Min                           0.0590017
evaluation/Final touch_distance Mean                    0.0590017
evaluation/Final touch_distance Std                     2.33537e-09
evaluation/Final touch_distance Max                     0.0590017
evaluation/Final touch_distance Min                     0.0590017
evaluation/success Mean                                 0
evaluation/success Std                                  0
evaluation/success Max                                  0
evaluation/success Min                                  0
evaluation/Final success Mean                           0
evaluation/Final success Std                            0
evaluation/Final success Max                            0
evaluation/Final success Min                            0
evaluation/image_dist Mean                             10.4766
evaluation/image_dist Std                               2.09889
evaluation/image_dist Max                              13.0646
evaluation/image_dist Min                               6.44702
evaluation/Final image_dist Mean                       10.4666
evaluation/Final image_dist Std                         2.12036
evaluation/Final image_dist Max                        12.9486
evaluation/Final image_dist Min                         6.44805
evaluation/image_success Mean                          -0.598
evaluation/image_success Std                            0.490302
evaluation/image_success Max                            0
evaluation/image_success Min                           -1
evaluation/Final image_success Mean                    -0.6
evaluation/Final image_success Std                      0.489898
evaluation/Final image_success Max                      0
evaluation/Final image_success Min                     -1
evaluation/vae_mdist Mean                               3.54731e-09
evaluation/vae_mdist Std                                2.25857e-09
evaluation/vae_mdist Max                                8.96931e-09
evaluation/vae_mdist Min                                1.62899e-10
evaluation/Final vae_mdist Mean                         4.04718e-09
evaluation/Final vae_mdist Std                          2.50772e-09
evaluation/Final vae_mdist Max                          7.705e-09
evaluation/Final vae_mdist Min                          2.82693e-10
evaluation/vae_success Mean                             1
evaluation/vae_success Std                              0
evaluation/vae_success Max                              1
evaluation/vae_success Min                              1
evaluation/Final vae_success Mean                       1
evaluation/Final vae_success Std                        0
evaluation/Final vae_success Max                        1
evaluation/Final vae_success Min                        1
evaluation/vae_dist Mean                                2.4929e-06
evaluation/vae_dist Std                                 9.40224e-07
evaluation/vae_dist Max                                 4.23696e-06
evaluation/vae_dist Min                                 5.70911e-07
evaluation/Final vae_dist Mean                          2.6701e-06
evaluation/Final vae_dist Std                           9.84613e-07
evaluation/Final vae_dist Max                           3.92647e-06
evaluation/Final vae_dist Min                           7.52106e-07
evaluation/Rewards Mean                                -2.4929e-06
evaluation/Rewards Std                                  9.40224e-07
evaluation/Rewards Max                                 -5.70911e-07
evaluation/Rewards Min                                 -4.23696e-06
evaluation/Returns Mean                                -0.000124645
evaluation/Returns Std                                  4.64607e-05
evaluation/Returns Max                                 -3.28683e-05
evaluation/Returns Min                                 -0.000184902
evaluation/Actions Mean                                 0.000742608
evaluation/Actions Std                                  0.00176356
evaluation/Actions Max                                  0.00250617
evaluation/Actions Min                                 -0.00102095
evaluation/Num Paths                                   10
evaluation/Average Returns                             -0.000124645
evaluation/env_infos/final/image_success Mean          -0.6
evaluation/env_infos/final/image_success Std            0.489898
evaluation/env_infos/final/image_success Max            0
evaluation/env_infos/final/image_success Min           -1
evaluation/env_infos/initial/image_success Mean        -0.5
evaluation/env_infos/initial/image_success Std          0.5
evaluation/env_infos/initial/image_success Max          0
evaluation/env_infos/initial/image_success Min         -1
evaluation/env_infos/image_success Mean                -0.598
evaluation/env_infos/image_success Std                  0.490302
evaluation/env_infos/image_success Max                  0
evaluation/env_infos/image_success Min                 -1
evaluation/env_infos/final/success Mean                 0
evaluation/env_infos/final/success Std                  0
evaluation/env_infos/final/success Max                  0
evaluation/env_infos/final/success Min                  0
evaluation/env_infos/initial/success Mean               0
evaluation/env_infos/initial/success Std                0
evaluation/env_infos/initial/success Max                0
evaluation/env_infos/initial/success Min                0
evaluation/env_infos/success Mean                       0
evaluation/env_infos/success Std                        0
evaluation/env_infos/success Max                        0
evaluation/env_infos/success Min                        0
evaluation/env_infos/final/image_dist Mean             10.4666
evaluation/env_infos/final/image_dist Std               2.12036
evaluation/env_infos/final/image_dist Max              12.9486
evaluation/env_infos/final/image_dist Min               6.44805
evaluation/env_infos/initial/image_dist Mean           10.4581
evaluation/env_infos/initial/image_dist Std             1.87081
evaluation/env_infos/initial/image_dist Max            13.0646
evaluation/env_infos/initial/image_dist Min             7.13729
evaluation/env_infos/image_dist Mean                   10.4766
evaluation/env_infos/image_dist Std                     2.09889
evaluation/env_infos/image_dist Max                    13.0646
evaluation/env_infos/image_dist Min                     6.44702
evaluation/env_infos/final/vae_dist Mean                2.6701e-06
evaluation/env_infos/final/vae_dist Std                 9.84613e-07
evaluation/env_infos/final/vae_dist Max                 3.92647e-06
evaluation/env_infos/final/vae_dist Min                 7.52106e-07
evaluation/env_infos/initial/vae_dist Mean              2.74417e-06
evaluation/env_infos/initial/vae_dist Std               1.16388e-06
evaluation/env_infos/initial/vae_dist Max               4.23696e-06
evaluation/env_infos/initial/vae_dist Min               8.38608e-07
evaluation/env_infos/vae_dist Mean                      2.4929e-06
evaluation/env_infos/vae_dist Std                       9.40224e-07
evaluation/env_infos/vae_dist Max                       4.23696e-06
evaluation/env_infos/vae_dist Min                       5.70911e-07
evaluation/env_infos/final/vae_dist_l1 Mean             4.59691e-06
evaluation/env_infos/final/vae_dist_l1 Std              1.86798e-06
evaluation/env_infos/final/vae_dist_l1 Max              7.58001e-06
evaluation/env_infos/final/vae_dist_l1 Min              1.12608e-06
evaluation/env_infos/initial/vae_dist_l1 Mean           4.41217e-06
evaluation/env_infos/initial/vae_dist_l1 Std            1.98888e-06
evaluation/env_infos/initial/vae_dist_l1 Max            7.32595e-06
evaluation/env_infos/initial/vae_dist_l1 Min            1.11151e-06
evaluation/env_infos/vae_dist_l1 Mean                   4.29715e-06
evaluation/env_infos/vae_dist_l1 Std                    1.75909e-06
evaluation/env_infos/vae_dist_l1 Max                    7.63686e-06
evaluation/env_infos/vae_dist_l1 Min                    7.8771e-07
evaluation/env_infos/final/vae_success Mean             1
evaluation/env_infos/final/vae_success Std              0
evaluation/env_infos/final/vae_success Max              1
evaluation/env_infos/final/vae_success Min              1
evaluation/env_infos/initial/vae_success Mean           1
evaluation/env_infos/initial/vae_success Std            0
evaluation/env_infos/initial/vae_success Max            1
evaluation/env_infos/initial/vae_success Min            1
evaluation/env_infos/vae_success Mean                   1
evaluation/env_infos/vae_success Std                    0
evaluation/env_infos/vae_success Max                    1
evaluation/env_infos/vae_success Min                    1
evaluation/env_infos/final/puck_distance Mean           0.113675
evaluation/env_infos/final/puck_distance Std            0.0345779
evaluation/env_infos/final/puck_distance Max            0.160583
evaluation/env_infos/final/puck_distance Min            0.0376978
evaluation/env_infos/initial/puck_distance Mean         0.113675
evaluation/env_infos/initial/puck_distance Std          0.0345778
evaluation/env_infos/initial/puck_distance Max          0.160584
evaluation/env_infos/initial/puck_distance Min          0.0377
evaluation/env_infos/puck_distance Mean                 0.113675
evaluation/env_infos/puck_distance Std                  0.0345779
evaluation/env_infos/puck_distance Max                  0.160584
evaluation/env_infos/puck_distance Min                  0.0376978
evaluation/env_infos/final/vae_dist_l2 Mean             2.6701e-06
evaluation/env_infos/final/vae_dist_l2 Std              9.84613e-07
evaluation/env_infos/final/vae_dist_l2 Max              3.92647e-06
evaluation/env_infos/final/vae_dist_l2 Min              7.52106e-07
evaluation/env_infos/initial/vae_dist_l2 Mean           2.74417e-06
evaluation/env_infos/initial/vae_dist_l2 Std            1.16388e-06
evaluation/env_infos/initial/vae_dist_l2 Max            4.23696e-06
evaluation/env_infos/initial/vae_dist_l2 Min            8.38608e-07
evaluation/env_infos/vae_dist_l2 Mean                   2.4929e-06
evaluation/env_infos/vae_dist_l2 Std                    9.40224e-07
evaluation/env_infos/vae_dist_l2 Max                    4.23696e-06
evaluation/env_infos/vae_dist_l2 Min                    5.70911e-07
evaluation/env_infos/final/hand_distance Mean           0.0911267
evaluation/env_infos/final/hand_distance Std            0.0257151
evaluation/env_infos/final/hand_distance Max            0.121655
evaluation/env_infos/final/hand_distance Min            0.0302818
evaluation/env_infos/initial/hand_distance Mean         0.102574
evaluation/env_infos/initial/hand_distance Std          0.0265605
evaluation/env_infos/initial/hand_distance Max          0.135925
evaluation/env_infos/initial/hand_distance Min          0.0364032
evaluation/env_infos/hand_distance Mean                 0.0919777
evaluation/env_infos/hand_distance Std                  0.0261491
evaluation/env_infos/hand_distance Max                  0.135925
evaluation/env_infos/hand_distance Min                  0.0281105
evaluation/env_infos/final/vae_mdist Mean               4.04718e-09
evaluation/env_infos/final/vae_mdist Std                2.50772e-09
evaluation/env_infos/final/vae_mdist Max                7.705e-09
evaluation/env_infos/final/vae_mdist Min                2.82693e-10
evaluation/env_infos/initial/vae_mdist Mean             4.4398e-09
evaluation/env_infos/initial/vae_mdist Std              3.16841e-09
evaluation/env_infos/initial/vae_mdist Max              8.96931e-09
evaluation/env_infos/initial/vae_mdist Min              3.51367e-10
evaluation/env_infos/vae_mdist Mean                     3.54731e-09
evaluation/env_infos/vae_mdist Std                      2.25857e-09
evaluation/env_infos/vae_mdist Max                      8.96931e-09
evaluation/env_infos/vae_mdist Min                      1.62899e-10
evaluation/env_infos/final/touch_distance Mean          0.0590017
evaluation/env_infos/final/touch_distance Std           2.33537e-09
evaluation/env_infos/final/touch_distance Max           0.0590017
evaluation/env_infos/final/touch_distance Min           0.0590017
evaluation/env_infos/initial/touch_distance Mean        0.0738841
evaluation/env_infos/initial/touch_distance Std         0.000110422
evaluation/env_infos/initial/touch_distance Max         0.0739209
evaluation/env_infos/initial/touch_distance Min         0.0735529
evaluation/env_infos/touch_distance Mean                0.0597943
evaluation/env_infos/touch_distance Std                 0.00220745
evaluation/env_infos/touch_distance Max                 0.0739209
evaluation/env_infos/touch_distance Min                 0.0590017
time/data storing (s)                                   0.0662368
time/evaluation sampling (s)                            5.15755
time/exploration sampling (s)                           5.34155
time/logging (s)                                        0.0127744
time/saving (s)                                         0.0273829
time/training (s)                                      15.4499
time/vae training (s)                                  10.4634
time/epoch (s)                                         36.5188
time/total (s)                                        153.46
Epoch                                                   0
-------------------------------------------------  ----------------
2019-08-20 20:15:50.525903 EDT | [rlkit-skew-fit-pusher-reference-sample-from-true-prior-take2_2019_08_20_20_12_41_0000--s-0] Epoch 1 finished
-------------------------------------------------  ---------------
vae_trainer/train/log prob                         -3995.33
vae_trainer/train/KL                                  12.8059
vae_trainer/train/loss                              4251.45
vae_trainer/epoch                                      1
vae_trainer/test/log prob                          -4948.76
vae_trainer/test/KL                                   12.3898
vae_trainer/test/loss                               5196.56
vae_trainer/beta                                      20
replay_buffer/VAE Sample Weights Mean                  9.09091e-05
replay_buffer/VAE Sample Weights Std                   0.00188414
replay_buffer/VAE Sample Weights Max                   0.150583
replay_buffer/VAE Sample Weights Min                   9.76124e-08
replay_buffer/VAE Sample Probs Mean                    9.09091e-05
replay_buffer/VAE Sample Probs Std                     0.00188414
replay_buffer/VAE Sample Probs Max                     0.150583
replay_buffer/VAE Sample Probs Min                     9.76124e-08
trainer/QF1 Loss                                       1.36824
trainer/QF2 Loss                                       1.35072
trainer/Policy Loss                                   -0.0348384
trainer/Q1 Predictions Mean                           -1.30639
trainer/Q1 Predictions Std                             0.975598
trainer/Q1 Predictions Max                             0.361045
trainer/Q1 Predictions Min                            -4.65874
trainer/Q2 Predictions Mean                           -1.33076
trainer/Q2 Predictions Std                             0.96074
trainer/Q2 Predictions Max                             0.317971
trainer/Q2 Predictions Min                            -4.61197
trainer/Q Targets Mean                                -1.34556
trainer/Q Targets Std                                  1.20872
trainer/Q Targets Max                                  0.454576
trainer/Q Targets Min                                 -5.45534
trainer/Log Pis Mean                                  -1.37371
trainer/Log Pis Std                                    0.171534
trainer/Log Pis Max                                   -1.0344
trainer/Log Pis Min                                   -3.08318
trainer/Policy mu Mean                                 0.0127539
trainer/Policy mu Std                                  0.00105906
trainer/Policy mu Max                                  0.0178581
trainer/Policy mu Min                                  0.00790612
trainer/Policy log std Mean                           -0.131393
trainer/Policy log std Std                             0.00440804
trainer/Policy log std Max                            -0.120903
trainer/Policy log std Min                            -0.141214
trainer/Alpha                                          0.367443
trainer/Alpha Loss                                    -3.37434
exploration/num steps total                        11000
exploration/num paths total                          220
exploration/path length Mean                          50
exploration/path length Std                            0
exploration/path length Max                           50
exploration/path length Min                           50
exploration/hand_distance Mean                         0.0678031
exploration/hand_distance Std                          0.0271925
exploration/hand_distance Max                          0.152064
exploration/hand_distance Min                          0.0284309
exploration/Final hand_distance Mean                   0.0736459
exploration/Final hand_distance Std                    0.0282118
exploration/Final hand_distance Max                    0.124095
exploration/Final hand_distance Min                    0.0333614
exploration/puck_distance Mean                         0.104338
exploration/puck_distance Std                          0.0481826
exploration/puck_distance Max                          0.192892
exploration/puck_distance Min                          0.0180587
exploration/Final puck_distance Mean                   0.106236
exploration/Final puck_distance Std                    0.0483655
exploration/Final puck_distance Max                    0.192892
exploration/Final puck_distance Min                    0.0284842
exploration/touch_distance Mean                        0.0761856
exploration/touch_distance Std                         0.0159138
exploration/touch_distance Max                         0.129814
exploration/touch_distance Min                         0.0560972
exploration/Final touch_distance Mean                  0.0833419
exploration/Final touch_distance Std                   0.0212319
exploration/Final touch_distance Max                   0.122113
exploration/Final touch_distance Min                   0.0584317
exploration/success Mean                               0
exploration/success Std                                0
exploration/success Max                                0
exploration/success Min                                0
exploration/Final success Mean                         0
exploration/Final success Std                          0
exploration/Final success Max                          0
exploration/Final success Min                          0
exploration/image_dist Mean                            9.8299
exploration/image_dist Std                             2.27235
exploration/image_dist Max                            15.0622
exploration/image_dist Min                             4.30761
exploration/Final image_dist Mean                     10.6826
exploration/Final image_dist Std                       2.8807
exploration/Final image_dist Max                      14.4706
exploration/Final image_dist Min                       5.10702
exploration/image_success Mean                        -0.51
exploration/image_success Std                          0.4999
exploration/image_success Max                          0
exploration/image_success Min                         -1
exploration/Final image_success Mean                  -0.7
exploration/Final image_success Std                    0.458258
exploration/Final image_success Max                    0
exploration/Final image_success Min                   -1
exploration/vae_mdist Mean                          2295.84
exploration/vae_mdist Std                           1372.78
exploration/vae_mdist Max                           5910.61
exploration/vae_mdist Min                            543.14
exploration/Final vae_mdist Mean                    2264.54
exploration/Final vae_mdist Std                     1347.17
exploration/Final vae_mdist Max                     5506.84
exploration/Final vae_mdist Min                      644.289
exploration/vae_success Mean                           0
exploration/vae_success Std                            0
exploration/vae_success Max                            0
exploration/vae_success Min                            0
exploration/Final vae_success Mean                     0
exploration/Final vae_success Std                      0
exploration/Final vae_success Max                      0
exploration/Final vae_success Min                      0
exploration/vae_dist Mean                              2.46733
exploration/vae_dist Std                               0.734727
exploration/vae_dist Max                               4.14564
exploration/vae_dist Min                               1.25279
exploration/Final vae_dist Mean                        2.44657
exploration/Final vae_dist Std                         0.72301
exploration/Final vae_dist Max                         3.97087
exploration/Final vae_dist Min                         1.37137
exploration/Rewards Mean                              -2.46733
exploration/Rewards Std                                0.734727
exploration/Rewards Max                               -1.25279
exploration/Rewards Min                               -4.14564
exploration/Returns Mean                            -123.367
exploration/Returns Std                               36.6839
exploration/Returns Max                              -66.409
exploration/Returns Min                             -200.432
exploration/Actions Mean                               0.00957775
exploration/Actions Std                                0.581808
exploration/Actions Max                                0.988573
exploration/Actions Min                               -0.988432
exploration/Num Paths                                 10
exploration/Average Returns                         -123.367
exploration/env_infos/final/image_success Mean        -0.7
exploration/env_infos/final/image_success Std          0.458258
exploration/env_infos/final/image_success Max          0
exploration/env_infos/final/image_success Min         -1
exploration/env_infos/initial/image_success Mean      -0.5
exploration/env_infos/initial/image_success Std        0.5
exploration/env_infos/initial/image_success Max        0
exploration/env_infos/initial/image_success Min       -1
exploration/env_infos/image_success Mean              -0.51
exploration/env_infos/image_success Std                0.4999
exploration/env_infos/image_success Max                0
exploration/env_infos/image_success Min               -1
exploration/env_infos/final/success Mean               0
exploration/env_infos/final/success Std                0
exploration/env_infos/final/success Max                0
exploration/env_infos/final/success Min                0
exploration/env_infos/initial/success Mean             0
exploration/env_infos/initial/success Std              0
exploration/env_infos/initial/success Max              0
exploration/env_infos/initial/success Min              0
exploration/env_infos/success Mean                     0
exploration/env_infos/success Std                      0
exploration/env_infos/success Max                      0
exploration/env_infos/success Min                      0
exploration/env_infos/final/image_dist Mean           10.6826
exploration/env_infos/final/image_dist Std             2.8807
exploration/env_infos/final/image_dist Max            14.4706
exploration/env_infos/final/image_dist Min             5.10702
exploration/env_infos/initial/image_dist Mean          9.93785
exploration/env_infos/initial/image_dist Std           1.76302
exploration/env_infos/initial/image_dist Max          13.2064
exploration/env_infos/initial/image_dist Min           7.25909
exploration/env_infos/image_dist Mean                  9.8299
exploration/env_infos/image_dist Std                   2.27235
exploration/env_infos/image_dist Max                  15.0622
exploration/env_infos/image_dist Min                   4.30761
exploration/env_infos/final/vae_dist Mean              2.44657
exploration/env_infos/final/vae_dist Std               0.72301
exploration/env_infos/final/vae_dist Max               3.97087
exploration/env_infos/final/vae_dist Min               1.37137
exploration/env_infos/initial/vae_dist Mean            2.51959
exploration/env_infos/initial/vae_dist Std             0.755576
exploration/env_infos/initial/vae_dist Max             4.11279
exploration/env_infos/initial/vae_dist Min             1.37763
exploration/env_infos/vae_dist Mean                    2.46733
exploration/env_infos/vae_dist Std                     0.734727
exploration/env_infos/vae_dist Max                     4.14564
exploration/env_infos/vae_dist Min                     1.25279
exploration/env_infos/final/vae_dist_l1 Mean           4.17629
exploration/env_infos/final/vae_dist_l1 Std            1.26678
exploration/env_infos/final/vae_dist_l1 Max            6.81025
exploration/env_infos/final/vae_dist_l1 Min            2.40803
exploration/env_infos/initial/vae_dist_l1 Mean         4.32602
exploration/env_infos/initial/vae_dist_l1 Std          1.33516
exploration/env_infos/initial/vae_dist_l1 Max          7.13748
exploration/env_infos/initial/vae_dist_l1 Min          2.41658
exploration/env_infos/vae_dist_l1 Mean                 4.22874
exploration/env_infos/vae_dist_l1 Std                  1.29016
exploration/env_infos/vae_dist_l1 Max                  7.21277
exploration/env_infos/vae_dist_l1 Min                  2.25406
exploration/env_infos/final/vae_success Mean           0
exploration/env_infos/final/vae_success Std            0
exploration/env_infos/final/vae_success Max            0
exploration/env_infos/final/vae_success Min            0
exploration/env_infos/initial/vae_success Mean         0
exploration/env_infos/initial/vae_success Std          0
exploration/env_infos/initial/vae_success Max          0
exploration/env_infos/initial/vae_success Min          0
exploration/env_infos/vae_success Mean                 0
exploration/env_infos/vae_success Std                  0
exploration/env_infos/vae_success Max                  0
exploration/env_infos/vae_success Min                  0
exploration/env_infos/final/puck_distance Mean         0.106236
exploration/env_infos/final/puck_distance Std          0.0483655
exploration/env_infos/final/puck_distance Max          0.192892
exploration/env_infos/final/puck_distance Min          0.0284842
exploration/env_infos/initial/puck_distance Mean       0.108218
exploration/env_infos/initial/puck_distance Std        0.0435331
exploration/env_infos/initial/puck_distance Max        0.168915
exploration/env_infos/initial/puck_distance Min        0.0213119
exploration/env_infos/puck_distance Mean               0.104338
exploration/env_infos/puck_distance Std                0.0481826
exploration/env_infos/puck_distance Max                0.192892
exploration/env_infos/puck_distance Min                0.0180587
exploration/env_infos/final/vae_dist_l2 Mean           2.44657
exploration/env_infos/final/vae_dist_l2 Std            0.72301
exploration/env_infos/final/vae_dist_l2 Max            3.97087
exploration/env_infos/final/vae_dist_l2 Min            1.37137
exploration/env_infos/initial/vae_dist_l2 Mean         2.51959
exploration/env_infos/initial/vae_dist_l2 Std          0.755576
exploration/env_infos/initial/vae_dist_l2 Max          4.11279
exploration/env_infos/initial/vae_dist_l2 Min          1.37763
exploration/env_infos/vae_dist_l2 Mean                 2.46733
exploration/env_infos/vae_dist_l2 Std                  0.734727
exploration/env_infos/vae_dist_l2 Max                  4.14564
exploration/env_infos/vae_dist_l2 Min                  1.25279
exploration/env_infos/final/hand_distance Mean         0.0736459
exploration/env_infos/final/hand_distance Std          0.0282118
exploration/env_infos/final/hand_distance Max          0.124095
exploration/env_infos/final/hand_distance Min          0.0333614
exploration/env_infos/initial/hand_distance Mean       0.0897881
exploration/env_infos/initial/hand_distance Std        0.0263291
exploration/env_infos/initial/hand_distance Max        0.146565
exploration/env_infos/initial/hand_distance Min        0.0540703
exploration/env_infos/hand_distance Mean               0.0678031
exploration/env_infos/hand_distance Std                0.0271925
exploration/env_infos/hand_distance Max                0.152064
exploration/env_infos/hand_distance Min                0.0284309
exploration/env_infos/final/vae_mdist Mean          2264.54
exploration/env_infos/final/vae_mdist Std           1347.17
exploration/env_infos/final/vae_mdist Max           5506.84
exploration/env_infos/final/vae_mdist Min            644.289
exploration/env_infos/initial/vae_mdist Mean        2375.15
exploration/env_infos/initial/vae_mdist Std         1435.12
exploration/env_infos/initial/vae_mdist Max         5835.56
exploration/env_infos/initial/vae_mdist Min          647.616
exploration/env_infos/vae_mdist Mean                2295.84
exploration/env_infos/vae_mdist Std                 1372.78
exploration/env_infos/vae_mdist Max                 5910.61
exploration/env_infos/vae_mdist Min                  543.14
exploration/env_infos/final/touch_distance Mean        0.0833419
exploration/env_infos/final/touch_distance Std         0.0212319
exploration/env_infos/final/touch_distance Max         0.122113
exploration/env_infos/final/touch_distance Min         0.0584317
exploration/env_infos/initial/touch_distance Mean      0.0748912
exploration/env_infos/initial/touch_distance Std       0.00159496
exploration/env_infos/initial/touch_distance Max       0.0769484
exploration/env_infos/initial/touch_distance Min       0.0723514
exploration/env_infos/touch_distance Mean              0.0761856
exploration/env_infos/touch_distance Std               0.0159138
exploration/env_infos/touch_distance Max               0.129814
exploration/env_infos/touch_distance Min               0.0560972
evaluation/num steps total                          1000
evaluation/num paths total                            20
evaluation/path length Mean                           50
evaluation/path length Std                             0
evaluation/path length Max                            50
evaluation/path length Min                            50
evaluation/hand_distance Mean                          0.0790779
evaluation/hand_distance Std                           0.029135
evaluation/hand_distance Max                           0.135753
evaluation/hand_distance Min                           0.030055
evaluation/Final hand_distance Mean                    0.077189
evaluation/Final hand_distance Std                     0.0276107
evaluation/Final hand_distance Max                     0.123583
evaluation/Final hand_distance Min                     0.038621
evaluation/puck_distance Mean                          0.0659728
evaluation/puck_distance Std                           0.0361237
evaluation/puck_distance Max                           0.116054
evaluation/puck_distance Min                           0.00838319
evaluation/Final puck_distance Mean                    0.068306
evaluation/Final puck_distance Std                     0.0369838
evaluation/Final puck_distance Max                     0.116054
evaluation/Final puck_distance Min                     0.00838319
evaluation/touch_distance Mean                         0.0583863
evaluation/touch_distance Std                          0.00248916
evaluation/touch_distance Max                          0.0738608
evaluation/touch_distance Min                          0.0569255
evaluation/Final touch_distance Mean                   0.0583703
evaluation/Final touch_distance Std                    5.41375e-06
evaluation/Final touch_distance Max                    0.0583802
evaluation/Final touch_distance Min                    0.0583644
evaluation/success Mean                                0.088
evaluation/success Std                                 0.283295
evaluation/success Max                                 1
evaluation/success Min                                 0
evaluation/Final success Mean                          0.1
evaluation/Final success Std                           0.3
evaluation/Final success Max                           1
evaluation/Final success Min                           0
evaluation/image_dist Mean                             9.7738
evaluation/image_dist Std                              1.76728
evaluation/image_dist Max                             12.022
evaluation/image_dist Min                              5.56504
evaluation/Final image_dist Mean                       9.87288
evaluation/Final image_dist Std                        1.77779
evaluation/Final image_dist Max                       12.0065
evaluation/Final image_dist Min                        5.69495
evaluation/image_success Mean                         -0.6
evaluation/image_success Std                           0.489898
evaluation/image_success Max                           0
evaluation/image_success Min                          -1
evaluation/Final image_success Mean                   -0.6
evaluation/Final image_success Std                     0.489898
evaluation/Final image_success Max                     0
evaluation/Final image_success Min                    -1
evaluation/vae_mdist Mean                             15.7722
evaluation/vae_mdist Std                              15.6558
evaluation/vae_mdist Max                              47.1831
evaluation/vae_mdist Min                               0.645975
evaluation/Final vae_mdist Mean                       14.7691
evaluation/Final vae_mdist Std                        15.2187
evaluation/Final vae_mdist Max                        43.4258
evaluation/Final vae_mdist Min                         0.803958
evaluation/vae_success Mean                            0.7
evaluation/vae_success Std                             0.458258
evaluation/vae_success Max                             1
evaluation/vae_success Min                             0
evaluation/Final vae_success Mean                      0.7
evaluation/Final vae_success Std                       0.458258
evaluation/Final vae_success Max                       1
evaluation/Final vae_success Min                       0
evaluation/vae_dist Mean                               0.187453
evaluation/vae_dist Std                                0.105246
evaluation/vae_dist Max                                0.371902
evaluation/vae_dist Min                                0.0434533
evaluation/Final vae_dist Mean                         0.17912
evaluation/Final vae_dist Std                          0.105867
evaluation/Final vae_dist Max                          0.356807
evaluation/Final vae_dist Min                          0.0485373
evaluation/Rewards Mean                               -0.187453
evaluation/Rewards Std                                 0.105246
evaluation/Rewards Max                                -0.0434533
evaluation/Rewards Min                                -0.371902
evaluation/Returns Mean                               -9.37265
evaluation/Returns Std                                 5.25576
evaluation/Returns Max                                -2.86813
evaluation/Returns Min                               -18.1579
evaluation/Actions Mean                                0.0123772
evaluation/Actions Std                                 7.01117e-05
evaluation/Actions Max                                 0.012508
evaluation/Actions Min                                 0.012054
evaluation/Num Paths                                  10
evaluation/Average Returns                            -9.37265
evaluation/env_infos/final/image_success Mean         -0.6
evaluation/env_infos/final/image_success Std           0.489898
evaluation/env_infos/final/image_success Max           0
evaluation/env_infos/final/image_success Min          -1
evaluation/env_infos/initial/image_success Mean       -0.6
evaluation/env_infos/initial/image_success Std         0.489898
evaluation/env_infos/initial/image_success Max         0
evaluation/env_infos/initial/image_success Min        -1
evaluation/env_infos/image_success Mean               -0.6
evaluation/env_infos/image_success Std                 0.489898
evaluation/env_infos/image_success Max                 0
evaluation/env_infos/image_success Min                -1
evaluation/env_infos/final/success Mean                0.1
evaluation/env_infos/final/success Std                 0.3
evaluation/env_infos/final/success Max                 1
evaluation/env_infos/final/success Min                 0
evaluation/env_infos/initial/success Mean              0
evaluation/env_infos/initial/success Std               0
evaluation/env_infos/initial/success Max               0
evaluation/env_infos/initial/success Min               0
evaluation/env_infos/success Mean                      0.088
evaluation/env_infos/success Std                       0.283295
evaluation/env_infos/success Max                       1
evaluation/env_infos/success Min                       0
evaluation/env_infos/final/image_dist Mean             9.87288
evaluation/env_infos/final/image_dist Std              1.77779
evaluation/env_infos/final/image_dist Max             12.0065
evaluation/env_infos/final/image_dist Min              5.69495
evaluation/env_infos/initial/image_dist Mean           9.73312
evaluation/env_infos/initial/image_dist Std            1.7035
evaluation/env_infos/initial/image_dist Max           11.9776
evaluation/env_infos/initial/image_dist Min            7.03793
evaluation/env_infos/image_dist Mean                   9.7738
evaluation/env_infos/image_dist Std                    1.76728
evaluation/env_infos/image_dist Max                   12.022
evaluation/env_infos/image_dist Min                    5.56504
evaluation/env_infos/final/vae_dist Mean               0.17912
evaluation/env_infos/final/vae_dist Std                0.105867
evaluation/env_infos/final/vae_dist Max                0.356807
evaluation/env_infos/final/vae_dist Min                0.0485373
evaluation/env_infos/initial/vae_dist Mean             0.173397
evaluation/env_infos/initial/vae_dist Std              0.105131
evaluation/env_infos/initial/vae_dist Max              0.349205
evaluation/env_infos/initial/vae_dist Min              0.0434533
evaluation/env_infos/vae_dist Mean                     0.187453
evaluation/env_infos/vae_dist Std                      0.105246
evaluation/env_infos/vae_dist Max                      0.371902
evaluation/env_infos/vae_dist Min                      0.0434533
evaluation/env_infos/final/vae_dist_l1 Mean            0.35804
evaluation/env_infos/final/vae_dist_l1 Std             0.211569
evaluation/env_infos/final/vae_dist_l1 Max             0.71312
evaluation/env_infos/final/vae_dist_l1 Min             0.0970505
evaluation/env_infos/initial/vae_dist_l1 Mean          0.346539
evaluation/env_infos/initial/vae_dist_l1 Std           0.210088
evaluation/env_infos/initial/vae_dist_l1 Max           0.697846
evaluation/env_infos/initial/vae_dist_l1 Min           0.0868341
evaluation/env_infos/vae_dist_l1 Mean                  0.374669
evaluation/env_infos/vae_dist_l1 Std                   0.210322
evaluation/env_infos/vae_dist_l1 Max                   0.743241
evaluation/env_infos/vae_dist_l1 Min                   0.0868341
evaluation/env_infos/final/vae_success Mean            0.7
evaluation/env_infos/final/vae_success Std             0.458258
evaluation/env_infos/final/vae_success Max             1
evaluation/env_infos/final/vae_success Min             0
evaluation/env_infos/initial/vae_success Mean          0.7
evaluation/env_infos/initial/vae_success Std           0.458258
evaluation/env_infos/initial/vae_success Max           1
evaluation/env_infos/initial/vae_success Min           0
evaluation/env_infos/vae_success Mean                  0.7
evaluation/env_infos/vae_success Std                   0.458258
evaluation/env_infos/vae_success Max                   1
evaluation/env_infos/vae_success Min                   0
evaluation/env_infos/final/puck_distance Mean          0.068306
evaluation/env_infos/final/puck_distance Std           0.0369838
evaluation/env_infos/final/puck_distance Max           0.116054
evaluation/env_infos/final/puck_distance Min           0.00838319
evaluation/env_infos/initial/puck_distance Mean        0.0648527
evaluation/env_infos/initial/puck_distance Std         0.0355858
evaluation/env_infos/initial/puck_distance Max         0.110173
evaluation/env_infos/initial/puck_distance Min         0.0111023
evaluation/env_infos/puck_distance Mean                0.0659728
evaluation/env_infos/puck_distance Std                 0.0361237
evaluation/env_infos/puck_distance Max                 0.116054
evaluation/env_infos/puck_distance Min                 0.00838319
evaluation/env_infos/final/vae_dist_l2 Mean            0.17912
evaluation/env_infos/final/vae_dist_l2 Std             0.105867
evaluation/env_infos/final/vae_dist_l2 Max             0.356807
evaluation/env_infos/final/vae_dist_l2 Min             0.0485373
evaluation/env_infos/initial/vae_dist_l2 Mean          0.173397
evaluation/env_infos/initial/vae_dist_l2 Std           0.105131
evaluation/env_infos/initial/vae_dist_l2 Max           0.349205
evaluation/env_infos/initial/vae_dist_l2 Min           0.0434533
evaluation/env_infos/vae_dist_l2 Mean                  0.187453
evaluation/env_infos/vae_dist_l2 Std                   0.105246
evaluation/env_infos/vae_dist_l2 Max                   0.371902
evaluation/env_infos/vae_dist_l2 Min                   0.0434533
evaluation/env_infos/final/hand_distance Mean          0.077189
evaluation/env_infos/final/hand_distance Std           0.0276107
evaluation/env_infos/final/hand_distance Max           0.123583
evaluation/env_infos/final/hand_distance Min           0.038621
evaluation/env_infos/initial/hand_distance Mean        0.0909471
evaluation/env_infos/initial/hand_distance Std         0.0320188
evaluation/env_infos/initial/hand_distance Max         0.135753
evaluation/env_infos/initial/hand_distance Min         0.0336122
evaluation/env_infos/hand_distance Mean                0.0790779
evaluation/env_infos/hand_distance Std                 0.029135
evaluation/env_infos/hand_distance Max                 0.135753
evaluation/env_infos/hand_distance Min                 0.030055
evaluation/env_infos/final/vae_mdist Mean             14.7691
evaluation/env_infos/final/vae_mdist Std              15.2187
evaluation/env_infos/final/vae_mdist Max              43.4258
evaluation/env_infos/final/vae_mdist Min               0.803958
evaluation/env_infos/initial/vae_mdist Mean           14.0674
evaluation/env_infos/initial/vae_mdist Std            14.6968
evaluation/env_infos/initial/vae_mdist Max            41.719
evaluation/env_infos/initial/vae_mdist Min             0.645975
evaluation/env_infos/vae_mdist Mean                   15.7722
evaluation/env_infos/vae_mdist Std                    15.6558
evaluation/env_infos/vae_mdist Max                    47.1831
evaluation/env_infos/vae_mdist Min                     0.645975
evaluation/env_infos/final/touch_distance Mean         0.0583703
evaluation/env_infos/final/touch_distance Std          5.41375e-06
evaluation/env_infos/final/touch_distance Max          0.0583802
evaluation/env_infos/final/touch_distance Min          0.0583644
evaluation/env_infos/initial/touch_distance Mean       0.0734412
evaluation/env_infos/initial/touch_distance Std        0.000274505
evaluation/env_infos/initial/touch_distance Max        0.0738608
evaluation/env_infos/initial/touch_distance Min        0.0732612
evaluation/env_infos/touch_distance Mean               0.0583863
evaluation/env_infos/touch_distance Std                0.00248916
evaluation/env_infos/touch_distance Max                0.0738608
evaluation/env_infos/touch_distance Min                0.0569255
time/data storing (s)                                  0.0631795
time/evaluation sampling (s)                           5.45858
time/exploration sampling (s)                          5.21603
time/logging (s)                                       0.0131145
time/saving (s)                                        0.021716
time/training (s)                                     14.7045
time/vae training (s)                                 10.0116
time/epoch (s)                                        35.4887
time/total (s)                                       188.966
Epoch                                                  1
-------------------------------------------------  ---------------
2019-08-20 20:16:26.033467 EDT | [rlkit-skew-fit-pusher-reference-sample-from-true-prior-take2_2019_08_20_20_12_41_0000--s-0] Epoch 2 finished
-------------------------------------------------  ---------------
vae_trainer/train/log prob                         -2072.34
vae_trainer/train/KL                                  12.2997
vae_trainer/train/loss                              2318.33
vae_trainer/epoch                                      2
vae_trainer/test/log prob                          -4180.72
vae_trainer/test/KL                                   11.4342
vae_trainer/test/loss                               4409.4
vae_trainer/beta                                      20
replay_buffer/VAE Sample Weights Mean                  8.69565e-05
replay_buffer/VAE Sample Weights Std                   0.00100072
replay_buffer/VAE Sample Weights Max                   0.0689873
replay_buffer/VAE Sample Weights Min                   8.43669e-08
replay_buffer/VAE Sample Probs Mean                    8.69565e-05
replay_buffer/VAE Sample Probs Std                     0.00100072
replay_buffer/VAE Sample Probs Max                     0.0689873
replay_buffer/VAE Sample Probs Min                     8.43669e-08
trainer/QF1 Loss                                       1.30712
trainer/QF2 Loss                                       1.56594
trainer/Policy Loss                                    1.1165
trainer/Q1 Predictions Mean                           -2.44429
trainer/Q1 Predictions Std                             1.92815
trainer/Q1 Predictions Max                             0.646276
trainer/Q1 Predictions Min                            -9.73326
trainer/Q2 Predictions Mean                           -2.40364
trainer/Q2 Predictions Std                             2.00325
trainer/Q2 Predictions Max                             0.847916
trainer/Q2 Predictions Min                            -9.80056
trainer/Q Targets Mean                                -2.91902
trainer/Q Targets Std                                  1.85086
trainer/Q Targets Max                                  0.166156
trainer/Q Targets Min                                 -9.63584
trainer/Log Pis Mean                                  -1.36378
trainer/Log Pis Std                                    0.157309
trainer/Log Pis Max                                   -1.01081
trainer/Log Pis Min                                   -2.95124
trainer/Policy mu Mean                                 0.015898
trainer/Policy mu Std                                  0.0112794
trainer/Policy mu Max                                  0.0313729
trainer/Policy mu Min                                 -0.0185577
trainer/Policy log std Mean                           -0.139552
trainer/Policy log std Std                             0.0109382
trainer/Policy log std Max                            -0.119233
trainer/Policy log std Min                            -0.166825
trainer/Alpha                                          0.135171
trainer/Alpha Loss                                    -6.72826
exploration/num steps total                        11500
exploration/num paths total                          230
exploration/path length Mean                          50
exploration/path length Std                            0
exploration/path length Max                           50
exploration/path length Min                           50
exploration/hand_distance Mean                         0.0650542
exploration/hand_distance Std                          0.0234731
exploration/hand_distance Max                          0.132636
exploration/hand_distance Min                          0.030476
exploration/Final hand_distance Mean                   0.077479
exploration/Final hand_distance Std                    0.0308996
exploration/Final hand_distance Max                    0.125795
exploration/Final hand_distance Min                    0.0409081
exploration/puck_distance Mean                         0.0958827
exploration/puck_distance Std                          0.0375999
exploration/puck_distance Max                          0.181868
exploration/puck_distance Min                          0.0374028
exploration/Final puck_distance Mean                   0.108972
exploration/Final puck_distance Std                    0.0444996
exploration/Final puck_distance Max                    0.181868
exploration/Final puck_distance Min                    0.0374028
exploration/touch_distance Mean                        0.0768567
exploration/touch_distance Std                         0.0181795
exploration/touch_distance Max                         0.134999
exploration/touch_distance Min                         0.0561587
exploration/Final touch_distance Mean                  0.0939612
exploration/Final touch_distance Std                   0.0212804
exploration/Final touch_distance Max                   0.125324
exploration/Final touch_distance Min                   0.0665415
exploration/success Mean                               0
exploration/success Std                                0
exploration/success Max                                0
exploration/success Min                                0
exploration/Final success Mean                         0
exploration/Final success Std                          0
exploration/Final success Max                          0
exploration/Final success Min                          0
exploration/image_dist Mean                            9.23032
exploration/image_dist Std                             1.95093
exploration/image_dist Max                            13.9129
exploration/image_dist Min                             4.39836
exploration/Final image_dist Mean                     10.7417
exploration/Final image_dist Std                       2.1926
exploration/Final image_dist Max                      13.6567
exploration/Final image_dist Min                       7.06718
exploration/image_success Mean                        -0.332
exploration/image_success Std                          0.470931
exploration/image_success Max                          0
exploration/image_success Min                         -1
exploration/Final image_success Mean                  -0.6
exploration/Final image_success Std                    0.489898
exploration/Final image_success Max                    0
exploration/Final image_success Min                   -1
exploration/vae_mdist Mean                          1906.69
exploration/vae_mdist Std                           1002.87
exploration/vae_mdist Max                           5232.29
exploration/vae_mdist Min                             56.8584
exploration/Final vae_mdist Mean                    2527.16
exploration/Final vae_mdist Std                     1550.55
exploration/Final vae_mdist Max                     5207.06
exploration/Final vae_mdist Min                       71.6226
exploration/vae_success Mean                           0
exploration/vae_success Std                            0
exploration/vae_success Max                            0
exploration/vae_success Min                            0
exploration/Final vae_success Mean                     0
exploration/Final vae_success Std                      0
exploration/Final vae_success Max                      0
exploration/Final vae_success Min                      0
exploration/vae_dist Mean                              2.42164
exploration/vae_dist Std                               0.693069
exploration/vae_dist Max                               3.77882
exploration/vae_dist Min                               0.40701
exploration/Final vae_dist Mean                        2.53453
exploration/Final vae_dist Std                         0.931842
exploration/Final vae_dist Max                         3.77882
exploration/Final vae_dist Min                         0.457556
exploration/Rewards Mean                              -2.42164
exploration/Rewards Std                                0.693069
exploration/Rewards Max                               -0.40701
exploration/Rewards Min                               -3.77882
exploration/Returns Mean                            -121.082
exploration/Returns Std                               27.6306
exploration/Returns Max                              -77.1104
exploration/Returns Min                             -163.74
exploration/Actions Mean                               0.0330888
exploration/Actions Std                                0.571068
exploration/Actions Max                                0.993354
exploration/Actions Min                               -0.994764
exploration/Num Paths                                 10
exploration/Average Returns                         -121.082
exploration/env_infos/final/image_success Mean        -0.6
exploration/env_infos/final/image_success Std          0.489898
exploration/env_infos/final/image_success Max          0
exploration/env_infos/final/image_success Min         -1
exploration/env_infos/initial/image_success Mean      -0.4
exploration/env_infos/initial/image_success Std        0.489898
exploration/env_infos/initial/image_success Max        0
exploration/env_infos/initial/image_success Min       -1
exploration/env_infos/image_success Mean              -0.332
exploration/env_infos/image_success Std                0.470931
exploration/env_infos/image_success Max                0
exploration/env_infos/image_success Min               -1
exploration/env_infos/final/success Mean               0
exploration/env_infos/final/success Std                0
exploration/env_infos/final/success Max                0
exploration/env_infos/final/success Min                0
exploration/env_infos/initial/success Mean             0
exploration/env_infos/initial/success Std              0
exploration/env_infos/initial/success Max              0
exploration/env_infos/initial/success Min              0
exploration/env_infos/success Mean                     0
exploration/env_infos/success Std                      0
exploration/env_infos/success Max                      0
exploration/env_infos/success Min                      0
exploration/env_infos/final/image_dist Mean           10.7417
exploration/env_infos/final/image_dist Std             2.1926
exploration/env_infos/final/image_dist Max            13.6567
exploration/env_infos/final/image_dist Min             7.06718
exploration/env_infos/initial/image_dist Mean         10.0051
exploration/env_infos/initial/image_dist Std           1.28708
exploration/env_infos/initial/image_dist Max          12.5557
exploration/env_infos/initial/image_dist Min           7.15573
exploration/env_infos/image_dist Mean                  9.23032
exploration/env_infos/image_dist Std                   1.95093
exploration/env_infos/image_dist Max                  13.9129
exploration/env_infos/image_dist Min                   4.39836
exploration/env_infos/final/vae_dist Mean              2.53453
exploration/env_infos/final/vae_dist Std               0.931842
exploration/env_infos/final/vae_dist Max               3.77882
exploration/env_infos/final/vae_dist Min               0.457556
exploration/env_infos/initial/vae_dist Mean            2.68677
exploration/env_infos/initial/vae_dist Std             0.630723
exploration/env_infos/initial/vae_dist Max             3.57992
exploration/env_infos/initial/vae_dist Min             1.72198
exploration/env_infos/vae_dist Mean                    2.42164
exploration/env_infos/vae_dist Std                     0.693069
exploration/env_infos/vae_dist Max                     3.77882
exploration/env_infos/vae_dist Min                     0.40701
exploration/env_infos/final/vae_dist_l1 Mean           4.51936
exploration/env_infos/final/vae_dist_l1 Std            1.6189
exploration/env_infos/final/vae_dist_l1 Max            6.17157
exploration/env_infos/final/vae_dist_l1 Min            0.895417
exploration/env_infos/initial/vae_dist_l1 Mean         4.98713
exploration/env_infos/initial/vae_dist_l1 Std          1.27044
exploration/env_infos/initial/vae_dist_l1 Max          7.0008
exploration/env_infos/initial/vae_dist_l1 Min          2.65126
exploration/env_infos/vae_dist_l1 Mean                 4.39011
exploration/env_infos/vae_dist_l1 Std                  1.3788
exploration/env_infos/vae_dist_l1 Max                  7.15633
exploration/env_infos/vae_dist_l1 Min                  0.713418
exploration/env_infos/final/vae_success Mean           0
exploration/env_infos/final/vae_success Std            0
exploration/env_infos/final/vae_success Max            0
exploration/env_infos/final/vae_success Min            0
exploration/env_infos/initial/vae_success Mean         0
exploration/env_infos/initial/vae_success Std          0
exploration/env_infos/initial/vae_success Max          0
exploration/env_infos/initial/vae_success Min          0
exploration/env_infos/vae_success Mean                 0
exploration/env_infos/vae_success Std                  0
exploration/env_infos/vae_success Max                  0
exploration/env_infos/vae_success Min                  0
exploration/env_infos/final/puck_distance Mean         0.108972
exploration/env_infos/final/puck_distance Std          0.0444996
exploration/env_infos/final/puck_distance Max          0.181868
exploration/env_infos/final/puck_distance Min          0.0374028
exploration/env_infos/initial/puck_distance Mean       0.0792786
exploration/env_infos/initial/puck_distance Std        0.0292851
exploration/env_infos/initial/puck_distance Max        0.136929
exploration/env_infos/initial/puck_distance Min        0.0389532
exploration/env_infos/puck_distance Mean               0.0958827
exploration/env_infos/puck_distance Std                0.0375999
exploration/env_infos/puck_distance Max                0.181868
exploration/env_infos/puck_distance Min                0.0374028
exploration/env_infos/final/vae_dist_l2 Mean           2.53453
exploration/env_infos/final/vae_dist_l2 Std            0.931842
exploration/env_infos/final/vae_dist_l2 Max            3.77882
exploration/env_infos/final/vae_dist_l2 Min            0.457556
exploration/env_infos/initial/vae_dist_l2 Mean         2.68677
exploration/env_infos/initial/vae_dist_l2 Std          0.630723
exploration/env_infos/initial/vae_dist_l2 Max          3.57992
exploration/env_infos/initial/vae_dist_l2 Min          1.72198
exploration/env_infos/vae_dist_l2 Mean                 2.42164
exploration/env_infos/vae_dist_l2 Std                  0.693069
exploration/env_infos/vae_dist_l2 Max                  3.77882
exploration/env_infos/vae_dist_l2 Min                  0.40701
exploration/env_infos/final/hand_distance Mean         0.077479
exploration/env_infos/final/hand_distance Std          0.0308996
exploration/env_infos/final/hand_distance Max          0.125795
exploration/env_infos/final/hand_distance Min          0.0409081
exploration/env_infos/initial/hand_distance Mean       0.0937205
exploration/env_infos/initial/hand_distance Std        0.0194613
exploration/env_infos/initial/hand_distance Max        0.132069
exploration/env_infos/initial/hand_distance Min        0.0709925
exploration/env_infos/hand_distance Mean               0.0650542
exploration/env_infos/hand_distance Std                0.0234731
exploration/env_infos/hand_distance Max                0.132636
exploration/env_infos/hand_distance Min                0.030476
exploration/env_infos/final/vae_mdist Mean          2527.16
exploration/env_infos/final/vae_mdist Std           1550.55
exploration/env_infos/final/vae_mdist Max           5207.06
exploration/env_infos/final/vae_mdist Min             71.6226
exploration/env_infos/initial/vae_mdist Mean        1913.34
exploration/env_infos/initial/vae_mdist Std          844.963
exploration/env_infos/initial/vae_mdist Max         3132.65
exploration/env_infos/initial/vae_mdist Min          721.813
exploration/env_infos/vae_mdist Mean                1906.69
exploration/env_infos/vae_mdist Std                 1002.87
exploration/env_infos/vae_mdist Max                 5232.29
exploration/env_infos/vae_mdist Min                   56.8584
exploration/env_infos/final/touch_distance Mean        0.0939612
exploration/env_infos/final/touch_distance Std         0.0212804
exploration/env_infos/final/touch_distance Max         0.125324
exploration/env_infos/final/touch_distance Min         0.0665415
exploration/env_infos/initial/touch_distance Mean      0.0744268
exploration/env_infos/initial/touch_distance Std       0.00184824
exploration/env_infos/initial/touch_distance Max       0.0769142
exploration/env_infos/initial/touch_distance Min       0.0717195
exploration/env_infos/touch_distance Mean              0.0768567
exploration/env_infos/touch_distance Std               0.0181795
exploration/env_infos/touch_distance Max               0.134999
exploration/env_infos/touch_distance Min               0.0561587
evaluation/num steps total                          1500
evaluation/num paths total                            30
evaluation/path length Mean                           50
evaluation/path length Std                             0
evaluation/path length Max                            50
evaluation/path length Min                            50
evaluation/hand_distance Mean                          0.0775711
evaluation/hand_distance Std                           0.0303239
evaluation/hand_distance Max                           0.141844
evaluation/hand_distance Min                           0.030284
evaluation/Final hand_distance Mean                    0.0734977
evaluation/Final hand_distance Std                     0.0298578
evaluation/Final hand_distance Max                     0.130939
evaluation/Final hand_distance Min                     0.030284
evaluation/puck_distance Mean                          0.0921699
evaluation/puck_distance Std                           0.0431645
evaluation/puck_distance Max                           0.149906
evaluation/puck_distance Min                           0.0172735
evaluation/Final puck_distance Mean                    0.0930156
evaluation/Final puck_distance Std                     0.0423128
evaluation/Final puck_distance Max                     0.149906
evaluation/Final puck_distance Min                     0.022022
evaluation/touch_distance Mean                         0.0592858
evaluation/touch_distance Std                          0.00253706
evaluation/touch_distance Max                          0.0738613
evaluation/touch_distance Min                          0.056577
evaluation/Final touch_distance Mean                   0.0594073
evaluation/Final touch_distance Std                    0.000776032
evaluation/Final touch_distance Max                    0.0610685
evaluation/Final touch_distance Min                    0.0586964
evaluation/success Mean                                0
evaluation/success Std                                 0
evaluation/success Max                                 0
evaluation/success Min                                 0
evaluation/Final success Mean                          0
evaluation/Final success Std                           0
evaluation/Final success Max                           0
evaluation/Final success Min                           0
evaluation/image_dist Mean                             9.8678
evaluation/image_dist Std                              2.35179
evaluation/image_dist Max                             13.2939
evaluation/image_dist Min                              5.10514
evaluation/Final image_dist Mean                       9.67134
evaluation/Final image_dist Std                        2.36019
evaluation/Final image_dist Max                       12.9747
evaluation/Final image_dist Min                        5.84084
evaluation/image_success Mean                         -0.5
evaluation/image_success Std                           0.5
evaluation/image_success Max                           0
evaluation/image_success Min                          -1
evaluation/Final image_success Mean                   -0.5
evaluation/Final image_success Std                     0.5
evaluation/Final image_success Max                     0
evaluation/Final image_success Min                    -1
evaluation/vae_mdist Mean                           1443.2
evaluation/vae_mdist Std                            1893.39
evaluation/vae_mdist Max                            6448.51
evaluation/vae_mdist Min                              11.0255
evaluation/Final vae_mdist Mean                     1420.44
evaluation/Final vae_mdist Std                      1851.21
evaluation/Final vae_mdist Max                      5960.04
evaluation/Final vae_mdist Min                        11.0255
evaluation/vae_success Mean                            0.044
evaluation/vae_success Std                             0.205095
evaluation/vae_success Max                             1
evaluation/vae_success Min                             0
evaluation/Final vae_success Mean                      0.1
evaluation/Final vae_success Std                       0.3
evaluation/Final vae_success Max                       1
evaluation/Final vae_success Min                       0
evaluation/vae_dist Mean                               1.76239
evaluation/vae_dist Std                                1.3667
evaluation/vae_dist Max                                4.68773
evaluation/vae_dist Min                                0.203245
evaluation/Final vae_dist Mean                         1.71079
evaluation/Final vae_dist Std                          1.3934
evaluation/Final vae_dist Max                          4.51614
evaluation/Final vae_dist Min                          0.203245
evaluation/Rewards Mean                               -1.76239
evaluation/Rewards Std                                 1.3667
evaluation/Rewards Max                                -0.203245
evaluation/Rewards Min                                -4.68773
evaluation/Returns Mean                              -88.1194
evaluation/Returns Std                                68.1979
evaluation/Returns Max                               -16.4216
evaluation/Returns Min                              -230.038
evaluation/Actions Mean                                0.0124898
evaluation/Actions Std                                 0.0111457
evaluation/Actions Max                                 0.0274154
evaluation/Actions Min                                -0.00767164
evaluation/Num Paths                                  10
evaluation/Average Returns                           -88.1194
evaluation/env_infos/final/image_success Mean         -0.5
evaluation/env_infos/final/image_success Std           0.5
evaluation/env_infos/final/image_success Max           0
evaluation/env_infos/final/image_success Min          -1
evaluation/env_infos/initial/image_success Mean       -0.5
evaluation/env_infos/initial/image_success Std         0.5
evaluation/env_infos/initial/image_success Max         0
evaluation/env_infos/initial/image_success Min        -1
evaluation/env_infos/image_success Mean               -0.5
evaluation/env_infos/image_success Std                 0.5
evaluation/env_infos/image_success Max                 0
evaluation/env_infos/image_success Min                -1
evaluation/env_infos/final/success Mean                0
evaluation/env_infos/final/success Std                 0
evaluation/env_infos/final/success Max                 0
evaluation/env_infos/final/success Min                 0
evaluation/env_infos/initial/success Mean              0
evaluation/env_infos/initial/success Std               0
evaluation/env_infos/initial/success Max               0
evaluation/env_infos/initial/success Min               0
evaluation/env_infos/success Mean                      0
evaluation/env_infos/success Std                       0
evaluation/env_infos/success Max                       0
evaluation/env_infos/success Min                       0
evaluation/env_infos/final/image_dist Mean             9.67134
evaluation/env_infos/final/image_dist Std              2.36019
evaluation/env_infos/final/image_dist Max             12.9747
evaluation/env_infos/final/image_dist Min              5.84084
evaluation/env_infos/initial/image_dist Mean          10.2053
evaluation/env_infos/initial/image_dist Std            1.97645
evaluation/env_infos/initial/image_dist Max           12.9615
evaluation/env_infos/initial/image_dist Min            6.29099
evaluation/env_infos/image_dist Mean                   9.8678
evaluation/env_infos/image_dist Std                    2.35179
evaluation/env_infos/image_dist Max                   13.2939
evaluation/env_infos/image_dist Min                    5.10514
evaluation/env_infos/final/vae_dist Mean               1.71079
evaluation/env_infos/final/vae_dist Std                1.3934
evaluation/env_infos/final/vae_dist Max                4.51614
evaluation/env_infos/final/vae_dist Min                0.203245
evaluation/env_infos/initial/vae_dist Mean             1.79872
evaluation/env_infos/initial/vae_dist Std              1.22031
evaluation/env_infos/initial/vae_dist Max              4.49534
evaluation/env_infos/initial/vae_dist Min              0.456717
evaluation/env_infos/vae_dist Mean                     1.76239
evaluation/env_infos/vae_dist Std                      1.3667
evaluation/env_infos/vae_dist Max                      4.68773
evaluation/env_infos/vae_dist Min                      0.203245
evaluation/env_infos/final/vae_dist_l1 Mean            2.70324
evaluation/env_infos/final/vae_dist_l1 Std             2.07844
evaluation/env_infos/final/vae_dist_l1 Max             6.92706
evaluation/env_infos/final/vae_dist_l1 Min             0.404306
evaluation/env_infos/initial/vae_dist_l1 Mean          2.93387
evaluation/env_infos/initial/vae_dist_l1 Std           1.81132
evaluation/env_infos/initial/vae_dist_l1 Max           6.90901
evaluation/env_infos/initial/vae_dist_l1 Min           0.840141
evaluation/env_infos/vae_dist_l1 Mean                  2.82327
evaluation/env_infos/vae_dist_l1 Std                   2.01677
evaluation/env_infos/vae_dist_l1 Max                   7.11116
evaluation/env_infos/vae_dist_l1 Min                   0.404306
evaluation/env_infos/final/vae_success Mean            0.1
evaluation/env_infos/final/vae_success Std             0.3
evaluation/env_infos/final/vae_success Max             1
evaluation/env_infos/final/vae_success Min             0
evaluation/env_infos/initial/vae_success Mean          0
evaluation/env_infos/initial/vae_success Std           0
evaluation/env_infos/initial/vae_success Max           0
evaluation/env_infos/initial/vae_success Min           0
evaluation/env_infos/vae_success Mean                  0.044
evaluation/env_infos/vae_success Std                   0.205095
evaluation/env_infos/vae_success Max                   1
evaluation/env_infos/vae_success Min                   0
evaluation/env_infos/final/puck_distance Mean          0.0930156
evaluation/env_infos/final/puck_distance Std           0.0423128
evaluation/env_infos/final/puck_distance Max           0.149906
evaluation/env_infos/final/puck_distance Min           0.022022
evaluation/env_infos/initial/puck_distance Mean        0.0917084
evaluation/env_infos/initial/puck_distance Std         0.0436272
evaluation/env_infos/initial/puck_distance Max         0.149906
evaluation/env_infos/initial/puck_distance Min         0.0172745
evaluation/env_infos/puck_distance Mean                0.0921699
evaluation/env_infos/puck_distance Std                 0.0431645
evaluation/env_infos/puck_distance Max                 0.149906
evaluation/env_infos/puck_distance Min                 0.0172735
evaluation/env_infos/final/vae_dist_l2 Mean            1.71079
evaluation/env_infos/final/vae_dist_l2 Std             1.3934
evaluation/env_infos/final/vae_dist_l2 Max             4.51614
evaluation/env_infos/final/vae_dist_l2 Min             0.203245
evaluation/env_infos/initial/vae_dist_l2 Mean          1.79872
evaluation/env_infos/initial/vae_dist_l2 Std           1.22031
evaluation/env_infos/initial/vae_dist_l2 Max           4.49534
evaluation/env_infos/initial/vae_dist_l2 Min           0.456717
evaluation/env_infos/vae_dist_l2 Mean                  1.76239
evaluation/env_infos/vae_dist_l2 Std                   1.3667
evaluation/env_infos/vae_dist_l2 Max                   4.68773
evaluation/env_infos/vae_dist_l2 Min                   0.203245
evaluation/env_infos/final/hand_distance Mean          0.0734977
evaluation/env_infos/final/hand_distance Std           0.0298578
evaluation/env_infos/final/hand_distance Max           0.130939
evaluation/env_infos/final/hand_distance Min           0.030284
evaluation/env_infos/initial/hand_distance Mean        0.0918671
evaluation/env_infos/initial/hand_distance Std         0.0306118
evaluation/env_infos/initial/hand_distance Max         0.141844
evaluation/env_infos/initial/hand_distance Min         0.0506997
evaluation/env_infos/hand_distance Mean                0.0775711
evaluation/env_infos/hand_distance Std                 0.0303239
evaluation/env_infos/hand_distance Max                 0.141844
evaluation/env_infos/hand_distance Min                 0.030284
evaluation/env_infos/final/vae_mdist Mean           1420.44
evaluation/env_infos/final/vae_mdist Std            1851.21
evaluation/env_infos/final/vae_mdist Max            5960.04
evaluation/env_infos/final/vae_mdist Min              11.0255
evaluation/env_infos/initial/vae_mdist Mean         1356.77
evaluation/env_infos/initial/vae_mdist Std          1741.19
evaluation/env_infos/initial/vae_mdist Max          5902.8
evaluation/env_infos/initial/vae_mdist Min            53.4059
evaluation/env_infos/vae_mdist Mean                 1443.2
evaluation/env_infos/vae_mdist Std                  1893.39
evaluation/env_infos/vae_mdist Max                  6448.51
evaluation/env_infos/vae_mdist Min                    11.0255
evaluation/env_infos/final/touch_distance Mean         0.0594073
evaluation/env_infos/final/touch_distance Std          0.000776032
evaluation/env_infos/final/touch_distance Max          0.0610685
evaluation/env_infos/final/touch_distance Min          0.0586964
evaluation/env_infos/initial/touch_distance Mean       0.0737351
evaluation/env_infos/initial/touch_distance Std        0.000136537
evaluation/env_infos/initial/touch_distance Max        0.0738613
evaluation/env_infos/initial/touch_distance Min        0.0735477
evaluation/env_infos/touch_distance Mean               0.0592858
evaluation/env_infos/touch_distance Std                0.00253706
evaluation/env_infos/touch_distance Max                0.0738613
evaluation/env_infos/touch_distance Min                0.056577
time/data storing (s)                                  0.057787
time/evaluation sampling (s)                           5.178
time/exploration sampling (s)                          5.21261
time/logging (s)                                       0.01311
time/saving (s)                                        0.022999
time/training (s)                                     14.5121
time/vae training (s)                                 10.4957
time/epoch (s)                                        35.4923
time/total (s)                                       224.473
Epoch                                                  2
-------------------------------------------------  ---------------
