2019-08-24 22:49:40.357242 EDT | [rlkit-skew-fit-pusher-reference-sample-from-true-prior-take2_2019_08_24_22_43_17_0000--s-0] Epoch 0 finished
-------------------------------------------------  ----------------
vae_trainer/train/log prob                         -11979
vae_trainer/train/KL                                   25.9253
vae_trainer/train/loss                              12497.5
vae_trainer/epoch                                       0
vae_trainer/test/log prob                          -16410
vae_trainer/test/KL                                    12.4376
vae_trainer/test/loss                               16658.7
vae_trainer/beta                                       20
replay_buffer/VAE Sample Weights Mean                   9.52381e-05
replay_buffer/VAE Sample Weights Std                    0.00341955
replay_buffer/VAE Sample Weights Max                    0.195107
replay_buffer/VAE Sample Weights Min                    2.08679e-15
replay_buffer/VAE Sample Probs Mean                     9.52381e-05
replay_buffer/VAE Sample Probs Std                      0.00341955
replay_buffer/VAE Sample Probs Max                      0.195107
replay_buffer/VAE Sample Probs Min                      2.08679e-15
trainer/QF1 Loss                                        1.19963
trainer/QF2 Loss                                        1.19938
trainer/Policy Loss                                    -1.32704
trainer/Q1 Predictions Mean                             0.00094635
trainer/Q1 Predictions Std                              0.00125816
trainer/Q1 Predictions Max                              0.00447157
trainer/Q1 Predictions Min                             -0.0024395
trainer/Q2 Predictions Mean                            -0.00479346
trainer/Q2 Predictions Std                              0.00108771
trainer/Q2 Predictions Max                             -0.0013042
trainer/Q2 Predictions Min                             -0.00965285
trainer/Q Targets Mean                                 -0.00336558
trainer/Q Targets Std                                   1.09521
trainer/Q Targets Max                                   1.82838
trainer/Q Targets Min                                  -3.18487
trainer/Log Pis Mean                                   -1.33184
trainer/Log Pis Std                                     0.316793
trainer/Log Pis Max                                    -0.54056
trainer/Log Pis Min                                    -1.97685
trainer/Policy mu Mean                                  0.000961814
trainer/Policy mu Std                                   0.000522935
trainer/Policy mu Max                                   0.00242315
trainer/Policy mu Min                                  -0.000684795
trainer/Policy log std Mean                            -0.00119625
trainer/Policy log std Std                              0.00237909
trainer/Policy log std Max                              0.00249021
trainer/Policy log std Min                             -0.00463183
trainer/Alpha                                           0.999
trainer/Alpha Loss                                     -0
exploration/num steps total                         10500
exploration/num paths total                           210
exploration/path length Mean                           50
exploration/path length Std                             0
exploration/path length Max                            50
exploration/path length Min                            50
exploration/hand_distance Mean                          0.0979277
exploration/hand_distance Std                           0.027468
exploration/hand_distance Max                           0.167041
exploration/hand_distance Min                           0.0384976
exploration/Final hand_distance Mean                    0.100541
exploration/Final hand_distance Std                     0.0325504
exploration/Final hand_distance Max                     0.151268
exploration/Final hand_distance Min                     0.0436175
exploration/puck_distance Mean                          0.0974892
exploration/puck_distance Std                           0.0348817
exploration/puck_distance Max                           0.163399
exploration/puck_distance Min                           0.059221
exploration/Final puck_distance Mean                    0.0965891
exploration/Final puck_distance Std                     0.0352571
exploration/Final puck_distance Max                     0.162401
exploration/Final puck_distance Min                     0.0592217
exploration/touch_distance Mean                         0.0994785
exploration/touch_distance Std                          0.0192706
exploration/touch_distance Max                          0.139595
exploration/touch_distance Min                          0.0571899
exploration/Final touch_distance Mean                   0.0949548
exploration/Final touch_distance Std                    0.0214618
exploration/Final touch_distance Max                    0.12741
exploration/Final touch_distance Min                    0.0597294
exploration/success Mean                                0
exploration/success Std                                 0
exploration/success Max                                 0
exploration/success Min                                 0
exploration/Final success Mean                          0
exploration/Final success Std                           0
exploration/Final success Max                           0
exploration/Final success Min                           0
exploration/image_dist Mean                            11.9041
exploration/image_dist Std                              1.41961
exploration/image_dist Max                             14.7893
exploration/image_dist Min                              8.77407
exploration/Final image_dist Mean                      12.4636
exploration/Final image_dist Std                        1.58865
exploration/Final image_dist Max                       14.7893
exploration/Final image_dist Min                        9.57745
exploration/image_success Mean                         -0.944
exploration/image_success Std                           0.229922
exploration/image_success Max                           0
exploration/image_success Min                          -1
exploration/Final image_success Mean                   -0.9
exploration/Final image_success Std                     0.3
exploration/Final image_success Max                     0
exploration/Final image_success Min                    -1
exploration/vae_mdist Mean                           2172.63
exploration/vae_mdist Std                            1305.31
exploration/vae_mdist Max                            4545.56
exploration/vae_mdist Min                             903.636
exploration/Final vae_mdist Mean                     2172.63
exploration/Final vae_mdist Std                      1305.31
exploration/Final vae_mdist Max                      4545.56
exploration/Final vae_mdist Min                       903.638
exploration/vae_success Mean                            0
exploration/vae_success Std                             0
exploration/vae_success Max                             0
exploration/vae_success Min                             0
exploration/Final vae_success Mean                      0
exploration/Final vae_success Std                       0
exploration/Final vae_success Max                       0
exploration/Final vae_success Min                       0
exploration/vae_dist Mean                               2.00049
exploration/vae_dist Std                                0.58695
exploration/vae_dist Max                                3.01557
exploration/vae_dist Min                                1.34467
exploration/Final vae_dist Mean                         2.00049
exploration/Final vae_dist Std                          0.58695
exploration/Final vae_dist Max                          3.01557
exploration/Final vae_dist Min                          1.34467
exploration/Rewards Mean                               -2.00049
exploration/Rewards Std                                 0.58695
exploration/Rewards Max                                -1.34467
exploration/Rewards Min                                -3.01557
exploration/Returns Mean                             -100.024
exploration/Returns Std                                29.3475
exploration/Returns Max                               -67.2336
exploration/Returns Min                              -150.779
exploration/Actions Mean                               -0.0244424
exploration/Actions Std                                 0.622754
exploration/Actions Max                                 0.99778
exploration/Actions Min                                -0.999169
exploration/Num Paths                                  10
exploration/Average Returns                          -100.024
exploration/env_infos/final/hand_distance Mean          0.100541
exploration/env_infos/final/hand_distance Std           0.0325504
exploration/env_infos/final/hand_distance Max           0.151268
exploration/env_infos/final/hand_distance Min           0.0436175
exploration/env_infos/initial/hand_distance Mean        0.101659
exploration/env_infos/initial/hand_distance Std         0.0187195
exploration/env_infos/initial/hand_distance Max         0.129545
exploration/env_infos/initial/hand_distance Min         0.0757403
exploration/env_infos/hand_distance Mean                0.0979277
exploration/env_infos/hand_distance Std                 0.027468
exploration/env_infos/hand_distance Max                 0.167041
exploration/env_infos/hand_distance Min                 0.0384976
exploration/env_infos/final/puck_distance Mean          0.0965891
exploration/env_infos/final/puck_distance Std           0.0352571
exploration/env_infos/final/puck_distance Max           0.162401
exploration/env_infos/final/puck_distance Min           0.0592217
exploration/env_infos/initial/puck_distance Mean        0.0973942
exploration/env_infos/initial/puck_distance Std         0.0348815
exploration/env_infos/initial/puck_distance Max         0.162637
exploration/env_infos/initial/puck_distance Min         0.0592221
exploration/env_infos/puck_distance Mean                0.0974892
exploration/env_infos/puck_distance Std                 0.0348817
exploration/env_infos/puck_distance Max                 0.163399
exploration/env_infos/puck_distance Min                 0.059221
exploration/env_infos/final/touch_distance Mean         0.0949548
exploration/env_infos/final/touch_distance Std          0.0214618
exploration/env_infos/final/touch_distance Max          0.12741
exploration/env_infos/final/touch_distance Min          0.0597294
exploration/env_infos/initial/touch_distance Mean       0.105498
exploration/env_infos/initial/touch_distance Std        0.00046108
exploration/env_infos/initial/touch_distance Max        0.106621
exploration/env_infos/initial/touch_distance Min        0.105137
exploration/env_infos/touch_distance Mean               0.0994785
exploration/env_infos/touch_distance Std                0.0192706
exploration/env_infos/touch_distance Max                0.139595
exploration/env_infos/touch_distance Min                0.0571899
exploration/env_infos/final/success Mean                0
exploration/env_infos/final/success Std                 0
exploration/env_infos/final/success Max                 0
exploration/env_infos/final/success Min                 0
exploration/env_infos/initial/success Mean              0
exploration/env_infos/initial/success Std               0
exploration/env_infos/initial/success Max               0
exploration/env_infos/initial/success Min               0
exploration/env_infos/success Mean                      0
exploration/env_infos/success Std                       0
exploration/env_infos/success Max                       0
exploration/env_infos/success Min                       0
exploration/env_infos/final/image_dist Mean            12.4636
exploration/env_infos/final/image_dist Std              1.58865
exploration/env_infos/final/image_dist Max             14.7893
exploration/env_infos/final/image_dist Min              9.57745
exploration/env_infos/initial/image_dist Mean          10.8329
exploration/env_infos/initial/image_dist Std            0.460329
exploration/env_infos/initial/image_dist Max           11.8501
exploration/env_infos/initial/image_dist Min           10.3204
exploration/env_infos/image_dist Mean                  11.9041
exploration/env_infos/image_dist Std                    1.41961
exploration/env_infos/image_dist Max                   14.7893
exploration/env_infos/image_dist Min                    8.77407
exploration/env_infos/final/image_success Mean         -0.9
exploration/env_infos/final/image_success Std           0.3
exploration/env_infos/final/image_success Max           0
exploration/env_infos/final/image_success Min          -1
exploration/env_infos/initial/image_success Mean       -1
exploration/env_infos/initial/image_success Std         0
exploration/env_infos/initial/image_success Max        -1
exploration/env_infos/initial/image_success Min        -1
exploration/env_infos/image_success Mean               -0.944
exploration/env_infos/image_success Std                 0.229922
exploration/env_infos/image_success Max                 0
exploration/env_infos/image_success Min                -1
exploration/env_infos/final/vae_mdist Mean           2172.63
exploration/env_infos/final/vae_mdist Std            1305.31
exploration/env_infos/final/vae_mdist Max            4545.56
exploration/env_infos/final/vae_mdist Min             903.638
exploration/env_infos/initial/vae_mdist Mean         2172.63
exploration/env_infos/initial/vae_mdist Std          1305.31
exploration/env_infos/initial/vae_mdist Max          4545.55
exploration/env_infos/initial/vae_mdist Min           903.639
exploration/env_infos/vae_mdist Mean                 2172.63
exploration/env_infos/vae_mdist Std                  1305.31
exploration/env_infos/vae_mdist Max                  4545.56
exploration/env_infos/vae_mdist Min                   903.636
exploration/env_infos/final/vae_success Mean            0
exploration/env_infos/final/vae_success Std             0
exploration/env_infos/final/vae_success Max             0
exploration/env_infos/final/vae_success Min             0
exploration/env_infos/initial/vae_success Mean          0
exploration/env_infos/initial/vae_success Std           0
exploration/env_infos/initial/vae_success Max           0
exploration/env_infos/initial/vae_success Min           0
exploration/env_infos/vae_success Mean                  0
exploration/env_infos/vae_success Std                   0
exploration/env_infos/vae_success Max                   0
exploration/env_infos/vae_success Min                   0
exploration/env_infos/final/vae_dist Mean               2.00049
exploration/env_infos/final/vae_dist Std                0.58695
exploration/env_infos/final/vae_dist Max                3.01557
exploration/env_infos/final/vae_dist Min                1.34467
exploration/env_infos/initial/vae_dist Mean             2.00049
exploration/env_infos/initial/vae_dist Std              0.586949
exploration/env_infos/initial/vae_dist Max              3.01557
exploration/env_infos/initial/vae_dist Min              1.34467
exploration/env_infos/vae_dist Mean                     2.00049
exploration/env_infos/vae_dist Std                      0.58695
exploration/env_infos/vae_dist Max                      3.01557
exploration/env_infos/vae_dist Min                      1.34467
exploration/env_infos/final/vae_dist_l1 Mean            3.34834
exploration/env_infos/final/vae_dist_l1 Std             1.13232
exploration/env_infos/final/vae_dist_l1 Max             5.52433
exploration/env_infos/final/vae_dist_l1 Min             2.32678
exploration/env_infos/initial/vae_dist_l1 Mean          3.34834
exploration/env_infos/initial/vae_dist_l1 Std           1.13232
exploration/env_infos/initial/vae_dist_l1 Max           5.52433
exploration/env_infos/initial/vae_dist_l1 Min           2.32678
exploration/env_infos/vae_dist_l1 Mean                  3.34834
exploration/env_infos/vae_dist_l1 Std                   1.13232
exploration/env_infos/vae_dist_l1 Max                   5.52433
exploration/env_infos/vae_dist_l1 Min                   2.32678
exploration/env_infos/final/vae_dist_l2 Mean            2.00049
exploration/env_infos/final/vae_dist_l2 Std             0.58695
exploration/env_infos/final/vae_dist_l2 Max             3.01557
exploration/env_infos/final/vae_dist_l2 Min             1.34467
exploration/env_infos/initial/vae_dist_l2 Mean          2.00049
exploration/env_infos/initial/vae_dist_l2 Std           0.586949
exploration/env_infos/initial/vae_dist_l2 Max           3.01557
exploration/env_infos/initial/vae_dist_l2 Min           1.34467
exploration/env_infos/vae_dist_l2 Mean                  2.00049
exploration/env_infos/vae_dist_l2 Std                   0.58695
exploration/env_infos/vae_dist_l2 Max                   3.01557
exploration/env_infos/vae_dist_l2 Min                   1.34467
evaluation/num steps total                            500
evaluation/num paths total                             10
evaluation/path length Mean                            50
evaluation/path length Std                              0
evaluation/path length Max                             50
evaluation/path length Min                             50
evaluation/hand_distance Mean                           0.103431
evaluation/hand_distance Std                            0.0259844
evaluation/hand_distance Max                            0.154097
evaluation/hand_distance Min                            0.0627168
evaluation/Final hand_distance Mean                     0.103034
evaluation/Final hand_distance Std                      0.0258691
evaluation/Final hand_distance Max                      0.151935
evaluation/Final hand_distance Min                      0.0627168
evaluation/puck_distance Mean                           0.0675151
evaluation/puck_distance Std                            0.0386336
evaluation/puck_distance Max                            0.135493
evaluation/puck_distance Min                            0.0104371
evaluation/Final puck_distance Mean                     0.0675149
evaluation/Final puck_distance Std                      0.0386335
evaluation/Final puck_distance Max                      0.135492
evaluation/Final puck_distance Min                      0.0104386
evaluation/touch_distance Mean                          0.104918
evaluation/touch_distance Std                           9.82068e-05
evaluation/touch_distance Max                           0.105359
evaluation/touch_distance Min                           0.104636
evaluation/Final touch_distance Mean                    0.104639
evaluation/Final touch_distance Std                     1.94967e-06
evaluation/Final touch_distance Max                     0.104641
evaluation/Final touch_distance Min                     0.104636
evaluation/success Mean                                 0
evaluation/success Std                                  0
evaluation/success Max                                  0
evaluation/success Min                                  0
evaluation/Final success Mean                           0
evaluation/Final success Std                            0
evaluation/Final success Max                            0
evaluation/Final success Min                            0
evaluation/image_dist Mean                             10.5976
evaluation/image_dist Std                               0.582173
evaluation/image_dist Max                              11.5997
evaluation/image_dist Min                               9.4168
evaluation/Final image_dist Mean                       10.5709
evaluation/Final image_dist Std                         0.575679
evaluation/Final image_dist Max                        11.3356
evaluation/Final image_dist Min                         9.45377
evaluation/image_success Mean                          -0.8
evaluation/image_success Std                            0.4
evaluation/image_success Max                            0
evaluation/image_success Min                           -1
evaluation/Final image_success Mean                    -0.8
evaluation/Final image_success Std                      0.4
evaluation/Final image_success Max                      0
evaluation/Final image_success Min                     -1
evaluation/vae_mdist Mean                               1.08147e-08
evaluation/vae_mdist Std                                5.62898e-09
evaluation/vae_mdist Max                                2.82218e-08
evaluation/vae_mdist Min                                3.45146e-09
evaluation/Final vae_mdist Mean                         1.14029e-08
evaluation/Final vae_mdist Std                          5.80438e-09
evaluation/Final vae_mdist Max                          2.6778e-08
evaluation/Final vae_mdist Min                          4.55649e-09
evaluation/vae_success Mean                             1
evaluation/vae_success Std                              0
evaluation/vae_success Max                              1
evaluation/vae_success Min                              1
evaluation/Final vae_success Mean                       1
evaluation/Final vae_success Std                        0
evaluation/Final vae_success Max                        1
evaluation/Final vae_success Min                        1
evaluation/vae_dist Mean                                4.51937e-06
evaluation/vae_dist Std                                 1.10201e-06
evaluation/vae_dist Max                                 7.51533e-06
evaluation/vae_dist Min                                 2.6281e-06
evaluation/Final vae_dist Mean                          4.64737e-06
evaluation/Final vae_dist Std                           1.10364e-06
evaluation/Final vae_dist Max                           7.32056e-06
evaluation/Final vae_dist Min                           3.01958e-06
evaluation/Rewards Mean                                -4.51937e-06
evaluation/Rewards Std                                  1.10201e-06
evaluation/Rewards Max                                 -2.6281e-06
evaluation/Rewards Min                                 -7.51533e-06
evaluation/Returns Mean                                -0.000225969
evaluation/Returns Std                                  5.45295e-05
evaluation/Returns Max                                 -0.000147566
evaluation/Returns Min                                 -0.000357195
evaluation/Actions Mean                                 0.000969688
evaluation/Actions Std                                  0.000371404
evaluation/Actions Max                                  0.00134109
evaluation/Actions Min                                  0.000598282
evaluation/Num Paths                                   10
evaluation/Average Returns                             -0.000225969
evaluation/env_infos/final/hand_distance Mean           0.103034
evaluation/env_infos/final/hand_distance Std            0.0258691
evaluation/env_infos/final/hand_distance Max            0.151935
evaluation/env_infos/final/hand_distance Min            0.0627168
evaluation/env_infos/initial/hand_distance Mean         0.105435
evaluation/env_infos/initial/hand_distance Std          0.0260157
evaluation/env_infos/initial/hand_distance Max          0.154097
evaluation/env_infos/initial/hand_distance Min          0.0656795
evaluation/env_infos/hand_distance Mean                 0.103431
evaluation/env_infos/hand_distance Std                  0.0259844
evaluation/env_infos/hand_distance Max                  0.154097
evaluation/env_infos/hand_distance Min                  0.0627168
evaluation/env_infos/final/puck_distance Mean           0.0675149
evaluation/env_infos/final/puck_distance Std            0.0386335
evaluation/env_infos/final/puck_distance Max            0.135492
evaluation/env_infos/final/puck_distance Min            0.0104386
evaluation/env_infos/initial/puck_distance Mean         0.0675157
evaluation/env_infos/initial/puck_distance Std          0.0386333
evaluation/env_infos/initial/puck_distance Max          0.135493
evaluation/env_infos/initial/puck_distance Min          0.0104399
evaluation/env_infos/puck_distance Mean                 0.0675151
evaluation/env_infos/puck_distance Std                  0.0386336
evaluation/env_infos/puck_distance Max                  0.135493
evaluation/env_infos/puck_distance Min                  0.0104371
evaluation/env_infos/final/touch_distance Mean          0.104639
evaluation/env_infos/final/touch_distance Std           1.94967e-06
evaluation/env_infos/final/touch_distance Max           0.104641
evaluation/env_infos/final/touch_distance Min           0.104636
evaluation/env_infos/initial/touch_distance Mean        0.105356
evaluation/env_infos/initial/touch_distance Std         1.60685e-06
evaluation/env_infos/initial/touch_distance Max         0.105359
evaluation/env_infos/initial/touch_distance Min         0.105354
evaluation/env_infos/touch_distance Mean                0.104918
evaluation/env_infos/touch_distance Std                 9.82068e-05
evaluation/env_infos/touch_distance Max                 0.105359
evaluation/env_infos/touch_distance Min                 0.104636
evaluation/env_infos/final/success Mean                 0
evaluation/env_infos/final/success Std                  0
evaluation/env_infos/final/success Max                  0
evaluation/env_infos/final/success Min                  0
evaluation/env_infos/initial/success Mean               0
evaluation/env_infos/initial/success Std                0
evaluation/env_infos/initial/success Max                0
evaluation/env_infos/initial/success Min                0
evaluation/env_infos/success Mean                       0
evaluation/env_infos/success Std                        0
evaluation/env_infos/success Max                        0
evaluation/env_infos/success Min                        0
evaluation/env_infos/final/image_dist Mean             10.5709
evaluation/env_infos/final/image_dist Std               0.575679
evaluation/env_infos/final/image_dist Max              11.3356
evaluation/env_infos/final/image_dist Min               9.45377
evaluation/env_infos/initial/image_dist Mean           10.8289
evaluation/env_infos/initial/image_dist Std             0.603106
evaluation/env_infos/initial/image_dist Max            11.5997
evaluation/env_infos/initial/image_dist Min             9.73192
evaluation/env_infos/image_dist Mean                   10.5976
evaluation/env_infos/image_dist Std                     0.582173
evaluation/env_infos/image_dist Max                    11.5997
evaluation/env_infos/image_dist Min                     9.4168
evaluation/env_infos/final/image_success Mean          -0.8
evaluation/env_infos/final/image_success Std            0.4
evaluation/env_infos/final/image_success Max            0
evaluation/env_infos/final/image_success Min           -1
evaluation/env_infos/initial/image_success Mean        -0.8
evaluation/env_infos/initial/image_success Std          0.4
evaluation/env_infos/initial/image_success Max          0
evaluation/env_infos/initial/image_success Min         -1
evaluation/env_infos/image_success Mean                -0.8
evaluation/env_infos/image_success Std                  0.4
evaluation/env_infos/image_success Max                  0
evaluation/env_infos/image_success Min                 -1
evaluation/env_infos/final/vae_mdist Mean               1.14029e-08
evaluation/env_infos/final/vae_mdist Std                5.80438e-09
evaluation/env_infos/final/vae_mdist Max                2.6778e-08
evaluation/env_infos/final/vae_mdist Min                4.55649e-09
evaluation/env_infos/initial/vae_mdist Mean             1.03568e-08
evaluation/env_infos/initial/vae_mdist Std              5.28621e-09
evaluation/env_infos/initial/vae_mdist Max              2.31082e-08
evaluation/env_infos/initial/vae_mdist Min              3.45146e-09
evaluation/env_infos/vae_mdist Mean                     1.08147e-08
evaluation/env_infos/vae_mdist Std                      5.62898e-09
evaluation/env_infos/vae_mdist Max                      2.82218e-08
evaluation/env_infos/vae_mdist Min                      3.45146e-09
evaluation/env_infos/final/vae_success Mean             1
evaluation/env_infos/final/vae_success Std              0
evaluation/env_infos/final/vae_success Max              1
evaluation/env_infos/final/vae_success Min              1
evaluation/env_infos/initial/vae_success Mean           1
evaluation/env_infos/initial/vae_success Std            0
evaluation/env_infos/initial/vae_success Max            1
evaluation/env_infos/initial/vae_success Min            1
evaluation/env_infos/vae_success Mean                   1
evaluation/env_infos/vae_success Std                    0
evaluation/env_infos/vae_success Max                    1
evaluation/env_infos/vae_success Min                    1
evaluation/env_infos/final/vae_dist Mean                4.64737e-06
evaluation/env_infos/final/vae_dist Std                 1.10364e-06
evaluation/env_infos/final/vae_dist Max                 7.32056e-06
evaluation/env_infos/final/vae_dist Min                 3.01958e-06
evaluation/env_infos/initial/vae_dist Mean              4.41388e-06
evaluation/env_infos/initial/vae_dist Std               1.11358e-06
evaluation/env_infos/initial/vae_dist Max               6.80056e-06
evaluation/env_infos/initial/vae_dist Min               2.6281e-06
evaluation/env_infos/vae_dist Mean                      4.51937e-06
evaluation/env_infos/vae_dist Std                       1.10201e-06
evaluation/env_infos/vae_dist Max                       7.51533e-06
evaluation/env_infos/vae_dist Min                       2.6281e-06
evaluation/env_infos/final/vae_dist_l1 Mean             7.84525e-06
evaluation/env_infos/final/vae_dist_l1 Std              1.6324e-06
evaluation/env_infos/final/vae_dist_l1 Max              1.12354e-05
evaluation/env_infos/final/vae_dist_l1 Min              5.64034e-06
evaluation/env_infos/initial/vae_dist_l1 Mean           7.54055e-06
evaluation/env_infos/initial/vae_dist_l1 Std            1.65687e-06
evaluation/env_infos/initial/vae_dist_l1 Max            9.98945e-06
evaluation/env_infos/initial/vae_dist_l1 Min            4.44563e-06
evaluation/env_infos/vae_dist_l1 Mean                   7.69267e-06
evaluation/env_infos/vae_dist_l1 Std                    1.65603e-06
evaluation/env_infos/vae_dist_l1 Max                    1.16041e-05
evaluation/env_infos/vae_dist_l1 Min                    4.44563e-06
evaluation/env_infos/final/vae_dist_l2 Mean             4.64737e-06
evaluation/env_infos/final/vae_dist_l2 Std              1.10364e-06
evaluation/env_infos/final/vae_dist_l2 Max              7.32056e-06
evaluation/env_infos/final/vae_dist_l2 Min              3.01958e-06
evaluation/env_infos/initial/vae_dist_l2 Mean           4.41388e-06
evaluation/env_infos/initial/vae_dist_l2 Std            1.11358e-06
evaluation/env_infos/initial/vae_dist_l2 Max            6.80056e-06
evaluation/env_infos/initial/vae_dist_l2 Min            2.6281e-06
evaluation/env_infos/vae_dist_l2 Mean                   4.51937e-06
evaluation/env_infos/vae_dist_l2 Std                    1.10201e-06
evaluation/env_infos/vae_dist_l2 Max                    7.51533e-06
evaluation/env_infos/vae_dist_l2 Min                    2.6281e-06
time/data storing (s)                                   0.096197
time/evaluation sampling (s)                           15.8366
time/exploration sampling (s)                          15.9644
time/logging (s)                                        0.0113834
time/saving (s)                                         0.0237024
time/training (s)                                      16.1553
time/vae training (s)                                  10.3216
time/epoch (s)                                         58.4092
time/total (s)                                        383.379
Epoch                                                   0
-------------------------------------------------  ----------------
