2019-08-21 17:18:06.999362 EDT | [rlkit-skew-fit-pusher-reference-sample-from-true-prior-take2_2019_08_21_17_11_35_0000--s-0] Epoch 0 finished
-------------------------------------------------  ----------------
vae_trainer/train/log prob                         -11939.1
vae_trainer/train/KL                                   19.5157
vae_trainer/train/loss                              12329.4
vae_trainer/epoch                                       0
vae_trainer/test/log prob                          -10741
vae_trainer/test/KL                                     9.19501
vae_trainer/test/loss                               10924.9
vae_trainer/beta                                       20
replay_buffer/VAE Sample Weights Mean                   9.52381e-05
replay_buffer/VAE Sample Weights Std                    0.0014031
replay_buffer/VAE Sample Weights Max                    0.0928312
replay_buffer/VAE Sample Weights Min                    2.91188e-10
replay_buffer/VAE Sample Probs Mean                     9.52381e-05
replay_buffer/VAE Sample Probs Std                      0.0014031
replay_buffer/VAE Sample Probs Max                      0.0928312
replay_buffer/VAE Sample Probs Min                      2.91188e-10
trainer/QF1 Loss                                        1.22979
trainer/QF2 Loss                                        1.22979
trainer/Policy Loss                                    -1.33195
trainer/Q1 Predictions Mean                            -0.0025244
trainer/Q1 Predictions Std                              0.0009224
trainer/Q1 Predictions Max                              0.000305251
trainer/Q1 Predictions Min                             -0.00551918
trainer/Q2 Predictions Mean                             0.00952931
trainer/Q2 Predictions Std                              0.00109333
trainer/Q2 Predictions Max                              0.0134149
trainer/Q2 Predictions Min                              0.00622603
trainer/Q Targets Mean                                  0.0100259
trainer/Q Targets Std                                   1.10893
trainer/Q Targets Max                                   2.83262
trainer/Q Targets Min                                  -2.72083
trainer/Log Pis Mean                                   -1.33442
trainer/Log Pis Std                                     0.317309
trainer/Log Pis Max                                    -0.539552
trainer/Log Pis Min                                    -2.74821
trainer/Policy mu Mean                                 -0.00108459
trainer/Policy mu Std                                   0.000417074
trainer/Policy mu Max                                  -0.00015216
trainer/Policy mu Min                                  -0.00203138
trainer/Policy log std Mean                            -0.000761192
trainer/Policy log std Std                              0.00124075
trainer/Policy log std Max                              0.00210741
trainer/Policy log std Min                             -0.00242392
trainer/Alpha                                           0.999
trainer/Alpha Loss                                     -0
exploration/num steps total                         10500
exploration/num paths total                           210
exploration/path length Mean                           50
exploration/path length Std                             0
exploration/path length Max                            50
exploration/path length Min                            50
exploration/hand_distance Mean                          0.0816264
exploration/hand_distance Std                           0.0359368
exploration/hand_distance Max                           0.197526
exploration/hand_distance Min                           0.0272347
exploration/Final hand_distance Mean                    0.0927034
exploration/Final hand_distance Std                     0.0401731
exploration/Final hand_distance Max                     0.166841
exploration/Final hand_distance Min                     0.0397139
exploration/puck_distance Mean                          0.106803
exploration/puck_distance Std                           0.0372304
exploration/puck_distance Max                           0.170293
exploration/puck_distance Min                           0.0290515
exploration/Final puck_distance Mean                    0.113458
exploration/Final puck_distance Std                     0.0392917
exploration/Final puck_distance Max                     0.170293
exploration/Final puck_distance Min                     0.0331161
exploration/touch_distance Mean                         0.081856
exploration/touch_distance Std                          0.0197667
exploration/touch_distance Max                          0.159685
exploration/touch_distance Min                          0.0561063
exploration/Final touch_distance Mean                   0.0917562
exploration/Final touch_distance Std                    0.030234
exploration/Final touch_distance Max                    0.159685
exploration/Final touch_distance Min                    0.058643
exploration/success Mean                                0
exploration/success Std                                 0
exploration/success Max                                 0
exploration/success Min                                 0
exploration/Final success Mean                          0
exploration/Final success Std                           0
exploration/Final success Max                           0
exploration/Final success Min                           0
exploration/image_dist Mean                            10.5333
exploration/image_dist Std                              2.16829
exploration/image_dist Max                             14.8161
exploration/image_dist Min                              5.38904
exploration/Final image_dist Mean                      11.5141
exploration/Final image_dist Std                        2.39298
exploration/Final image_dist Max                       14.4594
exploration/Final image_dist Min                        7.2811
exploration/image_success Mean                         -0.584
exploration/image_success Std                           0.492893
exploration/image_success Max                           0
exploration/image_success Min                          -1
exploration/Final image_success Mean                   -0.7
exploration/Final image_success Std                     0.458258
exploration/Final image_success Max                     0
exploration/Final image_success Min                    -1
exploration/vae_mdist Mean                           2701.68
exploration/vae_mdist Std                            1449.31
exploration/vae_mdist Max                            4812.36
exploration/vae_mdist Min                            1025.95
exploration/Final vae_mdist Mean                     2701.69
exploration/Final vae_mdist Std                      1449.31
exploration/Final vae_mdist Max                      4812.36
exploration/Final vae_mdist Min                      1025.95
exploration/vae_success Mean                            0
exploration/vae_success Std                             0
exploration/vae_success Max                             0
exploration/vae_success Min                             0
exploration/Final vae_success Mean                      0
exploration/Final vae_success Std                       0
exploration/Final vae_success Max                       0
exploration/Final vae_success Min                       0
exploration/vae_dist Mean                               2.23364
exploration/vae_dist Std                                0.644534
exploration/vae_dist Max                                3.10268
exploration/vae_dist Min                                1.43263
exploration/Final vae_dist Mean                         2.23364
exploration/Final vae_dist Std                          0.644534
exploration/Final vae_dist Max                          3.10268
exploration/Final vae_dist Min                          1.43263
exploration/Rewards Mean                               -2.23364
exploration/Rewards Std                                 0.644534
exploration/Rewards Max                                -1.43263
exploration/Rewards Min                                -3.10268
exploration/Returns Mean                             -111.682
exploration/Returns Std                                32.2267
exploration/Returns Max                               -71.6315
exploration/Returns Min                              -155.134
exploration/Actions Mean                                0.00162593
exploration/Actions Std                                 0.628248
exploration/Actions Max                                 0.998565
exploration/Actions Min                                -0.999668
exploration/Num Paths                                  10
exploration/Average Returns                          -111.682
exploration/env_infos/final/hand_distance Mean          0.0927034
exploration/env_infos/final/hand_distance Std           0.0401731
exploration/env_infos/final/hand_distance Max           0.166841
exploration/env_infos/final/hand_distance Min           0.0397139
exploration/env_infos/initial/hand_distance Mean        0.098038
exploration/env_infos/initial/hand_distance Std         0.0289412
exploration/env_infos/initial/hand_distance Max         0.130252
exploration/env_infos/initial/hand_distance Min         0.0335632
exploration/env_infos/hand_distance Mean                0.0816264
exploration/env_infos/hand_distance Std                 0.0359368
exploration/env_infos/hand_distance Max                 0.197526
exploration/env_infos/hand_distance Min                 0.0272347
exploration/env_infos/final/puck_distance Mean          0.113458
exploration/env_infos/final/puck_distance Std           0.0392917
exploration/env_infos/final/puck_distance Max           0.170293
exploration/env_infos/final/puck_distance Min           0.0331161
exploration/env_infos/initial/puck_distance Mean        0.0902325
exploration/env_infos/initial/puck_distance Std         0.036952
exploration/env_infos/initial/puck_distance Max         0.138025
exploration/env_infos/initial/puck_distance Min         0.0299187
exploration/env_infos/puck_distance Mean                0.106803
exploration/env_infos/puck_distance Std                 0.0372304
exploration/env_infos/puck_distance Max                 0.170293
exploration/env_infos/puck_distance Min                 0.0290515
exploration/env_infos/final/touch_distance Mean         0.0917562
exploration/env_infos/final/touch_distance Std          0.030234
exploration/env_infos/final/touch_distance Max          0.159685
exploration/env_infos/final/touch_distance Min          0.058643
exploration/env_infos/initial/touch_distance Mean       0.073696
exploration/env_infos/initial/touch_distance Std        0.00147369
exploration/env_infos/initial/touch_distance Max        0.0759354
exploration/env_infos/initial/touch_distance Min        0.0717377
exploration/env_infos/touch_distance Mean               0.081856
exploration/env_infos/touch_distance Std                0.0197667
exploration/env_infos/touch_distance Max                0.159685
exploration/env_infos/touch_distance Min                0.0561063
exploration/env_infos/final/success Mean                0
exploration/env_infos/final/success Std                 0
exploration/env_infos/final/success Max                 0
exploration/env_infos/final/success Min                 0
exploration/env_infos/initial/success Mean              0
exploration/env_infos/initial/success Std               0
exploration/env_infos/initial/success Max               0
exploration/env_infos/initial/success Min               0
exploration/env_infos/success Mean                      0
exploration/env_infos/success Std                       0
exploration/env_infos/success Max                       0
exploration/env_infos/success Min                       0
exploration/env_infos/final/image_dist Mean            11.5141
exploration/env_infos/final/image_dist Std              2.39298
exploration/env_infos/final/image_dist Max             14.4594
exploration/env_infos/final/image_dist Min              7.2811
exploration/env_infos/initial/image_dist Mean          10.6766
exploration/env_infos/initial/image_dist Std            1.72011
exploration/env_infos/initial/image_dist Max           12.2968
exploration/env_infos/initial/image_dist Min            6.60616
exploration/env_infos/image_dist Mean                  10.5333
exploration/env_infos/image_dist Std                    2.16829
exploration/env_infos/image_dist Max                   14.8161
exploration/env_infos/image_dist Min                    5.38904
exploration/env_infos/final/image_success Mean         -0.7
exploration/env_infos/final/image_success Std           0.458258
exploration/env_infos/final/image_success Max           0
exploration/env_infos/final/image_success Min          -1
exploration/env_infos/initial/image_success Mean       -0.8
exploration/env_infos/initial/image_success Std         0.4
exploration/env_infos/initial/image_success Max         0
exploration/env_infos/initial/image_success Min        -1
exploration/env_infos/image_success Mean               -0.584
exploration/env_infos/image_success Std                 0.492893
exploration/env_infos/image_success Max                 0
exploration/env_infos/image_success Min                -1
exploration/env_infos/final/vae_mdist Mean           2701.69
exploration/env_infos/final/vae_mdist Std            1449.31
exploration/env_infos/final/vae_mdist Max            4812.36
exploration/env_infos/final/vae_mdist Min            1025.95
exploration/env_infos/initial/vae_mdist Mean         2701.69
exploration/env_infos/initial/vae_mdist Std          1449.31
exploration/env_infos/initial/vae_mdist Max          4812.36
exploration/env_infos/initial/vae_mdist Min          1025.95
exploration/env_infos/vae_mdist Mean                 2701.68
exploration/env_infos/vae_mdist Std                  1449.31
exploration/env_infos/vae_mdist Max                  4812.36
exploration/env_infos/vae_mdist Min                  1025.95
exploration/env_infos/final/vae_success Mean            0
exploration/env_infos/final/vae_success Std             0
exploration/env_infos/final/vae_success Max             0
exploration/env_infos/final/vae_success Min             0
exploration/env_infos/initial/vae_success Mean          0
exploration/env_infos/initial/vae_success Std           0
exploration/env_infos/initial/vae_success Max           0
exploration/env_infos/initial/vae_success Min           0
exploration/env_infos/vae_success Mean                  0
exploration/env_infos/vae_success Std                   0
exploration/env_infos/vae_success Max                   0
exploration/env_infos/vae_success Min                   0
exploration/env_infos/final/vae_dist Mean               2.23364
exploration/env_infos/final/vae_dist Std                0.644534
exploration/env_infos/final/vae_dist Max                3.10268
exploration/env_infos/final/vae_dist Min                1.43263
exploration/env_infos/initial/vae_dist Mean             2.23364
exploration/env_infos/initial/vae_dist Std              0.644534
exploration/env_infos/initial/vae_dist Max              3.10268
exploration/env_infos/initial/vae_dist Min              1.43263
exploration/env_infos/vae_dist Mean                     2.23364
exploration/env_infos/vae_dist Std                      0.644534
exploration/env_infos/vae_dist Max                      3.10268
exploration/env_infos/vae_dist Min                      1.43263
exploration/env_infos/final/vae_dist_l1 Mean            3.70072
exploration/env_infos/final/vae_dist_l1 Std             1.21281
exploration/env_infos/final/vae_dist_l1 Max             5.80488
exploration/env_infos/final/vae_dist_l1 Min             1.86702
exploration/env_infos/initial/vae_dist_l1 Mean          3.70072
exploration/env_infos/initial/vae_dist_l1 Std           1.21281
exploration/env_infos/initial/vae_dist_l1 Max           5.80488
exploration/env_infos/initial/vae_dist_l1 Min           1.86702
exploration/env_infos/vae_dist_l1 Mean                  3.70072
exploration/env_infos/vae_dist_l1 Std                   1.21281
exploration/env_infos/vae_dist_l1 Max                   5.80488
exploration/env_infos/vae_dist_l1 Min                   1.86702
exploration/env_infos/final/vae_dist_l2 Mean            2.23364
exploration/env_infos/final/vae_dist_l2 Std             0.644534
exploration/env_infos/final/vae_dist_l2 Max             3.10268
exploration/env_infos/final/vae_dist_l2 Min             1.43263
exploration/env_infos/initial/vae_dist_l2 Mean          2.23364
exploration/env_infos/initial/vae_dist_l2 Std           0.644534
exploration/env_infos/initial/vae_dist_l2 Max           3.10268
exploration/env_infos/initial/vae_dist_l2 Min           1.43263
exploration/env_infos/vae_dist_l2 Mean                  2.23364
exploration/env_infos/vae_dist_l2 Std                   0.644534
exploration/env_infos/vae_dist_l2 Max                   3.10268
exploration/env_infos/vae_dist_l2 Min                   1.43263
evaluation/num steps total                            500
evaluation/num paths total                             10
evaluation/path length Mean                            50
evaluation/path length Std                              0
evaluation/path length Max                             50
evaluation/path length Min                             50
evaluation/hand_distance Mean                           0.0710404
evaluation/hand_distance Std                            0.0196174
evaluation/hand_distance Max                            0.118408
evaluation/hand_distance Min                            0.0414377
evaluation/Final hand_distance Mean                     0.0711106
evaluation/Final hand_distance Std                      0.0194816
evaluation/Final hand_distance Max                      0.112547
evaluation/Final hand_distance Min                      0.0435367
evaluation/puck_distance Mean                           0.106945
evaluation/puck_distance Std                            0.0230621
evaluation/puck_distance Max                            0.142012
evaluation/puck_distance Min                            0.0763987
evaluation/Final puck_distance Mean                     0.106945
evaluation/Final puck_distance Std                      0.0230622
evaluation/Final puck_distance Max                      0.142012
evaluation/Final puck_distance Min                      0.0763993
evaluation/touch_distance Mean                          0.0607579
evaluation/touch_distance Std                           0.00200319
evaluation/touch_distance Max                           0.0735511
evaluation/touch_distance Min                           0.0596029
evaluation/Final touch_distance Mean                    0.0608462
evaluation/Final touch_distance Std                     1.03503e-08
evaluation/Final touch_distance Max                     0.0608462
evaluation/Final touch_distance Min                     0.0608462
evaluation/success Mean                                 0
evaluation/success Std                                  0
evaluation/success Max                                  0
evaluation/success Min                                  0
evaluation/Final success Mean                           0
evaluation/Final success Std                            0
evaluation/Final success Max                            0
evaluation/Final success Min                            0
evaluation/image_dist Mean                              9.92549
evaluation/image_dist Std                               1.68736
evaluation/image_dist Max                              12.5955
evaluation/image_dist Min                               7.37829
evaluation/Final image_dist Mean                        9.91474
evaluation/Final image_dist Std                         1.69951
evaluation/Final image_dist Max                        12.5396
evaluation/Final image_dist Min                         7.38728
evaluation/image_success Mean                          -0.6
evaluation/image_success Std                            0.489898
evaluation/image_success Max                            0
evaluation/image_success Min                           -1
evaluation/Final image_success Mean                    -0.6
evaluation/Final image_success Std                      0.489898
evaluation/Final image_success Max                      0
evaluation/Final image_success Min                     -1
evaluation/vae_mdist Mean                               2.64691e-09
evaluation/vae_mdist Std                                1.42443e-09
evaluation/vae_mdist Max                                5.84464e-09
evaluation/vae_mdist Min                                2.74125e-10
evaluation/Final vae_mdist Mean                         2.6673e-09
evaluation/Final vae_mdist Std                          1.43406e-09
evaluation/Final vae_mdist Max                          5.22846e-09
evaluation/Final vae_mdist Min                          6.33424e-10
evaluation/vae_success Mean                             1
evaluation/vae_success Std                              0
evaluation/vae_success Max                              1
evaluation/vae_success Min                              1
evaluation/Final vae_success Mean                       1
evaluation/Final vae_success Std                        0
evaluation/Final vae_success Max                        1
evaluation/Final vae_success Min                        1
evaluation/vae_dist Mean                                2.20246e-06
evaluation/vae_dist Std                                 6.66465e-07
evaluation/vae_dist Max                                 3.41921e-06
evaluation/vae_dist Min                                 7.40564e-07
evaluation/Final vae_dist Mean                          2.21087e-06
evaluation/Final vae_dist Std                           6.69241e-07
evaluation/Final vae_dist Max                           3.23398e-06
evaluation/Final vae_dist Min                           1.12573e-06
evaluation/Rewards Mean                                -2.20246e-06
evaluation/Rewards Std                                  6.66465e-07
evaluation/Rewards Max                                 -7.40564e-07
evaluation/Rewards Min                                 -3.41921e-06
evaluation/Returns Mean                                -0.000110123
evaluation/Returns Std                                  3.27283e-05
evaluation/Returns Max                                 -5.85909e-05
evaluation/Returns Min                                 -0.000159868
evaluation/Actions Mean                                -0.00109026
evaluation/Actions Std                                  0.000351943
evaluation/Actions Max                                 -0.000738314
evaluation/Actions Min                                 -0.0014422
evaluation/Num Paths                                   10
evaluation/Average Returns                             -0.000110123
evaluation/env_infos/final/hand_distance Mean           0.0711106
evaluation/env_infos/final/hand_distance Std            0.0194816
evaluation/env_infos/final/hand_distance Max            0.112547
evaluation/env_infos/final/hand_distance Min            0.0435367
evaluation/env_infos/initial/hand_distance Mean         0.0794056
evaluation/env_infos/initial/hand_distance Std          0.0198374
evaluation/env_infos/initial/hand_distance Max          0.118408
evaluation/env_infos/initial/hand_distance Min          0.0526556
evaluation/env_infos/hand_distance Mean                 0.0710404
evaluation/env_infos/hand_distance Std                  0.0196174
evaluation/env_infos/hand_distance Max                  0.118408
evaluation/env_infos/hand_distance Min                  0.0414377
evaluation/env_infos/final/puck_distance Mean           0.106945
evaluation/env_infos/final/puck_distance Std            0.0230622
evaluation/env_infos/final/puck_distance Max            0.142012
evaluation/env_infos/final/puck_distance Min            0.0763993
evaluation/env_infos/initial/puck_distance Mean         0.106945
evaluation/env_infos/initial/puck_distance Std          0.0230621
evaluation/env_infos/initial/puck_distance Max          0.142012
evaluation/env_infos/initial/puck_distance Min          0.0763988
evaluation/env_infos/puck_distance Mean                 0.106945
evaluation/env_infos/puck_distance Std                  0.0230621
evaluation/env_infos/puck_distance Max                  0.142012
evaluation/env_infos/puck_distance Min                  0.0763987
evaluation/env_infos/final/touch_distance Mean          0.0608462
evaluation/env_infos/final/touch_distance Std           1.03503e-08
evaluation/env_infos/final/touch_distance Max           0.0608462
evaluation/env_infos/final/touch_distance Min           0.0608462
evaluation/env_infos/initial/touch_distance Mean        0.0735509
evaluation/env_infos/initial/touch_distance Std         7.42054e-07
evaluation/env_infos/initial/touch_distance Max         0.0735511
evaluation/env_infos/initial/touch_distance Min         0.0735487
evaluation/env_infos/touch_distance Mean                0.0607579
evaluation/env_infos/touch_distance Std                 0.00200319
evaluation/env_infos/touch_distance Max                 0.0735511
evaluation/env_infos/touch_distance Min                 0.0596029
evaluation/env_infos/final/success Mean                 0
evaluation/env_infos/final/success Std                  0
evaluation/env_infos/final/success Max                  0
evaluation/env_infos/final/success Min                  0
evaluation/env_infos/initial/success Mean               0
evaluation/env_infos/initial/success Std                0
evaluation/env_infos/initial/success Max                0
evaluation/env_infos/initial/success Min                0
evaluation/env_infos/success Mean                       0
evaluation/env_infos/success Std                        0
evaluation/env_infos/success Max                        0
evaluation/env_infos/success Min                        0
evaluation/env_infos/final/image_dist Mean              9.91474
evaluation/env_infos/final/image_dist Std               1.69951
evaluation/env_infos/final/image_dist Max              12.5396
evaluation/env_infos/final/image_dist Min               7.38728
evaluation/env_infos/initial/image_dist Mean            9.96767
evaluation/env_infos/initial/image_dist Std             1.49258
evaluation/env_infos/initial/image_dist Max            12.233
evaluation/env_infos/initial/image_dist Min             7.74659
evaluation/env_infos/image_dist Mean                    9.92549
evaluation/env_infos/image_dist Std                     1.68736
evaluation/env_infos/image_dist Max                    12.5955
evaluation/env_infos/image_dist Min                     7.37829
evaluation/env_infos/final/image_success Mean          -0.6
evaluation/env_infos/final/image_success Std            0.489898
evaluation/env_infos/final/image_success Max            0
evaluation/env_infos/final/image_success Min           -1
evaluation/env_infos/initial/image_success Mean        -0.6
evaluation/env_infos/initial/image_success Std          0.489898
evaluation/env_infos/initial/image_success Max          0
evaluation/env_infos/initial/image_success Min         -1
evaluation/env_infos/image_success Mean                -0.6
evaluation/env_infos/image_success Std                  0.489898
evaluation/env_infos/image_success Max                  0
evaluation/env_infos/image_success Min                 -1
evaluation/env_infos/final/vae_mdist Mean               2.6673e-09
evaluation/env_infos/final/vae_mdist Std                1.43406e-09
evaluation/env_infos/final/vae_mdist Max                5.22846e-09
evaluation/env_infos/final/vae_mdist Min                6.33424e-10
evaluation/env_infos/initial/vae_mdist Mean             2.89251e-09
evaluation/env_infos/initial/vae_mdist Std              1.45917e-09
evaluation/env_infos/initial/vae_mdist Max              5.40292e-09
evaluation/env_infos/initial/vae_mdist Min              6.90343e-10
evaluation/env_infos/vae_mdist Mean                     2.64691e-09
evaluation/env_infos/vae_mdist Std                      1.42443e-09
evaluation/env_infos/vae_mdist Max                      5.84464e-09
evaluation/env_infos/vae_mdist Min                      2.74125e-10
evaluation/env_infos/final/vae_success Mean             1
evaluation/env_infos/final/vae_success Std              0
evaluation/env_infos/final/vae_success Max              1
evaluation/env_infos/final/vae_success Min              1
evaluation/env_infos/initial/vae_success Mean           1
evaluation/env_infos/initial/vae_success Std            0
evaluation/env_infos/initial/vae_success Max            1
evaluation/env_infos/initial/vae_success Min            1
evaluation/env_infos/vae_success Mean                   1
evaluation/env_infos/vae_success Std                    0
evaluation/env_infos/vae_success Max                    1
evaluation/env_infos/vae_success Min                    1
evaluation/env_infos/final/vae_dist Mean                2.21087e-06
evaluation/env_infos/final/vae_dist Std                 6.69241e-07
evaluation/env_infos/final/vae_dist Max                 3.23398e-06
evaluation/env_infos/final/vae_dist Min                 1.12573e-06
evaluation/env_infos/initial/vae_dist Mean              2.31408e-06
evaluation/env_infos/initial/vae_dist Std               6.56657e-07
evaluation/env_infos/initial/vae_dist Max               3.28745e-06
evaluation/env_infos/initial/vae_dist Min               1.17514e-06
evaluation/env_infos/vae_dist Mean                      2.20246e-06
evaluation/env_infos/vae_dist Std                       6.66465e-07
evaluation/env_infos/vae_dist Max                       3.41921e-06
evaluation/env_infos/vae_dist Min                       7.40564e-07
evaluation/env_infos/final/vae_dist_l1 Mean             3.80466e-06
evaluation/env_infos/final/vae_dist_l1 Std              1.08333e-06
evaluation/env_infos/final/vae_dist_l1 Max              5.31808e-06
evaluation/env_infos/final/vae_dist_l1 Min              2.03651e-06
evaluation/env_infos/initial/vae_dist_l1 Mean           4.22664e-06
evaluation/env_infos/initial/vae_dist_l1 Std            1.23216e-06
evaluation/env_infos/initial/vae_dist_l1 Max            5.88175e-06
evaluation/env_infos/initial/vae_dist_l1 Min            2.23501e-06
evaluation/env_infos/vae_dist_l1 Mean                   3.79369e-06
evaluation/env_infos/vae_dist_l1 Std                    1.10742e-06
evaluation/env_infos/vae_dist_l1 Max                    5.88175e-06
evaluation/env_infos/vae_dist_l1 Min                    1.42129e-06
evaluation/env_infos/final/vae_dist_l2 Mean             2.21087e-06
evaluation/env_infos/final/vae_dist_l2 Std              6.69241e-07
evaluation/env_infos/final/vae_dist_l2 Max              3.23398e-06
evaluation/env_infos/final/vae_dist_l2 Min              1.12573e-06
evaluation/env_infos/initial/vae_dist_l2 Mean           2.31408e-06
evaluation/env_infos/initial/vae_dist_l2 Std            6.56657e-07
evaluation/env_infos/initial/vae_dist_l2 Max            3.28745e-06
evaluation/env_infos/initial/vae_dist_l2 Min            1.17514e-06
evaluation/env_infos/vae_dist_l2 Mean                   2.20246e-06
evaluation/env_infos/vae_dist_l2 Std                    6.66465e-07
evaluation/env_infos/vae_dist_l2 Max                    3.41921e-06
evaluation/env_infos/vae_dist_l2 Min                    7.40564e-07
time/data storing (s)                                   0.0598415
time/evaluation sampling (s)                           15.7517
time/exploration sampling (s)                          15.7426
time/logging (s)                                        0.00990827
time/saving (s)                                         0.023348
time/training (s)                                      15.5346
time/vae training (s)                                  10.1617
time/epoch (s)                                         57.2837
time/total (s)                                        391.694
Epoch                                                   0
-------------------------------------------------  ----------------
