2019-08-25 22:46:37.028731 EDT | [rlkit-skew-fit-pusher-reference-sample-from-true-prior-take2_2019_08_25_22_45_28_0000--s-0] Epoch 0 finished
-------------------------------------------------  ----------------
vae_trainer/train/log prob                         -13607.4
vae_trainer/train/KL                                   19.4457
vae_trainer/train/loss                              13996.3
vae_trainer/epoch                                       0
vae_trainer/test/log prob                          -11123.3
vae_trainer/test/KL                                    11.4897
vae_trainer/test/loss                               11353.1
vae_trainer/beta                                       20
replay_buffer/VAE Sample Weights Mean                   0.00166667
replay_buffer/VAE Sample Weights Std                    0.00862507
replay_buffer/VAE Sample Weights Max                    0.152023
replay_buffer/VAE Sample Weights Min                    8.12197e-08
replay_buffer/VAE Sample Probs Mean                     0.00166667
replay_buffer/VAE Sample Probs Std                      0.00862507
replay_buffer/VAE Sample Probs Max                      0.152023
replay_buffer/VAE Sample Probs Min                      8.12197e-08
trainer/QF1 Loss                                        1.1517
trainer/QF2 Loss                                        1.15138
trainer/Policy Loss                                    -1.33616
trainer/Q1 Predictions Mean                            -0.000353252
trainer/Q1 Predictions Std                              0.00083162
trainer/Q1 Predictions Max                              0.00252477
trainer/Q1 Predictions Min                             -0.00265506
trainer/Q2 Predictions Mean                             0.00686476
trainer/Q2 Predictions Std                              0.00156999
trainer/Q2 Predictions Max                              0.010866
trainer/Q2 Predictions Min                              0.00186392
trainer/Q Targets Mean                                  0.0238291
trainer/Q Targets Std                                   1.07287
trainer/Q Targets Max                                   1.88191
trainer/Q Targets Min                                  -3.00671
trainer/Log Pis Mean                                   -1.3365
trainer/Log Pis Std                                     0.303422
trainer/Log Pis Max                                    -0.537095
trainer/Log Pis Min                                    -1.86868
trainer/Policy mu Mean                                  0.000760284
trainer/Policy mu Std                                   0.000328666
trainer/Policy mu Max                                   0.00218908
trainer/Policy mu Min                                  -0.000392543
trainer/Policy log std Mean                             0.000345344
trainer/Policy log std Std                              0.000567135
trainer/Policy log std Max                              0.00137117
trainer/Policy log std Min                             -0.00110426
trainer/Alpha                                           0.999
trainer/Alpha Loss                                     -0
exploration/num steps total                           600
exploration/num paths total                            12
exploration/path length Mean                           50
exploration/path length Std                             0
exploration/path length Max                            50
exploration/path length Min                            50
exploration/hand_distance Mean                          0.0887316
exploration/hand_distance Std                           0.031765
exploration/hand_distance Max                           0.160062
exploration/hand_distance Min                           0.0313367
exploration/Final hand_distance Mean                    0.0753453
exploration/Final hand_distance Std                     0.0394454
exploration/Final hand_distance Max                     0.151237
exploration/Final hand_distance Min                     0.0313958
exploration/puck_distance Mean                          0.152444
exploration/puck_distance Std                           0.0562006
exploration/puck_distance Max                           0.262307
exploration/puck_distance Min                           0.066429
exploration/Final puck_distance Mean                    0.154674
exploration/Final puck_distance Std                     0.054959
exploration/Final puck_distance Max                     0.254523
exploration/Final puck_distance Min                     0.0814429
exploration/touch_distance Mean                         0.0972814
exploration/touch_distance Std                          0.0264908
exploration/touch_distance Max                          0.176478
exploration/touch_distance Min                          0.0580733
exploration/Final touch_distance Mean                   0.0925023
exploration/Final touch_distance Std                    0.0213527
exploration/Final touch_distance Max                    0.12953
exploration/Final touch_distance Min                    0.0614239
exploration/success Mean                                0
exploration/success Std                                 0
exploration/success Max                                 0
exploration/success Min                                 0
exploration/Final success Mean                          0
exploration/Final success Std                           0
exploration/Final success Max                           0
exploration/Final success Min                           0
exploration/image_dist Mean                            11.1418
exploration/image_dist Std                              1.21843
exploration/image_dist Max                             13.8516
exploration/image_dist Min                              8.32422
exploration/Final image_dist Mean                      11.0402
exploration/Final image_dist Std                        1.46661
exploration/Final image_dist Max                       13.4518
exploration/Final image_dist Min                        8.7364
exploration/image_success Mean                         -0.804
exploration/image_success Std                           0.396969
exploration/image_success Max                           0
exploration/image_success Min                          -1
exploration/Final image_success Mean                   -0.7
exploration/Final image_success Std                     0.458258
exploration/Final image_success Max                     0
exploration/Final image_success Min                    -1
exploration/vae_mdist Mean                           1981.57
exploration/vae_mdist Std                            1557.79
exploration/vae_mdist Max                            5140.77
exploration/vae_mdist Min                             440.524
exploration/Final vae_mdist Mean                     1981.57
exploration/Final vae_mdist Std                      1557.79
exploration/Final vae_mdist Max                      5140.77
exploration/Final vae_mdist Min                       440.525
exploration/vae_success Mean                            0
exploration/vae_success Std                             0
exploration/vae_success Max                             0
exploration/vae_success Min                             0
exploration/Final vae_success Mean                      0
exploration/Final vae_success Std                       0
exploration/Final vae_success Max                       0
exploration/Final vae_success Min                       0
exploration/vae_dist Mean                               1.83363
exploration/vae_dist Std                                0.776085
exploration/vae_dist Max                                3.20701
exploration/vae_dist Min                                0.938779
exploration/Final vae_dist Mean                         1.83363
exploration/Final vae_dist Std                          0.776086
exploration/Final vae_dist Max                          3.207
exploration/Final vae_dist Min                          0.93878
exploration/Rewards Mean                               -1.83363
exploration/Rewards Std                                 0.776085
exploration/Rewards Max                                -0.938779
exploration/Rewards Min                                -3.20701
exploration/Returns Mean                              -91.6817
exploration/Returns Std                                38.8043
exploration/Returns Max                               -46.939
exploration/Returns Min                              -160.35
exploration/Actions Mean                               -0.0202727
exploration/Actions Std                                 0.628799
exploration/Actions Max                                 0.996827
exploration/Actions Min                                -0.997246
exploration/Num Paths                                  10
exploration/Average Returns                           -91.6817
exploration/env_infos/final/hand_distance Mean          0.0753453
exploration/env_infos/final/hand_distance Std           0.0394454
exploration/env_infos/final/hand_distance Max           0.151237
exploration/env_infos/final/hand_distance Min           0.0313958
exploration/env_infos/initial/hand_distance Mean        0.112049
exploration/env_infos/initial/hand_distance Std         0.029832
exploration/env_infos/initial/hand_distance Max         0.160062
exploration/env_infos/initial/hand_distance Min         0.0616496
exploration/env_infos/hand_distance Mean                0.0887316
exploration/env_infos/hand_distance Std                 0.031765
exploration/env_infos/hand_distance Max                 0.160062
exploration/env_infos/hand_distance Min                 0.0313367
exploration/env_infos/final/puck_distance Mean          0.154674
exploration/env_infos/final/puck_distance Std           0.054959
exploration/env_infos/final/puck_distance Max           0.254523
exploration/env_infos/final/puck_distance Min           0.0814429
exploration/env_infos/initial/puck_distance Mean        0.150372
exploration/env_infos/initial/puck_distance Std         0.0573921
exploration/env_infos/initial/puck_distance Max         0.259858
exploration/env_infos/initial/puck_distance Min         0.0664296
exploration/env_infos/puck_distance Mean                0.152444
exploration/env_infos/puck_distance Std                 0.0562006
exploration/env_infos/puck_distance Max                 0.262307
exploration/env_infos/puck_distance Min                 0.066429
exploration/env_infos/final/touch_distance Mean         0.0925023
exploration/env_infos/final/touch_distance Std          0.0213527
exploration/env_infos/final/touch_distance Max          0.12953
exploration/env_infos/final/touch_distance Min          0.0614239
exploration/env_infos/initial/touch_distance Mean       0.10578
exploration/env_infos/initial/touch_distance Std        0.0261301
exploration/env_infos/initial/touch_distance Max        0.176478
exploration/env_infos/initial/touch_distance Min        0.086328
exploration/env_infos/touch_distance Mean               0.0972814
exploration/env_infos/touch_distance Std                0.0264908
exploration/env_infos/touch_distance Max                0.176478
exploration/env_infos/touch_distance Min                0.0580733
exploration/env_infos/final/success Mean                0
exploration/env_infos/final/success Std                 0
exploration/env_infos/final/success Max                 0
exploration/env_infos/final/success Min                 0
exploration/env_infos/initial/success Mean              0
exploration/env_infos/initial/success Std               0
exploration/env_infos/initial/success Max               0
exploration/env_infos/initial/success Min               0
exploration/env_infos/success Mean                      0
exploration/env_infos/success Std                       0
exploration/env_infos/success Max                       0
exploration/env_infos/success Min                       0
exploration/env_infos/final/image_dist Mean            11.0402
exploration/env_infos/final/image_dist Std              1.46661
exploration/env_infos/final/image_dist Max             13.4518
exploration/env_infos/final/image_dist Min              8.7364
exploration/env_infos/initial/image_dist Mean          11.3712
exploration/env_infos/initial/image_dist Std            1.30083
exploration/env_infos/initial/image_dist Max           13.3294
exploration/env_infos/initial/image_dist Min            9.09648
exploration/env_infos/image_dist Mean                  11.1418
exploration/env_infos/image_dist Std                    1.21843
exploration/env_infos/image_dist Max                   13.8516
exploration/env_infos/image_dist Min                    8.32422
exploration/env_infos/final/image_success Mean         -0.7
exploration/env_infos/final/image_success Std           0.458258
exploration/env_infos/final/image_success Max           0
exploration/env_infos/final/image_success Min          -1
exploration/env_infos/initial/image_success Mean       -0.9
exploration/env_infos/initial/image_success Std         0.3
exploration/env_infos/initial/image_success Max         0
exploration/env_infos/initial/image_success Min        -1
exploration/env_infos/image_success Mean               -0.804
exploration/env_infos/image_success Std                 0.396969
exploration/env_infos/image_success Max                 0
exploration/env_infos/image_success Min                -1
exploration/env_infos/final/vae_mdist Mean           1981.57
exploration/env_infos/final/vae_mdist Std            1557.79
exploration/env_infos/final/vae_mdist Max            5140.77
exploration/env_infos/final/vae_mdist Min             440.525
exploration/env_infos/initial/vae_mdist Mean         1981.57
exploration/env_infos/initial/vae_mdist Std          1557.79
exploration/env_infos/initial/vae_mdist Max          5140.76
exploration/env_infos/initial/vae_mdist Min           440.526
exploration/env_infos/vae_mdist Mean                 1981.57
exploration/env_infos/vae_mdist Std                  1557.79
exploration/env_infos/vae_mdist Max                  5140.77
exploration/env_infos/vae_mdist Min                   440.524
exploration/env_infos/final/vae_success Mean            0
exploration/env_infos/final/vae_success Std             0
exploration/env_infos/final/vae_success Max             0
exploration/env_infos/final/vae_success Min             0
exploration/env_infos/initial/vae_success Mean          0
exploration/env_infos/initial/vae_success Std           0
exploration/env_infos/initial/vae_success Max           0
exploration/env_infos/initial/vae_success Min           0
exploration/env_infos/vae_success Mean                  0
exploration/env_infos/vae_success Std                   0
exploration/env_infos/vae_success Max                   0
exploration/env_infos/vae_success Min                   0
exploration/env_infos/final/vae_dist Mean               1.83363
exploration/env_infos/final/vae_dist Std                0.776086
exploration/env_infos/final/vae_dist Max                3.207
exploration/env_infos/final/vae_dist Min                0.93878
exploration/env_infos/initial/vae_dist Mean             1.83363
exploration/env_infos/initial/vae_dist Std              0.776085
exploration/env_infos/initial/vae_dist Max              3.207
exploration/env_infos/initial/vae_dist Min              0.938781
exploration/env_infos/vae_dist Mean                     1.83363
exploration/env_infos/vae_dist Std                      0.776085
exploration/env_infos/vae_dist Max                      3.20701
exploration/env_infos/vae_dist Min                      0.938779
exploration/env_infos/final/vae_dist_l1 Mean            3.22512
exploration/env_infos/final/vae_dist_l1 Std             1.37732
exploration/env_infos/final/vae_dist_l1 Max             6.07532
exploration/env_infos/final/vae_dist_l1 Min             1.79253
exploration/env_infos/initial/vae_dist_l1 Mean          3.22512
exploration/env_infos/initial/vae_dist_l1 Std           1.37732
exploration/env_infos/initial/vae_dist_l1 Max           6.07532
exploration/env_infos/initial/vae_dist_l1 Min           1.79253
exploration/env_infos/vae_dist_l1 Mean                  3.22512
exploration/env_infos/vae_dist_l1 Std                   1.37732
exploration/env_infos/vae_dist_l1 Max                   6.07532
exploration/env_infos/vae_dist_l1 Min                   1.79253
exploration/env_infos/final/vae_dist_l2 Mean            1.83363
exploration/env_infos/final/vae_dist_l2 Std             0.776086
exploration/env_infos/final/vae_dist_l2 Max             3.207
exploration/env_infos/final/vae_dist_l2 Min             0.93878
exploration/env_infos/initial/vae_dist_l2 Mean          1.83363
exploration/env_infos/initial/vae_dist_l2 Std           0.776085
exploration/env_infos/initial/vae_dist_l2 Max           3.207
exploration/env_infos/initial/vae_dist_l2 Min           0.938781
exploration/env_infos/vae_dist_l2 Mean                  1.83363
exploration/env_infos/vae_dist_l2 Std                   0.776085
exploration/env_infos/vae_dist_l2 Max                   3.20701
exploration/env_infos/vae_dist_l2 Min                   0.938779
evaluation/num steps total                            500
evaluation/num paths total                             10
evaluation/path length Mean                            50
evaluation/path length Std                              0
evaluation/path length Max                             50
evaluation/path length Min                             50
evaluation/hand_distance Mean                           0.121428
evaluation/hand_distance Std                            0.0221792
evaluation/hand_distance Max                            0.14353
evaluation/hand_distance Min                            0.0775564
evaluation/Final hand_distance Mean                     0.121433
evaluation/Final hand_distance Std                      0.0221447
evaluation/Final hand_distance Max                      0.143076
evaluation/Final hand_distance Min                      0.0781351
evaluation/puck_distance Mean                           0.119753
evaluation/puck_distance Std                            0.0425137
evaluation/puck_distance Max                            0.213374
evaluation/puck_distance Min                            0.0488136
evaluation/Final puck_distance Mean                     0.119756
evaluation/Final puck_distance Std                      0.0425088
evaluation/Final puck_distance Max                      0.213372
evaluation/Final puck_distance Min                      0.048859
evaluation/touch_distance Mean                          0.133119
evaluation/touch_distance Std                           0.0288134
evaluation/touch_distance Max                           0.179033
evaluation/touch_distance Min                           0.0942605
evaluation/Final touch_distance Mean                    0.133327
evaluation/Final touch_distance Std                     0.0286253
evaluation/Final touch_distance Max                     0.174527
evaluation/Final touch_distance Min                     0.0961424
evaluation/success Mean                                 0
evaluation/success Std                                  0
evaluation/success Max                                  0
evaluation/success Min                                  0
evaluation/Final success Mean                           0
evaluation/Final success Std                            0
evaluation/Final success Max                            0
evaluation/Final success Min                            0
evaluation/image_dist Mean                             10.7974
evaluation/image_dist Std                               1.22611
evaluation/image_dist Max                              12.6086
evaluation/image_dist Min                               8.58236
evaluation/Final image_dist Mean                       10.8304
evaluation/Final image_dist Std                         1.21072
evaluation/Final image_dist Max                        12.6086
evaluation/Final image_dist Min                         8.72261
evaluation/image_success Mean                          -0.7
evaluation/image_success Std                            0.458258
evaluation/image_success Max                            0
evaluation/image_success Min                           -1
evaluation/Final image_success Mean                    -0.7
evaluation/Final image_success Std                      0.458258
evaluation/Final image_success Max                      0
evaluation/Final image_success Min                     -1
evaluation/vae_mdist Mean                               6.70012e-09
evaluation/vae_mdist Std                                4.32919e-09
evaluation/vae_mdist Max                                1.64175e-08
evaluation/vae_mdist Min                                1.68017e-09
evaluation/Final vae_mdist Mean                         6.76132e-09
evaluation/Final vae_mdist Std                          4.37607e-09
evaluation/Final vae_mdist Max                          1.54589e-08
evaluation/Final vae_mdist Min                          1.88253e-09
evaluation/vae_success Mean                             1
evaluation/vae_success Std                              0
evaluation/vae_success Max                              1
evaluation/vae_success Min                              1
evaluation/Final vae_success Mean                       1
evaluation/Final vae_success Std                        0
evaluation/Final vae_success Max                        1
evaluation/Final vae_success Min                        1
evaluation/vae_dist Mean                                3.46715e-06
evaluation/vae_dist Std                                 1.1779e-06
evaluation/vae_dist Max                                 5.73271e-06
evaluation/vae_dist Min                                 1.83328e-06
evaluation/Final vae_dist Mean                          3.48503e-06
evaluation/Final vae_dist Std                           1.1771e-06
evaluation/Final vae_dist Max                           5.56281e-06
evaluation/Final vae_dist Min                           1.94054e-06
evaluation/Rewards Mean                                -3.46715e-06
evaluation/Rewards Std                                  1.1779e-06
evaluation/Rewards Max                                 -1.83328e-06
evaluation/Rewards Min                                 -5.73271e-06
evaluation/Returns Mean                                -0.000173357
evaluation/Returns Std                                  5.84518e-05
evaluation/Returns Max                                 -9.95551e-05
evaluation/Returns Min                                 -0.000273582
evaluation/Actions Mean                                 0.000742927
evaluation/Actions Std                                  0.000184196
evaluation/Actions Max                                  0.000927124
evaluation/Actions Min                                  0.00055873
evaluation/Num Paths                                   10
evaluation/Average Returns                             -0.000173357
evaluation/env_infos/final/hand_distance Mean           0.121433
evaluation/env_infos/final/hand_distance Std            0.0221447
evaluation/env_infos/final/hand_distance Max            0.143076
evaluation/env_infos/final/hand_distance Min            0.0781351
evaluation/env_infos/initial/hand_distance Mean         0.121376
evaluation/env_infos/initial/hand_distance Std          0.021819
evaluation/env_infos/initial/hand_distance Max          0.14353
evaluation/env_infos/initial/hand_distance Min          0.0777843
evaluation/env_infos/hand_distance Mean                 0.121428
evaluation/env_infos/hand_distance Std                  0.0221792
evaluation/env_infos/hand_distance Max                  0.14353
evaluation/env_infos/hand_distance Min                  0.0775564
evaluation/env_infos/final/puck_distance Mean           0.119756
evaluation/env_infos/final/puck_distance Std            0.0425088
evaluation/env_infos/final/puck_distance Max            0.213372
evaluation/env_infos/final/puck_distance Min            0.048859
evaluation/env_infos/initial/puck_distance Mean         0.11975
evaluation/env_infos/initial/puck_distance Std          0.0425183
evaluation/env_infos/initial/puck_distance Max          0.213374
evaluation/env_infos/initial/puck_distance Min          0.0488172
evaluation/env_infos/puck_distance Mean                 0.119753
evaluation/env_infos/puck_distance Std                  0.0425137
evaluation/env_infos/puck_distance Max                  0.213374
evaluation/env_infos/puck_distance Min                  0.0488136
evaluation/env_infos/final/touch_distance Mean          0.133327
evaluation/env_infos/final/touch_distance Std           0.0286253
evaluation/env_infos/final/touch_distance Max           0.174527
evaluation/env_infos/final/touch_distance Min           0.0961424
evaluation/env_infos/initial/touch_distance Mean        0.131676
evaluation/env_infos/initial/touch_distance Std         0.0307248
evaluation/env_infos/initial/touch_distance Max         0.179033
evaluation/env_infos/initial/touch_distance Min         0.0942605
evaluation/env_infos/touch_distance Mean                0.133119
evaluation/env_infos/touch_distance Std                 0.0288134
evaluation/env_infos/touch_distance Max                 0.179033
evaluation/env_infos/touch_distance Min                 0.0942605
evaluation/env_infos/final/success Mean                 0
evaluation/env_infos/final/success Std                  0
evaluation/env_infos/final/success Max                  0
evaluation/env_infos/final/success Min                  0
evaluation/env_infos/initial/success Mean               0
evaluation/env_infos/initial/success Std                0
evaluation/env_infos/initial/success Max                0
evaluation/env_infos/initial/success Min                0
evaluation/env_infos/success Mean                       0
evaluation/env_infos/success Std                        0
evaluation/env_infos/success Max                        0
evaluation/env_infos/success Min                        0
evaluation/env_infos/final/image_dist Mean             10.8304
evaluation/env_infos/final/image_dist Std               1.21072
evaluation/env_infos/final/image_dist Max              12.6086
evaluation/env_infos/final/image_dist Min               8.72261
evaluation/env_infos/initial/image_dist Mean           10.811
evaluation/env_infos/initial/image_dist Std             1.14138
evaluation/env_infos/initial/image_dist Max            12.3484
evaluation/env_infos/initial/image_dist Min             8.81871
evaluation/env_infos/image_dist Mean                   10.7974
evaluation/env_infos/image_dist Std                     1.22611
evaluation/env_infos/image_dist Max                    12.6086
evaluation/env_infos/image_dist Min                     8.58236
evaluation/env_infos/final/image_success Mean          -0.7
evaluation/env_infos/final/image_success Std            0.458258
evaluation/env_infos/final/image_success Max            0
evaluation/env_infos/final/image_success Min           -1
evaluation/env_infos/initial/image_success Mean        -0.7
evaluation/env_infos/initial/image_success Std          0.458258
evaluation/env_infos/initial/image_success Max          0
evaluation/env_infos/initial/image_success Min         -1
evaluation/env_infos/image_success Mean                -0.7
evaluation/env_infos/image_success Std                  0.458258
evaluation/env_infos/image_success Max                  0
evaluation/env_infos/image_success Min                 -1
evaluation/env_infos/final/vae_mdist Mean               6.76132e-09
evaluation/env_infos/final/vae_mdist Std                4.37607e-09
evaluation/env_infos/final/vae_mdist Max                1.54589e-08
evaluation/env_infos/final/vae_mdist Min                1.88253e-09
evaluation/env_infos/initial/vae_mdist Mean             6.50767e-09
evaluation/env_infos/initial/vae_mdist Std              3.71861e-09
evaluation/env_infos/initial/vae_mdist Max              1.3965e-08
evaluation/env_infos/initial/vae_mdist Min              1.9348e-09
evaluation/env_infos/vae_mdist Mean                     6.70012e-09
evaluation/env_infos/vae_mdist Std                      4.32919e-09
evaluation/env_infos/vae_mdist Max                      1.64175e-08
evaluation/env_infos/vae_mdist Min                      1.68017e-09
evaluation/env_infos/final/vae_success Mean             1
evaluation/env_infos/final/vae_success Std              0
evaluation/env_infos/final/vae_success Max              1
evaluation/env_infos/final/vae_success Min              1
evaluation/env_infos/initial/vae_success Mean           1
evaluation/env_infos/initial/vae_success Std            0
evaluation/env_infos/initial/vae_success Max            1
evaluation/env_infos/initial/vae_success Min            1
evaluation/env_infos/vae_success Mean                   1
evaluation/env_infos/vae_success Std                    0
evaluation/env_infos/vae_success Max                    1
evaluation/env_infos/vae_success Min                    1
evaluation/env_infos/final/vae_dist Mean                3.48503e-06
evaluation/env_infos/final/vae_dist Std                 1.1771e-06
evaluation/env_infos/final/vae_dist Max                 5.56281e-06
evaluation/env_infos/final/vae_dist Min                 1.94054e-06
evaluation/env_infos/initial/vae_dist Mean              3.46241e-06
evaluation/env_infos/initial/vae_dist Std               1.01717e-06
evaluation/env_infos/initial/vae_dist Max               5.28714e-06
evaluation/env_infos/initial/vae_dist Min               1.96741e-06
evaluation/env_infos/vae_dist Mean                      3.46715e-06
evaluation/env_infos/vae_dist Std                       1.1779e-06
evaluation/env_infos/vae_dist Max                       5.73271e-06
evaluation/env_infos/vae_dist Min                       1.83328e-06
evaluation/env_infos/final/vae_dist_l1 Mean             5.33749e-06
evaluation/env_infos/final/vae_dist_l1 Std              1.66972e-06
evaluation/env_infos/final/vae_dist_l1 Max              7.28387e-06
evaluation/env_infos/final/vae_dist_l1 Min              2.66828e-06
evaluation/env_infos/initial/vae_dist_l1 Mean           5.66147e-06
evaluation/env_infos/initial/vae_dist_l1 Std            1.34987e-06
evaluation/env_infos/initial/vae_dist_l1 Max            7.35675e-06
evaluation/env_infos/initial/vae_dist_l1 Min            3.52339e-06
evaluation/env_infos/vae_dist_l1 Mean                   5.33547e-06
evaluation/env_infos/vae_dist_l1 Std                    1.65295e-06
evaluation/env_infos/vae_dist_l1 Max                    7.90681e-06
evaluation/env_infos/vae_dist_l1 Min                    2.59885e-06
evaluation/env_infos/final/vae_dist_l2 Mean             3.48503e-06
evaluation/env_infos/final/vae_dist_l2 Std              1.1771e-06
evaluation/env_infos/final/vae_dist_l2 Max              5.56281e-06
evaluation/env_infos/final/vae_dist_l2 Min              1.94054e-06
evaluation/env_infos/initial/vae_dist_l2 Mean           3.46241e-06
evaluation/env_infos/initial/vae_dist_l2 Std            1.01717e-06
evaluation/env_infos/initial/vae_dist_l2 Max            5.28714e-06
evaluation/env_infos/initial/vae_dist_l2 Min            1.96741e-06
evaluation/env_infos/vae_dist_l2 Mean                   3.46715e-06
evaluation/env_infos/vae_dist_l2 Std                    1.1779e-06
evaluation/env_infos/vae_dist_l2 Max                    5.73271e-06
evaluation/env_infos/vae_dist_l2 Min                    1.83328e-06
time/data storing (s)                                   0.0639424
time/evaluation sampling (s)                           14.6714
time/exploration sampling (s)                          15.4456
time/logging (s)                                        0.010849
time/saving (s)                                         0.024183
time/training (s)                                      17.1903
time/vae training (s)                                   9.33968
time/epoch (s)                                         56.746
time/total (s)                                         68.8719
Epoch                                                   0
-------------------------------------------------  ----------------
