2019-08-24 22:58:17.142487 EDT | [rlkit-skew-fit-pusher-reference-sample-from-true-prior-take2_2019_08_24_22_57_13_0000--s-0] Epoch 0 finished
-------------------------------------------------  ----------------
vae_trainer/train/log prob                         -10759.6
vae_trainer/train/KL                                   19.0063
vae_trainer/train/loss                              11139.7
vae_trainer/epoch                                       0
vae_trainer/test/log prob                          -15391.4
vae_trainer/test/KL                                    11.4368
vae_trainer/test/loss                               15620.2
vae_trainer/beta                                       20
replay_buffer/VAE Sample Weights Mean                   0.00166667
replay_buffer/VAE Sample Weights Std                    0.0174391
replay_buffer/VAE Sample Weights Max                    0.293411
replay_buffer/VAE Sample Weights Min                    2.54902e-08
replay_buffer/VAE Sample Probs Mean                     0.00166667
replay_buffer/VAE Sample Probs Std                      0.0174391
replay_buffer/VAE Sample Probs Max                      0.293411
replay_buffer/VAE Sample Probs Min                      2.54902e-08
trainer/QF1 Loss                                        1.20645
trainer/QF2 Loss                                        1.20663
trainer/Policy Loss                                    -1.32996
trainer/Q1 Predictions Mean                            -0.00138861
trainer/Q1 Predictions Std                              0.000626552
trainer/Q1 Predictions Max                              0.000165561
trainer/Q1 Predictions Min                             -0.00311916
trainer/Q2 Predictions Mean                             0.00275244
trainer/Q2 Predictions Std                              0.00118023
trainer/Q2 Predictions Max                              0.0057519
trainer/Q2 Predictions Min                             -0.000256958
trainer/Q Targets Mean                                 -0.0206965
trainer/Q Targets Std                                   1.09823
trainer/Q Targets Max                                   2.27482
trainer/Q Targets Min                                  -3.13301
trainer/Log Pis Mean                                   -1.33135
trainer/Log Pis Std                                     0.305545
trainer/Log Pis Max                                    -0.537833
trainer/Log Pis Min                                    -1.87818
trainer/Policy mu Mean                                 -0.00127646
trainer/Policy mu Std                                   0.000427492
trainer/Policy mu Max                                  -0.000132256
trainer/Policy mu Min                                  -0.00268699
trainer/Policy log std Mean                             1.61525e-05
trainer/Policy log std Std                              0.00225034
trainer/Policy log std Max                              0.00306878
trainer/Policy log std Min                             -0.00345951
trainer/Alpha                                           0.999
trainer/Alpha Loss                                     -0
exploration/num steps total                           600
exploration/num paths total                            12
exploration/path length Mean                           50
exploration/path length Std                             0
exploration/path length Max                            50
exploration/path length Min                            50
exploration/hand_distance Mean                          0.0953327
exploration/hand_distance Std                           0.0299084
exploration/hand_distance Max                           0.170601
exploration/hand_distance Min                           0.0292208
exploration/Final hand_distance Mean                    0.0960382
exploration/Final hand_distance Std                     0.0273773
exploration/Final hand_distance Max                     0.150219
exploration/Final hand_distance Min                     0.0556216
exploration/puck_distance Mean                          0.103852
exploration/puck_distance Std                           0.0283699
exploration/puck_distance Max                           0.14863
exploration/puck_distance Min                           0.0506173
exploration/Final puck_distance Mean                    0.106446
exploration/Final puck_distance Std                     0.0281374
exploration/Final puck_distance Max                     0.148629
exploration/Final puck_distance Min                     0.0506177
exploration/touch_distance Mean                         0.0958332
exploration/touch_distance Std                          0.0185181
exploration/touch_distance Max                          0.142343
exploration/touch_distance Min                          0.0571632
exploration/Final touch_distance Mean                   0.107041
exploration/Final touch_distance Std                    0.0139069
exploration/Final touch_distance Max                    0.133553
exploration/Final touch_distance Min                    0.0849139
exploration/success Mean                                0
exploration/success Std                                 0
exploration/success Max                                 0
exploration/success Min                                 0
exploration/Final success Mean                          0
exploration/Final success Std                           0
exploration/Final success Max                           0
exploration/Final success Min                           0
exploration/image_dist Mean                            12.0066
exploration/image_dist Std                              1.56259
exploration/image_dist Max                             16.2699
exploration/image_dist Min                              8.63581
exploration/Final image_dist Mean                      12.444
exploration/Final image_dist Std                        1.50521
exploration/Final image_dist Max                       15.8813
exploration/Final image_dist Min                       10.4364
exploration/image_success Mean                         -0.902
exploration/image_success Std                           0.297315
exploration/image_success Max                           0
exploration/image_success Min                          -1
exploration/Final image_success Mean                   -1
exploration/Final image_success Std                     0
exploration/Final image_success Max                    -1
exploration/Final image_success Min                    -1
exploration/vae_mdist Mean                           2556.11
exploration/vae_mdist Std                            1371.36
exploration/vae_mdist Max                            4786.47
exploration/vae_mdist Min                             708.656
exploration/Final vae_mdist Mean                     2556.11
exploration/Final vae_mdist Std                      1371.36
exploration/Final vae_mdist Max                      4786.47
exploration/Final vae_mdist Min                       708.656
exploration/vae_success Mean                            0
exploration/vae_success Std                             0
exploration/vae_success Max                             0
exploration/vae_success Min                             0
exploration/Final vae_success Mean                      0
exploration/Final vae_success Std                       0
exploration/Final vae_success Max                       0
exploration/Final vae_success Min                       0
exploration/vae_dist Mean                               2.16887
exploration/vae_dist Std                                0.639869
exploration/vae_dist Max                                3.09439
exploration/vae_dist Min                                1.19063
exploration/Final vae_dist Mean                         2.16887
exploration/Final vae_dist Std                          0.639869
exploration/Final vae_dist Max                          3.09439
exploration/Final vae_dist Min                          1.19063
exploration/Rewards Mean                               -2.16887
exploration/Rewards Std                                 0.639869
exploration/Rewards Max                                -1.19063
exploration/Rewards Min                                -3.09439
exploration/Returns Mean                             -108.444
exploration/Returns Std                                31.9935
exploration/Returns Max                               -59.5314
exploration/Returns Min                              -154.72
exploration/Actions Mean                               -0.0285296
exploration/Actions Std                                 0.62746
exploration/Actions Max                                 0.996915
exploration/Actions Min                                -0.998224
exploration/Num Paths                                  10
exploration/Average Returns                          -108.444
exploration/env_infos/final/hand_distance Mean          0.0960382
exploration/env_infos/final/hand_distance Std           0.0273773
exploration/env_infos/final/hand_distance Max           0.150219
exploration/env_infos/final/hand_distance Min           0.0556216
exploration/env_infos/initial/hand_distance Mean        0.108422
exploration/env_infos/initial/hand_distance Std         0.021846
exploration/env_infos/initial/hand_distance Max         0.142076
exploration/env_infos/initial/hand_distance Min         0.0649675
exploration/env_infos/hand_distance Mean                0.0953327
exploration/env_infos/hand_distance Std                 0.0299084
exploration/env_infos/hand_distance Max                 0.170601
exploration/env_infos/hand_distance Min                 0.0292208
exploration/env_infos/final/puck_distance Mean          0.106446
exploration/env_infos/final/puck_distance Std           0.0281374
exploration/env_infos/final/puck_distance Max           0.148629
exploration/env_infos/final/puck_distance Min           0.0506177
exploration/env_infos/initial/puck_distance Mean        0.103247
exploration/env_infos/initial/puck_distance Std         0.0275214
exploration/env_infos/initial/puck_distance Max         0.148628
exploration/env_infos/initial/puck_distance Min         0.0506187
exploration/env_infos/puck_distance Mean                0.103852
exploration/env_infos/puck_distance Std                 0.0283699
exploration/env_infos/puck_distance Max                 0.14863
exploration/env_infos/puck_distance Min                 0.0506173
exploration/env_infos/final/touch_distance Mean         0.107041
exploration/env_infos/final/touch_distance Std          0.0139069
exploration/env_infos/final/touch_distance Max          0.133553
exploration/env_infos/final/touch_distance Min          0.0849139
exploration/env_infos/initial/touch_distance Mean       0.105653
exploration/env_infos/initial/touch_distance Std        0.000562774
exploration/env_infos/initial/touch_distance Max        0.106594
exploration/env_infos/initial/touch_distance Min        0.105092
exploration/env_infos/touch_distance Mean               0.0958332
exploration/env_infos/touch_distance Std                0.0185181
exploration/env_infos/touch_distance Max                0.142343
exploration/env_infos/touch_distance Min                0.0571632
exploration/env_infos/final/success Mean                0
exploration/env_infos/final/success Std                 0
exploration/env_infos/final/success Max                 0
exploration/env_infos/final/success Min                 0
exploration/env_infos/initial/success Mean              0
exploration/env_infos/initial/success Std               0
exploration/env_infos/initial/success Max               0
exploration/env_infos/initial/success Min               0
exploration/env_infos/success Mean                      0
exploration/env_infos/success Std                       0
exploration/env_infos/success Max                       0
exploration/env_infos/success Min                       0
exploration/env_infos/final/image_dist Mean            12.444
exploration/env_infos/final/image_dist Std              1.50521
exploration/env_infos/final/image_dist Max             15.8813
exploration/env_infos/final/image_dist Min             10.4364
exploration/env_infos/initial/image_dist Mean          11.414
exploration/env_infos/initial/image_dist Std            0.735819
exploration/env_infos/initial/image_dist Max           12.2462
exploration/env_infos/initial/image_dist Min            9.65822
exploration/env_infos/image_dist Mean                  12.0066
exploration/env_infos/image_dist Std                    1.56259
exploration/env_infos/image_dist Max                   16.2699
exploration/env_infos/image_dist Min                    8.63581
exploration/env_infos/final/image_success Mean         -1
exploration/env_infos/final/image_success Std           0
exploration/env_infos/final/image_success Max          -1
exploration/env_infos/final/image_success Min          -1
exploration/env_infos/initial/image_success Mean       -0.9
exploration/env_infos/initial/image_success Std         0.3
exploration/env_infos/initial/image_success Max         0
exploration/env_infos/initial/image_success Min        -1
exploration/env_infos/image_success Mean               -0.902
exploration/env_infos/image_success Std                 0.297315
exploration/env_infos/image_success Max                 0
exploration/env_infos/image_success Min                -1
exploration/env_infos/final/vae_mdist Mean           2556.11
exploration/env_infos/final/vae_mdist Std            1371.36
exploration/env_infos/final/vae_mdist Max            4786.47
exploration/env_infos/final/vae_mdist Min             708.656
exploration/env_infos/initial/vae_mdist Mean         2556.11
exploration/env_infos/initial/vae_mdist Std          1371.36
exploration/env_infos/initial/vae_mdist Max          4786.47
exploration/env_infos/initial/vae_mdist Min           708.656
exploration/env_infos/vae_mdist Mean                 2556.11
exploration/env_infos/vae_mdist Std                  1371.36
exploration/env_infos/vae_mdist Max                  4786.47
exploration/env_infos/vae_mdist Min                   708.656
exploration/env_infos/final/vae_success Mean            0
exploration/env_infos/final/vae_success Std             0
exploration/env_infos/final/vae_success Max             0
exploration/env_infos/final/vae_success Min             0
exploration/env_infos/initial/vae_success Mean          0
exploration/env_infos/initial/vae_success Std           0
exploration/env_infos/initial/vae_success Max           0
exploration/env_infos/initial/vae_success Min           0
exploration/env_infos/vae_success Mean                  0
exploration/env_infos/vae_success Std                   0
exploration/env_infos/vae_success Max                   0
exploration/env_infos/vae_success Min                   0
exploration/env_infos/final/vae_dist Mean               2.16887
exploration/env_infos/final/vae_dist Std                0.639869
exploration/env_infos/final/vae_dist Max                3.09439
exploration/env_infos/final/vae_dist Min                1.19063
exploration/env_infos/initial/vae_dist Mean             2.16887
exploration/env_infos/initial/vae_dist Std              0.639869
exploration/env_infos/initial/vae_dist Max              3.09439
exploration/env_infos/initial/vae_dist Min              1.19063
exploration/env_infos/vae_dist Mean                     2.16887
exploration/env_infos/vae_dist Std                      0.639869
exploration/env_infos/vae_dist Max                      3.09439
exploration/env_infos/vae_dist Min                      1.19063
exploration/env_infos/final/vae_dist_l1 Mean            3.86059
exploration/env_infos/final/vae_dist_l1 Std             1.25529
exploration/env_infos/final/vae_dist_l1 Max             6.04146
exploration/env_infos/final/vae_dist_l1 Min             2.11925
exploration/env_infos/initial/vae_dist_l1 Mean          3.86059
exploration/env_infos/initial/vae_dist_l1 Std           1.25529
exploration/env_infos/initial/vae_dist_l1 Max           6.04145
exploration/env_infos/initial/vae_dist_l1 Min           2.11925
exploration/env_infos/vae_dist_l1 Mean                  3.86059
exploration/env_infos/vae_dist_l1 Std                   1.25529
exploration/env_infos/vae_dist_l1 Max                   6.04146
exploration/env_infos/vae_dist_l1 Min                   2.11925
exploration/env_infos/final/vae_dist_l2 Mean            2.16887
exploration/env_infos/final/vae_dist_l2 Std             0.639869
exploration/env_infos/final/vae_dist_l2 Max             3.09439
exploration/env_infos/final/vae_dist_l2 Min             1.19063
exploration/env_infos/initial/vae_dist_l2 Mean          2.16887
exploration/env_infos/initial/vae_dist_l2 Std           0.639869
exploration/env_infos/initial/vae_dist_l2 Max           3.09439
exploration/env_infos/initial/vae_dist_l2 Min           1.19063
exploration/env_infos/vae_dist_l2 Mean                  2.16887
exploration/env_infos/vae_dist_l2 Std                   0.639869
exploration/env_infos/vae_dist_l2 Max                   3.09439
exploration/env_infos/vae_dist_l2 Min                   1.19063
evaluation/num steps total                            500
evaluation/num paths total                             10
evaluation/path length Mean                            50
evaluation/path length Std                              0
evaluation/path length Max                             50
evaluation/path length Min                             50
evaluation/hand_distance Mean                           0.108481
evaluation/hand_distance Std                            0.0239784
evaluation/hand_distance Max                            0.142808
evaluation/hand_distance Min                            0.0619464
evaluation/Final hand_distance Mean                     0.108766
evaluation/Final hand_distance Std                      0.0238808
evaluation/Final hand_distance Max                      0.142748
evaluation/Final hand_distance Min                      0.0656788
evaluation/puck_distance Mean                           0.106065
evaluation/puck_distance Std                            0.0237416
evaluation/puck_distance Max                            0.158863
evaluation/puck_distance Min                            0.0766405
evaluation/Final puck_distance Mean                     0.106065
evaluation/Final puck_distance Std                      0.0237419
evaluation/Final puck_distance Max                      0.158862
evaluation/Final puck_distance Min                      0.0766408
evaluation/touch_distance Mean                          0.10552
evaluation/touch_distance Std                           0.00029384
evaluation/touch_distance Max                           0.105945
evaluation/touch_distance Min                           0.104999
evaluation/Final touch_distance Mean                    0.105891
evaluation/Final touch_distance Std                     1.8481e-06
evaluation/Final touch_distance Max                     0.105894
evaluation/Final touch_distance Min                     0.105889
evaluation/success Mean                                 0
evaluation/success Std                                  0
evaluation/success Max                                  0
evaluation/success Min                                  0
evaluation/Final success Mean                           0
evaluation/Final success Std                            0
evaluation/Final success Max                            0
evaluation/Final success Min                            0
evaluation/image_dist Mean                             11.4386
evaluation/image_dist Std                               0.98288
evaluation/image_dist Max                              12.8198
evaluation/image_dist Min                               9.99862
evaluation/Final image_dist Mean                       11.4591
evaluation/Final image_dist Std                         0.98228
evaluation/Final image_dist Max                        12.8019
evaluation/Final image_dist Min                        10.0481
evaluation/image_success Mean                          -0.996
evaluation/image_success Std                            0.0631189
evaluation/image_success Max                            0
evaluation/image_success Min                           -1
evaluation/Final image_success Mean                    -1
evaluation/Final image_success Std                      0
evaluation/Final image_success Max                     -1
evaluation/Final image_success Min                     -1
evaluation/vae_mdist Mean                               2.49753e-09
evaluation/vae_mdist Std                                1.58579e-09
evaluation/vae_mdist Max                                5.80269e-09
evaluation/vae_mdist Min                                1.82265e-10
evaluation/Final vae_mdist Mean                         2.98237e-09
evaluation/Final vae_mdist Std                          1.71891e-09
evaluation/Final vae_mdist Max                          5.79004e-09
evaluation/Final vae_mdist Min                          6.37139e-10
evaluation/vae_success Mean                             1
evaluation/vae_success Std                              0
evaluation/vae_success Max                              1
evaluation/vae_success Min                              1
evaluation/Final vae_success Mean                       1
evaluation/Final vae_success Std                        0
evaluation/Final vae_success Max                        1
evaluation/Final vae_success Min                        1
evaluation/vae_dist Mean                                2.10941e-06
evaluation/vae_dist Std                                 7.39421e-07
evaluation/vae_dist Max                                 3.40724e-06
evaluation/vae_dist Min                                 6.03846e-07
evaluation/Final vae_dist Mean                          2.33076e-06
evaluation/Final vae_dist Std                           7.30696e-07
evaluation/Final vae_dist Max                           3.40353e-06
evaluation/Final vae_dist Min                           1.12899e-06
evaluation/Rewards Mean                                -2.10941e-06
evaluation/Rewards Std                                  7.39421e-07
evaluation/Rewards Max                                 -6.03846e-07
evaluation/Rewards Min                                 -3.40724e-06
evaluation/Returns Mean                                -0.000105471
evaluation/Returns Std                                  3.61301e-05
evaluation/Returns Max                                 -4.58808e-05
evaluation/Returns Min                                 -0.000159653
evaluation/Actions Mean                                -0.0012998
evaluation/Actions Std                                  0.000324715
evaluation/Actions Max                                 -0.000975087
evaluation/Actions Min                                 -0.00162452
evaluation/Num Paths                                   10
evaluation/Average Returns                             -0.000105471
evaluation/env_infos/final/hand_distance Mean           0.108766
evaluation/env_infos/final/hand_distance Std            0.0238808
evaluation/env_infos/final/hand_distance Max            0.142748
evaluation/env_infos/final/hand_distance Min            0.0656788
evaluation/env_infos/initial/hand_distance Mean         0.106801
evaluation/env_infos/initial/hand_distance Std          0.0240254
evaluation/env_infos/initial/hand_distance Max          0.140116
evaluation/env_infos/initial/hand_distance Min          0.0619464
evaluation/env_infos/hand_distance Mean                 0.108481
evaluation/env_infos/hand_distance Std                  0.0239784
evaluation/env_infos/hand_distance Max                  0.142808
evaluation/env_infos/hand_distance Min                  0.0619464
evaluation/env_infos/final/puck_distance Mean           0.106065
evaluation/env_infos/final/puck_distance Std            0.0237419
evaluation/env_infos/final/puck_distance Max            0.158862
evaluation/env_infos/final/puck_distance Min            0.0766408
evaluation/env_infos/initial/puck_distance Mean         0.106065
evaluation/env_infos/initial/puck_distance Std          0.0237415
evaluation/env_infos/initial/puck_distance Max          0.158862
evaluation/env_infos/initial/puck_distance Min          0.0766426
evaluation/env_infos/puck_distance Mean                 0.106065
evaluation/env_infos/puck_distance Std                  0.0237416
evaluation/env_infos/puck_distance Max                  0.158863
evaluation/env_infos/puck_distance Min                  0.0766405
evaluation/env_infos/final/touch_distance Mean          0.105891
evaluation/env_infos/final/touch_distance Std           1.8481e-06
evaluation/env_infos/final/touch_distance Max           0.105894
evaluation/env_infos/final/touch_distance Min           0.105889
evaluation/env_infos/initial/touch_distance Mean        0.105354
evaluation/env_infos/initial/touch_distance Std         1.0655e-05
evaluation/env_infos/initial/touch_distance Max         0.10536
evaluation/env_infos/initial/touch_distance Min         0.105322
evaluation/env_infos/touch_distance Mean                0.10552
evaluation/env_infos/touch_distance Std                 0.00029384
evaluation/env_infos/touch_distance Max                 0.105945
evaluation/env_infos/touch_distance Min                 0.104999
evaluation/env_infos/final/success Mean                 0
evaluation/env_infos/final/success Std                  0
evaluation/env_infos/final/success Max                  0
evaluation/env_infos/final/success Min                  0
evaluation/env_infos/initial/success Mean               0
evaluation/env_infos/initial/success Std                0
evaluation/env_infos/initial/success Max                0
evaluation/env_infos/initial/success Min                0
evaluation/env_infos/success Mean                       0
evaluation/env_infos/success Std                        0
evaluation/env_infos/success Max                        0
evaluation/env_infos/success Min                        0
evaluation/env_infos/final/image_dist Mean             11.4591
evaluation/env_infos/final/image_dist Std               0.98228
evaluation/env_infos/final/image_dist Max              12.8019
evaluation/env_infos/final/image_dist Min              10.0481
evaluation/env_infos/initial/image_dist Mean           11.3448
evaluation/env_infos/initial/image_dist Std             0.904589
evaluation/env_infos/initial/image_dist Max            12.6133
evaluation/env_infos/initial/image_dist Min            10.2152
evaluation/env_infos/image_dist Mean                   11.4386
evaluation/env_infos/image_dist Std                     0.98288
evaluation/env_infos/image_dist Max                    12.8198
evaluation/env_infos/image_dist Min                     9.99862
evaluation/env_infos/final/image_success Mean          -1
evaluation/env_infos/final/image_success Std            0
evaluation/env_infos/final/image_success Max           -1
evaluation/env_infos/final/image_success Min           -1
evaluation/env_infos/initial/image_success Mean        -1
evaluation/env_infos/initial/image_success Std          0
evaluation/env_infos/initial/image_success Max         -1
evaluation/env_infos/initial/image_success Min         -1
evaluation/env_infos/image_success Mean                -0.996
evaluation/env_infos/image_success Std                  0.0631189
evaluation/env_infos/image_success Max                  0
evaluation/env_infos/image_success Min                 -1
evaluation/env_infos/final/vae_mdist Mean               2.98237e-09
evaluation/env_infos/final/vae_mdist Std                1.71891e-09
evaluation/env_infos/final/vae_mdist Max                5.79004e-09
evaluation/env_infos/final/vae_mdist Min                6.37139e-10
evaluation/env_infos/initial/vae_mdist Mean             2.11153e-09
evaluation/env_infos/initial/vae_mdist Std              1.27655e-09
evaluation/env_infos/initial/vae_mdist Max              4.24827e-09
evaluation/env_infos/initial/vae_mdist Min              5.5985e-10
evaluation/env_infos/vae_mdist Mean                     2.49753e-09
evaluation/env_infos/vae_mdist Std                      1.58579e-09
evaluation/env_infos/vae_mdist Max                      5.80269e-09
evaluation/env_infos/vae_mdist Min                      1.82265e-10
evaluation/env_infos/final/vae_success Mean             1
evaluation/env_infos/final/vae_success Std              0
evaluation/env_infos/final/vae_success Max              1
evaluation/env_infos/final/vae_success Min              1
evaluation/env_infos/initial/vae_success Mean           1
evaluation/env_infos/initial/vae_success Std            0
evaluation/env_infos/initial/vae_success Max            1
evaluation/env_infos/initial/vae_success Min            1
evaluation/env_infos/vae_success Mean                   1
evaluation/env_infos/vae_success Std                    0
evaluation/env_infos/vae_success Max                    1
evaluation/env_infos/vae_success Min                    1
evaluation/env_infos/final/vae_dist Mean                2.33076e-06
evaluation/env_infos/final/vae_dist Std                 7.30696e-07
evaluation/env_infos/final/vae_dist Max                 3.40353e-06
evaluation/env_infos/final/vae_dist Min                 1.12899e-06
evaluation/env_infos/initial/vae_dist Mean              1.95269e-06
evaluation/env_infos/initial/vae_dist Std               6.41204e-07
evaluation/env_infos/initial/vae_dist Max               2.91539e-06
evaluation/env_infos/initial/vae_dist Min               1.05826e-06
evaluation/env_infos/vae_dist Mean                      2.10941e-06
evaluation/env_infos/vae_dist Std                       7.39421e-07
evaluation/env_infos/vae_dist Max                       3.40724e-06
evaluation/env_infos/vae_dist Min                       6.03846e-07
evaluation/env_infos/final/vae_dist_l1 Mean             3.85599e-06
evaluation/env_infos/final/vae_dist_l1 Std              1.05997e-06
evaluation/env_infos/final/vae_dist_l1 Max              5.48032e-06
evaluation/env_infos/final/vae_dist_l1 Min              2.03357e-06
evaluation/env_infos/initial/vae_dist_l1 Mean           3.09454e-06
evaluation/env_infos/initial/vae_dist_l1 Std            9.20838e-07
evaluation/env_infos/initial/vae_dist_l1 Max            4.47196e-06
evaluation/env_infos/initial/vae_dist_l1 Min            1.69183e-06
evaluation/env_infos/vae_dist_l1 Mean                   3.47764e-06
evaluation/env_infos/vae_dist_l1 Std                    1.12352e-06
evaluation/env_infos/vae_dist_l1 Max                    5.53293e-06
evaluation/env_infos/vae_dist_l1 Min                    1.07515e-06
evaluation/env_infos/final/vae_dist_l2 Mean             2.33076e-06
evaluation/env_infos/final/vae_dist_l2 Std              7.30696e-07
evaluation/env_infos/final/vae_dist_l2 Max              3.40353e-06
evaluation/env_infos/final/vae_dist_l2 Min              1.12899e-06
evaluation/env_infos/initial/vae_dist_l2 Mean           1.95269e-06
evaluation/env_infos/initial/vae_dist_l2 Std            6.41204e-07
evaluation/env_infos/initial/vae_dist_l2 Max            2.91539e-06
evaluation/env_infos/initial/vae_dist_l2 Min            1.05826e-06
evaluation/env_infos/vae_dist_l2 Mean                   2.10941e-06
evaluation/env_infos/vae_dist_l2 Std                    7.39421e-07
evaluation/env_infos/vae_dist_l2 Max                    3.40724e-06
evaluation/env_infos/vae_dist_l2 Min                    6.03846e-07
time/data storing (s)                                   0.061021
time/evaluation sampling (s)                           13.5544
time/exploration sampling (s)                          13.7486
time/logging (s)                                        0.0104605
time/saving (s)                                         0.0265475
time/training (s)                                      16.383
time/vae training (s)                                   8.79039
time/epoch (s)                                         52.5744
time/total (s)                                         64.424
Epoch                                                   0
-------------------------------------------------  ----------------
2019-08-24 22:59:09.568057 EDT | [rlkit-skew-fit-pusher-reference-sample-from-true-prior-take2_2019_08_24_22_57_13_0000--s-0] Epoch 1 finished
-------------------------------------------------  ----------------
vae_trainer/train/log prob                          -3872.32
vae_trainer/train/KL                                   10.1428
vae_trainer/train/loss                               4075.18
vae_trainer/epoch                                       1
vae_trainer/test/log prob                          -11822.1
vae_trainer/test/KL                                    10.1284
vae_trainer/test/loss                               12024.7
vae_trainer/beta                                       20
replay_buffer/VAE Sample Weights Mean                   0.000909091
replay_buffer/VAE Sample Weights Std                    0.0045358
replay_buffer/VAE Sample Weights Max                    0.0740278
replay_buffer/VAE Sample Weights Min                    2.79674e-07
replay_buffer/VAE Sample Probs Mean                     0.000909091
replay_buffer/VAE Sample Probs Std                      0.0045358
replay_buffer/VAE Sample Probs Max                      0.0740278
replay_buffer/VAE Sample Probs Min                      2.79674e-07
trainer/QF1 Loss                                        2.61857
trainer/QF2 Loss                                        2.84697
trainer/Policy Loss                                     0.4325
trainer/Q1 Predictions Mean                            -1.79563
trainer/Q1 Predictions Std                              0.885168
trainer/Q1 Predictions Max                             -0.0567961
trainer/Q1 Predictions Min                             -4.58368
trainer/Q2 Predictions Mean                            -1.64677
trainer/Q2 Predictions Std                              0.901934
trainer/Q2 Predictions Max                              0.0757887
trainer/Q2 Predictions Min                             -4.39335
trainer/Q Targets Mean                                 -1.90698
trainer/Q Targets Std                                   1.40123
trainer/Q Targets Max                                   0.71869
trainer/Q Targets Min                                  -5.85943
trainer/Log Pis Mean                                   -1.36315
trainer/Log Pis Std                                     0.154847
trainer/Log Pis Max                                    -1.06102
trainer/Log Pis Min                                    -2.80359
trainer/Policy mu Mean                                 -0.00256794
trainer/Policy mu Std                                   0.00328234
trainer/Policy mu Max                                   0.00517181
trainer/Policy mu Min                                  -0.00829311
trainer/Policy log std Mean                            -0.140397
trainer/Policy log std Std                              0.00498909
trainer/Policy log std Max                             -0.124925
trainer/Policy log std Min                             -0.168389
trainer/Alpha                                           0.367448
trainer/Alpha Loss                                     -3.36373
exploration/num steps total                          1100
exploration/num paths total                            22
exploration/path length Mean                           50
exploration/path length Std                             0
exploration/path length Max                            50
exploration/path length Min                            50
exploration/hand_distance Mean                          0.10144
exploration/hand_distance Std                           0.0330848
exploration/hand_distance Max                           0.16779
exploration/hand_distance Min                           0.0299746
exploration/Final hand_distance Mean                    0.0947442
exploration/Final hand_distance Std                     0.0299097
exploration/Final hand_distance Max                     0.143035
exploration/Final hand_distance Min                     0.0346683
exploration/puck_distance Mean                          0.111155
exploration/puck_distance Std                           0.0401193
exploration/puck_distance Max                           0.157454
exploration/puck_distance Min                           0.0317904
exploration/Final puck_distance Mean                    0.10757
exploration/Final puck_distance Std                     0.0370686
exploration/Final puck_distance Max                     0.155989
exploration/Final puck_distance Min                     0.0413296
exploration/touch_distance Mean                         0.0962576
exploration/touch_distance Std                          0.0235075
exploration/touch_distance Max                          0.15883
exploration/touch_distance Min                          0.0566211
exploration/Final touch_distance Mean                   0.0924622
exploration/Final touch_distance Std                    0.0282829
exploration/Final touch_distance Max                    0.139368
exploration/Final touch_distance Min                    0.0588806
exploration/success Mean                                0
exploration/success Std                                 0
exploration/success Max                                 0
exploration/success Min                                 0
exploration/Final success Mean                          0
exploration/Final success Std                           0
exploration/Final success Max                           0
exploration/Final success Min                           0
exploration/image_dist Mean                            12.2545
exploration/image_dist Std                              1.55554
exploration/image_dist Max                             15.8709
exploration/image_dist Min                              8.06542
exploration/Final image_dist Mean                      12.5298
exploration/Final image_dist Std                        2.09083
exploration/Final image_dist Max                       15.3567
exploration/Final image_dist Min                        9.9907
exploration/image_success Mean                         -0.918
exploration/image_success Std                           0.274365
exploration/image_success Max                           0
exploration/image_success Min                          -1
exploration/Final image_success Mean                   -0.9
exploration/Final image_success Std                     0.3
exploration/Final image_success Max                     0
exploration/Final image_success Min                    -1
exploration/vae_mdist Mean                           1136.85
exploration/vae_mdist Std                             694.584
exploration/vae_mdist Max                            2976.45
exploration/vae_mdist Min                             108.5
exploration/Final vae_mdist Mean                     1137.67
exploration/Final vae_mdist Std                       689.116
exploration/Final vae_mdist Max                      2914.92
exploration/Final vae_mdist Min                       139.182
exploration/vae_success Mean                            0
exploration/vae_success Std                             0
exploration/vae_success Max                             0
exploration/vae_success Min                             0
exploration/Final vae_success Mean                      0
exploration/Final vae_success Std                       0
exploration/Final vae_success Max                       0
exploration/Final vae_success Min                       0
exploration/vae_dist Mean                               2.82954
exploration/vae_dist Std                                0.900279
exploration/vae_dist Max                                4.69479
exploration/vae_dist Min                                0.927932
exploration/Final vae_dist Mean                         2.808
exploration/Final vae_dist Std                          0.91634
exploration/Final vae_dist Max                          4.68802
exploration/Final vae_dist Min                          0.947442
exploration/Rewards Mean                               -2.82954
exploration/Rewards Std                                 0.900279
exploration/Rewards Max                                -0.927932
exploration/Rewards Min                                -4.69479
exploration/Returns Mean                             -141.477
exploration/Returns Std                                44.835
exploration/Returns Max                               -46.9745
exploration/Returns Min                              -231.594
exploration/Actions Mean                                0.00423231
exploration/Actions Std                                 0.597776
exploration/Actions Max                                 0.994061
exploration/Actions Min                                -0.994031
exploration/Num Paths                                  10
exploration/Average Returns                          -141.477
exploration/env_infos/final/hand_distance Mean          0.0947442
exploration/env_infos/final/hand_distance Std           0.0299097
exploration/env_infos/final/hand_distance Max           0.143035
exploration/env_infos/final/hand_distance Min           0.0346683
exploration/env_infos/initial/hand_distance Mean        0.119952
exploration/env_infos/initial/hand_distance Std         0.0295196
exploration/env_infos/initial/hand_distance Max         0.163979
exploration/env_infos/initial/hand_distance Min         0.0875975
exploration/env_infos/hand_distance Mean                0.10144
exploration/env_infos/hand_distance Std                 0.0330848
exploration/env_infos/hand_distance Max                 0.16779
exploration/env_infos/hand_distance Min                 0.0299746
exploration/env_infos/final/puck_distance Mean          0.10757
exploration/env_infos/final/puck_distance Std           0.0370686
exploration/env_infos/final/puck_distance Max           0.155989
exploration/env_infos/final/puck_distance Min           0.0413296
exploration/env_infos/initial/puck_distance Mean        0.108917
exploration/env_infos/initial/puck_distance Std         0.0382341
exploration/env_infos/initial/puck_distance Max         0.157454
exploration/env_infos/initial/puck_distance Min         0.031792
exploration/env_infos/puck_distance Mean                0.111155
exploration/env_infos/puck_distance Std                 0.0401193
exploration/env_infos/puck_distance Max                 0.157454
exploration/env_infos/puck_distance Min                 0.0317904
exploration/env_infos/final/touch_distance Mean         0.0924622
exploration/env_infos/final/touch_distance Std          0.0282829
exploration/env_infos/final/touch_distance Max          0.139368
exploration/env_infos/final/touch_distance Min          0.0588806
exploration/env_infos/initial/touch_distance Mean       0.105502
exploration/env_infos/initial/touch_distance Std        0.000427725
exploration/env_infos/initial/touch_distance Max        0.106351
exploration/env_infos/initial/touch_distance Min        0.105176
exploration/env_infos/touch_distance Mean               0.0962576
exploration/env_infos/touch_distance Std                0.0235075
exploration/env_infos/touch_distance Max                0.15883
exploration/env_infos/touch_distance Min                0.0566211
exploration/env_infos/final/success Mean                0
exploration/env_infos/final/success Std                 0
exploration/env_infos/final/success Max                 0
exploration/env_infos/final/success Min                 0
exploration/env_infos/initial/success Mean              0
exploration/env_infos/initial/success Std               0
exploration/env_infos/initial/success Max               0
exploration/env_infos/initial/success Min               0
exploration/env_infos/success Mean                      0
exploration/env_infos/success Std                       0
exploration/env_infos/success Max                       0
exploration/env_infos/success Min                       0
exploration/env_infos/final/image_dist Mean            12.5298
exploration/env_infos/final/image_dist Std              2.09083
exploration/env_infos/final/image_dist Max             15.3567
exploration/env_infos/final/image_dist Min              9.9907
exploration/env_infos/initial/image_dist Mean          11.6383
exploration/env_infos/initial/image_dist Std            1.07065
exploration/env_infos/initial/image_dist Max           13.3873
exploration/env_infos/initial/image_dist Min           10.0418
exploration/env_infos/image_dist Mean                  12.2545
exploration/env_infos/image_dist Std                    1.55554
exploration/env_infos/image_dist Max                   15.8709
exploration/env_infos/image_dist Min                    8.06542
exploration/env_infos/final/image_success Mean         -0.9
exploration/env_infos/final/image_success Std           0.3
exploration/env_infos/final/image_success Max           0
exploration/env_infos/final/image_success Min          -1
exploration/env_infos/initial/image_success Mean       -1
exploration/env_infos/initial/image_success Std         0
exploration/env_infos/initial/image_success Max        -1
exploration/env_infos/initial/image_success Min        -1
exploration/env_infos/image_success Mean               -0.918
exploration/env_infos/image_success Std                 0.274365
exploration/env_infos/image_success Max                 0
exploration/env_infos/image_success Min                -1
exploration/env_infos/final/vae_mdist Mean           1137.67
exploration/env_infos/final/vae_mdist Std             689.116
exploration/env_infos/final/vae_mdist Max            2914.92
exploration/env_infos/final/vae_mdist Min             139.182
exploration/env_infos/initial/vae_mdist Mean         1138.44
exploration/env_infos/initial/vae_mdist Std           685.336
exploration/env_infos/initial/vae_mdist Max          2913.1
exploration/env_infos/initial/vae_mdist Min           108.965
exploration/env_infos/vae_mdist Mean                 1136.85
exploration/env_infos/vae_mdist Std                   694.584
exploration/env_infos/vae_mdist Max                  2976.45
exploration/env_infos/vae_mdist Min                   108.5
exploration/env_infos/final/vae_success Mean            0
exploration/env_infos/final/vae_success Std             0
exploration/env_infos/final/vae_success Max             0
exploration/env_infos/final/vae_success Min             0
exploration/env_infos/initial/vae_success Mean          0
exploration/env_infos/initial/vae_success Std           0
exploration/env_infos/initial/vae_success Max           0
exploration/env_infos/initial/vae_success Min           0
exploration/env_infos/vae_success Mean                  0
exploration/env_infos/vae_success Std                   0
exploration/env_infos/vae_success Max                   0
exploration/env_infos/vae_success Min                   0
exploration/env_infos/final/vae_dist Mean               2.808
exploration/env_infos/final/vae_dist Std                0.91634
exploration/env_infos/final/vae_dist Max                4.68802
exploration/env_infos/final/vae_dist Min                0.947442
exploration/env_infos/initial/vae_dist Mean             2.92901
exploration/env_infos/initial/vae_dist Std              0.898321
exploration/env_infos/initial/vae_dist Max              4.6845
exploration/env_infos/initial/vae_dist Min              0.946772
exploration/env_infos/vae_dist Mean                     2.82954
exploration/env_infos/vae_dist Std                      0.900279
exploration/env_infos/vae_dist Max                      4.69479
exploration/env_infos/vae_dist Min                      0.927932
exploration/env_infos/final/vae_dist_l1 Mean            4.803
exploration/env_infos/final/vae_dist_l1 Std             1.61813
exploration/env_infos/final/vae_dist_l1 Max             7.65586
exploration/env_infos/final/vae_dist_l1 Min             1.34121
exploration/env_infos/initial/vae_dist_l1 Mean          5.08301
exploration/env_infos/initial/vae_dist_l1 Std           1.52787
exploration/env_infos/initial/vae_dist_l1 Max           7.64749
exploration/env_infos/initial/vae_dist_l1 Min           1.68516
exploration/env_infos/vae_dist_l1 Mean                  4.86348
exploration/env_infos/vae_dist_l1 Std                   1.56131
exploration/env_infos/vae_dist_l1 Max                   7.6728
exploration/env_infos/vae_dist_l1 Min                   1.32909
exploration/env_infos/final/vae_dist_l2 Mean            2.808
exploration/env_infos/final/vae_dist_l2 Std             0.91634
exploration/env_infos/final/vae_dist_l2 Max             4.68802
exploration/env_infos/final/vae_dist_l2 Min             0.947442
exploration/env_infos/initial/vae_dist_l2 Mean          2.92901
exploration/env_infos/initial/vae_dist_l2 Std           0.898321
exploration/env_infos/initial/vae_dist_l2 Max           4.6845
exploration/env_infos/initial/vae_dist_l2 Min           0.946772
exploration/env_infos/vae_dist_l2 Mean                  2.82954
exploration/env_infos/vae_dist_l2 Std                   0.900279
exploration/env_infos/vae_dist_l2 Max                   4.69479
exploration/env_infos/vae_dist_l2 Min                   0.927932
evaluation/num steps total                           1000
evaluation/num paths total                             20
evaluation/path length Mean                            50
evaluation/path length Std                              0
evaluation/path length Max                             50
evaluation/path length Min                             50
evaluation/hand_distance Mean                           0.111274
evaluation/hand_distance Std                            0.0246977
evaluation/hand_distance Max                            0.14565
evaluation/hand_distance Min                            0.0782406
evaluation/Final hand_distance Mean                     0.111399
evaluation/Final hand_distance Std                      0.0247477
evaluation/Final hand_distance Max                      0.144166
evaluation/Final hand_distance Min                      0.0789333
evaluation/puck_distance Mean                           0.108136
evaluation/puck_distance Std                            0.0422634
evaluation/puck_distance Max                            0.167278
evaluation/puck_distance Min                            0.026755
evaluation/Final puck_distance Mean                     0.108136
evaluation/Final puck_distance Std                      0.0422634
evaluation/Final puck_distance Max                      0.167277
evaluation/Final puck_distance Min                      0.026756
evaluation/touch_distance Mean                          0.105215
evaluation/touch_distance Std                           0.000127693
evaluation/touch_distance Max                           0.105417
evaluation/touch_distance Min                           0.104978
evaluation/Final touch_distance Mean                    0.105212
evaluation/Final touch_distance Std                     1.70513e-05
evaluation/Final touch_distance Max                     0.105245
evaluation/Final touch_distance Min                     0.105188
evaluation/success Mean                                 0
evaluation/success Std                                  0
evaluation/success Max                                  0
evaluation/success Min                                  0
evaluation/Final success Mean                           0
evaluation/Final success Std                            0
evaluation/Final success Max                            0
evaluation/Final success Min                            0
evaluation/image_dist Mean                             11.1307
evaluation/image_dist Std                               0.878516
evaluation/image_dist Max                              12.5468
evaluation/image_dist Min                               9.22393
evaluation/Final image_dist Mean                       11.1658
evaluation/Final image_dist Std                         0.86434
evaluation/Final image_dist Max                        12.4994
evaluation/Final image_dist Min                         9.42208
evaluation/image_success Mean                          -0.9
evaluation/image_success Std                            0.3
evaluation/image_success Max                            0
evaluation/image_success Min                           -1
evaluation/Final image_success Mean                    -0.9
evaluation/Final image_success Std                      0.3
evaluation/Final image_success Max                      0
evaluation/Final image_success Min                     -1
evaluation/vae_mdist Mean                               5.97736
evaluation/vae_mdist Std                                3.22901
evaluation/vae_mdist Max                               12.8121
evaluation/vae_mdist Min                                1.74198
evaluation/Final vae_mdist Mean                         5.83185
evaluation/Final vae_mdist Std                          3.15712
evaluation/Final vae_mdist Max                         11.8418
evaluation/Final vae_mdist Min                          2.17919
evaluation/vae_success Mean                             1
evaluation/vae_success Std                              0
evaluation/vae_success Max                              1
evaluation/vae_success Min                              1
evaluation/Final vae_success Mean                       1
evaluation/Final vae_success Std                        0
evaluation/Final vae_success Max                        1
evaluation/Final vae_success Min                        1
evaluation/vae_dist Mean                                0.221439
evaluation/vae_dist Std                                 0.0589753
evaluation/vae_dist Max                                 0.33633
evaluation/vae_dist Min                                 0.123261
evaluation/Final vae_dist Mean                          0.218531
evaluation/Final vae_dist Std                           0.0581474
evaluation/Final vae_dist Max                           0.322214
evaluation/Final vae_dist Min                           0.138301
evaluation/Rewards Mean                                -0.221439
evaluation/Rewards Std                                  0.0589753
evaluation/Rewards Max                                 -0.123261
evaluation/Rewards Min                                 -0.33633
evaluation/Returns Mean                               -11.072
evaluation/Returns Std                                  2.9221
evaluation/Returns Max                                 -7.01303
evaluation/Returns Min                                -16.2758
evaluation/Actions Mean                                -0.00216322
evaluation/Actions Std                                  0.002916
evaluation/Actions Max                                  0.000782644
evaluation/Actions Min                                 -0.00512779
evaluation/Num Paths                                   10
evaluation/Average Returns                            -11.072
evaluation/env_infos/final/hand_distance Mean           0.111399
evaluation/env_infos/final/hand_distance Std            0.0247477
evaluation/env_infos/final/hand_distance Max            0.144166
evaluation/env_infos/final/hand_distance Min            0.0789333
evaluation/env_infos/initial/hand_distance Mean         0.111914
evaluation/env_infos/initial/hand_distance Std          0.0252128
evaluation/env_infos/initial/hand_distance Max          0.14565
evaluation/env_infos/initial/hand_distance Min          0.0782406
evaluation/env_infos/hand_distance Mean                 0.111274
evaluation/env_infos/hand_distance Std                  0.0246977
evaluation/env_infos/hand_distance Max                  0.14565
evaluation/env_infos/hand_distance Min                  0.0782406
evaluation/env_infos/final/puck_distance Mean           0.108136
evaluation/env_infos/final/puck_distance Std            0.0422634
evaluation/env_infos/final/puck_distance Max            0.167277
evaluation/env_infos/final/puck_distance Min            0.026756
evaluation/env_infos/initial/puck_distance Mean         0.108136
evaluation/env_infos/initial/puck_distance Std          0.0422633
evaluation/env_infos/initial/puck_distance Max          0.167278
evaluation/env_infos/initial/puck_distance Min          0.026756
evaluation/env_infos/puck_distance Mean                 0.108136
evaluation/env_infos/puck_distance Std                  0.0422634
evaluation/env_infos/puck_distance Max                  0.167278
evaluation/env_infos/puck_distance Min                  0.026755
evaluation/env_infos/final/touch_distance Mean          0.105212
evaluation/env_infos/final/touch_distance Std           1.70513e-05
evaluation/env_infos/final/touch_distance Max           0.105245
evaluation/env_infos/final/touch_distance Min           0.105188
evaluation/env_infos/initial/touch_distance Mean        0.105362
evaluation/env_infos/initial/touch_distance Std         1.34814e-06
evaluation/env_infos/initial/touch_distance Max         0.105364
evaluation/env_infos/initial/touch_distance Min         0.105359
evaluation/env_infos/touch_distance Mean                0.105215
evaluation/env_infos/touch_distance Std                 0.000127693
evaluation/env_infos/touch_distance Max                 0.105417
evaluation/env_infos/touch_distance Min                 0.104978
evaluation/env_infos/final/success Mean                 0
evaluation/env_infos/final/success Std                  0
evaluation/env_infos/final/success Max                  0
evaluation/env_infos/final/success Min                  0
evaluation/env_infos/initial/success Mean               0
evaluation/env_infos/initial/success Std                0
evaluation/env_infos/initial/success Max                0
evaluation/env_infos/initial/success Min                0
evaluation/env_infos/success Mean                       0
evaluation/env_infos/success Std                        0
evaluation/env_infos/success Max                        0
evaluation/env_infos/success Min                        0
evaluation/env_infos/final/image_dist Mean             11.1658
evaluation/env_infos/final/image_dist Std               0.86434
evaluation/env_infos/final/image_dist Max              12.4994
evaluation/env_infos/final/image_dist Min               9.42208
evaluation/env_infos/initial/image_dist Mean           11.154
evaluation/env_infos/initial/image_dist Std             0.861774
evaluation/env_infos/initial/image_dist Max            12.5468
evaluation/env_infos/initial/image_dist Min             9.43243
evaluation/env_infos/image_dist Mean                   11.1307
evaluation/env_infos/image_dist Std                     0.878516
evaluation/env_infos/image_dist Max                    12.5468
evaluation/env_infos/image_dist Min                     9.22393
evaluation/env_infos/final/image_success Mean          -0.9
evaluation/env_infos/final/image_success Std            0.3
evaluation/env_infos/final/image_success Max            0
evaluation/env_infos/final/image_success Min           -1
evaluation/env_infos/initial/image_success Mean        -0.9
evaluation/env_infos/initial/image_success Std          0.3
evaluation/env_infos/initial/image_success Max          0
evaluation/env_infos/initial/image_success Min         -1
evaluation/env_infos/image_success Mean                -0.9
evaluation/env_infos/image_success Std                  0.3
evaluation/env_infos/image_success Max                  0
evaluation/env_infos/image_success Min                 -1
evaluation/env_infos/final/vae_mdist Mean               5.83185
evaluation/env_infos/final/vae_mdist Std                3.15712
evaluation/env_infos/final/vae_mdist Max               11.8418
evaluation/env_infos/final/vae_mdist Min                2.17919
evaluation/env_infos/initial/vae_mdist Mean             6.2149
evaluation/env_infos/initial/vae_mdist Std              3.27342
evaluation/env_infos/initial/vae_mdist Max             12.4376
evaluation/env_infos/initial/vae_mdist Min              2.39093
evaluation/env_infos/vae_mdist Mean                     5.97736
evaluation/env_infos/vae_mdist Std                      3.22901
evaluation/env_infos/vae_mdist Max                     12.8121
evaluation/env_infos/vae_mdist Min                      1.74198
evaluation/env_infos/final/vae_success Mean             1
evaluation/env_infos/final/vae_success Std              0
evaluation/env_infos/final/vae_success Max              1
evaluation/env_infos/final/vae_success Min              1
evaluation/env_infos/initial/vae_success Mean           1
evaluation/env_infos/initial/vae_success Std            0
evaluation/env_infos/initial/vae_success Max            1
evaluation/env_infos/initial/vae_success Min            1
evaluation/env_infos/vae_success Mean                   1
evaluation/env_infos/vae_success Std                    0
evaluation/env_infos/vae_success Max                    1
evaluation/env_infos/vae_success Min                    1
evaluation/env_infos/final/vae_dist Mean                0.218531
evaluation/env_infos/final/vae_dist Std                 0.0581474
evaluation/env_infos/final/vae_dist Max                 0.322214
evaluation/env_infos/final/vae_dist Min                 0.138301
evaluation/env_infos/initial/vae_dist Mean              0.226376
evaluation/env_infos/initial/vae_dist Std               0.0585608
evaluation/env_infos/initial/vae_dist Max               0.330783
evaluation/env_infos/initial/vae_dist Min               0.145056
evaluation/env_infos/vae_dist Mean                      0.221439
evaluation/env_infos/vae_dist Std                       0.0589753
evaluation/env_infos/vae_dist Max                       0.33633
evaluation/env_infos/vae_dist Min                       0.123261
evaluation/env_infos/final/vae_dist_l1 Mean             0.436971
evaluation/env_infos/final/vae_dist_l1 Std              0.116272
evaluation/env_infos/final/vae_dist_l1 Max              0.644296
evaluation/env_infos/final/vae_dist_l1 Min              0.276541
evaluation/env_infos/initial/vae_dist_l1 Mean           0.452659
evaluation/env_infos/initial/vae_dist_l1 Std            0.117099
evaluation/env_infos/initial/vae_dist_l1 Max            0.661434
evaluation/env_infos/initial/vae_dist_l1 Min            0.290052
evaluation/env_infos/vae_dist_l1 Mean                   0.442787
evaluation/env_infos/vae_dist_l1 Std                    0.117928
evaluation/env_infos/vae_dist_l1 Max                    0.672525
evaluation/env_infos/vae_dist_l1 Min                    0.246462
evaluation/env_infos/final/vae_dist_l2 Mean             0.218531
evaluation/env_infos/final/vae_dist_l2 Std              0.0581474
evaluation/env_infos/final/vae_dist_l2 Max              0.322214
evaluation/env_infos/final/vae_dist_l2 Min              0.138301
evaluation/env_infos/initial/vae_dist_l2 Mean           0.226376
evaluation/env_infos/initial/vae_dist_l2 Std            0.0585608
evaluation/env_infos/initial/vae_dist_l2 Max            0.330783
evaluation/env_infos/initial/vae_dist_l2 Min            0.145056
evaluation/env_infos/vae_dist_l2 Mean                   0.221439
evaluation/env_infos/vae_dist_l2 Std                    0.0589753
evaluation/env_infos/vae_dist_l2 Max                    0.33633
evaluation/env_infos/vae_dist_l2 Min                    0.123261
time/data storing (s)                                   0.0599103
time/evaluation sampling (s)                           13.6261
time/exploration sampling (s)                          13.5938
time/logging (s)                                        0.0103211
time/saving (s)                                         0.0344569
time/training (s)                                      16.2567
time/vae training (s)                                   8.83228
time/epoch (s)                                         52.4135
time/total (s)                                        116.849
Epoch                                                   1
-------------------------------------------------  ----------------
2019-08-24 23:00:03.177298 EDT | [rlkit-skew-fit-pusher-reference-sample-from-true-prior-take2_2019_08_24_22_57_13_0000--s-0] Epoch 2 finished
-------------------------------------------------  ----------------
vae_trainer/train/log prob                          -1442
vae_trainer/train/KL                                   10.3884
vae_trainer/train/loss                               1649.77
vae_trainer/epoch                                       2
vae_trainer/test/log prob                          -10809.6
vae_trainer/test/KL                                     9.924
vae_trainer/test/loss                               11008.1
vae_trainer/beta                                       20
replay_buffer/VAE Sample Weights Mean                   0.000625
replay_buffer/VAE Sample Weights Std                    0.0156372
replay_buffer/VAE Sample Weights Max                    0.587627
replay_buffer/VAE Sample Weights Min                    4.20688e-09
replay_buffer/VAE Sample Probs Mean                     0.000625
replay_buffer/VAE Sample Probs Std                      0.0156372
replay_buffer/VAE Sample Probs Max                      0.587627
replay_buffer/VAE Sample Probs Min                      4.20688e-09
trainer/QF1 Loss                                        1.6393
trainer/QF2 Loss                                        1.44828
trainer/Policy Loss                                     2.67465
trainer/Q1 Predictions Mean                            -3.94324
trainer/Q1 Predictions Std                              2.09354
trainer/Q1 Predictions Max                              0.221131
trainer/Q1 Predictions Min                            -11.9449
trainer/Q2 Predictions Mean                            -3.96965
trainer/Q2 Predictions Std                              2.0189
trainer/Q2 Predictions Max                              0.140749
trainer/Q2 Predictions Min                            -11.4663
trainer/Q Targets Mean                                 -4.04064
trainer/Q Targets Std                                   2.10184
trainer/Q Targets Max                                   0.0883409
trainer/Q Targets Min                                 -11.798
trainer/Log Pis Mean                                   -1.37257
trainer/Log Pis Std                                     0.214276
trainer/Log Pis Max                                    -0.981847
trainer/Log Pis Min                                    -5.37154
trainer/Policy mu Mean                                  0.00698121
trainer/Policy mu Std                                   0.0229821
trainer/Policy mu Max                                   0.047707
trainer/Policy mu Min                                  -0.0170423
trainer/Policy log std Mean                            -0.125566
trainer/Policy log std Std                              0.00523263
trainer/Policy log std Max                             -0.11538
trainer/Policy log std Min                             -0.151032
trainer/Alpha                                           0.13518
trainer/Alpha Loss                                     -6.74564
exploration/num steps total                          1600
exploration/num paths total                            32
exploration/path length Mean                           50
exploration/path length Std                             0
exploration/path length Max                            50
exploration/path length Min                            50
exploration/hand_distance Mean                          0.0952983
exploration/hand_distance Std                           0.0287906
exploration/hand_distance Max                           0.161993
exploration/hand_distance Min                           0.0369292
exploration/Final hand_distance Mean                    0.0851202
exploration/Final hand_distance Std                     0.0313559
exploration/Final hand_distance Max                     0.14597
exploration/Final hand_distance Min                     0.0390992
exploration/puck_distance Mean                          0.104834
exploration/puck_distance Std                           0.0417954
exploration/puck_distance Max                           0.161415
exploration/puck_distance Min                           0.00905615
exploration/Final puck_distance Mean                    0.101587
exploration/Final puck_distance Std                     0.0433176
exploration/Final puck_distance Max                     0.161413
exploration/Final puck_distance Min                     0.0146272
exploration/touch_distance Mean                         0.0914499
exploration/touch_distance Std                          0.0186202
exploration/touch_distance Max                          0.150637
exploration/touch_distance Min                          0.0572533
exploration/Final touch_distance Mean                   0.0865047
exploration/Final touch_distance Std                    0.0279452
exploration/Final touch_distance Max                    0.146735
exploration/Final touch_distance Min                    0.0586257
exploration/success Mean                                0
exploration/success Std                                 0
exploration/success Max                                 0
exploration/success Min                                 0
exploration/Final success Mean                          0
exploration/Final success Std                           0
exploration/Final success Max                           0
exploration/Final success Min                           0
exploration/image_dist Mean                            12.3307
exploration/image_dist Std                              1.52199
exploration/image_dist Max                             16.0566
exploration/image_dist Min                              8.52802
exploration/Final image_dist Mean                      11.7926
exploration/Final image_dist Std                        1.84608
exploration/Final image_dist Max                       15.6798
exploration/Final image_dist Min                        9.9729
exploration/image_success Mean                         -0.966
exploration/image_success Std                           0.181229
exploration/image_success Max                           0
exploration/image_success Min                          -1
exploration/Final image_success Mean                   -0.9
exploration/Final image_success Std                     0.3
exploration/Final image_success Max                     0
exploration/Final image_success Min                    -1
exploration/vae_mdist Mean                            794.039
exploration/vae_mdist Std                             594.421
exploration/vae_mdist Max                            2521.36
exploration/vae_mdist Min                             145.069
exploration/Final vae_mdist Mean                      827.591
exploration/Final vae_mdist Std                       566.939
exploration/Final vae_mdist Max                      2018.2
exploration/Final vae_mdist Min                       227.146
exploration/vae_success Mean                            0
exploration/vae_success Std                             0
exploration/vae_success Max                             0
exploration/vae_success Min                             0
exploration/Final vae_success Mean                      0
exploration/Final vae_success Std                       0
exploration/Final vae_success Max                       0
exploration/Final vae_success Min                       0
exploration/vae_dist Mean                               3.41997
exploration/vae_dist Std                                0.917441
exploration/vae_dist Max                                5.16027
exploration/vae_dist Min                                1.37753
exploration/Final vae_dist Mean                         3.32574
exploration/Final vae_dist Std                          0.809382
exploration/Final vae_dist Max                          4.71012
exploration/Final vae_dist Min                          1.84698
exploration/Rewards Mean                               -3.41997
exploration/Rewards Std                                 0.917441
exploration/Rewards Max                                -1.37753
exploration/Rewards Min                                -5.16027
exploration/Returns Mean                             -170.998
exploration/Returns Std                                41.6435
exploration/Returns Max                               -90.8997
exploration/Returns Min                              -233.043
exploration/Actions Mean                                0.0211424
exploration/Actions Std                                 0.59141
exploration/Actions Max                                 0.989724
exploration/Actions Min                                -0.988484
exploration/Num Paths                                  10
exploration/Average Returns                          -170.998
exploration/env_infos/final/hand_distance Mean          0.0851202
exploration/env_infos/final/hand_distance Std           0.0313559
exploration/env_infos/final/hand_distance Max           0.14597
exploration/env_infos/final/hand_distance Min           0.0390992
exploration/env_infos/initial/hand_distance Mean        0.105857
exploration/env_infos/initial/hand_distance Std         0.0294604
exploration/env_infos/initial/hand_distance Max         0.161993
exploration/env_infos/initial/hand_distance Min         0.0707933
exploration/env_infos/hand_distance Mean                0.0952983
exploration/env_infos/hand_distance Std                 0.0287906
exploration/env_infos/hand_distance Max                 0.161993
exploration/env_infos/hand_distance Min                 0.0369292
exploration/env_infos/final/puck_distance Mean          0.101587
exploration/env_infos/final/puck_distance Std           0.0433176
exploration/env_infos/final/puck_distance Max           0.161413
exploration/env_infos/final/puck_distance Min           0.0146272
exploration/env_infos/initial/puck_distance Mean        0.105045
exploration/env_infos/initial/puck_distance Std         0.0421997
exploration/env_infos/initial/puck_distance Max         0.161414
exploration/env_infos/initial/puck_distance Min         0.0376071
exploration/env_infos/puck_distance Mean                0.104834
exploration/env_infos/puck_distance Std                 0.0417954
exploration/env_infos/puck_distance Max                 0.161415
exploration/env_infos/puck_distance Min                 0.00905615
exploration/env_infos/final/touch_distance Mean         0.0865047
exploration/env_infos/final/touch_distance Std          0.0279452
exploration/env_infos/final/touch_distance Max          0.146735
exploration/env_infos/final/touch_distance Min          0.0586257
exploration/env_infos/initial/touch_distance Mean       0.105503
exploration/env_infos/initial/touch_distance Std        0.000479407
exploration/env_infos/initial/touch_distance Max        0.106615
exploration/env_infos/initial/touch_distance Min        0.105064
exploration/env_infos/touch_distance Mean               0.0914499
exploration/env_infos/touch_distance Std                0.0186202
exploration/env_infos/touch_distance Max                0.150637
exploration/env_infos/touch_distance Min                0.0572533
exploration/env_infos/final/success Mean                0
exploration/env_infos/final/success Std                 0
exploration/env_infos/final/success Max                 0
exploration/env_infos/final/success Min                 0
exploration/env_infos/initial/success Mean              0
exploration/env_infos/initial/success Std               0
exploration/env_infos/initial/success Max               0
exploration/env_infos/initial/success Min               0
exploration/env_infos/success Mean                      0
exploration/env_infos/success Std                       0
exploration/env_infos/success Max                       0
exploration/env_infos/success Min                       0
exploration/env_infos/final/image_dist Mean            11.7926
exploration/env_infos/final/image_dist Std              1.84608
exploration/env_infos/final/image_dist Max             15.6798
exploration/env_infos/final/image_dist Min              9.9729
exploration/env_infos/initial/image_dist Mean          11.4601
exploration/env_infos/initial/image_dist Std            0.617849
exploration/env_infos/initial/image_dist Max           12.2651
exploration/env_infos/initial/image_dist Min           10.4314
exploration/env_infos/image_dist Mean                  12.3307
exploration/env_infos/image_dist Std                    1.52199
exploration/env_infos/image_dist Max                   16.0566
exploration/env_infos/image_dist Min                    8.52802
exploration/env_infos/final/image_success Mean         -0.9
exploration/env_infos/final/image_success Std           0.3
exploration/env_infos/final/image_success Max           0
exploration/env_infos/final/image_success Min          -1
exploration/env_infos/initial/image_success Mean       -1
exploration/env_infos/initial/image_success Std         0
exploration/env_infos/initial/image_success Max        -1
exploration/env_infos/initial/image_success Min        -1
exploration/env_infos/image_success Mean               -0.966
exploration/env_infos/image_success Std                 0.181229
exploration/env_infos/image_success Max                 0
exploration/env_infos/image_success Min                -1
exploration/env_infos/final/vae_mdist Mean            827.591
exploration/env_infos/final/vae_mdist Std             566.939
exploration/env_infos/final/vae_mdist Max            2018.2
exploration/env_infos/final/vae_mdist Min             227.146
exploration/env_infos/initial/vae_mdist Mean          398.623
exploration/env_infos/initial/vae_mdist Std           114.338
exploration/env_infos/initial/vae_mdist Max           578.935
exploration/env_infos/initial/vae_mdist Min           169.669
exploration/env_infos/vae_mdist Mean                  794.039
exploration/env_infos/vae_mdist Std                   594.421
exploration/env_infos/vae_mdist Max                  2521.36
exploration/env_infos/vae_mdist Min                   145.069
exploration/env_infos/final/vae_success Mean            0
exploration/env_infos/final/vae_success Std             0
exploration/env_infos/final/vae_success Max             0
exploration/env_infos/final/vae_success Min             0
exploration/env_infos/initial/vae_success Mean          0
exploration/env_infos/initial/vae_success Std           0
exploration/env_infos/initial/vae_success Max           0
exploration/env_infos/initial/vae_success Min           0
exploration/env_infos/vae_success Mean                  0
exploration/env_infos/vae_success Std                   0
exploration/env_infos/vae_success Max                   0
exploration/env_infos/vae_success Min                   0
exploration/env_infos/final/vae_dist Mean               3.32574
exploration/env_infos/final/vae_dist Std                0.809382
exploration/env_infos/final/vae_dist Max                4.71012
exploration/env_infos/final/vae_dist Min                1.84698
exploration/env_infos/initial/vae_dist Mean             3.26657
exploration/env_infos/initial/vae_dist Std              0.74916
exploration/env_infos/initial/vae_dist Max              4.84117
exploration/env_infos/initial/vae_dist Min              2.12492
exploration/env_infos/vae_dist Mean                     3.41997
exploration/env_infos/vae_dist Std                      0.917441
exploration/env_infos/vae_dist Max                      5.16027
exploration/env_infos/vae_dist Min                      1.37753
exploration/env_infos/final/vae_dist_l1 Mean            5.19102
exploration/env_infos/final/vae_dist_l1 Std             1.23071
exploration/env_infos/final/vae_dist_l1 Max             6.75951
exploration/env_infos/final/vae_dist_l1 Min             3.16025
exploration/env_infos/initial/vae_dist_l1 Mean          5.58497
exploration/env_infos/initial/vae_dist_l1 Std           1.19336
exploration/env_infos/initial/vae_dist_l1 Max           8.40092
exploration/env_infos/initial/vae_dist_l1 Min           3.65346
exploration/env_infos/vae_dist_l1 Mean                  5.69445
exploration/env_infos/vae_dist_l1 Std                   1.58944
exploration/env_infos/vae_dist_l1 Max                   8.96575
exploration/env_infos/vae_dist_l1 Min                   2.62003
exploration/env_infos/final/vae_dist_l2 Mean            3.32574
exploration/env_infos/final/vae_dist_l2 Std             0.809382
exploration/env_infos/final/vae_dist_l2 Max             4.71012
exploration/env_infos/final/vae_dist_l2 Min             1.84698
exploration/env_infos/initial/vae_dist_l2 Mean          3.26657
exploration/env_infos/initial/vae_dist_l2 Std           0.74916
exploration/env_infos/initial/vae_dist_l2 Max           4.84117
exploration/env_infos/initial/vae_dist_l2 Min           2.12492
exploration/env_infos/vae_dist_l2 Mean                  3.41997
exploration/env_infos/vae_dist_l2 Std                   0.917441
exploration/env_infos/vae_dist_l2 Max                   5.16027
exploration/env_infos/vae_dist_l2 Min                   1.37753
evaluation/num steps total                           1500
evaluation/num paths total                             30
evaluation/path length Mean                            50
evaluation/path length Std                              0
evaluation/path length Max                             50
evaluation/path length Min                             50
evaluation/hand_distance Mean                           0.0935857
evaluation/hand_distance Std                            0.0264094
evaluation/hand_distance Max                            0.156254
evaluation/hand_distance Min                            0.0647635
evaluation/Final hand_distance Mean                     0.0862884
evaluation/Final hand_distance Std                      0.0234252
evaluation/Final hand_distance Max                      0.133584
evaluation/Final hand_distance Min                      0.0647635
evaluation/puck_distance Mean                           0.0969145
evaluation/puck_distance Std                            0.0322337
evaluation/puck_distance Max                            0.148576
evaluation/puck_distance Min                            0.0622529
evaluation/Final puck_distance Mean                     0.0969147
evaluation/Final puck_distance Std                      0.0322336
evaluation/Final puck_distance Max                      0.148575
evaluation/Final puck_distance Min                      0.0622544
evaluation/touch_distance Mean                          0.0965606
evaluation/touch_distance Std                           0.00531668
evaluation/touch_distance Max                           0.105409
evaluation/touch_distance Min                           0.0827003
evaluation/Final touch_distance Mean                    0.0884442
evaluation/Final touch_distance Std                     0.00332356
evaluation/Final touch_distance Max                     0.0921473
evaluation/Final touch_distance Min                     0.0827003
evaluation/success Mean                                 0
evaluation/success Std                                  0
evaluation/success Max                                  0
evaluation/success Min                                  0
evaluation/Final success Mean                           0
evaluation/Final success Std                            0
evaluation/Final success Max                            0
evaluation/Final success Min                            0
evaluation/image_dist Mean                             11.4409
evaluation/image_dist Std                               0.749415
evaluation/image_dist Max                              12.9787
evaluation/image_dist Min                              10.1913
evaluation/Final image_dist Mean                       11.4741
evaluation/Final image_dist Std                         0.750577
evaluation/Final image_dist Max                        12.9787
evaluation/Final image_dist Min                        10.5286
evaluation/image_success Mean                          -1
evaluation/image_success Std                            0
evaluation/image_success Max                           -1
evaluation/image_success Min                           -1
evaluation/Final image_success Mean                    -1
evaluation/Final image_success Std                      0
evaluation/Final image_success Max                     -1
evaluation/Final image_success Min                     -1
evaluation/vae_mdist Mean                             104.47
evaluation/vae_mdist Std                               78.6155
evaluation/vae_mdist Max                              424.93
evaluation/vae_mdist Min                               20.8468
evaluation/Final vae_mdist Mean                       133.862
evaluation/Final vae_mdist Std                        114
evaluation/Final vae_mdist Max                        424.93
evaluation/Final vae_mdist Min                         20.866
evaluation/vae_success Mean                             0
evaluation/vae_success Std                              0
evaluation/vae_success Max                              0
evaluation/vae_success Min                              0
evaluation/Final vae_success Mean                       0
evaluation/Final vae_success Std                        0
evaluation/Final vae_success Max                        0
evaluation/Final vae_success Min                        0
evaluation/vae_dist Mean                                1.39813
evaluation/vae_dist Std                                 0.429006
evaluation/vae_dist Max                                 2.66487
evaluation/vae_dist Min                                 0.707368
evaluation/Final vae_dist Mean                          1.52309
evaluation/Final vae_dist Std                           0.549761
evaluation/Final vae_dist Max                           2.6504
evaluation/Final vae_dist Min                           0.714775
evaluation/Rewards Mean                                -1.39813
evaluation/Rewards Std                                  0.429006
evaluation/Rewards Max                                 -0.707368
evaluation/Rewards Min                                 -2.66487
evaluation/Returns Mean                               -69.9065
evaluation/Returns Std                                 20.6869
evaluation/Returns Max                                -40.7734
evaluation/Returns Min                               -114.566
evaluation/Actions Mean                                 0.00309015
evaluation/Actions Std                                  0.0177498
evaluation/Actions Max                                  0.0284771
evaluation/Actions Min                                 -0.0147192
evaluation/Num Paths                                   10
evaluation/Average Returns                            -69.9065
evaluation/env_infos/final/hand_distance Mean           0.0862884
evaluation/env_infos/final/hand_distance Std            0.0234252
evaluation/env_infos/final/hand_distance Max            0.133584
evaluation/env_infos/final/hand_distance Min            0.0647635
evaluation/env_infos/initial/hand_distance Mean         0.101774
evaluation/env_infos/initial/hand_distance Std          0.0282806
evaluation/env_infos/initial/hand_distance Max          0.156254
evaluation/env_infos/initial/hand_distance Min          0.0724375
evaluation/env_infos/hand_distance Mean                 0.0935857
evaluation/env_infos/hand_distance Std                  0.0264094
evaluation/env_infos/hand_distance Max                  0.156254
evaluation/env_infos/hand_distance Min                  0.0647635
evaluation/env_infos/final/puck_distance Mean           0.0969147
evaluation/env_infos/final/puck_distance Std            0.0322336
evaluation/env_infos/final/puck_distance Max            0.148575
evaluation/env_infos/final/puck_distance Min            0.0622544
evaluation/env_infos/initial/puck_distance Mean         0.0969145
evaluation/env_infos/initial/puck_distance Std          0.0322338
evaluation/env_infos/initial/puck_distance Max          0.148575
evaluation/env_infos/initial/puck_distance Min          0.0622536
evaluation/env_infos/puck_distance Mean                 0.0969145
evaluation/env_infos/puck_distance Std                  0.0322337
evaluation/env_infos/puck_distance Max                  0.148576
evaluation/env_infos/puck_distance Min                  0.0622529
evaluation/env_infos/final/touch_distance Mean          0.0884442
evaluation/env_infos/final/touch_distance Std           0.00332356
evaluation/env_infos/final/touch_distance Max           0.0921473
evaluation/env_infos/final/touch_distance Min           0.0827003
evaluation/env_infos/initial/touch_distance Mean        0.105372
evaluation/env_infos/initial/touch_distance Std         1.35044e-05
evaluation/env_infos/initial/touch_distance Max         0.105409
evaluation/env_infos/initial/touch_distance Min         0.105362
evaluation/env_infos/touch_distance Mean                0.0965606
evaluation/env_infos/touch_distance Std                 0.00531668
evaluation/env_infos/touch_distance Max                 0.105409
evaluation/env_infos/touch_distance Min                 0.0827003
evaluation/env_infos/final/success Mean                 0
evaluation/env_infos/final/success Std                  0
evaluation/env_infos/final/success Max                  0
evaluation/env_infos/final/success Min                  0
evaluation/env_infos/initial/success Mean               0
evaluation/env_infos/initial/success Std                0
evaluation/env_infos/initial/success Max                0
evaluation/env_infos/initial/success Min                0
evaluation/env_infos/success Mean                       0
evaluation/env_infos/success Std                        0
evaluation/env_infos/success Max                        0
evaluation/env_infos/success Min                        0
evaluation/env_infos/final/image_dist Mean             11.4741
evaluation/env_infos/final/image_dist Std               0.750577
evaluation/env_infos/final/image_dist Max              12.9787
evaluation/env_infos/final/image_dist Min              10.5286
evaluation/env_infos/initial/image_dist Mean           11.4779
evaluation/env_infos/initial/image_dist Std             0.725981
evaluation/env_infos/initial/image_dist Max            12.7871
evaluation/env_infos/initial/image_dist Min            10.4275
evaluation/env_infos/image_dist Mean                   11.4409
evaluation/env_infos/image_dist Std                     0.749415
evaluation/env_infos/image_dist Max                    12.9787
evaluation/env_infos/image_dist Min                    10.1913
evaluation/env_infos/final/image_success Mean          -1
evaluation/env_infos/final/image_success Std            0
evaluation/env_infos/final/image_success Max           -1
evaluation/env_infos/final/image_success Min           -1
evaluation/env_infos/initial/image_success Mean        -1
evaluation/env_infos/initial/image_success Std          0
evaluation/env_infos/initial/image_success Max         -1
evaluation/env_infos/initial/image_success Min         -1
evaluation/env_infos/image_success Mean                -1
evaluation/env_infos/image_success Std                  0
evaluation/env_infos/image_success Max                 -1
evaluation/env_infos/image_success Min                 -1
evaluation/env_infos/final/vae_mdist Mean             133.862
evaluation/env_infos/final/vae_mdist Std              114
evaluation/env_infos/final/vae_mdist Max              424.93
evaluation/env_infos/final/vae_mdist Min               20.866
evaluation/env_infos/initial/vae_mdist Mean           102.519
evaluation/env_infos/initial/vae_mdist Std             72.3155
evaluation/env_infos/initial/vae_mdist Max            289.579
evaluation/env_infos/initial/vae_mdist Min             23.6247
evaluation/env_infos/vae_mdist Mean                   104.47
evaluation/env_infos/vae_mdist Std                     78.6155
evaluation/env_infos/vae_mdist Max                    424.93
evaluation/env_infos/vae_mdist Min                     20.8468
evaluation/env_infos/final/vae_success Mean             0
evaluation/env_infos/final/vae_success Std              0
evaluation/env_infos/final/vae_success Max              0
evaluation/env_infos/final/vae_success Min              0
evaluation/env_infos/initial/vae_success Mean           0
evaluation/env_infos/initial/vae_success Std            0
evaluation/env_infos/initial/vae_success Max            0
evaluation/env_infos/initial/vae_success Min            0
evaluation/env_infos/vae_success Mean                   0
evaluation/env_infos/vae_success Std                    0
evaluation/env_infos/vae_success Max                    0
evaluation/env_infos/vae_success Min                    0
evaluation/env_infos/final/vae_dist Mean                1.52309
evaluation/env_infos/final/vae_dist Std                 0.549761
evaluation/env_infos/final/vae_dist Max                 2.6504
evaluation/env_infos/final/vae_dist Min                 0.714775
evaluation/env_infos/initial/vae_dist Mean              1.44282
evaluation/env_infos/initial/vae_dist Std               0.423549
evaluation/env_infos/initial/vae_dist Max               2.33844
evaluation/env_infos/initial/vae_dist Min               0.830559
evaluation/env_infos/vae_dist Mean                      1.39813
evaluation/env_infos/vae_dist Std                       0.429006
evaluation/env_infos/vae_dist Max                       2.66487
evaluation/env_infos/vae_dist Min                       0.707368
evaluation/env_infos/final/vae_dist_l1 Mean             2.84461
evaluation/env_infos/final/vae_dist_l1 Std              0.998926
evaluation/env_infos/final/vae_dist_l1 Max              4.72356
evaluation/env_infos/final/vae_dist_l1 Min              1.41786
evaluation/env_infos/initial/vae_dist_l1 Mean           2.65635
evaluation/env_infos/initial/vae_dist_l1 Std            0.811479
evaluation/env_infos/initial/vae_dist_l1 Max            4.27386
evaluation/env_infos/initial/vae_dist_l1 Min            1.55797
evaluation/env_infos/vae_dist_l1 Mean                   2.55544
evaluation/env_infos/vae_dist_l1 Std                    0.811589
evaluation/env_infos/vae_dist_l1 Max                    4.76474
evaluation/env_infos/vae_dist_l1 Min                    1.38214
evaluation/env_infos/final/vae_dist_l2 Mean             1.52309
evaluation/env_infos/final/vae_dist_l2 Std              0.549761
evaluation/env_infos/final/vae_dist_l2 Max              2.6504
evaluation/env_infos/final/vae_dist_l2 Min              0.714775
evaluation/env_infos/initial/vae_dist_l2 Mean           1.44282
evaluation/env_infos/initial/vae_dist_l2 Std            0.423549
evaluation/env_infos/initial/vae_dist_l2 Max            2.33844
evaluation/env_infos/initial/vae_dist_l2 Min            0.830559
evaluation/env_infos/vae_dist_l2 Mean                   1.39813
evaluation/env_infos/vae_dist_l2 Std                    0.429006
evaluation/env_infos/vae_dist_l2 Max                    2.66487
evaluation/env_infos/vae_dist_l2 Min                    0.707368
time/data storing (s)                                   0.0595197
time/evaluation sampling (s)                           13.7475
time/exploration sampling (s)                          14.0524
time/logging (s)                                        0.0105168
time/saving (s)                                         0.0226041
time/training (s)                                      16.7865
time/vae training (s)                                   8.9189
time/epoch (s)                                         53.5981
time/total (s)                                        170.458
Epoch                                                   2
-------------------------------------------------  ----------------
