2019-08-24 20:33:41.440715 EDT | [rlkit-skew-fit-pusher-reference-sample-from-true-prior-take2_2019_08_24_20_27_10_0000--s-0] Epoch 0 finished
-------------------------------------------------  ----------------
vae_trainer/train/log prob                         -12222.4
vae_trainer/train/KL                                   23.2296
vae_trainer/train/loss                              12687
vae_trainer/epoch                                       0
vae_trainer/test/log prob                          -10040.3
vae_trainer/test/KL                                    12.8495
vae_trainer/test/loss                               10297.3
vae_trainer/beta                                       20
replay_buffer/VAE Sample Weights Mean                   9.52381e-05
replay_buffer/VAE Sample Weights Std                    0.00267059
replay_buffer/VAE Sample Weights Max                    0.173122
replay_buffer/VAE Sample Weights Min                    3.51194e-12
replay_buffer/VAE Sample Probs Mean                     9.52381e-05
replay_buffer/VAE Sample Probs Std                      0.00267059
replay_buffer/VAE Sample Probs Max                      0.173122
replay_buffer/VAE Sample Probs Min                      3.51194e-12
trainer/QF1 Loss                                        1.17951
trainer/QF2 Loss                                        1.17945
trainer/Policy Loss                                    -1.32764
trainer/Q1 Predictions Mean                            -0.0101454
trainer/Q1 Predictions Std                              0.000642126
trainer/Q1 Predictions Max                             -0.00821734
trainer/Q1 Predictions Min                             -0.0126634
trainer/Q2 Predictions Mean                            -0.00348196
trainer/Q2 Predictions Std                              0.00126722
trainer/Q2 Predictions Max                              0.000281361
trainer/Q2 Predictions Min                             -0.00785813
trainer/Q Targets Mean                                  0.00960526
trainer/Q Targets Std                                   1.08597
trainer/Q Targets Max                                   1.92041
trainer/Q Targets Min                                  -3.29721
trainer/Log Pis Mean                                   -1.33778
trainer/Log Pis Std                                     0.318924
trainer/Log Pis Max                                    -0.525156
trainer/Log Pis Min                                    -1.83937
trainer/Policy mu Mean                                 -0.000756083
trainer/Policy mu Std                                   0.000659294
trainer/Policy mu Max                                   0.000803186
trainer/Policy mu Min                                  -0.00217537
trainer/Policy log std Mean                             0.00108564
trainer/Policy log std Std                              0.00077568
trainer/Policy log std Max                              0.00245192
trainer/Policy log std Min                             -0.000404232
trainer/Alpha                                           0.999
trainer/Alpha Loss                                     -0
exploration/num steps total                         10500
exploration/num paths total                           210
exploration/path length Mean                           50
exploration/path length Std                             0
exploration/path length Max                            50
exploration/path length Min                            50
exploration/hand_distance Mean                          0.0998923
exploration/hand_distance Std                           0.0263035
exploration/hand_distance Max                           0.152252
exploration/hand_distance Min                           0.0385054
exploration/Final hand_distance Mean                    0.109944
exploration/Final hand_distance Std                     0.0243104
exploration/Final hand_distance Max                     0.152252
exploration/Final hand_distance Min                     0.0819188
exploration/puck_distance Mean                          0.173021
exploration/puck_distance Std                           0.0583169
exploration/puck_distance Max                           0.242749
exploration/puck_distance Min                           0.05743
exploration/Final puck_distance Mean                    0.172962
exploration/Final puck_distance Std                     0.058312
exploration/Final puck_distance Max                     0.242595
exploration/Final puck_distance Min                     0.05743
exploration/touch_distance Mean                         0.216891
exploration/touch_distance Std                          0.0366836
exploration/touch_distance Max                          0.263108
exploration/touch_distance Min                          0.112826
exploration/Final touch_distance Mean                   0.217906
exploration/Final touch_distance Std                    0.0424366
exploration/Final touch_distance Max                    0.249513
exploration/Final touch_distance Min                    0.148544
exploration/success Mean                                0
exploration/success Std                                 0
exploration/success Max                                 0
exploration/success Min                                 0
exploration/Final success Mean                          0
exploration/Final success Std                           0
exploration/Final success Max                           0
exploration/Final success Min                           0
exploration/image_dist Mean                            10.5918
exploration/image_dist Std                              1.63393
exploration/image_dist Max                             14.3792
exploration/image_dist Min                              7.25258
exploration/Final image_dist Mean                      11.1685
exploration/Final image_dist Std                        1.64912
exploration/Final image_dist Max                       13.5589
exploration/Final image_dist Min                        8.33159
exploration/image_success Mean                         -0.58
exploration/image_success Std                           0.493559
exploration/image_success Max                           0
exploration/image_success Min                          -1
exploration/Final image_success Mean                   -0.8
exploration/Final image_success Std                     0.4
exploration/Final image_success Max                     0
exploration/Final image_success Min                    -1
exploration/vae_mdist Mean                           2630.09
exploration/vae_mdist Std                            2022.97
exploration/vae_mdist Max                            6730.18
exploration/vae_mdist Min                             223.219
exploration/Final vae_mdist Mean                     2630.09
exploration/Final vae_mdist Std                      2022.97
exploration/Final vae_mdist Max                      6730.17
exploration/Final vae_mdist Min                       223.22
exploration/vae_success Mean                            0
exploration/vae_success Std                             0
exploration/vae_success Max                             0
exploration/vae_success Min                             0
exploration/Final vae_success Mean                      0
exploration/Final vae_success Std                       0
exploration/Final vae_success Max                       0
exploration/Final vae_success Min                       0
exploration/vae_dist Mean                               2.10371
exploration/vae_dist Std                                0.913987
exploration/vae_dist Max                                3.66908
exploration/vae_dist Min                                0.668199
exploration/Final vae_dist Mean                         2.10371
exploration/Final vae_dist Std                          0.913987
exploration/Final vae_dist Max                          3.66908
exploration/Final vae_dist Min                          0.6682
exploration/Rewards Mean                               -2.10371
exploration/Rewards Std                                 0.913987
exploration/Rewards Max                                -0.668199
exploration/Rewards Min                                -3.66908
exploration/Returns Mean                             -105.185
exploration/Returns Std                                45.6993
exploration/Returns Max                               -33.4101
exploration/Returns Min                              -183.454
exploration/Actions Mean                               -0.0377621
exploration/Actions Std                                 0.634301
exploration/Actions Max                                 0.994261
exploration/Actions Min                                -0.994445
exploration/Num Paths                                  10
exploration/Average Returns                          -105.185
exploration/env_infos/final/hand_distance Mean          0.109944
exploration/env_infos/final/hand_distance Std           0.0243104
exploration/env_infos/final/hand_distance Max           0.152252
exploration/env_infos/final/hand_distance Min           0.0819188
exploration/env_infos/initial/hand_distance Mean        0.113742
exploration/env_infos/initial/hand_distance Std         0.0226337
exploration/env_infos/initial/hand_distance Max         0.144452
exploration/env_infos/initial/hand_distance Min         0.0803718
exploration/env_infos/hand_distance Mean                0.0998923
exploration/env_infos/hand_distance Std                 0.0263035
exploration/env_infos/hand_distance Max                 0.152252
exploration/env_infos/hand_distance Min                 0.0385054
exploration/env_infos/final/puck_distance Mean          0.172962
exploration/env_infos/final/puck_distance Std           0.058312
exploration/env_infos/final/puck_distance Max           0.242595
exploration/env_infos/final/puck_distance Min           0.05743
exploration/env_infos/initial/puck_distance Mean        0.17308
exploration/env_infos/initial/puck_distance Std         0.0583217
exploration/env_infos/initial/puck_distance Max         0.242749
exploration/env_infos/initial/puck_distance Min         0.0575862
exploration/env_infos/puck_distance Mean                0.173021
exploration/env_infos/puck_distance Std                 0.0583169
exploration/env_infos/puck_distance Max                 0.242749
exploration/env_infos/puck_distance Min                 0.05743
exploration/env_infos/final/touch_distance Mean         0.217906
exploration/env_infos/final/touch_distance Std          0.0424366
exploration/env_infos/final/touch_distance Max          0.249513
exploration/env_infos/final/touch_distance Min          0.148544
exploration/env_infos/initial/touch_distance Mean       0.243024
exploration/env_infos/initial/touch_distance Std        0.00022374
exploration/env_infos/initial/touch_distance Max        0.243316
exploration/env_infos/initial/touch_distance Min        0.242706
exploration/env_infos/touch_distance Mean               0.216891
exploration/env_infos/touch_distance Std                0.0366836
exploration/env_infos/touch_distance Max                0.263108
exploration/env_infos/touch_distance Min                0.112826
exploration/env_infos/final/success Mean                0
exploration/env_infos/final/success Std                 0
exploration/env_infos/final/success Max                 0
exploration/env_infos/final/success Min                 0
exploration/env_infos/initial/success Mean              0
exploration/env_infos/initial/success Std               0
exploration/env_infos/initial/success Max               0
exploration/env_infos/initial/success Min               0
exploration/env_infos/success Mean                      0
exploration/env_infos/success Std                       0
exploration/env_infos/success Max                       0
exploration/env_infos/success Min                       0
exploration/env_infos/final/image_dist Mean            11.1685
exploration/env_infos/final/image_dist Std              1.64912
exploration/env_infos/final/image_dist Max             13.5589
exploration/env_infos/final/image_dist Min              8.33159
exploration/env_infos/initial/image_dist Mean           9.92462
exploration/env_infos/initial/image_dist Std            0.872209
exploration/env_infos/initial/image_dist Max           11.3394
exploration/env_infos/initial/image_dist Min            8.4733
exploration/env_infos/image_dist Mean                  10.5918
exploration/env_infos/image_dist Std                    1.63393
exploration/env_infos/image_dist Max                   14.3792
exploration/env_infos/image_dist Min                    7.25258
exploration/env_infos/final/image_success Mean         -0.8
exploration/env_infos/final/image_success Std           0.4
exploration/env_infos/final/image_success Max           0
exploration/env_infos/final/image_success Min          -1
exploration/env_infos/initial/image_success Mean       -0.6
exploration/env_infos/initial/image_success Std         0.489898
exploration/env_infos/initial/image_success Max         0
exploration/env_infos/initial/image_success Min        -1
exploration/env_infos/image_success Mean               -0.58
exploration/env_infos/image_success Std                 0.493559
exploration/env_infos/image_success Max                 0
exploration/env_infos/image_success Min                -1
exploration/env_infos/final/vae_mdist Mean           2630.09
exploration/env_infos/final/vae_mdist Std            2022.97
exploration/env_infos/final/vae_mdist Max            6730.17
exploration/env_infos/final/vae_mdist Min             223.22
exploration/env_infos/initial/vae_mdist Mean         2630.09
exploration/env_infos/initial/vae_mdist Std          2022.97
exploration/env_infos/initial/vae_mdist Max          6730.16
exploration/env_infos/initial/vae_mdist Min           223.219
exploration/env_infos/vae_mdist Mean                 2630.09
exploration/env_infos/vae_mdist Std                  2022.97
exploration/env_infos/vae_mdist Max                  6730.18
exploration/env_infos/vae_mdist Min                   223.219
exploration/env_infos/final/vae_success Mean            0
exploration/env_infos/final/vae_success Std             0
exploration/env_infos/final/vae_success Max             0
exploration/env_infos/final/vae_success Min             0
exploration/env_infos/initial/vae_success Mean          0
exploration/env_infos/initial/vae_success Std           0
exploration/env_infos/initial/vae_success Max           0
exploration/env_infos/initial/vae_success Min           0
exploration/env_infos/vae_success Mean                  0
exploration/env_infos/vae_success Std                   0
exploration/env_infos/vae_success Max                   0
exploration/env_infos/vae_success Min                   0
exploration/env_infos/final/vae_dist Mean               2.10371
exploration/env_infos/final/vae_dist Std                0.913987
exploration/env_infos/final/vae_dist Max                3.66908
exploration/env_infos/final/vae_dist Min                0.6682
exploration/env_infos/initial/vae_dist Mean             2.10371
exploration/env_infos/initial/vae_dist Std              0.913987
exploration/env_infos/initial/vae_dist Max              3.66908
exploration/env_infos/initial/vae_dist Min              0.668199
exploration/env_infos/vae_dist Mean                     2.10371
exploration/env_infos/vae_dist Std                      0.913987
exploration/env_infos/vae_dist Max                      3.66908
exploration/env_infos/vae_dist Min                      0.668199
exploration/env_infos/final/vae_dist_l1 Mean            3.49217
exploration/env_infos/final/vae_dist_l1 Std             1.54934
exploration/env_infos/final/vae_dist_l1 Max             6.25199
exploration/env_infos/final/vae_dist_l1 Min             1.09988
exploration/env_infos/initial/vae_dist_l1 Mean          3.49217
exploration/env_infos/initial/vae_dist_l1 Std           1.54934
exploration/env_infos/initial/vae_dist_l1 Max           6.25198
exploration/env_infos/initial/vae_dist_l1 Min           1.09988
exploration/env_infos/vae_dist_l1 Mean                  3.49217
exploration/env_infos/vae_dist_l1 Std                   1.54934
exploration/env_infos/vae_dist_l1 Max                   6.25199
exploration/env_infos/vae_dist_l1 Min                   1.09988
exploration/env_infos/final/vae_dist_l2 Mean            2.10371
exploration/env_infos/final/vae_dist_l2 Std             0.913987
exploration/env_infos/final/vae_dist_l2 Max             3.66908
exploration/env_infos/final/vae_dist_l2 Min             0.6682
exploration/env_infos/initial/vae_dist_l2 Mean          2.10371
exploration/env_infos/initial/vae_dist_l2 Std           0.913987
exploration/env_infos/initial/vae_dist_l2 Max           3.66908
exploration/env_infos/initial/vae_dist_l2 Min           0.668199
exploration/env_infos/vae_dist_l2 Mean                  2.10371
exploration/env_infos/vae_dist_l2 Std                   0.913987
exploration/env_infos/vae_dist_l2 Max                   3.66908
exploration/env_infos/vae_dist_l2 Min                   0.668199
evaluation/num steps total                            500
evaluation/num paths total                             10
evaluation/path length Mean                            50
evaluation/path length Std                              0
evaluation/path length Max                             50
evaluation/path length Min                             50
evaluation/hand_distance Mean                           0.113675
evaluation/hand_distance Std                            0.0273104
evaluation/hand_distance Max                            0.151292
evaluation/hand_distance Min                            0.0631845
evaluation/Final hand_distance Mean                     0.113981
evaluation/Final hand_distance Std                      0.0271808
evaluation/Final hand_distance Max                      0.151244
evaluation/Final hand_distance Min                      0.0646756
evaluation/puck_distance Mean                           0.139922
evaluation/puck_distance Std                            0.0670013
evaluation/puck_distance Max                            0.264378
evaluation/puck_distance Min                            0.0540638
evaluation/Final puck_distance Mean                     0.139852
evaluation/Final puck_distance Std                      0.0669992
evaluation/Final puck_distance Max                      0.264227
evaluation/Final puck_distance Min                      0.0540638
evaluation/touch_distance Mean                          0.242701
evaluation/touch_distance Std                           8.71458e-05
evaluation/touch_distance Max                           0.242834
evaluation/touch_distance Min                           0.242548
evaluation/Final touch_distance Mean                    0.242767
evaluation/Final touch_distance Std                     3.15658e-09
evaluation/Final touch_distance Max                     0.242767
evaluation/Final touch_distance Min                     0.242767
evaluation/success Mean                                 0
evaluation/success Std                                  0
evaluation/success Max                                  0
evaluation/success Min                                  0
evaluation/Final success Mean                           0
evaluation/Final success Std                            0
evaluation/Final success Max                            0
evaluation/Final success Min                            0
evaluation/image_dist Mean                              9.69222
evaluation/image_dist Std                               0.58894
evaluation/image_dist Max                              10.663
evaluation/image_dist Min                               8.57788
evaluation/Final image_dist Mean                        9.72316
evaluation/Final image_dist Std                         0.572718
evaluation/Final image_dist Max                        10.4642
evaluation/Final image_dist Min                         8.69948
evaluation/image_success Mean                          -0.38
evaluation/image_success Std                            0.485386
evaluation/image_success Max                            0
evaluation/image_success Min                           -1
evaluation/Final image_success Mean                    -0.4
evaluation/Final image_success Std                      0.489898
evaluation/Final image_success Max                      0
evaluation/Final image_success Min                     -1
evaluation/vae_mdist Mean                               6.49796e-09
evaluation/vae_mdist Std                                2.41856e-09
evaluation/vae_mdist Max                                1.34145e-08
evaluation/vae_mdist Min                                2.37841e-09
evaluation/Final vae_mdist Mean                         5.62057e-09
evaluation/Final vae_mdist Std                          2.01627e-09
evaluation/Final vae_mdist Max                          9.39895e-09
evaluation/Final vae_mdist Min                          2.66918e-09
evaluation/vae_success Mean                             1
evaluation/vae_success Std                              0
evaluation/vae_success Max                              1
evaluation/vae_success Min                              1
evaluation/Final vae_success Mean                       1
evaluation/Final vae_success Std                        0
evaluation/Final vae_success Max                        1
evaluation/Final vae_success Min                        1
evaluation/vae_dist Mean                                3.54052e-06
evaluation/vae_dist Std                                 6.82234e-07
evaluation/vae_dist Max                                 5.18149e-06
evaluation/vae_dist Min                                 2.18114e-06
evaluation/Final vae_dist Mean                          3.29781e-06
evaluation/Final vae_dist Std                           6.08093e-07
evaluation/Final vae_dist Max                           4.3372e-06
evaluation/Final vae_dist Min                           2.31064e-06
evaluation/Rewards Mean                                -3.54052e-06
evaluation/Rewards Std                                  6.82234e-07
evaluation/Rewards Max                                 -2.18114e-06
evaluation/Rewards Min                                 -5.18149e-06
evaluation/Returns Mean                                -0.000177026
evaluation/Returns Std                                  3.24613e-05
evaluation/Returns Max                                 -0.000123031
evaluation/Returns Min                                 -0.000232213
evaluation/Actions Mean                                -0.000736252
evaluation/Actions Std                                  0.000598771
evaluation/Actions Max                                 -0.000137481
evaluation/Actions Min                                 -0.00133502
evaluation/Num Paths                                   10
evaluation/Average Returns                             -0.000177026
evaluation/env_infos/final/hand_distance Mean           0.113981
evaluation/env_infos/final/hand_distance Std            0.0271808
evaluation/env_infos/final/hand_distance Max            0.151244
evaluation/env_infos/final/hand_distance Min            0.0646756
evaluation/env_infos/initial/hand_distance Mean         0.113421
evaluation/env_infos/initial/hand_distance Std          0.027113
evaluation/env_infos/initial/hand_distance Max          0.151131
evaluation/env_infos/initial/hand_distance Min          0.0659241
evaluation/env_infos/hand_distance Mean                 0.113675
evaluation/env_infos/hand_distance Std                  0.0273104
evaluation/env_infos/hand_distance Max                  0.151292
evaluation/env_infos/hand_distance Min                  0.0631845
evaluation/env_infos/final/puck_distance Mean           0.139852
evaluation/env_infos/final/puck_distance Std            0.0669992
evaluation/env_infos/final/puck_distance Max            0.264227
evaluation/env_infos/final/puck_distance Min            0.0540638
evaluation/env_infos/initial/puck_distance Mean         0.139992
evaluation/env_infos/initial/puck_distance Std          0.0670033
evaluation/env_infos/initial/puck_distance Max          0.264378
evaluation/env_infos/initial/puck_distance Min          0.05422
evaluation/env_infos/puck_distance Mean                 0.139922
evaluation/env_infos/puck_distance Std                  0.0670013
evaluation/env_infos/puck_distance Max                  0.264378
evaluation/env_infos/puck_distance Min                  0.0540638
evaluation/env_infos/final/touch_distance Mean          0.242767
evaluation/env_infos/final/touch_distance Std           3.15658e-09
evaluation/env_infos/final/touch_distance Max           0.242767
evaluation/env_infos/final/touch_distance Min           0.242767
evaluation/env_infos/initial/touch_distance Mean        0.242816
evaluation/env_infos/initial/touch_distance Std         5.79562e-06
evaluation/env_infos/initial/touch_distance Max         0.242834
evaluation/env_infos/initial/touch_distance Min         0.242814
evaluation/env_infos/touch_distance Mean                0.242701
evaluation/env_infos/touch_distance Std                 8.71458e-05
evaluation/env_infos/touch_distance Max                 0.242834
evaluation/env_infos/touch_distance Min                 0.242548
evaluation/env_infos/final/success Mean                 0
evaluation/env_infos/final/success Std                  0
evaluation/env_infos/final/success Max                  0
evaluation/env_infos/final/success Min                  0
evaluation/env_infos/initial/success Mean               0
evaluation/env_infos/initial/success Std                0
evaluation/env_infos/initial/success Max                0
evaluation/env_infos/initial/success Min                0
evaluation/env_infos/success Mean                       0
evaluation/env_infos/success Std                        0
evaluation/env_infos/success Max                        0
evaluation/env_infos/success Min                        0
evaluation/env_infos/final/image_dist Mean              9.72316
evaluation/env_infos/final/image_dist Std               0.572718
evaluation/env_infos/final/image_dist Max              10.4642
evaluation/env_infos/final/image_dist Min               8.69948
evaluation/env_infos/initial/image_dist Mean            9.6806
evaluation/env_infos/initial/image_dist Std             0.477871
evaluation/env_infos/initial/image_dist Max            10.663
evaluation/env_infos/initial/image_dist Min             8.96385
evaluation/env_infos/image_dist Mean                    9.69222
evaluation/env_infos/image_dist Std                     0.58894
evaluation/env_infos/image_dist Max                    10.663
evaluation/env_infos/image_dist Min                     8.57788
evaluation/env_infos/final/image_success Mean          -0.4
evaluation/env_infos/final/image_success Std            0.489898
evaluation/env_infos/final/image_success Max            0
evaluation/env_infos/final/image_success Min           -1
evaluation/env_infos/initial/image_success Mean        -0.2
evaluation/env_infos/initial/image_success Std          0.4
evaluation/env_infos/initial/image_success Max          0
evaluation/env_infos/initial/image_success Min         -1
evaluation/env_infos/image_success Mean                -0.38
evaluation/env_infos/image_success Std                  0.485386
evaluation/env_infos/image_success Max                  0
evaluation/env_infos/image_success Min                 -1
evaluation/env_infos/final/vae_mdist Mean               5.62057e-09
evaluation/env_infos/final/vae_mdist Std                2.01627e-09
evaluation/env_infos/final/vae_mdist Max                9.39895e-09
evaluation/env_infos/final/vae_mdist Min                2.66918e-09
evaluation/env_infos/initial/vae_mdist Mean             6.32397e-09
evaluation/env_infos/initial/vae_mdist Std              2.48461e-09
evaluation/env_infos/initial/vae_mdist Max              1.13017e-08
evaluation/env_infos/initial/vae_mdist Min              2.6936e-09
evaluation/env_infos/vae_mdist Mean                     6.49796e-09
evaluation/env_infos/vae_mdist Std                      2.41856e-09
evaluation/env_infos/vae_mdist Max                      1.34145e-08
evaluation/env_infos/vae_mdist Min                      2.37841e-09
evaluation/env_infos/final/vae_success Mean             1
evaluation/env_infos/final/vae_success Std              0
evaluation/env_infos/final/vae_success Max              1
evaluation/env_infos/final/vae_success Min              1
evaluation/env_infos/initial/vae_success Mean           1
evaluation/env_infos/initial/vae_success Std            0
evaluation/env_infos/initial/vae_success Max            1
evaluation/env_infos/initial/vae_success Min            1
evaluation/env_infos/vae_success Mean                   1
evaluation/env_infos/vae_success Std                    0
evaluation/env_infos/vae_success Max                    1
evaluation/env_infos/vae_success Min                    1
evaluation/env_infos/final/vae_dist Mean                3.29781e-06
evaluation/env_infos/final/vae_dist Std                 6.08093e-07
evaluation/env_infos/final/vae_dist Max                 4.3372e-06
evaluation/env_infos/final/vae_dist Min                 2.31064e-06
evaluation/env_infos/initial/vae_dist Mean              3.48729e-06
evaluation/env_infos/initial/vae_dist Std               7.02042e-07
evaluation/env_infos/initial/vae_dist Max               4.75612e-06
evaluation/env_infos/initial/vae_dist Min               2.32134e-06
evaluation/env_infos/vae_dist Mean                      3.54052e-06
evaluation/env_infos/vae_dist Std                       6.82234e-07
evaluation/env_infos/vae_dist Max                       5.18149e-06
evaluation/env_infos/vae_dist Min                       2.18114e-06
evaluation/env_infos/final/vae_dist_l1 Mean             5.78723e-06
evaluation/env_infos/final/vae_dist_l1 Std              1.04994e-06
evaluation/env_infos/final/vae_dist_l1 Max              7.8173e-06
evaluation/env_infos/final/vae_dist_l1 Min              4.42532e-06
evaluation/env_infos/initial/vae_dist_l1 Mean           5.87305e-06
evaluation/env_infos/initial/vae_dist_l1 Std            1.0295e-06
evaluation/env_infos/initial/vae_dist_l1 Max            7.74362e-06
evaluation/env_infos/initial/vae_dist_l1 Min            4.35164e-06
evaluation/env_infos/vae_dist_l1 Mean                   6.16246e-06
evaluation/env_infos/vae_dist_l1 Std                    1.19457e-06
evaluation/env_infos/vae_dist_l1 Max                    9.06894e-06
evaluation/env_infos/vae_dist_l1 Min                    3.73304e-06
evaluation/env_infos/final/vae_dist_l2 Mean             3.29781e-06
evaluation/env_infos/final/vae_dist_l2 Std              6.08093e-07
evaluation/env_infos/final/vae_dist_l2 Max              4.3372e-06
evaluation/env_infos/final/vae_dist_l2 Min              2.31064e-06
evaluation/env_infos/initial/vae_dist_l2 Mean           3.48729e-06
evaluation/env_infos/initial/vae_dist_l2 Std            7.02042e-07
evaluation/env_infos/initial/vae_dist_l2 Max            4.75612e-06
evaluation/env_infos/initial/vae_dist_l2 Min            2.32134e-06
evaluation/env_infos/vae_dist_l2 Mean                   3.54052e-06
evaluation/env_infos/vae_dist_l2 Std                    6.82234e-07
evaluation/env_infos/vae_dist_l2 Max                    5.18149e-06
evaluation/env_infos/vae_dist_l2 Min                    2.18114e-06
time/data storing (s)                                   0.0614966
time/evaluation sampling (s)                           15.6506
time/exploration sampling (s)                          15.5381
time/logging (s)                                        0.0102613
time/saving (s)                                         0.023457
time/training (s)                                      16.2473
time/vae training (s)                                  10.1718
time/epoch (s)                                         57.7029
time/total (s)                                        391.727
Epoch                                                   0
-------------------------------------------------  ----------------
