2019-08-24 22:13:50.179781 EDT | [rlkit-skew-fit-pusher-reference-sample-from-true-prior-take2_2019_08_24_22_07_17_0000--s-0] Epoch 0 finished
-------------------------------------------------  ----------------
vae_trainer/train/log prob                         -13959.1
vae_trainer/train/KL                                   17.6905
vae_trainer/train/loss                              14312.9
vae_trainer/epoch                                       0
vae_trainer/test/log prob                          -10126.9
vae_trainer/test/KL                                    10.9615
vae_trainer/test/loss                               10346.1
vae_trainer/beta                                       20
replay_buffer/VAE Sample Weights Mean                   9.52381e-05
replay_buffer/VAE Sample Weights Std                    0.00417543
replay_buffer/VAE Sample Weights Max                    0.31093
replay_buffer/VAE Sample Weights Min                    2.42228e-12
replay_buffer/VAE Sample Probs Mean                     9.52381e-05
replay_buffer/VAE Sample Probs Std                      0.00417543
replay_buffer/VAE Sample Probs Max                      0.31093
replay_buffer/VAE Sample Probs Min                      2.42228e-12
trainer/QF1 Loss                                        1.12634
trainer/QF2 Loss                                        1.12566
trainer/Policy Loss                                    -1.3282
trainer/Q1 Predictions Mean                             0.00818816
trainer/Q1 Predictions Std                              0.000360878
trainer/Q1 Predictions Max                              0.00948138
trainer/Q1 Predictions Min                              0.00701334
trainer/Q2 Predictions Mean                            -0.0042749
trainer/Q2 Predictions Std                              0.000814747
trainer/Q2 Predictions Max                             -0.00152671
trainer/Q2 Predictions Min                             -0.0067272
trainer/Q Targets Mean                                 -0.0189609
trainer/Q Targets Std                                   1.0609
trainer/Q Targets Max                                   1.81168
trainer/Q Targets Min                                  -3.26248
trainer/Log Pis Mean                                   -1.33247
trainer/Log Pis Std                                     0.31703
trainer/Log Pis Max                                    -0.530334
trainer/Log Pis Min                                    -2.44134
trainer/Policy mu Mean                                  0.000298549
trainer/Policy mu Std                                   0.000717737
trainer/Policy mu Max                                   0.00190511
trainer/Policy mu Min                                  -0.00124297
trainer/Policy log std Mean                             0.000955812
trainer/Policy log std Std                              0.00101219
trainer/Policy log std Max                              0.00267917
trainer/Policy log std Min                             -0.000681651
trainer/Alpha                                           0.999
trainer/Alpha Loss                                     -0
exploration/num steps total                         10500
exploration/num paths total                           210
exploration/path length Mean                           50
exploration/path length Std                             0
exploration/path length Max                            50
exploration/path length Min                            50
exploration/hand_distance Mean                          0.0743611
exploration/hand_distance Std                           0.0229136
exploration/hand_distance Max                           0.144011
exploration/hand_distance Min                           0.0295545
exploration/Final hand_distance Mean                    0.0683135
exploration/Final hand_distance Std                     0.0197977
exploration/Final hand_distance Max                     0.10044
exploration/Final hand_distance Min                     0.0392675
exploration/puck_distance Mean                          0.149215
exploration/puck_distance Std                           0.0676581
exploration/puck_distance Max                           0.261215
exploration/puck_distance Min                           0.00799749
exploration/Final puck_distance Mean                    0.152382
exploration/Final puck_distance Std                     0.0735189
exploration/Final puck_distance Max                     0.261213
exploration/Final puck_distance Min                     0.0133874
exploration/touch_distance Mean                         0.120822
exploration/touch_distance Std                          0.047359
exploration/touch_distance Max                          0.23256
exploration/touch_distance Min                          0.0565498
exploration/Final touch_distance Mean                   0.126558
exploration/Final touch_distance Std                    0.0451662
exploration/Final touch_distance Max                    0.186462
exploration/Final touch_distance Min                    0.0636157
exploration/success Mean                                0
exploration/success Std                                 0
exploration/success Max                                 0
exploration/success Min                                 0
exploration/Final success Mean                          0
exploration/Final success Std                           0
exploration/Final success Max                           0
exploration/Final success Min                           0
exploration/image_dist Mean                            10.932
exploration/image_dist Std                              1.6991
exploration/image_dist Max                             15.7095
exploration/image_dist Min                              4.25743
exploration/Final image_dist Mean                      11.5014
exploration/Final image_dist Std                        1.26172
exploration/Final image_dist Max                       14.4865
exploration/Final image_dist Min                        9.47036
exploration/image_success Mean                         -0.746
exploration/image_success Std                           0.435298
exploration/image_success Max                           0
exploration/image_success Min                          -1
exploration/Final image_success Mean                   -0.9
exploration/Final image_success Std                     0.3
exploration/Final image_success Max                     0
exploration/Final image_success Min                    -1
exploration/vae_mdist Mean                           1838.4
exploration/vae_mdist Std                            1486.33
exploration/vae_mdist Max                            5986.24
exploration/vae_mdist Min                             324.56
exploration/Final vae_mdist Mean                     1838.4
exploration/Final vae_mdist Std                      1486.33
exploration/Final vae_mdist Max                      5986.23
exploration/Final vae_mdist Min                       324.561
exploration/vae_success Mean                            0
exploration/vae_success Std                             0
exploration/vae_success Max                             0
exploration/vae_success Min                             0
exploration/Final vae_success Mean                      0
exploration/Final vae_success Std                       0
exploration/Final vae_success Max                       0
exploration/Final vae_success Min                       0
exploration/vae_dist Mean                               1.80145
exploration/vae_dist Std                                0.658436
exploration/vae_dist Max                                3.46105
exploration/vae_dist Min                                0.805874
exploration/Final vae_dist Mean                         1.80145
exploration/Final vae_dist Std                          0.658436
exploration/Final vae_dist Max                          3.46105
exploration/Final vae_dist Min                          0.805875
exploration/Rewards Mean                               -1.80145
exploration/Rewards Std                                 0.658436
exploration/Rewards Max                                -0.805874
exploration/Rewards Min                                -3.46105
exploration/Returns Mean                              -90.0723
exploration/Returns Std                                32.9218
exploration/Returns Max                               -40.2937
exploration/Returns Min                              -173.052
exploration/Actions Mean                                0.0334901
exploration/Actions Std                                 0.622478
exploration/Actions Max                                 0.999493
exploration/Actions Min                                -0.997729
exploration/Num Paths                                  10
exploration/Average Returns                           -90.0723
exploration/env_infos/final/hand_distance Mean          0.0683135
exploration/env_infos/final/hand_distance Std           0.0197977
exploration/env_infos/final/hand_distance Max           0.10044
exploration/env_infos/final/hand_distance Min           0.0392675
exploration/env_infos/initial/hand_distance Mean        0.0949666
exploration/env_infos/initial/hand_distance Std         0.0249511
exploration/env_infos/initial/hand_distance Max         0.144011
exploration/env_infos/initial/hand_distance Min         0.0723125
exploration/env_infos/hand_distance Mean                0.0743611
exploration/env_infos/hand_distance Std                 0.0229136
exploration/env_infos/hand_distance Max                 0.144011
exploration/env_infos/hand_distance Min                 0.0295545
exploration/env_infos/final/puck_distance Mean          0.152382
exploration/env_infos/final/puck_distance Std           0.0735189
exploration/env_infos/final/puck_distance Max           0.261213
exploration/env_infos/final/puck_distance Min           0.0133874
exploration/env_infos/initial/puck_distance Mean        0.147725
exploration/env_infos/initial/puck_distance Std         0.0626335
exploration/env_infos/initial/puck_distance Max         0.239987
exploration/env_infos/initial/puck_distance Min         0.0355806
exploration/env_infos/puck_distance Mean                0.149215
exploration/env_infos/puck_distance Std                 0.0676581
exploration/env_infos/puck_distance Max                 0.261215
exploration/env_infos/puck_distance Min                 0.00799749
exploration/env_infos/final/touch_distance Mean         0.126558
exploration/env_infos/final/touch_distance Std          0.0451662
exploration/env_infos/final/touch_distance Max          0.186462
exploration/env_infos/final/touch_distance Min          0.0636157
exploration/env_infos/initial/touch_distance Mean       0.110486
exploration/env_infos/initial/touch_distance Std        0.0501956
exploration/env_infos/initial/touch_distance Max        0.20179
exploration/env_infos/initial/touch_distance Min        0.0565498
exploration/env_infos/touch_distance Mean               0.120822
exploration/env_infos/touch_distance Std                0.047359
exploration/env_infos/touch_distance Max                0.23256
exploration/env_infos/touch_distance Min                0.0565498
exploration/env_infos/final/success Mean                0
exploration/env_infos/final/success Std                 0
exploration/env_infos/final/success Max                 0
exploration/env_infos/final/success Min                 0
exploration/env_infos/initial/success Mean              0
exploration/env_infos/initial/success Std               0
exploration/env_infos/initial/success Max               0
exploration/env_infos/initial/success Min               0
exploration/env_infos/success Mean                      0
exploration/env_infos/success Std                       0
exploration/env_infos/success Max                       0
exploration/env_infos/success Min                       0
exploration/env_infos/final/image_dist Mean            11.5014
exploration/env_infos/final/image_dist Std              1.26172
exploration/env_infos/final/image_dist Max             14.4865
exploration/env_infos/final/image_dist Min              9.47036
exploration/env_infos/initial/image_dist Mean          10.7826
exploration/env_infos/initial/image_dist Std            0.943937
exploration/env_infos/initial/image_dist Max           12.6097
exploration/env_infos/initial/image_dist Min            9.2812
exploration/env_infos/image_dist Mean                  10.932
exploration/env_infos/image_dist Std                    1.6991
exploration/env_infos/image_dist Max                   15.7095
exploration/env_infos/image_dist Min                    4.25743
exploration/env_infos/final/image_success Mean         -0.9
exploration/env_infos/final/image_success Std           0.3
exploration/env_infos/final/image_success Max           0
exploration/env_infos/final/image_success Min          -1
exploration/env_infos/initial/image_success Mean       -0.8
exploration/env_infos/initial/image_success Std         0.4
exploration/env_infos/initial/image_success Max         0
exploration/env_infos/initial/image_success Min        -1
exploration/env_infos/image_success Mean               -0.746
exploration/env_infos/image_success Std                 0.435298
exploration/env_infos/image_success Max                 0
exploration/env_infos/image_success Min                -1
exploration/env_infos/final/vae_mdist Mean           1838.4
exploration/env_infos/final/vae_mdist Std            1486.33
exploration/env_infos/final/vae_mdist Max            5986.23
exploration/env_infos/final/vae_mdist Min             324.561
exploration/env_infos/initial/vae_mdist Mean         1838.4
exploration/env_infos/initial/vae_mdist Std          1486.33
exploration/env_infos/initial/vae_mdist Max          5986.23
exploration/env_infos/initial/vae_mdist Min           324.56
exploration/env_infos/vae_mdist Mean                 1838.4
exploration/env_infos/vae_mdist Std                  1486.33
exploration/env_infos/vae_mdist Max                  5986.24
exploration/env_infos/vae_mdist Min                   324.56
exploration/env_infos/final/vae_success Mean            0
exploration/env_infos/final/vae_success Std             0
exploration/env_infos/final/vae_success Max             0
exploration/env_infos/final/vae_success Min             0
exploration/env_infos/initial/vae_success Mean          0
exploration/env_infos/initial/vae_success Std           0
exploration/env_infos/initial/vae_success Max           0
exploration/env_infos/initial/vae_success Min           0
exploration/env_infos/vae_success Mean                  0
exploration/env_infos/vae_success Std                   0
exploration/env_infos/vae_success Max                   0
exploration/env_infos/vae_success Min                   0
exploration/env_infos/final/vae_dist Mean               1.80145
exploration/env_infos/final/vae_dist Std                0.658436
exploration/env_infos/final/vae_dist Max                3.46105
exploration/env_infos/final/vae_dist Min                0.805875
exploration/env_infos/initial/vae_dist Mean             1.80145
exploration/env_infos/initial/vae_dist Std              0.658436
exploration/env_infos/initial/vae_dist Max              3.46105
exploration/env_infos/initial/vae_dist Min              0.805874
exploration/env_infos/vae_dist Mean                     1.80145
exploration/env_infos/vae_dist Std                      0.658436
exploration/env_infos/vae_dist Max                      3.46105
exploration/env_infos/vae_dist Min                      0.805874
exploration/env_infos/final/vae_dist_l1 Mean            3.09802
exploration/env_infos/final/vae_dist_l1 Std             1.22504
exploration/env_infos/final/vae_dist_l1 Max             6.301
exploration/env_infos/final/vae_dist_l1 Min             1.58302
exploration/env_infos/initial/vae_dist_l1 Mean          3.09802
exploration/env_infos/initial/vae_dist_l1 Std           1.22504
exploration/env_infos/initial/vae_dist_l1 Max           6.301
exploration/env_infos/initial/vae_dist_l1 Min           1.58302
exploration/env_infos/vae_dist_l1 Mean                  3.09802
exploration/env_infos/vae_dist_l1 Std                   1.22504
exploration/env_infos/vae_dist_l1 Max                   6.301
exploration/env_infos/vae_dist_l1 Min                   1.58302
exploration/env_infos/final/vae_dist_l2 Mean            1.80145
exploration/env_infos/final/vae_dist_l2 Std             0.658436
exploration/env_infos/final/vae_dist_l2 Max             3.46105
exploration/env_infos/final/vae_dist_l2 Min             0.805875
exploration/env_infos/initial/vae_dist_l2 Mean          1.80145
exploration/env_infos/initial/vae_dist_l2 Std           0.658436
exploration/env_infos/initial/vae_dist_l2 Max           3.46105
exploration/env_infos/initial/vae_dist_l2 Min           0.805874
exploration/env_infos/vae_dist_l2 Mean                  1.80145
exploration/env_infos/vae_dist_l2 Std                   0.658436
exploration/env_infos/vae_dist_l2 Max                   3.46105
exploration/env_infos/vae_dist_l2 Min                   0.805874
evaluation/num steps total                            500
evaluation/num paths total                             10
evaluation/path length Mean                            50
evaluation/path length Std                              0
evaluation/path length Max                             50
evaluation/path length Min                             50
evaluation/hand_distance Mean                           0.100666
evaluation/hand_distance Std                            0.0243867
evaluation/hand_distance Max                            0.160038
evaluation/hand_distance Min                            0.0691322
evaluation/Final hand_distance Mean                     0.100932
evaluation/Final hand_distance Std                      0.024219
evaluation/Final hand_distance Max                      0.157713
evaluation/Final hand_distance Min                      0.0737008
evaluation/puck_distance Mean                           0.143142
evaluation/puck_distance Std                            0.0665383
evaluation/puck_distance Max                            0.234571
evaluation/puck_distance Min                            0.0322643
evaluation/Final puck_distance Mean                     0.14315
evaluation/Final puck_distance Std                      0.0665451
evaluation/Final puck_distance Max                      0.234571
evaluation/Final puck_distance Min                      0.0322649
evaluation/touch_distance Mean                          0.143351
evaluation/touch_distance Std                           0.050096
evaluation/touch_distance Max                           0.233323
evaluation/touch_distance Min                           0.0649627
evaluation/Final touch_distance Mean                    0.143716
evaluation/Final touch_distance Std                     0.0501612
evaluation/Final touch_distance Max                     0.233264
evaluation/Final touch_distance Min                     0.071322
evaluation/success Mean                                 0
evaluation/success Std                                  0
evaluation/success Max                                  0
evaluation/success Min                                  0
evaluation/Final success Mean                           0
evaluation/Final success Std                            0
evaluation/Final success Max                            0
evaluation/Final success Min                            0
evaluation/image_dist Mean                             11.1339
evaluation/image_dist Std                               0.941621
evaluation/image_dist Max                              13.1073
evaluation/image_dist Min                               9.68629
evaluation/Final image_dist Mean                       11.1658
evaluation/Final image_dist Std                         0.933375
evaluation/Final image_dist Max                        12.8953
evaluation/Final image_dist Min                         9.96713
evaluation/image_success Mean                          -0.842
evaluation/image_success Std                            0.364741
evaluation/image_success Max                            0
evaluation/image_success Min                           -1
evaluation/Final image_success Mean                    -0.9
evaluation/Final image_success Std                      0.3
evaluation/Final image_success Max                      0
evaluation/Final image_success Min                     -1
evaluation/vae_mdist Mean                               1.94264e-09
evaluation/vae_mdist Std                                9.78475e-10
evaluation/vae_mdist Max                                4.41093e-09
evaluation/vae_mdist Min                                4.35858e-10
evaluation/Final vae_mdist Mean                         1.96325e-09
evaluation/Final vae_mdist Std                          9.03488e-10
evaluation/Final vae_mdist Max                          3.20153e-09
evaluation/Final vae_mdist Min                          5.76974e-10
evaluation/vae_success Mean                             1
evaluation/vae_success Std                              0
evaluation/vae_success Max                              1
evaluation/vae_success Min                              1
evaluation/Final vae_success Mean                       1
evaluation/Final vae_success Std                        0
evaluation/Final vae_success Max                        1
evaluation/Final vae_success Min                        1
evaluation/vae_dist Mean                                1.90344e-06
evaluation/vae_dist Std                                 5.14226e-07
evaluation/vae_dist Max                                 2.97096e-06
evaluation/vae_dist Min                                 9.3385e-07
evaluation/Final vae_dist Mean                          1.91948e-06
evaluation/Final vae_dist Std                           4.94312e-07
evaluation/Final vae_dist Max                           2.53113e-06
evaluation/Final vae_dist Min                           1.07444e-06
evaluation/Rewards Mean                                -1.90344e-06
evaluation/Rewards Std                                  5.14226e-07
evaluation/Rewards Max                                 -9.3385e-07
evaluation/Rewards Min                                 -2.97096e-06
evaluation/Returns Mean                                -9.51717e-05
evaluation/Returns Std                                  2.50118e-05
evaluation/Returns Max                                 -5.60912e-05
evaluation/Returns Min                                 -0.00012933
evaluation/Actions Mean                                 0.000285754
evaluation/Actions Std                                  0.00064568
evaluation/Actions Max                                  0.000931435
evaluation/Actions Min                                 -0.000359926
evaluation/Num Paths                                   10
evaluation/Average Returns                             -9.51717e-05
evaluation/env_infos/final/hand_distance Mean           0.100932
evaluation/env_infos/final/hand_distance Std            0.024219
evaluation/env_infos/final/hand_distance Max            0.157713
evaluation/env_infos/final/hand_distance Min            0.0737008
evaluation/env_infos/initial/hand_distance Mean         0.100716
evaluation/env_infos/initial/hand_distance Std          0.0257098
evaluation/env_infos/initial/hand_distance Max          0.160038
evaluation/env_infos/initial/hand_distance Min          0.0691322
evaluation/env_infos/hand_distance Mean                 0.100666
evaluation/env_infos/hand_distance Std                  0.0243867
evaluation/env_infos/hand_distance Max                  0.160038
evaluation/env_infos/hand_distance Min                  0.0691322
evaluation/env_infos/final/puck_distance Mean           0.14315
evaluation/env_infos/final/puck_distance Std            0.0665451
evaluation/env_infos/final/puck_distance Max            0.234571
evaluation/env_infos/final/puck_distance Min            0.0322649
evaluation/env_infos/initial/puck_distance Mean         0.143134
evaluation/env_infos/initial/puck_distance Std          0.0665315
evaluation/env_infos/initial/puck_distance Max          0.234566
evaluation/env_infos/initial/puck_distance Min          0.0322697
evaluation/env_infos/puck_distance Mean                 0.143142
evaluation/env_infos/puck_distance Std                  0.0665383
evaluation/env_infos/puck_distance Max                  0.234571
evaluation/env_infos/puck_distance Min                  0.0322643
evaluation/env_infos/final/touch_distance Mean          0.143716
evaluation/env_infos/final/touch_distance Std           0.0501612
evaluation/env_infos/final/touch_distance Max           0.233264
evaluation/env_infos/final/touch_distance Min           0.071322
evaluation/env_infos/initial/touch_distance Mean        0.141946
evaluation/env_infos/initial/touch_distance Std         0.0484016
evaluation/env_infos/initial/touch_distance Max         0.227866
evaluation/env_infos/initial/touch_distance Min         0.0649627
evaluation/env_infos/touch_distance Mean                0.143351
evaluation/env_infos/touch_distance Std                 0.050096
evaluation/env_infos/touch_distance Max                 0.233323
evaluation/env_infos/touch_distance Min                 0.0649627
evaluation/env_infos/final/success Mean                 0
evaluation/env_infos/final/success Std                  0
evaluation/env_infos/final/success Max                  0
evaluation/env_infos/final/success Min                  0
evaluation/env_infos/initial/success Mean               0
evaluation/env_infos/initial/success Std                0
evaluation/env_infos/initial/success Max                0
evaluation/env_infos/initial/success Min                0
evaluation/env_infos/success Mean                       0
evaluation/env_infos/success Std                        0
evaluation/env_infos/success Max                        0
evaluation/env_infos/success Min                        0
evaluation/env_infos/final/image_dist Mean             11.1658
evaluation/env_infos/final/image_dist Std               0.933375
evaluation/env_infos/final/image_dist Max              12.8953
evaluation/env_infos/final/image_dist Min               9.96713
evaluation/env_infos/initial/image_dist Mean           11.192
evaluation/env_infos/initial/image_dist Std             0.957583
evaluation/env_infos/initial/image_dist Max            13.1073
evaluation/env_infos/initial/image_dist Min             9.68629
evaluation/env_infos/image_dist Mean                   11.1339
evaluation/env_infos/image_dist Std                     0.941621
evaluation/env_infos/image_dist Max                    13.1073
evaluation/env_infos/image_dist Min                     9.68629
evaluation/env_infos/final/image_success Mean          -0.9
evaluation/env_infos/final/image_success Std            0.3
evaluation/env_infos/final/image_success Max            0
evaluation/env_infos/final/image_success Min           -1
evaluation/env_infos/initial/image_success Mean        -0.9
evaluation/env_infos/initial/image_success Std          0.3
evaluation/env_infos/initial/image_success Max          0
evaluation/env_infos/initial/image_success Min         -1
evaluation/env_infos/image_success Mean                -0.842
evaluation/env_infos/image_success Std                  0.364741
evaluation/env_infos/image_success Max                  0
evaluation/env_infos/image_success Min                 -1
evaluation/env_infos/final/vae_mdist Mean               1.96325e-09
evaluation/env_infos/final/vae_mdist Std                9.03488e-10
evaluation/env_infos/final/vae_mdist Max                3.20153e-09
evaluation/env_infos/final/vae_mdist Min                5.76974e-10
evaluation/env_infos/initial/vae_mdist Mean             1.84361e-09
evaluation/env_infos/initial/vae_mdist Std              7.5791e-10
evaluation/env_infos/initial/vae_mdist Max              3.15445e-09
evaluation/env_infos/initial/vae_mdist Min              7.54534e-10
evaluation/env_infos/vae_mdist Mean                     1.94264e-09
evaluation/env_infos/vae_mdist Std                      9.78475e-10
evaluation/env_infos/vae_mdist Max                      4.41093e-09
evaluation/env_infos/vae_mdist Min                      4.35858e-10
evaluation/env_infos/final/vae_success Mean             1
evaluation/env_infos/final/vae_success Std              0
evaluation/env_infos/final/vae_success Max              1
evaluation/env_infos/final/vae_success Min              1
evaluation/env_infos/initial/vae_success Mean           1
evaluation/env_infos/initial/vae_success Std            0
evaluation/env_infos/initial/vae_success Max            1
evaluation/env_infos/initial/vae_success Min            1
evaluation/env_infos/vae_success Mean                   1
evaluation/env_infos/vae_success Std                    0
evaluation/env_infos/vae_success Max                    1
evaluation/env_infos/vae_success Min                    1
evaluation/env_infos/final/vae_dist Mean                1.91948e-06
evaluation/env_infos/final/vae_dist Std                 4.94312e-07
evaluation/env_infos/final/vae_dist Max                 2.53113e-06
evaluation/env_infos/final/vae_dist Min                 1.07444e-06
evaluation/env_infos/initial/vae_dist Mean              1.87746e-06
evaluation/env_infos/initial/vae_dist Std               4.05397e-07
evaluation/env_infos/initial/vae_dist Max               2.51244e-06
evaluation/env_infos/initial/vae_dist Min               1.22875e-06
evaluation/env_infos/vae_dist Mean                      1.90344e-06
evaluation/env_infos/vae_dist Std                       5.14226e-07
evaluation/env_infos/vae_dist Max                       2.97096e-06
evaluation/env_infos/vae_dist Min                       9.3385e-07
evaluation/env_infos/final/vae_dist_l1 Mean             3.31099e-06
evaluation/env_infos/final/vae_dist_l1 Std              1.05423e-06
evaluation/env_infos/final/vae_dist_l1 Max              4.93082e-06
evaluation/env_infos/final/vae_dist_l1 Min              1.49805e-06
evaluation/env_infos/initial/vae_dist_l1 Mean           3.20444e-06
evaluation/env_infos/initial/vae_dist_l1 Std            8.16287e-07
evaluation/env_infos/initial/vae_dist_l1 Max            4.84231e-06
evaluation/env_infos/initial/vae_dist_l1 Min            2.08893e-06
evaluation/env_infos/vae_dist_l1 Mean                   3.28164e-06
evaluation/env_infos/vae_dist_l1 Std                    1.06764e-06
evaluation/env_infos/vae_dist_l1 Max                    5.4234e-06
evaluation/env_infos/vae_dist_l1 Min                    1.31901e-06
evaluation/env_infos/final/vae_dist_l2 Mean             1.91948e-06
evaluation/env_infos/final/vae_dist_l2 Std              4.94312e-07
evaluation/env_infos/final/vae_dist_l2 Max              2.53113e-06
evaluation/env_infos/final/vae_dist_l2 Min              1.07444e-06
evaluation/env_infos/initial/vae_dist_l2 Mean           1.87746e-06
evaluation/env_infos/initial/vae_dist_l2 Std            4.05397e-07
evaluation/env_infos/initial/vae_dist_l2 Max            2.51244e-06
evaluation/env_infos/initial/vae_dist_l2 Min            1.22875e-06
evaluation/env_infos/vae_dist_l2 Mean                   1.90344e-06
evaluation/env_infos/vae_dist_l2 Std                    5.14226e-07
evaluation/env_infos/vae_dist_l2 Max                    2.97096e-06
evaluation/env_infos/vae_dist_l2 Min                    9.3385e-07
time/data storing (s)                                   0.0710326
time/evaluation sampling (s)                           16.1605
time/exploration sampling (s)                          16.6758
time/logging (s)                                        0.0105287
time/saving (s)                                         0.0236576
time/training (s)                                      16.2866
time/vae training (s)                                  10.2798
time/epoch (s)                                         59.5078
time/total (s)                                        393.539
Epoch                                                   0
-------------------------------------------------  ----------------
