2019-08-24 21:57:13.039315 EDT | [rlkit-skew-fit-pusher-reference-sample-from-true-prior-take2_2019_08_24_21_56_04_0000--s-0] Epoch 0 finished
-------------------------------------------------  ----------------
vae_trainer/train/log prob                         -11329.2
vae_trainer/train/KL                                   19.4313
vae_trainer/train/loss                              11717.8
vae_trainer/epoch                                       0
vae_trainer/test/log prob                           -9870.14
vae_trainer/test/KL                                    11.8493
vae_trainer/test/loss                               10107.1
vae_trainer/beta                                       20
replay_buffer/VAE Sample Weights Mean                   0.00166667
replay_buffer/VAE Sample Weights Std                    0.0148459
replay_buffer/VAE Sample Weights Max                    0.223633
replay_buffer/VAE Sample Weights Min                    2.56804e-10
replay_buffer/VAE Sample Probs Mean                     0.00166667
replay_buffer/VAE Sample Probs Std                      0.0148459
replay_buffer/VAE Sample Probs Max                      0.223633
replay_buffer/VAE Sample Probs Min                      2.56804e-10
trainer/QF1 Loss                                        1.26599
trainer/QF2 Loss                                        1.26606
trainer/Policy Loss                                    -1.34133
trainer/Q1 Predictions Mean                             0.00110356
trainer/Q1 Predictions Std                              0.000856294
trainer/Q1 Predictions Max                              0.0038744
trainer/Q1 Predictions Min                             -0.00225579
trainer/Q2 Predictions Mean                             0.00497115
trainer/Q2 Predictions Std                              0.000906885
trainer/Q2 Predictions Max                              0.00854062
trainer/Q2 Predictions Min                              0.00265797
trainer/Q Targets Mean                                 -0.0461798
trainer/Q Targets Std                                   1.12408
trainer/Q Targets Max                                   2.11143
trainer/Q Targets Min                                  -3.36915
trainer/Log Pis Mean                                   -1.34027
trainer/Log Pis Std                                     0.299505
trainer/Log Pis Max                                    -0.541276
trainer/Log Pis Min                                    -2.05161
trainer/Policy mu Mean                                 -0.000192508
trainer/Policy mu Std                                   0.000632699
trainer/Policy mu Max                                   0.00155841
trainer/Policy mu Min                                  -0.00168277
trainer/Policy log std Mean                            -0.00114421
trainer/Policy log std Std                              0.000402372
trainer/Policy log std Max                             -0.00034733
trainer/Policy log std Min                             -0.00279906
trainer/Alpha                                           0.999
trainer/Alpha Loss                                     -0
exploration/num steps total                           600
exploration/num paths total                            12
exploration/path length Mean                           50
exploration/path length Std                             0
exploration/path length Max                            50
exploration/path length Min                            50
exploration/hand_distance Mean                          0.0845169
exploration/hand_distance Std                           0.0278958
exploration/hand_distance Max                           0.159245
exploration/hand_distance Min                           0.0302114
exploration/Final hand_distance Mean                    0.0712585
exploration/Final hand_distance Std                     0.0212121
exploration/Final hand_distance Max                     0.11202
exploration/Final hand_distance Min                     0.0381652
exploration/puck_distance Mean                          0.0862803
exploration/puck_distance Std                           0.0320294
exploration/puck_distance Max                           0.142939
exploration/puck_distance Min                           0.0307958
exploration/Final puck_distance Mean                    0.0950395
exploration/Final puck_distance Std                     0.024787
exploration/Final puck_distance Max                     0.125845
exploration/Final puck_distance Min                     0.050299
exploration/touch_distance Mean                         0.0892508
exploration/touch_distance Std                          0.0199904
exploration/touch_distance Max                          0.141673
exploration/touch_distance Min                          0.057347
exploration/Final touch_distance Mean                   0.09127
exploration/Final touch_distance Std                    0.0203776
exploration/Final touch_distance Max                    0.120087
exploration/Final touch_distance Min                    0.060087
exploration/success Mean                                0
exploration/success Std                                 0
exploration/success Max                                 0
exploration/success Min                                 0
exploration/Final success Mean                          0
exploration/Final success Std                           0
exploration/Final success Max                           0
exploration/Final success Min                           0
exploration/image_dist Mean                            10.5229
exploration/image_dist Std                              1.5938
exploration/image_dist Max                             15.138
exploration/image_dist Min                              5.98242
exploration/Final image_dist Mean                      10.295
exploration/Final image_dist Std                        1.46863
exploration/Final image_dist Max                       13.9983
exploration/Final image_dist Min                        8.85319
exploration/image_success Mean                         -0.646
exploration/image_success Std                           0.478209
exploration/image_success Max                           0
exploration/image_success Min                          -1
exploration/Final image_success Mean                   -0.3
exploration/Final image_success Std                     0.458258
exploration/Final image_success Max                     0
exploration/Final image_success Min                    -1
exploration/vae_mdist Mean                           2671.59
exploration/vae_mdist Std                            2013.25
exploration/vae_mdist Max                            8462.13
exploration/vae_mdist Min                            1181.27
exploration/Final vae_mdist Mean                     2671.59
exploration/Final vae_mdist Std                      2013.26
exploration/Final vae_mdist Max                      8462.12
exploration/Final vae_mdist Min                      1181.28
exploration/vae_success Mean                            0
exploration/vae_success Std                             0
exploration/vae_success Max                             0
exploration/vae_success Min                             0
exploration/Final vae_success Mean                      0
exploration/Final vae_success Std                       0
exploration/Final vae_success Max                       0
exploration/Final vae_success Min                       0
exploration/vae_dist Mean                               2.20504
exploration/vae_dist Std                                0.696345
exploration/vae_dist Max                                4.11543
exploration/vae_dist Min                                1.53765
exploration/Final vae_dist Mean                         2.20504
exploration/Final vae_dist Std                          0.696345
exploration/Final vae_dist Max                          4.11543
exploration/Final vae_dist Min                          1.53766
exploration/Rewards Mean                               -2.20504
exploration/Rewards Std                                 0.696345
exploration/Rewards Max                                -1.53765
exploration/Rewards Min                                -4.11543
exploration/Returns Mean                             -110.252
exploration/Returns Std                                34.8172
exploration/Returns Max                               -76.8828
exploration/Returns Min                              -205.772
exploration/Actions Mean                                0.0264217
exploration/Actions Std                                 0.629112
exploration/Actions Max                                 0.995188
exploration/Actions Min                                -0.996697
exploration/Num Paths                                  10
exploration/Average Returns                          -110.252
exploration/env_infos/final/hand_distance Mean          0.0712585
exploration/env_infos/final/hand_distance Std           0.0212121
exploration/env_infos/final/hand_distance Max           0.11202
exploration/env_infos/final/hand_distance Min           0.0381652
exploration/env_infos/initial/hand_distance Mean        0.112535
exploration/env_infos/initial/hand_distance Std         0.0216838
exploration/env_infos/initial/hand_distance Max         0.159245
exploration/env_infos/initial/hand_distance Min         0.0816193
exploration/env_infos/hand_distance Mean                0.0845169
exploration/env_infos/hand_distance Std                 0.0278958
exploration/env_infos/hand_distance Max                 0.159245
exploration/env_infos/hand_distance Min                 0.0302114
exploration/env_infos/final/puck_distance Mean          0.0950395
exploration/env_infos/final/puck_distance Std           0.024787
exploration/env_infos/final/puck_distance Max           0.125845
exploration/env_infos/final/puck_distance Min           0.050299
exploration/env_infos/initial/puck_distance Mean        0.0832073
exploration/env_infos/initial/puck_distance Std         0.0362254
exploration/env_infos/initial/puck_distance Max         0.142939
exploration/env_infos/initial/puck_distance Min         0.0307975
exploration/env_infos/puck_distance Mean                0.0862803
exploration/env_infos/puck_distance Std                 0.0320294
exploration/env_infos/puck_distance Max                 0.142939
exploration/env_infos/puck_distance Min                 0.0307958
exploration/env_infos/final/touch_distance Mean         0.09127
exploration/env_infos/final/touch_distance Std          0.0203776
exploration/env_infos/final/touch_distance Max          0.120087
exploration/env_infos/final/touch_distance Min          0.060087
exploration/env_infos/initial/touch_distance Mean       0.105665
exploration/env_infos/initial/touch_distance Std        0.000545702
exploration/env_infos/initial/touch_distance Max        0.106564
exploration/env_infos/initial/touch_distance Min        0.105096
exploration/env_infos/touch_distance Mean               0.0892508
exploration/env_infos/touch_distance Std                0.0199904
exploration/env_infos/touch_distance Max                0.141673
exploration/env_infos/touch_distance Min                0.057347
exploration/env_infos/final/success Mean                0
exploration/env_infos/final/success Std                 0
exploration/env_infos/final/success Max                 0
exploration/env_infos/final/success Min                 0
exploration/env_infos/initial/success Mean              0
exploration/env_infos/initial/success Std               0
exploration/env_infos/initial/success Max               0
exploration/env_infos/initial/success Min               0
exploration/env_infos/success Mean                      0
exploration/env_infos/success Std                       0
exploration/env_infos/success Max                       0
exploration/env_infos/success Min                       0
exploration/env_infos/final/image_dist Mean            10.295
exploration/env_infos/final/image_dist Std              1.46863
exploration/env_infos/final/image_dist Max             13.9983
exploration/env_infos/final/image_dist Min              8.85319
exploration/env_infos/initial/image_dist Mean          10.284
exploration/env_infos/initial/image_dist Std            1.07942
exploration/env_infos/initial/image_dist Max           12.3147
exploration/env_infos/initial/image_dist Min            8.70271
exploration/env_infos/image_dist Mean                  10.5229
exploration/env_infos/image_dist Std                    1.5938
exploration/env_infos/image_dist Max                   15.138
exploration/env_infos/image_dist Min                    5.98242
exploration/env_infos/final/image_success Mean         -0.3
exploration/env_infos/final/image_success Std           0.458258
exploration/env_infos/final/image_success Max           0
exploration/env_infos/final/image_success Min          -1
exploration/env_infos/initial/image_success Mean       -0.7
exploration/env_infos/initial/image_success Std         0.458258
exploration/env_infos/initial/image_success Max         0
exploration/env_infos/initial/image_success Min        -1
exploration/env_infos/image_success Mean               -0.646
exploration/env_infos/image_success Std                 0.478209
exploration/env_infos/image_success Max                 0
exploration/env_infos/image_success Min                -1
exploration/env_infos/final/vae_mdist Mean           2671.59
exploration/env_infos/final/vae_mdist Std            2013.26
exploration/env_infos/final/vae_mdist Max            8462.12
exploration/env_infos/final/vae_mdist Min            1181.28
exploration/env_infos/initial/vae_mdist Mean         2671.59
exploration/env_infos/initial/vae_mdist Std          2013.25
exploration/env_infos/initial/vae_mdist Max          8462.11
exploration/env_infos/initial/vae_mdist Min          1181.28
exploration/env_infos/vae_mdist Mean                 2671.59
exploration/env_infos/vae_mdist Std                  2013.25
exploration/env_infos/vae_mdist Max                  8462.13
exploration/env_infos/vae_mdist Min                  1181.27
exploration/env_infos/final/vae_success Mean            0
exploration/env_infos/final/vae_success Std             0
exploration/env_infos/final/vae_success Max             0
exploration/env_infos/final/vae_success Min             0
exploration/env_infos/initial/vae_success Mean          0
exploration/env_infos/initial/vae_success Std           0
exploration/env_infos/initial/vae_success Max           0
exploration/env_infos/initial/vae_success Min           0
exploration/env_infos/vae_success Mean                  0
exploration/env_infos/vae_success Std                   0
exploration/env_infos/vae_success Max                   0
exploration/env_infos/vae_success Min                   0
exploration/env_infos/final/vae_dist Mean               2.20504
exploration/env_infos/final/vae_dist Std                0.696345
exploration/env_infos/final/vae_dist Max                4.11543
exploration/env_infos/final/vae_dist Min                1.53766
exploration/env_infos/initial/vae_dist Mean             2.20504
exploration/env_infos/initial/vae_dist Std              0.696344
exploration/env_infos/initial/vae_dist Max              4.11543
exploration/env_infos/initial/vae_dist Min              1.53766
exploration/env_infos/vae_dist Mean                     2.20504
exploration/env_infos/vae_dist Std                      0.696345
exploration/env_infos/vae_dist Max                      4.11543
exploration/env_infos/vae_dist Min                      1.53765
exploration/env_infos/final/vae_dist_l1 Mean            3.72427
exploration/env_infos/final/vae_dist_l1 Std             1.2653
exploration/env_infos/final/vae_dist_l1 Max             7.26726
exploration/env_infos/final/vae_dist_l1 Min             2.7688
exploration/env_infos/initial/vae_dist_l1 Mean          3.72427
exploration/env_infos/initial/vae_dist_l1 Std           1.2653
exploration/env_infos/initial/vae_dist_l1 Max           7.26726
exploration/env_infos/initial/vae_dist_l1 Min           2.7688
exploration/env_infos/vae_dist_l1 Mean                  3.72427
exploration/env_infos/vae_dist_l1 Std                   1.2653
exploration/env_infos/vae_dist_l1 Max                   7.26726
exploration/env_infos/vae_dist_l1 Min                   2.7688
exploration/env_infos/final/vae_dist_l2 Mean            2.20504
exploration/env_infos/final/vae_dist_l2 Std             0.696345
exploration/env_infos/final/vae_dist_l2 Max             4.11543
exploration/env_infos/final/vae_dist_l2 Min             1.53766
exploration/env_infos/initial/vae_dist_l2 Mean          2.20504
exploration/env_infos/initial/vae_dist_l2 Std           0.696344
exploration/env_infos/initial/vae_dist_l2 Max           4.11543
exploration/env_infos/initial/vae_dist_l2 Min           1.53766
exploration/env_infos/vae_dist_l2 Mean                  2.20504
exploration/env_infos/vae_dist_l2 Std                   0.696345
exploration/env_infos/vae_dist_l2 Max                   4.11543
exploration/env_infos/vae_dist_l2 Min                   1.53765
evaluation/num steps total                            500
evaluation/num paths total                             10
evaluation/path length Mean                            50
evaluation/path length Std                              0
evaluation/path length Max                             50
evaluation/path length Min                             50
evaluation/hand_distance Mean                           0.095638
evaluation/hand_distance Std                            0.0195211
evaluation/hand_distance Max                            0.135925
evaluation/hand_distance Min                            0.0640797
evaluation/Final hand_distance Mean                     0.0960349
evaluation/Final hand_distance Std                      0.0193924
evaluation/Final hand_distance Max                      0.135412
evaluation/Final hand_distance Min                      0.0672598
evaluation/puck_distance Mean                           0.0935892
evaluation/puck_distance Std                            0.0307783
evaluation/puck_distance Max                            0.147927
evaluation/puck_distance Min                            0.0341717
evaluation/Final puck_distance Mean                     0.0935889
evaluation/Final puck_distance Std                      0.0307785
evaluation/Final puck_distance Max                      0.147926
evaluation/Final puck_distance Min                      0.0341721
evaluation/touch_distance Mean                          0.105521
evaluation/touch_distance Std                           0.00029346
evaluation/touch_distance Max                           0.105942
evaluation/touch_distance Min                           0.104992
evaluation/Final touch_distance Mean                    0.105891
evaluation/Final touch_distance Std                     1.6396e-09
evaluation/Final touch_distance Max                     0.105891
evaluation/Final touch_distance Min                     0.10589
evaluation/success Mean                                 0
evaluation/success Std                                  0
evaluation/success Max                                  0
evaluation/success Min                                  0
evaluation/Final success Mean                           0
evaluation/Final success Std                            0
evaluation/Final success Max                            0
evaluation/Final success Min                            0
evaluation/image_dist Mean                              9.92827
evaluation/image_dist Std                               0.922048
evaluation/image_dist Max                              11.6895
evaluation/image_dist Min                               8.4254
evaluation/Final image_dist Mean                        9.94649
evaluation/Final image_dist Std                         0.883363
evaluation/Final image_dist Max                        11.5426
evaluation/Final image_dist Min                         8.68073
evaluation/image_success Mean                          -0.546
evaluation/image_success Std                            0.49788
evaluation/image_success Max                            0
evaluation/image_success Min                           -1
evaluation/Final image_success Mean                    -0.6
evaluation/Final image_success Std                      0.489898
evaluation/Final image_success Max                      0
evaluation/Final image_success Min                     -1
evaluation/vae_mdist Mean                               2.32178e-09
evaluation/vae_mdist Std                                1.48453e-09
evaluation/vae_mdist Max                                6.72533e-09
evaluation/vae_mdist Min                                1.39957e-10
evaluation/Final vae_mdist Mean                         2.34973e-09
evaluation/Final vae_mdist Std                          1.58153e-09
evaluation/Final vae_mdist Max                          5.24675e-09
evaluation/Final vae_mdist Min                          2.26404e-10
evaluation/vae_success Mean                             1
evaluation/vae_success Std                              0
evaluation/vae_success Max                              1
evaluation/vae_success Min                              1
evaluation/Final vae_success Mean                       1
evaluation/Final vae_success Std                        0
evaluation/Final vae_success Max                        1
evaluation/Final vae_success Min                        1
evaluation/vae_dist Mean                                2.02283e-06
evaluation/vae_dist Std                                 7.45196e-07
evaluation/vae_dist Max                                 3.66891e-06
evaluation/vae_dist Min                                 5.29271e-07
evaluation/Final vae_dist Mean                          2.0169e-06
evaluation/Final vae_dist Std                           7.97021e-07
evaluation/Final vae_dist Max                           3.24061e-06
evaluation/Final vae_dist Min                           6.73164e-07
evaluation/Rewards Mean                                -2.02283e-06
evaluation/Rewards Std                                  7.45196e-07
evaluation/Rewards Max                                 -5.29271e-07
evaluation/Rewards Min                                 -3.66891e-06
evaluation/Returns Mean                                -0.000101141
evaluation/Returns Std                                  3.22397e-05
evaluation/Returns Max                                 -3.78658e-05
evaluation/Returns Min                                 -0.000154866
evaluation/Actions Mean                                -0.000177561
evaluation/Actions Std                                  0.000597912
evaluation/Actions Max                                  0.000420353
evaluation/Actions Min                                 -0.000775474
evaluation/Num Paths                                   10
evaluation/Average Returns                             -0.000101141
evaluation/env_infos/final/hand_distance Mean           0.0960349
evaluation/env_infos/final/hand_distance Std            0.0193924
evaluation/env_infos/final/hand_distance Max            0.135412
evaluation/env_infos/final/hand_distance Min            0.0672598
evaluation/env_infos/initial/hand_distance Mean         0.0949252
evaluation/env_infos/initial/hand_distance Std          0.0204132
evaluation/env_infos/initial/hand_distance Max          0.135925
evaluation/env_infos/initial/hand_distance Min          0.0640797
evaluation/env_infos/hand_distance Mean                 0.095638
evaluation/env_infos/hand_distance Std                  0.0195211
evaluation/env_infos/hand_distance Max                  0.135925
evaluation/env_infos/hand_distance Min                  0.0640797
evaluation/env_infos/final/puck_distance Mean           0.0935889
evaluation/env_infos/final/puck_distance Std            0.0307785
evaluation/env_infos/final/puck_distance Max            0.147926
evaluation/env_infos/final/puck_distance Min            0.0341721
evaluation/env_infos/initial/puck_distance Mean         0.0935894
evaluation/env_infos/initial/puck_distance Std          0.0307781
evaluation/env_infos/initial/puck_distance Max          0.147926
evaluation/env_infos/initial/puck_distance Min          0.034174
evaluation/env_infos/puck_distance Mean                 0.0935892
evaluation/env_infos/puck_distance Std                  0.0307783
evaluation/env_infos/puck_distance Max                  0.147927
evaluation/env_infos/puck_distance Min                  0.0341717
evaluation/env_infos/final/touch_distance Mean          0.105891
evaluation/env_infos/final/touch_distance Std           1.6396e-09
evaluation/env_infos/final/touch_distance Max           0.105891
evaluation/env_infos/final/touch_distance Min           0.10589
evaluation/env_infos/initial/touch_distance Mean        0.105349
evaluation/env_infos/initial/touch_distance Std         2.46938e-05
evaluation/env_infos/initial/touch_distance Max         0.105357
evaluation/env_infos/initial/touch_distance Min         0.105275
evaluation/env_infos/touch_distance Mean                0.105521
evaluation/env_infos/touch_distance Std                 0.00029346
evaluation/env_infos/touch_distance Max                 0.105942
evaluation/env_infos/touch_distance Min                 0.104992
evaluation/env_infos/final/success Mean                 0
evaluation/env_infos/final/success Std                  0
evaluation/env_infos/final/success Max                  0
evaluation/env_infos/final/success Min                  0
evaluation/env_infos/initial/success Mean               0
evaluation/env_infos/initial/success Std                0
evaluation/env_infos/initial/success Max                0
evaluation/env_infos/initial/success Min                0
evaluation/env_infos/success Mean                       0
evaluation/env_infos/success Std                        0
evaluation/env_infos/success Max                        0
evaluation/env_infos/success Min                        0
evaluation/env_infos/final/image_dist Mean              9.94649
evaluation/env_infos/final/image_dist Std               0.883363
evaluation/env_infos/final/image_dist Max              11.5426
evaluation/env_infos/final/image_dist Min               8.68073
evaluation/env_infos/initial/image_dist Mean            9.96137
evaluation/env_infos/initial/image_dist Std             0.822645
evaluation/env_infos/initial/image_dist Max            11.3544
evaluation/env_infos/initial/image_dist Min             8.51003
evaluation/env_infos/image_dist Mean                    9.92827
evaluation/env_infos/image_dist Std                     0.922048
evaluation/env_infos/image_dist Max                    11.6895
evaluation/env_infos/image_dist Min                     8.4254
evaluation/env_infos/final/image_success Mean          -0.6
evaluation/env_infos/final/image_success Std            0.489898
evaluation/env_infos/final/image_success Max            0
evaluation/env_infos/final/image_success Min           -1
evaluation/env_infos/initial/image_success Mean        -0.4
evaluation/env_infos/initial/image_success Std          0.489898
evaluation/env_infos/initial/image_success Max          0
evaluation/env_infos/initial/image_success Min         -1
evaluation/env_infos/image_success Mean                -0.546
evaluation/env_infos/image_success Std                  0.49788
evaluation/env_infos/image_success Max                  0
evaluation/env_infos/image_success Min                 -1
evaluation/env_infos/final/vae_mdist Mean               2.34973e-09
evaluation/env_infos/final/vae_mdist Std                1.58153e-09
evaluation/env_infos/final/vae_mdist Max                5.24675e-09
evaluation/env_infos/final/vae_mdist Min                2.26404e-10
evaluation/env_infos/initial/vae_mdist Mean             2.61073e-09
evaluation/env_infos/initial/vae_mdist Std              1.79179e-09
evaluation/env_infos/initial/vae_mdist Max              6.72533e-09
evaluation/env_infos/initial/vae_mdist Min              2.0454e-10
evaluation/env_infos/vae_mdist Mean                     2.32178e-09
evaluation/env_infos/vae_mdist Std                      1.48453e-09
evaluation/env_infos/vae_mdist Max                      6.72533e-09
evaluation/env_infos/vae_mdist Min                      1.39957e-10
evaluation/env_infos/final/vae_success Mean             1
evaluation/env_infos/final/vae_success Std              0
evaluation/env_infos/final/vae_success Max              1
evaluation/env_infos/final/vae_success Min              1
evaluation/env_infos/initial/vae_success Mean           1
evaluation/env_infos/initial/vae_success Std            0
evaluation/env_infos/initial/vae_success Max            1
evaluation/env_infos/initial/vae_success Min            1
evaluation/env_infos/vae_success Mean                   1
evaluation/env_infos/vae_success Std                    0
evaluation/env_infos/vae_success Max                    1
evaluation/env_infos/vae_success Min                    1
evaluation/env_infos/final/vae_dist Mean                2.0169e-06
evaluation/env_infos/final/vae_dist Std                 7.97021e-07
evaluation/env_infos/final/vae_dist Max                 3.24061e-06
evaluation/env_infos/final/vae_dist Min                 6.73164e-07
evaluation/env_infos/initial/vae_dist Mean              2.13326e-06
evaluation/env_infos/initial/vae_dist Std               8.21437e-07
evaluation/env_infos/initial/vae_dist Max               3.66891e-06
evaluation/env_infos/initial/vae_dist Min               6.39846e-07
evaluation/env_infos/vae_dist Mean                      2.02283e-06
evaluation/env_infos/vae_dist Std                       7.45196e-07
evaluation/env_infos/vae_dist Max                       3.66891e-06
evaluation/env_infos/vae_dist Min                       5.29271e-07
evaluation/env_infos/final/vae_dist_l1 Mean             3.51127e-06
evaluation/env_infos/final/vae_dist_l1 Std              1.37585e-06
evaluation/env_infos/final/vae_dist_l1 Max              5.62995e-06
evaluation/env_infos/final/vae_dist_l1 Min              1.32108e-06
evaluation/env_infos/initial/vae_dist_l1 Mean           3.67749e-06
evaluation/env_infos/initial/vae_dist_l1 Std            1.42227e-06
evaluation/env_infos/initial/vae_dist_l1 Max            6.35964e-06
evaluation/env_infos/initial/vae_dist_l1 Min            9.53063e-07
evaluation/env_infos/vae_dist_l1 Mean                   3.44121e-06
evaluation/env_infos/vae_dist_l1 Std                    1.30887e-06
evaluation/env_infos/vae_dist_l1 Max                    6.35964e-06
evaluation/env_infos/vae_dist_l1 Min                    8.40722e-07
evaluation/env_infos/final/vae_dist_l2 Mean             2.0169e-06
evaluation/env_infos/final/vae_dist_l2 Std              7.97021e-07
evaluation/env_infos/final/vae_dist_l2 Max              3.24061e-06
evaluation/env_infos/final/vae_dist_l2 Min              6.73164e-07
evaluation/env_infos/initial/vae_dist_l2 Mean           2.13326e-06
evaluation/env_infos/initial/vae_dist_l2 Std            8.21437e-07
evaluation/env_infos/initial/vae_dist_l2 Max            3.66891e-06
evaluation/env_infos/initial/vae_dist_l2 Min            6.39846e-07
evaluation/env_infos/vae_dist_l2 Mean                   2.02283e-06
evaluation/env_infos/vae_dist_l2 Std                    7.45196e-07
evaluation/env_infos/vae_dist_l2 Max                    3.66891e-06
evaluation/env_infos/vae_dist_l2 Min                    5.29271e-07
time/data storing (s)                                   0.068575
time/evaluation sampling (s)                           16.2864
time/exploration sampling (s)                          16.8516
time/logging (s)                                        0.0102242
time/saving (s)                                         0.0235787
time/training (s)                                      15.7534
time/vae training (s)                                   8.35429
time/epoch (s)                                         57.348
time/total (s)                                         69.2737
Epoch                                                   0
-------------------------------------------------  ----------------
