2019-08-24 22:05:19.511604 EDT | [rlkit-skew-fit-pusher-reference-sample-from-true-prior-take2_2019_08_24_22_04_10_0000--s-0] Epoch 0 finished
-------------------------------------------------  ----------------
vae_trainer/train/log prob                         -13397.4
vae_trainer/train/KL                                   20.8989
vae_trainer/train/loss                              13815.3
vae_trainer/epoch                                       0
vae_trainer/test/log prob                          -11450.1
vae_trainer/test/KL                                    12.2528
vae_trainer/test/loss                               11695.2
vae_trainer/beta                                       20
replay_buffer/VAE Sample Weights Mean                   0.00166667
replay_buffer/VAE Sample Weights Std                    0.0143728
replay_buffer/VAE Sample Weights Max                    0.254574
replay_buffer/VAE Sample Weights Min                    1.01157e-08
replay_buffer/VAE Sample Probs Mean                     0.00166667
replay_buffer/VAE Sample Probs Std                      0.0143728
replay_buffer/VAE Sample Probs Max                      0.254574
replay_buffer/VAE Sample Probs Min                      1.01157e-08
trainer/QF1 Loss                                        1.0429
trainer/QF2 Loss                                        1.04214
trainer/Policy Loss                                    -1.33487
trainer/Q1 Predictions Mean                            -0.0049709
trainer/Q1 Predictions Std                              0.000688485
trainer/Q1 Predictions Max                             -0.00293713
trainer/Q1 Predictions Min                             -0.00693176
trainer/Q2 Predictions Mean                             0.00185089
trainer/Q2 Predictions Std                              0.000740833
trainer/Q2 Predictions Max                              0.00443702
trainer/Q2 Predictions Min                             -0.000966782
trainer/Q Targets Mean                                  0.0504652
trainer/Q Targets Std                                   1.01966
trainer/Q Targets Max                                   2.74052
trainer/Q Targets Min                                  -3.00847
trainer/Log Pis Mean                                   -1.33983
trainer/Log Pis Std                                     0.305426
trainer/Log Pis Max                                    -0.544899
trainer/Log Pis Min                                    -1.83805
trainer/Policy mu Mean                                  0.000302345
trainer/Policy mu Std                                   0.000506595
trainer/Policy mu Max                                   0.00111275
trainer/Policy mu Min                                  -0.00115647
trainer/Policy log std Mean                             0.000173457
trainer/Policy log std Std                              0.00222623
trainer/Policy log std Max                              0.00292626
trainer/Policy log std Min                             -0.00306588
trainer/Alpha                                           0.999
trainer/Alpha Loss                                     -0
exploration/num steps total                           600
exploration/num paths total                            12
exploration/path length Mean                           50
exploration/path length Std                             0
exploration/path length Max                            50
exploration/path length Min                            50
exploration/hand_distance Mean                          0.101223
exploration/hand_distance Std                           0.0327903
exploration/hand_distance Max                           0.172272
exploration/hand_distance Min                           0.0297591
exploration/Final hand_distance Mean                    0.103409
exploration/Final hand_distance Std                     0.0345823
exploration/Final hand_distance Max                     0.149282
exploration/Final hand_distance Min                     0.0483811
exploration/puck_distance Mean                          0.100712
exploration/puck_distance Std                           0.0592509
exploration/puck_distance Max                           0.222156
exploration/puck_distance Min                           0.021136
exploration/Final puck_distance Mean                    0.108625
exploration/Final puck_distance Std                     0.0552112
exploration/Final puck_distance Max                     0.222156
exploration/Final puck_distance Min                     0.021136
exploration/touch_distance Mean                         0.119013
exploration/touch_distance Std                          0.0438613
exploration/touch_distance Max                          0.221343
exploration/touch_distance Min                          0.0572481
exploration/Final touch_distance Mean                   0.122456
exploration/Final touch_distance Std                    0.0488286
exploration/Final touch_distance Max                    0.221343
exploration/Final touch_distance Min                    0.0696733
exploration/success Mean                                0
exploration/success Std                                 0
exploration/success Max                                 0
exploration/success Min                                 0
exploration/Final success Mean                          0
exploration/Final success Std                           0
exploration/Final success Max                           0
exploration/Final success Min                           0
exploration/image_dist Mean                            11.9492
exploration/image_dist Std                              1.5887
exploration/image_dist Max                             15.7474
exploration/image_dist Min                              8.08056
exploration/Final image_dist Mean                      12.9189
exploration/Final image_dist Std                        1.17243
exploration/Final image_dist Max                       14.3964
exploration/Final image_dist Min                       10.9449
exploration/image_success Mean                         -0.876
exploration/image_success Std                           0.329582
exploration/image_success Max                           0
exploration/image_success Min                          -1
exploration/Final image_success Mean                   -1
exploration/Final image_success Std                     0
exploration/Final image_success Max                    -1
exploration/Final image_success Min                    -1
exploration/vae_mdist Mean                           1575.18
exploration/vae_mdist Std                            1017.02
exploration/vae_mdist Max                            3291.39
exploration/vae_mdist Min                             281.349
exploration/Final vae_mdist Mean                     1575.18
exploration/Final vae_mdist Std                      1017.01
exploration/Final vae_mdist Max                      3291.39
exploration/Final vae_mdist Min                       281.35
exploration/vae_success Mean                            0
exploration/vae_success Std                             0
exploration/vae_success Max                             0
exploration/vae_success Min                             0
exploration/Final vae_success Mean                      0
exploration/Final vae_success Std                       0
exploration/Final vae_success Max                       0
exploration/Final vae_success Min                       0
exploration/vae_dist Mean                               1.67619
exploration/vae_dist Std                                0.585498
exploration/vae_dist Max                                2.56637
exploration/vae_dist Min                                0.750254
exploration/Final vae_dist Mean                         1.67619
exploration/Final vae_dist Std                          0.585498
exploration/Final vae_dist Max                          2.56637
exploration/Final vae_dist Min                          0.750256
exploration/Rewards Mean                               -1.67619
exploration/Rewards Std                                 0.585498
exploration/Rewards Max                                -0.750254
exploration/Rewards Min                                -2.56637
exploration/Returns Mean                              -83.8097
exploration/Returns Std                                29.2749
exploration/Returns Max                               -37.5128
exploration/Returns Min                              -128.319
exploration/Actions Mean                                0.00321477
exploration/Actions Std                                 0.62434
exploration/Actions Max                                 0.999255
exploration/Actions Min                                -0.994938
exploration/Num Paths                                  10
exploration/Average Returns                           -83.8097
exploration/env_infos/final/hand_distance Mean          0.103409
exploration/env_infos/final/hand_distance Std           0.0345823
exploration/env_infos/final/hand_distance Max           0.149282
exploration/env_infos/final/hand_distance Min           0.0483811
exploration/env_infos/initial/hand_distance Mean        0.113783
exploration/env_infos/initial/hand_distance Std         0.0221478
exploration/env_infos/initial/hand_distance Max         0.136707
exploration/env_infos/initial/hand_distance Min         0.0812991
exploration/env_infos/hand_distance Mean                0.101223
exploration/env_infos/hand_distance Std                 0.0327903
exploration/env_infos/hand_distance Max                 0.172272
exploration/env_infos/hand_distance Min                 0.0297591
exploration/env_infos/final/puck_distance Mean          0.108625
exploration/env_infos/final/puck_distance Std           0.0552112
exploration/env_infos/final/puck_distance Max           0.222156
exploration/env_infos/final/puck_distance Min           0.021136
exploration/env_infos/initial/puck_distance Mean        0.0994568
exploration/env_infos/initial/puck_distance Std         0.0601173
exploration/env_infos/initial/puck_distance Max         0.222152
exploration/env_infos/initial/puck_distance Min         0.0211378
exploration/env_infos/puck_distance Mean                0.100712
exploration/env_infos/puck_distance Std                 0.0592509
exploration/env_infos/puck_distance Max                 0.222156
exploration/env_infos/puck_distance Min                 0.021136
exploration/env_infos/final/touch_distance Mean         0.122456
exploration/env_infos/final/touch_distance Std          0.0488286
exploration/env_infos/final/touch_distance Max          0.221343
exploration/env_infos/final/touch_distance Min          0.0696733
exploration/env_infos/initial/touch_distance Mean       0.117986
exploration/env_infos/initial/touch_distance Std        0.0374056
exploration/env_infos/initial/touch_distance Max        0.192019
exploration/env_infos/initial/touch_distance Min        0.0649676
exploration/env_infos/touch_distance Mean               0.119013
exploration/env_infos/touch_distance Std                0.0438613
exploration/env_infos/touch_distance Max                0.221343
exploration/env_infos/touch_distance Min                0.0572481
exploration/env_infos/final/success Mean                0
exploration/env_infos/final/success Std                 0
exploration/env_infos/final/success Max                 0
exploration/env_infos/final/success Min                 0
exploration/env_infos/initial/success Mean              0
exploration/env_infos/initial/success Std               0
exploration/env_infos/initial/success Max               0
exploration/env_infos/initial/success Min               0
exploration/env_infos/success Mean                      0
exploration/env_infos/success Std                       0
exploration/env_infos/success Max                       0
exploration/env_infos/success Min                       0
exploration/env_infos/final/image_dist Mean            12.9189
exploration/env_infos/final/image_dist Std              1.17243
exploration/env_infos/final/image_dist Max             14.3964
exploration/env_infos/final/image_dist Min             10.9449
exploration/env_infos/initial/image_dist Mean          11.0478
exploration/env_infos/initial/image_dist Std            0.85488
exploration/env_infos/initial/image_dist Max           12.2721
exploration/env_infos/initial/image_dist Min            9.44981
exploration/env_infos/image_dist Mean                  11.9492
exploration/env_infos/image_dist Std                    1.5887
exploration/env_infos/image_dist Max                   15.7474
exploration/env_infos/image_dist Min                    8.08056
exploration/env_infos/final/image_success Mean         -1
exploration/env_infos/final/image_success Std           0
exploration/env_infos/final/image_success Max          -1
exploration/env_infos/final/image_success Min          -1
exploration/env_infos/initial/image_success Mean       -0.8
exploration/env_infos/initial/image_success Std         0.4
exploration/env_infos/initial/image_success Max         0
exploration/env_infos/initial/image_success Min        -1
exploration/env_infos/image_success Mean               -0.876
exploration/env_infos/image_success Std                 0.329582
exploration/env_infos/image_success Max                 0
exploration/env_infos/image_success Min                -1
exploration/env_infos/final/vae_mdist Mean           1575.18
exploration/env_infos/final/vae_mdist Std            1017.01
exploration/env_infos/final/vae_mdist Max            3291.39
exploration/env_infos/final/vae_mdist Min             281.35
exploration/env_infos/initial/vae_mdist Mean         1575.18
exploration/env_infos/initial/vae_mdist Std          1017.02
exploration/env_infos/initial/vae_mdist Max          3291.39
exploration/env_infos/initial/vae_mdist Min           281.35
exploration/env_infos/vae_mdist Mean                 1575.18
exploration/env_infos/vae_mdist Std                  1017.02
exploration/env_infos/vae_mdist Max                  3291.39
exploration/env_infos/vae_mdist Min                   281.349
exploration/env_infos/final/vae_success Mean            0
exploration/env_infos/final/vae_success Std             0
exploration/env_infos/final/vae_success Max             0
exploration/env_infos/final/vae_success Min             0
exploration/env_infos/initial/vae_success Mean          0
exploration/env_infos/initial/vae_success Std           0
exploration/env_infos/initial/vae_success Max           0
exploration/env_infos/initial/vae_success Min           0
exploration/env_infos/vae_success Mean                  0
exploration/env_infos/vae_success Std                   0
exploration/env_infos/vae_success Max                   0
exploration/env_infos/vae_success Min                   0
exploration/env_infos/final/vae_dist Mean               1.67619
exploration/env_infos/final/vae_dist Std                0.585498
exploration/env_infos/final/vae_dist Max                2.56637
exploration/env_infos/final/vae_dist Min                0.750256
exploration/env_infos/initial/vae_dist Mean             1.67619
exploration/env_infos/initial/vae_dist Std              0.585498
exploration/env_infos/initial/vae_dist Max              2.56637
exploration/env_infos/initial/vae_dist Min              0.750255
exploration/env_infos/vae_dist Mean                     1.67619
exploration/env_infos/vae_dist Std                      0.585498
exploration/env_infos/vae_dist Max                      2.56637
exploration/env_infos/vae_dist Min                      0.750254
exploration/env_infos/final/vae_dist_l1 Mean            2.92367
exploration/env_infos/final/vae_dist_l1 Std             1.13833
exploration/env_infos/final/vae_dist_l1 Max             4.66741
exploration/env_infos/final/vae_dist_l1 Min             1.07702
exploration/env_infos/initial/vae_dist_l1 Mean          2.92367
exploration/env_infos/initial/vae_dist_l1 Std           1.13833
exploration/env_infos/initial/vae_dist_l1 Max           4.66741
exploration/env_infos/initial/vae_dist_l1 Min           1.07702
exploration/env_infos/vae_dist_l1 Mean                  2.92367
exploration/env_infos/vae_dist_l1 Std                   1.13833
exploration/env_infos/vae_dist_l1 Max                   4.66741
exploration/env_infos/vae_dist_l1 Min                   1.07702
exploration/env_infos/final/vae_dist_l2 Mean            1.67619
exploration/env_infos/final/vae_dist_l2 Std             0.585498
exploration/env_infos/final/vae_dist_l2 Max             2.56637
exploration/env_infos/final/vae_dist_l2 Min             0.750256
exploration/env_infos/initial/vae_dist_l2 Mean          1.67619
exploration/env_infos/initial/vae_dist_l2 Std           0.585498
exploration/env_infos/initial/vae_dist_l2 Max           2.56637
exploration/env_infos/initial/vae_dist_l2 Min           0.750255
exploration/env_infos/vae_dist_l2 Mean                  1.67619
exploration/env_infos/vae_dist_l2 Std                   0.585498
exploration/env_infos/vae_dist_l2 Max                   2.56637
exploration/env_infos/vae_dist_l2 Min                   0.750254
evaluation/num steps total                            500
evaluation/num paths total                             10
evaluation/path length Mean                            50
evaluation/path length Std                              0
evaluation/path length Max                             50
evaluation/path length Min                             50
evaluation/hand_distance Mean                           0.110931
evaluation/hand_distance Std                            0.0307982
evaluation/hand_distance Max                            0.151469
evaluation/hand_distance Min                            0.0692725
evaluation/Final hand_distance Mean                     0.11095
evaluation/Final hand_distance Std                      0.0306461
evaluation/Final hand_distance Max                      0.149614
evaluation/Final hand_distance Min                      0.0698224
evaluation/puck_distance Mean                           0.112943
evaluation/puck_distance Std                            0.0659244
evaluation/puck_distance Max                            0.228354
evaluation/puck_distance Min                            0.00898491
evaluation/Final puck_distance Mean                     0.112943
evaluation/Final puck_distance Std                      0.0659346
evaluation/Final puck_distance Max                      0.228354
evaluation/Final puck_distance Min                      0.00898724
evaluation/touch_distance Mean                          0.162335
evaluation/touch_distance Std                           0.0402499
evaluation/touch_distance Max                           0.205107
evaluation/touch_distance Min                           0.0843916
evaluation/Final touch_distance Mean                    0.162359
evaluation/Final touch_distance Std                     0.0400929
evaluation/Final touch_distance Max                     0.200102
evaluation/Final touch_distance Min                     0.0850583
evaluation/success Mean                                 0
evaluation/success Std                                  0
evaluation/success Max                                  0
evaluation/success Min                                  0
evaluation/Final success Mean                           0
evaluation/Final success Std                            0
evaluation/Final success Max                            0
evaluation/Final success Min                            0
evaluation/image_dist Mean                             10.8038
evaluation/image_dist Std                               1.03291
evaluation/image_dist Max                              11.9974
evaluation/image_dist Min                               8.54216
evaluation/Final image_dist Mean                       10.7788
evaluation/Final image_dist Std                         1.02825
evaluation/Final image_dist Max                        11.9448
evaluation/Final image_dist Min                         8.57934
evaluation/image_success Mean                          -0.7
evaluation/image_success Std                            0.458258
evaluation/image_success Max                            0
evaluation/image_success Min                           -1
evaluation/Final image_success Mean                    -0.7
evaluation/Final image_success Std                      0.458258
evaluation/Final image_success Max                      0
evaluation/Final image_success Min                     -1
evaluation/vae_mdist Mean                               5.48267e-09
evaluation/vae_mdist Std                                3.05359e-09
evaluation/vae_mdist Max                                1.36289e-08
evaluation/vae_mdist Min                                1.92766e-09
evaluation/Final vae_mdist Mean                         5.32617e-09
evaluation/Final vae_mdist Std                          3.03097e-09
evaluation/Final vae_mdist Max                          1.0536e-08
evaluation/Final vae_mdist Min                          2.38007e-09
evaluation/vae_success Mean                             1
evaluation/vae_success Std                              0
evaluation/vae_success Max                              1
evaluation/vae_success Min                              1
evaluation/Final vae_success Mean                       1
evaluation/Final vae_success Std                        0
evaluation/Final vae_success Max                        1
evaluation/Final vae_success Min                        1
evaluation/vae_dist Mean                                3.18506e-06
evaluation/vae_dist Std                                 9.10591e-07
evaluation/vae_dist Max                                 5.22277e-06
evaluation/vae_dist Min                                 1.96426e-06
evaluation/Final vae_dist Mean                          3.13796e-06
evaluation/Final vae_dist Std                           9.02068e-07
evaluation/Final vae_dist Max                           4.59222e-06
evaluation/Final vae_dist Min                           2.18256e-06
evaluation/Rewards Mean                                -3.18506e-06
evaluation/Rewards Std                                  9.10591e-07
evaluation/Rewards Max                                 -1.96426e-06
evaluation/Rewards Min                                 -5.22277e-06
evaluation/Returns Mean                                -0.000159253
evaluation/Returns Std                                  4.49106e-05
evaluation/Returns Max                                 -0.000107291
evaluation/Returns Min                                 -0.000225019
evaluation/Actions Mean                                 0.000295382
evaluation/Actions Std                                  0.000455037
evaluation/Actions Max                                  0.00075042
evaluation/Actions Min                                 -0.000159657
evaluation/Num Paths                                   10
evaluation/Average Returns                             -0.000159253
evaluation/env_infos/final/hand_distance Mean           0.11095
evaluation/env_infos/final/hand_distance Std            0.0306461
evaluation/env_infos/final/hand_distance Max            0.149614
evaluation/env_infos/final/hand_distance Min            0.0698224
evaluation/env_infos/initial/hand_distance Mean         0.110897
evaluation/env_infos/initial/hand_distance Std          0.0321167
evaluation/env_infos/initial/hand_distance Max          0.151469
evaluation/env_infos/initial/hand_distance Min          0.0719443
evaluation/env_infos/hand_distance Mean                 0.110931
evaluation/env_infos/hand_distance Std                  0.0307982
evaluation/env_infos/hand_distance Max                  0.151469
evaluation/env_infos/hand_distance Min                  0.0692725
evaluation/env_infos/final/puck_distance Mean           0.112943
evaluation/env_infos/final/puck_distance Std            0.0659346
evaluation/env_infos/final/puck_distance Max            0.228354
evaluation/env_infos/final/puck_distance Min            0.00898724
evaluation/env_infos/initial/puck_distance Mean         0.112943
evaluation/env_infos/initial/puck_distance Std          0.0659147
evaluation/env_infos/initial/puck_distance Max          0.228349
evaluation/env_infos/initial/puck_distance Min          0.00898491
evaluation/env_infos/puck_distance Mean                 0.112943
evaluation/env_infos/puck_distance Std                  0.0659244
evaluation/env_infos/puck_distance Max                  0.228354
evaluation/env_infos/puck_distance Min                  0.00898491
evaluation/env_infos/final/touch_distance Mean          0.162359
evaluation/env_infos/final/touch_distance Std           0.0400929
evaluation/env_infos/final/touch_distance Max           0.200102
evaluation/env_infos/final/touch_distance Min           0.0850583
evaluation/env_infos/initial/touch_distance Mean        0.161699
evaluation/env_infos/initial/touch_distance Std         0.0406493
evaluation/env_infos/initial/touch_distance Max         0.205107
evaluation/env_infos/initial/touch_distance Min         0.0898797
evaluation/env_infos/touch_distance Mean                0.162335
evaluation/env_infos/touch_distance Std                 0.0402499
evaluation/env_infos/touch_distance Max                 0.205107
evaluation/env_infos/touch_distance Min                 0.0843916
evaluation/env_infos/final/success Mean                 0
evaluation/env_infos/final/success Std                  0
evaluation/env_infos/final/success Max                  0
evaluation/env_infos/final/success Min                  0
evaluation/env_infos/initial/success Mean               0
evaluation/env_infos/initial/success Std                0
evaluation/env_infos/initial/success Max                0
evaluation/env_infos/initial/success Min                0
evaluation/env_infos/success Mean                       0
evaluation/env_infos/success Std                        0
evaluation/env_infos/success Max                        0
evaluation/env_infos/success Min                        0
evaluation/env_infos/final/image_dist Mean             10.7788
evaluation/env_infos/final/image_dist Std               1.02825
evaluation/env_infos/final/image_dist Max              11.9448
evaluation/env_infos/final/image_dist Min               8.57934
evaluation/env_infos/initial/image_dist Mean           10.8529
evaluation/env_infos/initial/image_dist Std             0.97729
evaluation/env_infos/initial/image_dist Max            11.7668
evaluation/env_infos/initial/image_dist Min             8.96999
evaluation/env_infos/image_dist Mean                   10.8038
evaluation/env_infos/image_dist Std                     1.03291
evaluation/env_infos/image_dist Max                    11.9974
evaluation/env_infos/image_dist Min                     8.54216
evaluation/env_infos/final/image_success Mean          -0.7
evaluation/env_infos/final/image_success Std            0.458258
evaluation/env_infos/final/image_success Max            0
evaluation/env_infos/final/image_success Min           -1
evaluation/env_infos/initial/image_success Mean        -0.7
evaluation/env_infos/initial/image_success Std          0.458258
evaluation/env_infos/initial/image_success Max          0
evaluation/env_infos/initial/image_success Min         -1
evaluation/env_infos/image_success Mean                -0.7
evaluation/env_infos/image_success Std                  0.458258
evaluation/env_infos/image_success Max                  0
evaluation/env_infos/image_success Min                 -1
evaluation/env_infos/final/vae_mdist Mean               5.32617e-09
evaluation/env_infos/final/vae_mdist Std                3.03097e-09
evaluation/env_infos/final/vae_mdist Max                1.0536e-08
evaluation/env_infos/final/vae_mdist Min                2.38007e-09
evaluation/env_infos/initial/vae_mdist Mean             6.39358e-09
evaluation/env_infos/initial/vae_mdist Std              3.57515e-09
evaluation/env_infos/initial/vae_mdist Max              1.36289e-08
evaluation/env_infos/initial/vae_mdist Min              2.14314e-09
evaluation/env_infos/vae_mdist Mean                     5.48267e-09
evaluation/env_infos/vae_mdist Std                      3.05359e-09
evaluation/env_infos/vae_mdist Max                      1.36289e-08
evaluation/env_infos/vae_mdist Min                      1.92766e-09
evaluation/env_infos/final/vae_success Mean             1
evaluation/env_infos/final/vae_success Std              0
evaluation/env_infos/final/vae_success Max              1
evaluation/env_infos/final/vae_success Min              1
evaluation/env_infos/initial/vae_success Mean           1
evaluation/env_infos/initial/vae_success Std            0
evaluation/env_infos/initial/vae_success Max            1
evaluation/env_infos/initial/vae_success Min            1
evaluation/env_infos/vae_success Mean                   1
evaluation/env_infos/vae_success Std                    0
evaluation/env_infos/vae_success Max                    1
evaluation/env_infos/vae_success Min                    1
evaluation/env_infos/final/vae_dist Mean                3.13796e-06
evaluation/env_infos/final/vae_dist Std                 9.02068e-07
evaluation/env_infos/final/vae_dist Max                 4.59222e-06
evaluation/env_infos/final/vae_dist Min                 2.18256e-06
evaluation/env_infos/initial/vae_dist Mean              3.43762e-06
evaluation/env_infos/initial/vae_dist Std               9.8989e-07
evaluation/env_infos/initial/vae_dist Max               5.22277e-06
evaluation/env_infos/initial/vae_dist Min               2.07108e-06
evaluation/env_infos/vae_dist Mean                      3.18506e-06
evaluation/env_infos/vae_dist Std                       9.10591e-07
evaluation/env_infos/vae_dist Max                       5.22277e-06
evaluation/env_infos/vae_dist Min                       1.96426e-06
evaluation/env_infos/final/vae_dist_l1 Mean             5.41968e-06
evaluation/env_infos/final/vae_dist_l1 Std              1.29904e-06
evaluation/env_infos/final/vae_dist_l1 Max              7.5236e-06
evaluation/env_infos/final/vae_dist_l1 Min              3.92097e-06
evaluation/env_infos/initial/vae_dist_l1 Mean           5.76678e-06
evaluation/env_infos/initial/vae_dist_l1 Std            1.65238e-06
evaluation/env_infos/initial/vae_dist_l1 Max            9.3666e-06
evaluation/env_infos/initial/vae_dist_l1 Min            3.63393e-06
evaluation/env_infos/vae_dist_l1 Mean                   5.48402e-06
evaluation/env_infos/vae_dist_l1 Std                    1.41707e-06
evaluation/env_infos/vae_dist_l1 Max                    9.3666e-06
evaluation/env_infos/vae_dist_l1 Min                    2.99387e-06
evaluation/env_infos/final/vae_dist_l2 Mean             3.13796e-06
evaluation/env_infos/final/vae_dist_l2 Std              9.02068e-07
evaluation/env_infos/final/vae_dist_l2 Max              4.59222e-06
evaluation/env_infos/final/vae_dist_l2 Min              2.18256e-06
evaluation/env_infos/initial/vae_dist_l2 Mean           3.43762e-06
evaluation/env_infos/initial/vae_dist_l2 Std            9.8989e-07
evaluation/env_infos/initial/vae_dist_l2 Max            5.22277e-06
evaluation/env_infos/initial/vae_dist_l2 Min            2.07108e-06
evaluation/env_infos/vae_dist_l2 Mean                   3.18506e-06
evaluation/env_infos/vae_dist_l2 Std                    9.10591e-07
evaluation/env_infos/vae_dist_l2 Max                    5.22277e-06
evaluation/env_infos/vae_dist_l2 Min                    1.96426e-06
time/data storing (s)                                   0.0609549
time/evaluation sampling (s)                           16.4409
time/exploration sampling (s)                          16.1777
time/logging (s)                                        0.0103264
time/saving (s)                                         0.0234669
time/training (s)                                      15.7729
time/vae training (s)                                   8.38088
time/epoch (s)                                         56.8672
time/total (s)                                         68.9603
Epoch                                                   0
-------------------------------------------------  ----------------
2019-08-24 22:06:16.622316 EDT | [rlkit-skew-fit-pusher-reference-sample-from-true-prior-take2_2019_08_24_22_04_10_0000--s-0] Epoch 1 finished
-------------------------------------------------  ---------------
vae_trainer/train/log prob                         -6017.39
vae_trainer/train/KL                                  12.8446
vae_trainer/train/loss                              6274.29
vae_trainer/epoch                                      1
vae_trainer/test/log prob                          -7925.35
vae_trainer/test/KL                                   11.3763
vae_trainer/test/loss                               8152.88
vae_trainer/beta                                      20
replay_buffer/VAE Sample Weights Mean                  0.000909091
replay_buffer/VAE Sample Weights Std                   0.0073282
replay_buffer/VAE Sample Weights Max                   0.13773
replay_buffer/VAE Sample Weights Min                   4.37314e-07
replay_buffer/VAE Sample Probs Mean                    0.000909091
replay_buffer/VAE Sample Probs Std                     0.0073282
replay_buffer/VAE Sample Probs Max                     0.13773
replay_buffer/VAE Sample Probs Min                     4.37314e-07
trainer/QF1 Loss                                       4.03109
trainer/QF2 Loss                                       4.32925
trainer/Policy Loss                                   -2.14589
trainer/Q1 Predictions Mean                            0.801593
trainer/Q1 Predictions Std                             0.915772
trainer/Q1 Predictions Max                             2.62257
trainer/Q1 Predictions Min                            -2.75655
trainer/Q2 Predictions Mean                            0.975199
trainer/Q2 Predictions Std                             0.917713
trainer/Q2 Predictions Max                             2.63286
trainer/Q2 Predictions Min                            -2.55934
trainer/Q Targets Mean                                -0.768198
trainer/Q Targets Std                                  1.2952
trainer/Q Targets Max                                  1.15752
trainer/Q Targets Min                                 -5.85335
trainer/Log Pis Mean                                  -1.36871
trainer/Log Pis Std                                    0.165077
trainer/Log Pis Max                                   -1.12004
trainer/Log Pis Min                                   -4.06101
trainer/Policy mu Mean                                 0.00482352
trainer/Policy mu Std                                  0.00691241
trainer/Policy mu Max                                  0.0149607
trainer/Policy mu Min                                 -0.00402921
trainer/Policy log std Mean                           -0.171109
trainer/Policy log std Std                             0.00850354
trainer/Policy log std Max                            -0.132504
trainer/Policy log std Min                            -0.182874
trainer/Alpha                                          0.367464
trainer/Alpha Loss                                    -3.36914
exploration/num steps total                         1100
exploration/num paths total                           22
exploration/path length Mean                          50
exploration/path length Std                            0
exploration/path length Max                           50
exploration/path length Min                           50
exploration/hand_distance Mean                         0.0910703
exploration/hand_distance Std                          0.0312723
exploration/hand_distance Max                          0.154042
exploration/hand_distance Min                          0.0293933
exploration/Final hand_distance Mean                   0.0789908
exploration/Final hand_distance Std                    0.0270676
exploration/Final hand_distance Max                    0.116636
exploration/Final hand_distance Min                    0.031562
exploration/puck_distance Mean                         0.129368
exploration/puck_distance Std                          0.0421112
exploration/puck_distance Max                          0.221838
exploration/puck_distance Min                          0.0737122
exploration/Final puck_distance Mean                   0.129603
exploration/Final puck_distance Std                    0.0421317
exploration/Final puck_distance Max                    0.221838
exploration/Final puck_distance Min                    0.0737329
exploration/touch_distance Mean                        0.141087
exploration/touch_distance Std                         0.0474299
exploration/touch_distance Max                         0.263638
exploration/touch_distance Min                         0.0585607
exploration/Final touch_distance Mean                  0.129416
exploration/Final touch_distance Std                   0.0438056
exploration/Final touch_distance Max                   0.189955
exploration/Final touch_distance Min                   0.0800483
exploration/success Mean                               0
exploration/success Std                                0
exploration/success Max                                0
exploration/success Min                                0
exploration/Final success Mean                         0
exploration/Final success Std                          0
exploration/Final success Max                          0
exploration/Final success Min                          0
exploration/image_dist Mean                           12.3595
exploration/image_dist Std                             1.69993
exploration/image_dist Max                            15.8729
exploration/image_dist Min                             8.13203
exploration/Final image_dist Mean                     12.1124
exploration/Final image_dist Std                       1.69233
exploration/Final image_dist Max                      14.8451
exploration/Final image_dist Min                       9.82418
exploration/image_success Mean                        -0.912
exploration/image_success Std                          0.283295
exploration/image_success Max                          0
exploration/image_success Min                         -1
exploration/Final image_success Mean                  -0.9
exploration/Final image_success Std                    0.3
exploration/Final image_success Max                    0
exploration/Final image_success Min                   -1
exploration/vae_mdist Mean                          1855.22
exploration/vae_mdist Std                            913.186
exploration/vae_mdist Max                           3638.17
exploration/vae_mdist Min                            186.555
exploration/Final vae_mdist Mean                    1800.15
exploration/Final vae_mdist Std                      859.392
exploration/Final vae_mdist Max                     2911.74
exploration/Final vae_mdist Min                      201.363
exploration/vae_success Mean                           0
exploration/vae_success Std                            0
exploration/vae_success Max                            0
exploration/vae_success Min                            0
exploration/Final vae_success Mean                     0
exploration/Final vae_success Std                      0
exploration/Final vae_success Max                      0
exploration/Final vae_success Min                      0
exploration/vae_dist Mean                              2.26683
exploration/vae_dist Std                               0.746099
exploration/vae_dist Max                               3.35294
exploration/vae_dist Min                               0.771702
exploration/Final vae_dist Mean                        2.23569
exploration/Final vae_dist Std                         0.708347
exploration/Final vae_dist Max                         2.93925
exploration/Final vae_dist Min                         0.79585
exploration/Rewards Mean                              -2.26683
exploration/Rewards Std                                0.746099
exploration/Rewards Max                               -0.771702
exploration/Rewards Min                               -3.35294
exploration/Returns Mean                            -113.342
exploration/Returns Std                               37.1533
exploration/Returns Max                              -39.9484
exploration/Returns Min                             -148.401
exploration/Actions Mean                               0.0143798
exploration/Actions Std                                0.574662
exploration/Actions Max                                0.990786
exploration/Actions Min                               -0.991482
exploration/Num Paths                                 10
exploration/Average Returns                         -113.342
exploration/env_infos/final/hand_distance Mean         0.0789908
exploration/env_infos/final/hand_distance Std          0.0270676
exploration/env_infos/final/hand_distance Max          0.116636
exploration/env_infos/final/hand_distance Min          0.031562
exploration/env_infos/initial/hand_distance Mean       0.0968166
exploration/env_infos/initial/hand_distance Std        0.0249397
exploration/env_infos/initial/hand_distance Max        0.154042
exploration/env_infos/initial/hand_distance Min        0.0680259
exploration/env_infos/hand_distance Mean               0.0910703
exploration/env_infos/hand_distance Std                0.0312723
exploration/env_infos/hand_distance Max                0.154042
exploration/env_infos/hand_distance Min                0.0293933
exploration/env_infos/final/puck_distance Mean         0.129603
exploration/env_infos/final/puck_distance Std          0.0421317
exploration/env_infos/final/puck_distance Max          0.221838
exploration/env_infos/final/puck_distance Min          0.0737329
exploration/env_infos/initial/puck_distance Mean       0.129246
exploration/env_infos/initial/puck_distance Std        0.0420999
exploration/env_infos/initial/puck_distance Max        0.221802
exploration/env_infos/initial/puck_distance Min        0.0737129
exploration/env_infos/puck_distance Mean               0.129368
exploration/env_infos/puck_distance Std                0.0421112
exploration/env_infos/puck_distance Max                0.221838
exploration/env_infos/puck_distance Min                0.0737122
exploration/env_infos/final/touch_distance Mean        0.129416
exploration/env_infos/final/touch_distance Std         0.0438056
exploration/env_infos/final/touch_distance Max         0.189955
exploration/env_infos/final/touch_distance Min         0.0800483
exploration/env_infos/initial/touch_distance Mean      0.15574
exploration/env_infos/initial/touch_distance Std       0.0384809
exploration/env_infos/initial/touch_distance Max       0.240069
exploration/env_infos/initial/touch_distance Min       0.0982636
exploration/env_infos/touch_distance Mean              0.141087
exploration/env_infos/touch_distance Std               0.0474299
exploration/env_infos/touch_distance Max               0.263638
exploration/env_infos/touch_distance Min               0.0585607
exploration/env_infos/final/success Mean               0
exploration/env_infos/final/success Std                0
exploration/env_infos/final/success Max                0
exploration/env_infos/final/success Min                0
exploration/env_infos/initial/success Mean             0
exploration/env_infos/initial/success Std              0
exploration/env_infos/initial/success Max              0
exploration/env_infos/initial/success Min              0
exploration/env_infos/success Mean                     0
exploration/env_infos/success Std                      0
exploration/env_infos/success Max                      0
exploration/env_infos/success Min                      0
exploration/env_infos/final/image_dist Mean           12.1124
exploration/env_infos/final/image_dist Std             1.69233
exploration/env_infos/final/image_dist Max            14.8451
exploration/env_infos/final/image_dist Min             9.82418
exploration/env_infos/initial/image_dist Mean         11.0337
exploration/env_infos/initial/image_dist Std           1.08922
exploration/env_infos/initial/image_dist Max          12.7029
exploration/env_infos/initial/image_dist Min           9.31745
exploration/env_infos/image_dist Mean                 12.3595
exploration/env_infos/image_dist Std                   1.69993
exploration/env_infos/image_dist Max                  15.8729
exploration/env_infos/image_dist Min                   8.13203
exploration/env_infos/final/image_success Mean        -0.9
exploration/env_infos/final/image_success Std          0.3
exploration/env_infos/final/image_success Max          0
exploration/env_infos/final/image_success Min         -1
exploration/env_infos/initial/image_success Mean      -0.8
exploration/env_infos/initial/image_success Std        0.4
exploration/env_infos/initial/image_success Max        0
exploration/env_infos/initial/image_success Min       -1
exploration/env_infos/image_success Mean              -0.912
exploration/env_infos/image_success Std                0.283295
exploration/env_infos/image_success Max                0
exploration/env_infos/image_success Min               -1
exploration/env_infos/final/vae_mdist Mean          1800.15
exploration/env_infos/final/vae_mdist Std            859.392
exploration/env_infos/final/vae_mdist Max           2911.74
exploration/env_infos/final/vae_mdist Min            201.363
exploration/env_infos/initial/vae_mdist Mean        1981.31
exploration/env_infos/initial/vae_mdist Std         1034.06
exploration/env_infos/initial/vae_mdist Max         3624.59
exploration/env_infos/initial/vae_mdist Min          186.555
exploration/env_infos/vae_mdist Mean                1855.22
exploration/env_infos/vae_mdist Std                  913.186
exploration/env_infos/vae_mdist Max                 3638.17
exploration/env_infos/vae_mdist Min                  186.555
exploration/env_infos/final/vae_success Mean           0
exploration/env_infos/final/vae_success Std            0
exploration/env_infos/final/vae_success Max            0
exploration/env_infos/final/vae_success Min            0
exploration/env_infos/initial/vae_success Mean         0
exploration/env_infos/initial/vae_success Std          0
exploration/env_infos/initial/vae_success Max          0
exploration/env_infos/initial/vae_success Min          0
exploration/env_infos/vae_success Mean                 0
exploration/env_infos/vae_success Std                  0
exploration/env_infos/vae_success Max                  0
exploration/env_infos/vae_success Min                  0
exploration/env_infos/final/vae_dist Mean              2.23569
exploration/env_infos/final/vae_dist Std               0.708347
exploration/env_infos/final/vae_dist Max               2.93925
exploration/env_infos/final/vae_dist Min               0.79585
exploration/env_infos/initial/vae_dist Mean            2.34501
exploration/env_infos/initial/vae_dist Std             0.796326
exploration/env_infos/initial/vae_dist Max             3.34378
exploration/env_infos/initial/vae_dist Min             0.771702
exploration/env_infos/vae_dist Mean                    2.26683
exploration/env_infos/vae_dist Std                     0.746099
exploration/env_infos/vae_dist Max                     3.35294
exploration/env_infos/vae_dist Min                     0.771702
exploration/env_infos/final/vae_dist_l1 Mean           3.85285
exploration/env_infos/final/vae_dist_l1 Std            1.38898
exploration/env_infos/final/vae_dist_l1 Max            5.66849
exploration/env_infos/final/vae_dist_l1 Min            1.10507
exploration/env_infos/initial/vae_dist_l1 Mean         4.07434
exploration/env_infos/initial/vae_dist_l1 Std          1.59091
exploration/env_infos/initial/vae_dist_l1 Max          6.52446
exploration/env_infos/initial/vae_dist_l1 Min          1.11113
exploration/env_infos/vae_dist_l1 Mean                 3.93766
exploration/env_infos/vae_dist_l1 Std                  1.46466
exploration/env_infos/vae_dist_l1 Max                  6.54284
exploration/env_infos/vae_dist_l1 Min                  1.10294
exploration/env_infos/final/vae_dist_l2 Mean           2.23569
exploration/env_infos/final/vae_dist_l2 Std            0.708347
exploration/env_infos/final/vae_dist_l2 Max            2.93925
exploration/env_infos/final/vae_dist_l2 Min            0.79585
exploration/env_infos/initial/vae_dist_l2 Mean         2.34501
exploration/env_infos/initial/vae_dist_l2 Std          0.796326
exploration/env_infos/initial/vae_dist_l2 Max          3.34378
exploration/env_infos/initial/vae_dist_l2 Min          0.771702
exploration/env_infos/vae_dist_l2 Mean                 2.26683
exploration/env_infos/vae_dist_l2 Std                  0.746099
exploration/env_infos/vae_dist_l2 Max                  3.35294
exploration/env_infos/vae_dist_l2 Min                  0.771702
evaluation/num steps total                          1000
evaluation/num paths total                            20
evaluation/path length Mean                           50
evaluation/path length Std                             0
evaluation/path length Max                            50
evaluation/path length Min                            50
evaluation/hand_distance Mean                          0.0967848
evaluation/hand_distance Std                           0.0298849
evaluation/hand_distance Max                           0.159112
evaluation/hand_distance Min                           0.0532818
evaluation/Final hand_distance Mean                    0.0920992
evaluation/Final hand_distance Std                     0.0292611
evaluation/Final hand_distance Max                     0.149188
evaluation/Final hand_distance Min                     0.0532818
evaluation/puck_distance Mean                          0.149818
evaluation/puck_distance Std                           0.0750063
evaluation/puck_distance Max                           0.319222
evaluation/puck_distance Min                           0.0180424
evaluation/Final puck_distance Mean                    0.149819
evaluation/Final puck_distance Std                     0.0750065
evaluation/Final puck_distance Max                     0.319222
evaluation/Final puck_distance Min                     0.0180427
evaluation/touch_distance Mean                         0.153429
evaluation/touch_distance Std                          0.0296253
evaluation/touch_distance Max                          0.208769
evaluation/touch_distance Min                          0.102566
evaluation/Final touch_distance Mean                   0.150475
evaluation/Final touch_distance Std                    0.0292878
evaluation/Final touch_distance Max                    0.200109
evaluation/Final touch_distance Min                    0.102566
evaluation/success Mean                                0
evaluation/success Std                                 0
evaluation/success Max                                 0
evaluation/success Min                                 0
evaluation/Final success Mean                          0
evaluation/Final success Std                           0
evaluation/Final success Max                           0
evaluation/Final success Min                           0
evaluation/image_dist Mean                            11.5153
evaluation/image_dist Std                              1.08998
evaluation/image_dist Max                             13.2113
evaluation/image_dist Min                              9.8508
evaluation/Final image_dist Mean                      11.4735
evaluation/Final image_dist Std                        1.09035
evaluation/Final image_dist Max                       13.1262
evaluation/Final image_dist Min                        9.87736
evaluation/image_success Mean                         -0.902
evaluation/image_success Std                           0.297315
evaluation/image_success Max                           0
evaluation/image_success Min                          -1
evaluation/Final image_success Mean                   -0.9
evaluation/Final image_success Std                     0.3
evaluation/Final image_success Max                     0
evaluation/Final image_success Min                    -1
evaluation/vae_mdist Mean                              6.56384
evaluation/vae_mdist Std                              11.1105
evaluation/vae_mdist Max                              44.8811
evaluation/vae_mdist Min                               0.200712
evaluation/Final vae_mdist Mean                        6.41477
evaluation/Final vae_mdist Std                        12.6086
evaluation/Final vae_mdist Max                        44.0688
evaluation/Final vae_mdist Min                         0.246752
evaluation/vae_success Mean                            0.9
evaluation/vae_success Std                             0.3
evaluation/vae_success Max                             1
evaluation/vae_success Min                             0
evaluation/Final vae_success Mean                      0.9
evaluation/Final vae_success Std                       0.3
evaluation/Final vae_success Max                       1
evaluation/Final vae_success Min                       0
evaluation/vae_dist Mean                               0.113848
evaluation/vae_dist Std                                0.0791134
evaluation/vae_dist Max                                0.360101
evaluation/vae_dist Min                                0.024803
evaluation/Final vae_dist Mean                         0.105185
evaluation/Final vae_dist Std                          0.0878
evaluation/Final vae_dist Max                          0.35673
evaluation/Final vae_dist Min                          0.0271439
evaluation/Rewards Mean                               -0.113848
evaluation/Rewards Std                                 0.0791134
evaluation/Rewards Max                                -0.024803
evaluation/Rewards Min                                -0.360101
evaluation/Returns Mean                               -5.69238
evaluation/Returns Std                                 3.93759
evaluation/Returns Max                                -2.12506
evaluation/Returns Min                               -16.8973
evaluation/Actions Mean                                0.00439391
evaluation/Actions Std                                 0.00709043
evaluation/Actions Max                                 0.0119843
evaluation/Actions Min                                -0.0029723
evaluation/Num Paths                                  10
evaluation/Average Returns                            -5.69238
evaluation/env_infos/final/hand_distance Mean          0.0920992
evaluation/env_infos/final/hand_distance Std           0.0292611
evaluation/env_infos/final/hand_distance Max           0.149188
evaluation/env_infos/final/hand_distance Min           0.0532818
evaluation/env_infos/initial/hand_distance Mean        0.100063
evaluation/env_infos/initial/hand_distance Std         0.0295779
evaluation/env_infos/initial/hand_distance Max         0.157408
evaluation/env_infos/initial/hand_distance Min         0.0592024
evaluation/env_infos/hand_distance Mean                0.0967848
evaluation/env_infos/hand_distance Std                 0.0298849
evaluation/env_infos/hand_distance Max                 0.159112
evaluation/env_infos/hand_distance Min                 0.0532818
evaluation/env_infos/final/puck_distance Mean          0.149819
evaluation/env_infos/final/puck_distance Std           0.0750065
evaluation/env_infos/final/puck_distance Max           0.319222
evaluation/env_infos/final/puck_distance Min           0.0180427
evaluation/env_infos/initial/puck_distance Mean        0.149817
evaluation/env_infos/initial/puck_distance Std         0.075006
evaluation/env_infos/initial/puck_distance Max         0.319221
evaluation/env_infos/initial/puck_distance Min         0.0180455
evaluation/env_infos/puck_distance Mean                0.149818
evaluation/env_infos/puck_distance Std                 0.0750063
evaluation/env_infos/puck_distance Max                 0.319222
evaluation/env_infos/puck_distance Min                 0.0180424
evaluation/env_infos/final/touch_distance Mean         0.150475
evaluation/env_infos/final/touch_distance Std          0.0292878
evaluation/env_infos/final/touch_distance Max          0.200109
evaluation/env_infos/final/touch_distance Min          0.102566
evaluation/env_infos/initial/touch_distance Mean       0.156865
evaluation/env_infos/initial/touch_distance Std        0.0283955
evaluation/env_infos/initial/touch_distance Max        0.204169
evaluation/env_infos/initial/touch_distance Min        0.104625
evaluation/env_infos/touch_distance Mean               0.153429
evaluation/env_infos/touch_distance Std                0.0296253
evaluation/env_infos/touch_distance Max                0.208769
evaluation/env_infos/touch_distance Min                0.102566
evaluation/env_infos/final/success Mean                0
evaluation/env_infos/final/success Std                 0
evaluation/env_infos/final/success Max                 0
evaluation/env_infos/final/success Min                 0
evaluation/env_infos/initial/success Mean              0
evaluation/env_infos/initial/success Std               0
evaluation/env_infos/initial/success Max               0
evaluation/env_infos/initial/success Min               0
evaluation/env_infos/success Mean                      0
evaluation/env_infos/success Std                       0
evaluation/env_infos/success Max                       0
evaluation/env_infos/success Min                       0
evaluation/env_infos/final/image_dist Mean            11.4735
evaluation/env_infos/final/image_dist Std              1.09035
evaluation/env_infos/final/image_dist Max             13.1262
evaluation/env_infos/final/image_dist Min              9.87736
evaluation/env_infos/initial/image_dist Mean          11.4261
evaluation/env_infos/initial/image_dist Std            1.06125
evaluation/env_infos/initial/image_dist Max           13.0096
evaluation/env_infos/initial/image_dist Min           10.0349
evaluation/env_infos/image_dist Mean                  11.5153
evaluation/env_infos/image_dist Std                    1.08998
evaluation/env_infos/image_dist Max                   13.2113
evaluation/env_infos/image_dist Min                    9.8508
evaluation/env_infos/final/image_success Mean         -0.9
evaluation/env_infos/final/image_success Std           0.3
evaluation/env_infos/final/image_success Max           0
evaluation/env_infos/final/image_success Min          -1
evaluation/env_infos/initial/image_success Mean       -1
evaluation/env_infos/initial/image_success Std         0
evaluation/env_infos/initial/image_success Max        -1
evaluation/env_infos/initial/image_success Min        -1
evaluation/env_infos/image_success Mean               -0.902
evaluation/env_infos/image_success Std                 0.297315
evaluation/env_infos/image_success Max                 0
evaluation/env_infos/image_success Min                -1
evaluation/env_infos/final/vae_mdist Mean              6.41477
evaluation/env_infos/final/vae_mdist Std              12.6086
evaluation/env_infos/final/vae_mdist Max              44.0688
evaluation/env_infos/final/vae_mdist Min               0.246752
evaluation/env_infos/initial/vae_mdist Mean            6.14617
evaluation/env_infos/initial/vae_mdist Std            12.9517
evaluation/env_infos/initial/vae_mdist Max            44.8811
evaluation/env_infos/initial/vae_mdist Min             0.200712
evaluation/env_infos/vae_mdist Mean                    6.56384
evaluation/env_infos/vae_mdist Std                    11.1105
evaluation/env_infos/vae_mdist Max                    44.8811
evaluation/env_infos/vae_mdist Min                     0.200712
evaluation/env_infos/final/vae_success Mean            0.9
evaluation/env_infos/final/vae_success Std             0.3
evaluation/env_infos/final/vae_success Max             1
evaluation/env_infos/final/vae_success Min             0
evaluation/env_infos/initial/vae_success Mean          0.9
evaluation/env_infos/initial/vae_success Std           0.3
evaluation/env_infos/initial/vae_success Max           1
evaluation/env_infos/initial/vae_success Min           0
evaluation/env_infos/vae_success Mean                  0.9
evaluation/env_infos/vae_success Std                   0.3
evaluation/env_infos/vae_success Max                   1
evaluation/env_infos/vae_success Min                   0
evaluation/env_infos/final/vae_dist Mean               0.105185
evaluation/env_infos/final/vae_dist Std                0.0878
evaluation/env_infos/final/vae_dist Max                0.35673
evaluation/env_infos/final/vae_dist Min                0.0271439
evaluation/env_infos/initial/vae_dist Mean             0.0991048
evaluation/env_infos/initial/vae_dist Std              0.0904372
evaluation/env_infos/initial/vae_dist Max              0.360101
evaluation/env_infos/initial/vae_dist Min              0.024803
evaluation/env_infos/vae_dist Mean                     0.113848
evaluation/env_infos/vae_dist Std                      0.0791134
evaluation/env_infos/vae_dist Max                      0.360101
evaluation/env_infos/vae_dist Min                      0.024803
evaluation/env_infos/final/vae_dist_l1 Mean            0.189408
evaluation/env_infos/final/vae_dist_l1 Std             0.143147
evaluation/env_infos/final/vae_dist_l1 Max             0.593612
evaluation/env_infos/final/vae_dist_l1 Min             0.0533112
evaluation/env_infos/initial/vae_dist_l1 Mean          0.179435
evaluation/env_infos/initial/vae_dist_l1 Std           0.147799
evaluation/env_infos/initial/vae_dist_l1 Max           0.600525
evaluation/env_infos/initial/vae_dist_l1 Min           0.0489699
evaluation/env_infos/vae_dist_l1 Mean                  0.205523
evaluation/env_infos/vae_dist_l1 Std                   0.129965
evaluation/env_infos/vae_dist_l1 Max                   0.600525
evaluation/env_infos/vae_dist_l1 Min                   0.0489699
evaluation/env_infos/final/vae_dist_l2 Mean            0.105185
evaluation/env_infos/final/vae_dist_l2 Std             0.0878
evaluation/env_infos/final/vae_dist_l2 Max             0.35673
evaluation/env_infos/final/vae_dist_l2 Min             0.0271439
evaluation/env_infos/initial/vae_dist_l2 Mean          0.0991048
evaluation/env_infos/initial/vae_dist_l2 Std           0.0904372
evaluation/env_infos/initial/vae_dist_l2 Max           0.360101
evaluation/env_infos/initial/vae_dist_l2 Min           0.024803
evaluation/env_infos/vae_dist_l2 Mean                  0.113848
evaluation/env_infos/vae_dist_l2 Std                   0.0791134
evaluation/env_infos/vae_dist_l2 Max                   0.360101
evaluation/env_infos/vae_dist_l2 Min                   0.024803
time/data storing (s)                                  0.066692
time/evaluation sampling (s)                          16.4004
time/exploration sampling (s)                         16.279
time/logging (s)                                       0.0103475
time/saving (s)                                        0.0218426
time/training (s)                                     15.9069
time/vae training (s)                                  8.41367
time/epoch (s)                                        57.0988
time/total (s)                                       126.071
Epoch                                                  1
-------------------------------------------------  ---------------
2019-08-24 22:07:14.575266 EDT | [rlkit-skew-fit-pusher-reference-sample-from-true-prior-take2_2019_08_24_22_04_10_0000--s-0] Epoch 2 finished
-------------------------------------------------  ---------------
vae_trainer/train/log prob                         -5273.44
vae_trainer/train/KL                                  11.5786
vae_trainer/train/loss                              5505.01
vae_trainer/epoch                                      2
vae_trainer/test/log prob                          -6892.02
vae_trainer/test/KL                                   10.1702
vae_trainer/test/loss                               7095.42
vae_trainer/beta                                      20
replay_buffer/VAE Sample Weights Mean                  0.000625
replay_buffer/VAE Sample Weights Std                   0.00415027
replay_buffer/VAE Sample Weights Max                   0.0850201
replay_buffer/VAE Sample Weights Min                   6.03021e-07
replay_buffer/VAE Sample Probs Mean                    0.000625
replay_buffer/VAE Sample Probs Std                     0.00415027
replay_buffer/VAE Sample Probs Max                     0.0850201
replay_buffer/VAE Sample Probs Min                     6.03021e-07
trainer/QF1 Loss                                       0.430719
trainer/QF2 Loss                                       0.479787
trainer/Policy Loss                                    1.64683
trainer/Q1 Predictions Mean                           -2.96454
trainer/Q1 Predictions Std                             2.19832
trainer/Q1 Predictions Max                             0.859346
trainer/Q1 Predictions Min                           -10.2655
trainer/Q2 Predictions Mean                           -2.98413
trainer/Q2 Predictions Std                             2.20757
trainer/Q2 Predictions Max                             0.838356
trainer/Q2 Predictions Min                           -10.2882
trainer/Q Targets Mean                                -2.79068
trainer/Q Targets Std                                  2.0948
trainer/Q Targets Max                                  0.888101
trainer/Q Targets Min                                 -9.3819
trainer/Log Pis Mean                                  -1.35227
trainer/Log Pis Std                                    0.202976
trainer/Log Pis Max                                   -0.563242
trainer/Log Pis Min                                   -2.7425
trainer/Policy mu Mean                                 0.00298081
trainer/Policy mu Std                                  0.0842438
trainer/Policy mu Max                                  0.325924
trainer/Policy mu Min                                 -0.464442
trainer/Policy log std Mean                           -0.148604
trainer/Policy log std Std                             0.0196503
trainer/Policy log std Max                            -0.117313
trainer/Policy log std Min                            -0.236458
trainer/Alpha                                          0.13524
trainer/Alpha Loss                                    -6.70355
exploration/num steps total                         1600
exploration/num paths total                           32
exploration/path length Mean                          50
exploration/path length Std                            0
exploration/path length Max                           50
exploration/path length Min                           50
exploration/hand_distance Mean                         0.100952
exploration/hand_distance Std                          0.0315676
exploration/hand_distance Max                          0.184751
exploration/hand_distance Min                          0.0302189
exploration/Final hand_distance Mean                   0.0974349
exploration/Final hand_distance Std                    0.0301948
exploration/Final hand_distance Max                    0.133868
exploration/Final hand_distance Min                    0.0302189
exploration/puck_distance Mean                         0.100503
exploration/puck_distance Std                          0.0697409
exploration/puck_distance Max                          0.243892
exploration/puck_distance Min                          0.0119602
exploration/Final puck_distance Mean                   0.0998711
exploration/Final puck_distance Std                    0.0700999
exploration/Final puck_distance Max                    0.243892
exploration/Final puck_distance Min                    0.0119644
exploration/touch_distance Mean                        0.144269
exploration/touch_distance Std                         0.0546367
exploration/touch_distance Max                         0.284906
exploration/touch_distance Min                         0.0571246
exploration/Final touch_distance Mean                  0.144923
exploration/Final touch_distance Std                   0.0583978
exploration/Final touch_distance Max                   0.270083
exploration/Final touch_distance Min                   0.0651883
exploration/success Mean                               0.018
exploration/success Std                                0.132951
exploration/success Max                                1
exploration/success Min                                0
exploration/Final success Mean                         0.1
exploration/Final success Std                          0.3
exploration/Final success Max                          1
exploration/Final success Min                          0
exploration/image_dist Mean                           11.3572
exploration/image_dist Std                             2.09841
exploration/image_dist Max                            16.0296
exploration/image_dist Min                             6.48403
exploration/Final image_dist Mean                     12.02
exploration/Final image_dist Std                       2.55457
exploration/Final image_dist Max                      15.7817
exploration/Final image_dist Min                       6.48403
exploration/image_success Mean                        -0.788
exploration/image_success Std                          0.408725
exploration/image_success Max                          0
exploration/image_success Min                         -1
exploration/Final image_success Mean                  -0.8
exploration/Final image_success Std                    0.4
exploration/Final image_success Max                    0
exploration/Final image_success Min                   -1
exploration/vae_mdist Mean                           984.048
exploration/vae_mdist Std                            802.647
exploration/vae_mdist Max                           4560.49
exploration/vae_mdist Min                             43.6853
exploration/Final vae_mdist Mean                    1245.13
exploration/Final vae_mdist Std                     1128.61
exploration/Final vae_mdist Max                     4240.57
exploration/Final vae_mdist Min                      152.945
exploration/vae_success Mean                           0
exploration/vae_success Std                            0
exploration/vae_success Max                            0
exploration/vae_success Min                            0
exploration/Final vae_success Mean                     0
exploration/Final vae_success Std                      0
exploration/Final vae_success Max                      0
exploration/Final vae_success Min                      0
exploration/vae_dist Mean                              2.11679
exploration/vae_dist Std                               0.734244
exploration/vae_dist Max                               4.01348
exploration/vae_dist Min                               0.590029
exploration/Final vae_dist Mean                        2.18409
exploration/Final vae_dist Std                         0.809957
exploration/Final vae_dist Max                         3.86704
exploration/Final vae_dist Min                         0.908392
exploration/Rewards Mean                              -2.11679
exploration/Rewards Std                                0.734244
exploration/Rewards Max                               -0.590029
exploration/Rewards Min                               -4.01348
exploration/Returns Mean                            -105.84
exploration/Returns Std                               34.4236
exploration/Returns Max                              -39.3737
exploration/Returns Min                             -163.248
exploration/Actions Mean                              -0.0230584
exploration/Actions Std                                0.591143
exploration/Actions Max                                0.990086
exploration/Actions Min                               -0.98956
exploration/Num Paths                                 10
exploration/Average Returns                         -105.84
exploration/env_infos/final/hand_distance Mean         0.0974349
exploration/env_infos/final/hand_distance Std          0.0301948
exploration/env_infos/final/hand_distance Max          0.133868
exploration/env_infos/final/hand_distance Min          0.0302189
exploration/env_infos/initial/hand_distance Mean       0.117207
exploration/env_infos/initial/hand_distance Std        0.0245223
exploration/env_infos/initial/hand_distance Max        0.143597
exploration/env_infos/initial/hand_distance Min        0.072115
exploration/env_infos/hand_distance Mean               0.100952
exploration/env_infos/hand_distance Std                0.0315676
exploration/env_infos/hand_distance Max                0.184751
exploration/env_infos/hand_distance Min                0.0302189
exploration/env_infos/final/puck_distance Mean         0.0998711
exploration/env_infos/final/puck_distance Std          0.0700999
exploration/env_infos/final/puck_distance Max          0.243892
exploration/env_infos/final/puck_distance Min          0.0119644
exploration/env_infos/initial/puck_distance Mean       0.101678
exploration/env_infos/initial/puck_distance Std        0.0692491
exploration/env_infos/initial/puck_distance Max        0.243877
exploration/env_infos/initial/puck_distance Min        0.0165602
exploration/env_infos/puck_distance Mean               0.100503
exploration/env_infos/puck_distance Std                0.0697409
exploration/env_infos/puck_distance Max                0.243892
exploration/env_infos/puck_distance Min                0.0119602
exploration/env_infos/final/touch_distance Mean        0.144923
exploration/env_infos/final/touch_distance Std         0.0583978
exploration/env_infos/final/touch_distance Max         0.270083
exploration/env_infos/final/touch_distance Min         0.0651883
exploration/env_infos/initial/touch_distance Mean      0.151397
exploration/env_infos/initial/touch_distance Std       0.0554571
exploration/env_infos/initial/touch_distance Max       0.246653
exploration/env_infos/initial/touch_distance Min       0.0790488
exploration/env_infos/touch_distance Mean              0.144269
exploration/env_infos/touch_distance Std               0.0546367
exploration/env_infos/touch_distance Max               0.284906
exploration/env_infos/touch_distance Min               0.0571246
exploration/env_infos/final/success Mean               0.1
exploration/env_infos/final/success Std                0.3
exploration/env_infos/final/success Max                1
exploration/env_infos/final/success Min                0
exploration/env_infos/initial/success Mean             0
exploration/env_infos/initial/success Std              0
exploration/env_infos/initial/success Max              0
exploration/env_infos/initial/success Min              0
exploration/env_infos/success Mean                     0.018
exploration/env_infos/success Std                      0.132951
exploration/env_infos/success Max                      1
exploration/env_infos/success Min                      0
exploration/env_infos/final/image_dist Mean           12.02
exploration/env_infos/final/image_dist Std             2.55457
exploration/env_infos/final/image_dist Max            15.7817
exploration/env_infos/final/image_dist Min             6.48403
exploration/env_infos/initial/image_dist Mean         10.7776
exploration/env_infos/initial/image_dist Std           1.35735
exploration/env_infos/initial/image_dist Max          12.5049
exploration/env_infos/initial/image_dist Min           8.32509
exploration/env_infos/image_dist Mean                 11.3572
exploration/env_infos/image_dist Std                   2.09841
exploration/env_infos/image_dist Max                  16.0296
exploration/env_infos/image_dist Min                   6.48403
exploration/env_infos/final/image_success Mean        -0.8
exploration/env_infos/final/image_success Std          0.4
exploration/env_infos/final/image_success Max          0
exploration/env_infos/final/image_success Min         -1
exploration/env_infos/initial/image_success Mean      -0.8
exploration/env_infos/initial/image_success Std        0.4
exploration/env_infos/initial/image_success Max        0
exploration/env_infos/initial/image_success Min       -1
exploration/env_infos/image_success Mean              -0.788
exploration/env_infos/image_success Std                0.408725
exploration/env_infos/image_success Max                0
exploration/env_infos/image_success Min               -1
exploration/env_infos/final/vae_mdist Mean          1245.13
exploration/env_infos/final/vae_mdist Std           1128.61
exploration/env_infos/final/vae_mdist Max           4240.57
exploration/env_infos/final/vae_mdist Min            152.945
exploration/env_infos/initial/vae_mdist Mean         679.994
exploration/env_infos/initial/vae_mdist Std          328.053
exploration/env_infos/initial/vae_mdist Max         1317.63
exploration/env_infos/initial/vae_mdist Min          152.428
exploration/env_infos/vae_mdist Mean                 984.048
exploration/env_infos/vae_mdist Std                  802.647
exploration/env_infos/vae_mdist Max                 4560.49
exploration/env_infos/vae_mdist Min                   43.6853
exploration/env_infos/final/vae_success Mean           0
exploration/env_infos/final/vae_success Std            0
exploration/env_infos/final/vae_success Max            0
exploration/env_infos/final/vae_success Min            0
exploration/env_infos/initial/vae_success Mean         0
exploration/env_infos/initial/vae_success Std          0
exploration/env_infos/initial/vae_success Max          0
exploration/env_infos/initial/vae_success Min          0
exploration/env_infos/vae_success Mean                 0
exploration/env_infos/vae_success Std                  0
exploration/env_infos/vae_success Max                  0
exploration/env_infos/vae_success Min                  0
exploration/env_infos/final/vae_dist Mean              2.18409
exploration/env_infos/final/vae_dist Std               0.809957
exploration/env_infos/final/vae_dist Max               3.86704
exploration/env_infos/final/vae_dist Min               0.908392
exploration/env_infos/initial/vae_dist Mean            2.00515
exploration/env_infos/initial/vae_dist Std             0.562113
exploration/env_infos/initial/vae_dist Max             2.78677
exploration/env_infos/initial/vae_dist Min             0.90885
exploration/env_infos/vae_dist Mean                    2.11679
exploration/env_infos/vae_dist Std                     0.734244
exploration/env_infos/vae_dist Max                     4.01348
exploration/env_infos/vae_dist Min                     0.590029
exploration/env_infos/final/vae_dist_l1 Mean           3.64515
exploration/env_infos/final/vae_dist_l1 Std            1.13533
exploration/env_infos/final/vae_dist_l1 Max            5.52458
exploration/env_infos/final/vae_dist_l1 Min            1.56908
exploration/env_infos/initial/vae_dist_l1 Mean         3.52901
exploration/env_infos/initial/vae_dist_l1 Std          1.07152
exploration/env_infos/initial/vae_dist_l1 Max          5.27531
exploration/env_infos/initial/vae_dist_l1 Min          1.70352
exploration/env_infos/vae_dist_l1 Mean                 3.64839
exploration/env_infos/vae_dist_l1 Std                  1.25337
exploration/env_infos/vae_dist_l1 Max                  5.73781
exploration/env_infos/vae_dist_l1 Min                  0.996312
exploration/env_infos/final/vae_dist_l2 Mean           2.18409
exploration/env_infos/final/vae_dist_l2 Std            0.809957
exploration/env_infos/final/vae_dist_l2 Max            3.86704
exploration/env_infos/final/vae_dist_l2 Min            0.908392
exploration/env_infos/initial/vae_dist_l2 Mean         2.00515
exploration/env_infos/initial/vae_dist_l2 Std          0.562113
exploration/env_infos/initial/vae_dist_l2 Max          2.78677
exploration/env_infos/initial/vae_dist_l2 Min          0.90885
exploration/env_infos/vae_dist_l2 Mean                 2.11679
exploration/env_infos/vae_dist_l2 Std                  0.734244
exploration/env_infos/vae_dist_l2 Max                  4.01348
exploration/env_infos/vae_dist_l2 Min                  0.590029
evaluation/num steps total                          1500
evaluation/num paths total                            30
evaluation/path length Mean                           50
evaluation/path length Std                             0
evaluation/path length Max                            50
evaluation/path length Min                            50
evaluation/hand_distance Mean                          0.100159
evaluation/hand_distance Std                           0.0269759
evaluation/hand_distance Max                           0.149439
evaluation/hand_distance Min                           0.0592432
evaluation/Final hand_distance Mean                    0.0995658
evaluation/Final hand_distance Std                     0.0273353
evaluation/Final hand_distance Max                     0.149431
evaluation/Final hand_distance Min                     0.0679694
evaluation/puck_distance Mean                          0.152984
evaluation/puck_distance Std                           0.0602146
evaluation/puck_distance Max                           0.233597
evaluation/puck_distance Min                           0.0778805
evaluation/Final puck_distance Mean                    0.152985
evaluation/Final puck_distance Std                     0.0602151
evaluation/Final puck_distance Max                     0.233596
evaluation/Final puck_distance Min                     0.077882
evaluation/touch_distance Mean                         0.148819
evaluation/touch_distance Std                          0.0558458
evaluation/touch_distance Max                          0.233659
evaluation/touch_distance Min                          0.0726202
evaluation/Final touch_distance Mean                   0.154052
evaluation/Final touch_distance Std                    0.0568795
evaluation/Final touch_distance Max                    0.233659
evaluation/Final touch_distance Min                    0.0782047
evaluation/success Mean                                0
evaluation/success Std                                 0
evaluation/success Max                                 0
evaluation/success Min                                 0
evaluation/Final success Mean                          0
evaluation/Final success Std                           0
evaluation/Final success Max                           0
evaluation/Final success Min                           0
evaluation/image_dist Mean                            10.4136
evaluation/image_dist Std                              0.841708
evaluation/image_dist Max                             12.6572
evaluation/image_dist Min                              9.05493
evaluation/Final image_dist Mean                      10.4552
evaluation/Final image_dist Std                        0.753325
evaluation/Final image_dist Max                       11.8185
evaluation/Final image_dist Min                        9.63073
evaluation/image_success Mean                         -0.558
evaluation/image_success Std                           0.496625
evaluation/image_success Max                           0
evaluation/image_success Min                          -1
evaluation/Final image_success Mean                   -0.6
evaluation/Final image_success Std                     0.489898
evaluation/Final image_success Max                     0
evaluation/Final image_success Min                    -1
evaluation/vae_mdist Mean                             56.5658
evaluation/vae_mdist Std                              47.8757
evaluation/vae_mdist Max                             515.929
evaluation/vae_mdist Min                               1.10196
evaluation/Final vae_mdist Mean                       63.6909
evaluation/Final vae_mdist Std                        25.4299
evaluation/Final vae_mdist Max                       118.444
evaluation/Final vae_mdist Min                        31.4023
evaluation/vae_success Mean                            0.104
evaluation/vae_success Std                             0.305261
evaluation/vae_success Max                             1
evaluation/vae_success Min                             0
evaluation/Final vae_success Mean                      0
evaluation/Final vae_success Std                       0
evaluation/Final vae_success Max                       0
evaluation/Final vae_success Min                       0
evaluation/vae_dist Mean                               0.578668
evaluation/vae_dist Std                                0.194097
evaluation/vae_dist Max                                1.55008
evaluation/vae_dist Min                                0.0963857
evaluation/Final vae_dist Mean                         0.607577
evaluation/Final vae_dist Std                          0.124441
evaluation/Final vae_dist Max                          0.822442
evaluation/Final vae_dist Min                          0.406358
evaluation/Rewards Mean                               -0.578668
evaluation/Rewards Std                                 0.194097
evaluation/Rewards Max                                -0.0963857
evaluation/Rewards Min                                -1.55008
evaluation/Returns Mean                              -28.9334
evaluation/Returns Std                                 5.66795
evaluation/Returns Max                               -21.0741
evaluation/Returns Min                               -38.4765
evaluation/Actions Mean                                0.00448819
evaluation/Actions Std                                 0.0463888
evaluation/Actions Max                                 0.236385
evaluation/Actions Min                                -0.0883065
evaluation/Num Paths                                  10
evaluation/Average Returns                           -28.9334
evaluation/env_infos/final/hand_distance Mean          0.0995658
evaluation/env_infos/final/hand_distance Std           0.0273353
evaluation/env_infos/final/hand_distance Max           0.149431
evaluation/env_infos/final/hand_distance Min           0.0679694
evaluation/env_infos/initial/hand_distance Mean        0.105222
evaluation/env_infos/initial/hand_distance Std         0.0253577
evaluation/env_infos/initial/hand_distance Max         0.148347
evaluation/env_infos/initial/hand_distance Min         0.0771516
evaluation/env_infos/hand_distance Mean                0.100159
evaluation/env_infos/hand_distance Std                 0.0269759
evaluation/env_infos/hand_distance Max                 0.149439
evaluation/env_infos/hand_distance Min                 0.0592432
evaluation/env_infos/final/puck_distance Mean          0.152985
evaluation/env_infos/final/puck_distance Std           0.0602151
evaluation/env_infos/final/puck_distance Max           0.233596
evaluation/env_infos/final/puck_distance Min           0.077882
evaluation/env_infos/initial/puck_distance Mean        0.152984
evaluation/env_infos/initial/puck_distance Std         0.0602142
evaluation/env_infos/initial/puck_distance Max         0.23359
evaluation/env_infos/initial/puck_distance Min         0.0778809
evaluation/env_infos/puck_distance Mean                0.152984
evaluation/env_infos/puck_distance Std                 0.0602146
evaluation/env_infos/puck_distance Max                 0.233597
evaluation/env_infos/puck_distance Min                 0.0778805
evaluation/env_infos/final/touch_distance Mean         0.154052
evaluation/env_infos/final/touch_distance Std          0.0568795
evaluation/env_infos/final/touch_distance Max          0.233659
evaluation/env_infos/final/touch_distance Min          0.0782047
evaluation/env_infos/initial/touch_distance Mean       0.133831
evaluation/env_infos/initial/touch_distance Std        0.0549654
evaluation/env_infos/initial/touch_distance Max        0.206579
evaluation/env_infos/initial/touch_distance Min        0.0743954
evaluation/env_infos/touch_distance Mean               0.148819
evaluation/env_infos/touch_distance Std                0.0558458
evaluation/env_infos/touch_distance Max                0.233659
evaluation/env_infos/touch_distance Min                0.0726202
evaluation/env_infos/final/success Mean                0
evaluation/env_infos/final/success Std                 0
evaluation/env_infos/final/success Max                 0
evaluation/env_infos/final/success Min                 0
evaluation/env_infos/initial/success Mean              0
evaluation/env_infos/initial/success Std               0
evaluation/env_infos/initial/success Max               0
evaluation/env_infos/initial/success Min               0
evaluation/env_infos/success Mean                      0
evaluation/env_infos/success Std                       0
evaluation/env_infos/success Max                       0
evaluation/env_infos/success Min                       0
evaluation/env_infos/final/image_dist Mean            10.4552
evaluation/env_infos/final/image_dist Std              0.753325
evaluation/env_infos/final/image_dist Max             11.8185
evaluation/env_infos/final/image_dist Min              9.63073
evaluation/env_infos/initial/image_dist Mean          10.9127
evaluation/env_infos/initial/image_dist Std            1.0236
evaluation/env_infos/initial/image_dist Max           12.6572
evaluation/env_infos/initial/image_dist Min            9.69814
evaluation/env_infos/image_dist Mean                  10.4136
evaluation/env_infos/image_dist Std                    0.841708
evaluation/env_infos/image_dist Max                   12.6572
evaluation/env_infos/image_dist Min                    9.05493
evaluation/env_infos/final/image_success Mean         -0.6
evaluation/env_infos/final/image_success Std           0.489898
evaluation/env_infos/final/image_success Max           0
evaluation/env_infos/final/image_success Min          -1
evaluation/env_infos/initial/image_success Mean       -0.7
evaluation/env_infos/initial/image_success Std         0.458258
evaluation/env_infos/initial/image_success Max         0
evaluation/env_infos/initial/image_success Min        -1
evaluation/env_infos/image_success Mean               -0.558
evaluation/env_infos/image_success Std                 0.496625
evaluation/env_infos/image_success Max                 0
evaluation/env_infos/image_success Min                -1
evaluation/env_infos/final/vae_mdist Mean             63.6909
evaluation/env_infos/final/vae_mdist Std              25.4299
evaluation/env_infos/final/vae_mdist Max             118.444
evaluation/env_infos/final/vae_mdist Min              31.4023
evaluation/env_infos/initial/vae_mdist Mean          192.12
evaluation/env_infos/initial/vae_mdist Std           152.224
evaluation/env_infos/initial/vae_mdist Max           515.929
evaluation/env_infos/initial/vae_mdist Min            32.2692
evaluation/env_infos/vae_mdist Mean                   56.5658
evaluation/env_infos/vae_mdist Std                    47.8757
evaluation/env_infos/vae_mdist Max                   515.929
evaluation/env_infos/vae_mdist Min                     1.10196
evaluation/env_infos/final/vae_success Mean            0
evaluation/env_infos/final/vae_success Std             0
evaluation/env_infos/final/vae_success Max             0
evaluation/env_infos/final/vae_success Min             0
evaluation/env_infos/initial/vae_success Mean          0
evaluation/env_infos/initial/vae_success Std           0
evaluation/env_infos/initial/vae_success Max           0
evaluation/env_infos/initial/vae_success Min           0
evaluation/env_infos/vae_success Mean                  0.104
evaluation/env_infos/vae_success Std                   0.305261
evaluation/env_infos/vae_success Max                   1
evaluation/env_infos/vae_success Min                   0
evaluation/env_infos/final/vae_dist Mean               0.607577
evaluation/env_infos/final/vae_dist Std                0.124441
evaluation/env_infos/final/vae_dist Max                0.822442
evaluation/env_infos/final/vae_dist Min                0.406358
evaluation/env_infos/initial/vae_dist Mean             0.940401
evaluation/env_infos/initial/vae_dist Std              0.301559
evaluation/env_infos/initial/vae_dist Max              1.55008
evaluation/env_infos/initial/vae_dist Min              0.507798
evaluation/env_infos/vae_dist Mean                     0.578668
evaluation/env_infos/vae_dist Std                      0.194097
evaluation/env_infos/vae_dist Max                      1.55008
evaluation/env_infos/vae_dist Min                      0.0963857
evaluation/env_infos/final/vae_dist_l1 Mean            1.09276
evaluation/env_infos/final/vae_dist_l1 Std             0.258107
evaluation/env_infos/final/vae_dist_l1 Max             1.4702
evaluation/env_infos/final/vae_dist_l1 Min             0.648173
evaluation/env_infos/initial/vae_dist_l1 Mean          1.62874
evaluation/env_infos/initial/vae_dist_l1 Std           0.494142
evaluation/env_infos/initial/vae_dist_l1 Max           2.75344
evaluation/env_infos/initial/vae_dist_l1 Min           0.934921
evaluation/env_infos/vae_dist_l1 Mean                  1.02614
evaluation/env_infos/vae_dist_l1 Std                   0.359492
evaluation/env_infos/vae_dist_l1 Max                   2.75344
evaluation/env_infos/vae_dist_l1 Min                   0.175719
evaluation/env_infos/final/vae_dist_l2 Mean            0.607577
evaluation/env_infos/final/vae_dist_l2 Std             0.124441
evaluation/env_infos/final/vae_dist_l2 Max             0.822442
evaluation/env_infos/final/vae_dist_l2 Min             0.406358
evaluation/env_infos/initial/vae_dist_l2 Mean          0.940401
evaluation/env_infos/initial/vae_dist_l2 Std           0.301559
evaluation/env_infos/initial/vae_dist_l2 Max           1.55008
evaluation/env_infos/initial/vae_dist_l2 Min           0.507798
evaluation/env_infos/vae_dist_l2 Mean                  0.578668
evaluation/env_infos/vae_dist_l2 Std                   0.194097
evaluation/env_infos/vae_dist_l2 Max                   1.55008
evaluation/env_infos/vae_dist_l2 Min                   0.0963857
time/data storing (s)                                  0.0633648
time/evaluation sampling (s)                          16.4368
time/exploration sampling (s)                         16.7154
time/logging (s)                                       0.0107073
time/saving (s)                                        0.0219113
time/training (s)                                     15.9759
time/vae training (s)                                  8.71772
time/epoch (s)                                        57.9418
time/total (s)                                       184.024
Epoch                                                  2
-------------------------------------------------  ---------------
