2019-08-24 20:16:54.024924 EDT | [rlkit-skew-fit-pusher-reference-sample-from-true-prior-take2_2019_08_24_20_10_27_0000--s-0] Epoch 0 finished
-------------------------------------------------  ----------------
vae_trainer/train/log prob                         -11799.7
vae_trainer/train/KL                                   21.0112
vae_trainer/train/loss                              12219.9
vae_trainer/epoch                                       0
vae_trainer/test/log prob                          -12733.9
vae_trainer/test/KL                                    12.0101
vae_trainer/test/loss                               12974.1
vae_trainer/beta                                       20
replay_buffer/VAE Sample Weights Mean                   9.52381e-05
replay_buffer/VAE Sample Weights Std                    0.00338099
replay_buffer/VAE Sample Weights Max                    0.271067
replay_buffer/VAE Sample Weights Min                    8.89808e-13
replay_buffer/VAE Sample Probs Mean                     9.52381e-05
replay_buffer/VAE Sample Probs Std                      0.00338099
replay_buffer/VAE Sample Probs Max                      0.271067
replay_buffer/VAE Sample Probs Min                      8.89808e-13
trainer/QF1 Loss                                        1.17675
trainer/QF2 Loss                                        1.17701
trainer/Policy Loss                                    -1.33592
trainer/Q1 Predictions Mean                             0.00578422
trainer/Q1 Predictions Std                              0.00124451
trainer/Q1 Predictions Max                              0.00997243
trainer/Q1 Predictions Min                              0.00193018
trainer/Q2 Predictions Mean                            -0.0049094
trainer/Q2 Predictions Std                              0.000874938
trainer/Q2 Predictions Max                             -0.00205261
trainer/Q2 Predictions Min                             -0.00788142
trainer/Q Targets Mean                                 -0.00063622
trainer/Q Targets Std                                   1.08489
trainer/Q Targets Max                                   1.81189
trainer/Q Targets Min                                  -3.34983
trainer/Log Pis Mean                                   -1.34084
trainer/Log Pis Std                                     0.295594
trainer/Log Pis Max                                    -0.537062
trainer/Log Pis Min                                    -2.00888
trainer/Policy mu Mean                                  0.000554662
trainer/Policy mu Std                                   0.00076921
trainer/Policy mu Max                                   0.00288719
trainer/Policy mu Min                                  -0.000957001
trainer/Policy log std Mean                            -0.000209358
trainer/Policy log std Std                              0.00157664
trainer/Policy log std Max                              0.00238719
trainer/Policy log std Min                             -0.0033203
trainer/Alpha                                           0.999
trainer/Alpha Loss                                     -0
exploration/num steps total                         10500
exploration/num paths total                           210
exploration/path length Mean                           50
exploration/path length Std                             0
exploration/path length Max                            50
exploration/path length Min                            50
exploration/hand_distance Mean                          0.0962136
exploration/hand_distance Std                           0.0346161
exploration/hand_distance Max                           0.184819
exploration/hand_distance Min                           0.0302982
exploration/Final hand_distance Mean                    0.101561
exploration/Final hand_distance Std                     0.0447451
exploration/Final hand_distance Max                     0.184819
exploration/Final hand_distance Min                     0.0441303
exploration/puck_distance Mean                          0.170246
exploration/puck_distance Std                           0.0573206
exploration/puck_distance Max                           0.244867
exploration/puck_distance Min                           0.0847536
exploration/Final puck_distance Mean                    0.170196
exploration/Final puck_distance Std                     0.0573105
exploration/Final puck_distance Max                     0.24477
exploration/Final puck_distance Min                     0.0847536
exploration/touch_distance Mean                         0.203046
exploration/touch_distance Std                          0.0383055
exploration/touch_distance Max                          0.258704
exploration/touch_distance Min                          0.0778119
exploration/Final touch_distance Mean                   0.181427
exploration/Final touch_distance Std                    0.0462849
exploration/Final touch_distance Max                    0.229374
exploration/Final touch_distance Min                    0.0778119
exploration/success Mean                                0
exploration/success Std                                 0
exploration/success Max                                 0
exploration/success Min                                 0
exploration/Final success Mean                          0
exploration/Final success Std                           0
exploration/Final success Max                           0
exploration/Final success Min                           0
exploration/image_dist Mean                            11.2607
exploration/image_dist Std                              2.24902
exploration/image_dist Max                             15.7814
exploration/image_dist Min                              6.52156
exploration/Final image_dist Mean                      11.9191
exploration/Final image_dist Std                        2.54869
exploration/Final image_dist Max                       15.6339
exploration/Final image_dist Min                        8.63194
exploration/image_success Mean                         -0.642
exploration/image_success Std                           0.479412
exploration/image_success Max                           0
exploration/image_success Min                          -1
exploration/Final image_success Mean                   -0.6
exploration/Final image_success Std                     0.489898
exploration/Final image_success Max                     0
exploration/Final image_success Min                    -1
exploration/vae_mdist Mean                           1877.2
exploration/vae_mdist Std                             553.516
exploration/vae_mdist Max                            2715.08
exploration/vae_mdist Min                             728.483
exploration/Final vae_mdist Mean                     1877.19
exploration/Final vae_mdist Std                       553.516
exploration/Final vae_mdist Max                      2715.08
exploration/Final vae_mdist Min                       728.486
exploration/vae_success Mean                            0
exploration/vae_success Std                             0
exploration/vae_success Max                             0
exploration/vae_success Min                             0
exploration/Final vae_success Mean                      0
exploration/Final vae_success Std                       0
exploration/Final vae_success Max                       0
exploration/Final vae_success Min                       0
exploration/vae_dist Mean                               1.91296
exploration/vae_dist Std                                0.311873
exploration/vae_dist Max                                2.3309
exploration/vae_dist Min                                1.20747
exploration/Final vae_dist Mean                         1.91296
exploration/Final vae_dist Std                          0.311873
exploration/Final vae_dist Max                          2.33089
exploration/Final vae_dist Min                          1.20748
exploration/Rewards Mean                               -1.91296
exploration/Rewards Std                                 0.311873
exploration/Rewards Max                                -1.20747
exploration/Rewards Min                                -2.3309
exploration/Returns Mean                              -95.648
exploration/Returns Std                                15.5936
exploration/Returns Max                               -60.3738
exploration/Returns Min                              -116.545
exploration/Actions Mean                                0.00694506
exploration/Actions Std                                 0.617012
exploration/Actions Max                                 0.996412
exploration/Actions Min                                -0.997967
exploration/Num Paths                                  10
exploration/Average Returns                           -95.648
exploration/env_infos/final/hand_distance Mean          0.101561
exploration/env_infos/final/hand_distance Std           0.0447451
exploration/env_infos/final/hand_distance Max           0.184819
exploration/env_infos/final/hand_distance Min           0.0441303
exploration/env_infos/initial/hand_distance Mean        0.109928
exploration/env_infos/initial/hand_distance Std         0.0224586
exploration/env_infos/initial/hand_distance Max         0.159716
exploration/env_infos/initial/hand_distance Min         0.079005
exploration/env_infos/hand_distance Mean                0.0962136
exploration/env_infos/hand_distance Std                 0.0346161
exploration/env_infos/hand_distance Max                 0.184819
exploration/env_infos/hand_distance Min                 0.0302982
exploration/env_infos/final/puck_distance Mean          0.170196
exploration/env_infos/final/puck_distance Std           0.0573105
exploration/env_infos/final/puck_distance Max           0.24477
exploration/env_infos/final/puck_distance Min           0.0847536
exploration/env_infos/initial/puck_distance Mean        0.170297
exploration/env_infos/initial/puck_distance Std         0.0573306
exploration/env_infos/initial/puck_distance Max         0.244867
exploration/env_infos/initial/puck_distance Min         0.0848047
exploration/env_infos/puck_distance Mean                0.170246
exploration/env_infos/puck_distance Std                 0.0573206
exploration/env_infos/puck_distance Max                 0.244867
exploration/env_infos/puck_distance Min                 0.0847536
exploration/env_infos/final/touch_distance Mean         0.181427
exploration/env_infos/final/touch_distance Std          0.0462849
exploration/env_infos/final/touch_distance Max          0.229374
exploration/env_infos/final/touch_distance Min          0.0778119
exploration/env_infos/initial/touch_distance Mean       0.242887
exploration/env_infos/initial/touch_distance Std        0.000232796
exploration/env_infos/initial/touch_distance Max        0.243337
exploration/env_infos/initial/touch_distance Min        0.242689
exploration/env_infos/touch_distance Mean               0.203046
exploration/env_infos/touch_distance Std                0.0383055
exploration/env_infos/touch_distance Max                0.258704
exploration/env_infos/touch_distance Min                0.0778119
exploration/env_infos/final/success Mean                0
exploration/env_infos/final/success Std                 0
exploration/env_infos/final/success Max                 0
exploration/env_infos/final/success Min                 0
exploration/env_infos/initial/success Mean              0
exploration/env_infos/initial/success Std               0
exploration/env_infos/initial/success Max               0
exploration/env_infos/initial/success Min               0
exploration/env_infos/success Mean                      0
exploration/env_infos/success Std                       0
exploration/env_infos/success Max                       0
exploration/env_infos/success Min                       0
exploration/env_infos/final/image_dist Mean            11.9191
exploration/env_infos/final/image_dist Std              2.54869
exploration/env_infos/final/image_dist Max             15.6339
exploration/env_infos/final/image_dist Min              8.63194
exploration/env_infos/initial/image_dist Mean          10.432
exploration/env_infos/initial/image_dist Std            0.719192
exploration/env_infos/initial/image_dist Max           11.4623
exploration/env_infos/initial/image_dist Min            8.92122
exploration/env_infos/image_dist Mean                  11.2607
exploration/env_infos/image_dist Std                    2.24902
exploration/env_infos/image_dist Max                   15.7814
exploration/env_infos/image_dist Min                    6.52156
exploration/env_infos/final/image_success Mean         -0.6
exploration/env_infos/final/image_success Std           0.489898
exploration/env_infos/final/image_success Max           0
exploration/env_infos/final/image_success Min          -1
exploration/env_infos/initial/image_success Mean       -0.8
exploration/env_infos/initial/image_success Std         0.4
exploration/env_infos/initial/image_success Max         0
exploration/env_infos/initial/image_success Min        -1
exploration/env_infos/image_success Mean               -0.642
exploration/env_infos/image_success Std                 0.479412
exploration/env_infos/image_success Max                 0
exploration/env_infos/image_success Min                -1
exploration/env_infos/final/vae_mdist Mean           1877.19
exploration/env_infos/final/vae_mdist Std             553.516
exploration/env_infos/final/vae_mdist Max            2715.08
exploration/env_infos/final/vae_mdist Min             728.486
exploration/env_infos/initial/vae_mdist Mean         1877.2
exploration/env_infos/initial/vae_mdist Std           553.516
exploration/env_infos/initial/vae_mdist Max          2715.08
exploration/env_infos/initial/vae_mdist Min           728.485
exploration/env_infos/vae_mdist Mean                 1877.2
exploration/env_infos/vae_mdist Std                   553.516
exploration/env_infos/vae_mdist Max                  2715.08
exploration/env_infos/vae_mdist Min                   728.483
exploration/env_infos/final/vae_success Mean            0
exploration/env_infos/final/vae_success Std             0
exploration/env_infos/final/vae_success Max             0
exploration/env_infos/final/vae_success Min             0
exploration/env_infos/initial/vae_success Mean          0
exploration/env_infos/initial/vae_success Std           0
exploration/env_infos/initial/vae_success Max           0
exploration/env_infos/initial/vae_success Min           0
exploration/env_infos/vae_success Mean                  0
exploration/env_infos/vae_success Std                   0
exploration/env_infos/vae_success Max                   0
exploration/env_infos/vae_success Min                   0
exploration/env_infos/final/vae_dist Mean               1.91296
exploration/env_infos/final/vae_dist Std                0.311873
exploration/env_infos/final/vae_dist Max                2.33089
exploration/env_infos/final/vae_dist Min                1.20748
exploration/env_infos/initial/vae_dist Mean             1.91296
exploration/env_infos/initial/vae_dist Std              0.311873
exploration/env_infos/initial/vae_dist Max              2.33089
exploration/env_infos/initial/vae_dist Min              1.20747
exploration/env_infos/vae_dist Mean                     1.91296
exploration/env_infos/vae_dist Std                      0.311873
exploration/env_infos/vae_dist Max                      2.3309
exploration/env_infos/vae_dist Min                      1.20747
exploration/env_infos/final/vae_dist_l1 Mean            3.1559
exploration/env_infos/final/vae_dist_l1 Std             0.543588
exploration/env_infos/final/vae_dist_l1 Max             3.95367
exploration/env_infos/final/vae_dist_l1 Min             2.03337
exploration/env_infos/initial/vae_dist_l1 Mean          3.1559
exploration/env_infos/initial/vae_dist_l1 Std           0.543587
exploration/env_infos/initial/vae_dist_l1 Max           3.95367
exploration/env_infos/initial/vae_dist_l1 Min           2.03337
exploration/env_infos/vae_dist_l1 Mean                  3.1559
exploration/env_infos/vae_dist_l1 Std                   0.543588
exploration/env_infos/vae_dist_l1 Max                   3.95368
exploration/env_infos/vae_dist_l1 Min                   2.03336
exploration/env_infos/final/vae_dist_l2 Mean            1.91296
exploration/env_infos/final/vae_dist_l2 Std             0.311873
exploration/env_infos/final/vae_dist_l2 Max             2.33089
exploration/env_infos/final/vae_dist_l2 Min             1.20748
exploration/env_infos/initial/vae_dist_l2 Mean          1.91296
exploration/env_infos/initial/vae_dist_l2 Std           0.311873
exploration/env_infos/initial/vae_dist_l2 Max           2.33089
exploration/env_infos/initial/vae_dist_l2 Min           1.20747
exploration/env_infos/vae_dist_l2 Mean                  1.91296
exploration/env_infos/vae_dist_l2 Std                   0.311873
exploration/env_infos/vae_dist_l2 Max                   2.3309
exploration/env_infos/vae_dist_l2 Min                   1.20747
evaluation/num steps total                            500
evaluation/num paths total                             10
evaluation/path length Mean                            50
evaluation/path length Std                              0
evaluation/path length Max                             50
evaluation/path length Min                             50
evaluation/hand_distance Mean                           0.117069
evaluation/hand_distance Std                            0.0240613
evaluation/hand_distance Max                            0.153326
evaluation/hand_distance Min                            0.0727367
evaluation/Final hand_distance Mean                     0.116755
evaluation/Final hand_distance Std                      0.0239756
evaluation/Final hand_distance Max                      0.150757
evaluation/Final hand_distance Min                      0.0727566
evaluation/puck_distance Mean                           0.168641
evaluation/puck_distance Std                            0.0650408
evaluation/puck_distance Max                            0.255752
evaluation/puck_distance Min                            0.0577432
evaluation/Final puck_distance Mean                     0.168603
evaluation/Final puck_distance Std                      0.0650431
evaluation/Final puck_distance Max                      0.255667
evaluation/Final puck_distance Min                      0.0577432
evaluation/touch_distance Mean                          0.242118
evaluation/touch_distance Std                           0.000280202
evaluation/touch_distance Max                           0.242818
evaluation/touch_distance Min                           0.241559
evaluation/Final touch_distance Mean                    0.241559
evaluation/Final touch_distance Std                     2.40913e-09
evaluation/Final touch_distance Max                     0.241559
evaluation/Final touch_distance Min                     0.241559
evaluation/success Mean                                 0
evaluation/success Std                                  0
evaluation/success Max                                  0
evaluation/success Min                                  0
evaluation/Final success Mean                           0
evaluation/Final success Std                            0
evaluation/Final success Max                            0
evaluation/Final success Min                            0
evaluation/image_dist Mean                              9.72596
evaluation/image_dist Std                               0.995096
evaluation/image_dist Max                              10.9988
evaluation/image_dist Min                               7.87854
evaluation/Final image_dist Mean                        9.71484
evaluation/Final image_dist Std                         0.995914
evaluation/Final image_dist Max                        10.9412
evaluation/Final image_dist Min                         7.90017
evaluation/image_success Mean                          -0.498
evaluation/image_success Std                            0.499996
evaluation/image_success Max                            0
evaluation/image_success Min                           -1
evaluation/Final image_success Mean                    -0.5
evaluation/Final image_success Std                      0.5
evaluation/Final image_success Max                      0
evaluation/Final image_success Min                     -1
evaluation/vae_mdist Mean                               5.91797e-09
evaluation/vae_mdist Std                                2.73635e-09
evaluation/vae_mdist Max                                1.19723e-08
evaluation/vae_mdist Min                                7.12842e-10
evaluation/Final vae_mdist Mean                         6.47361e-09
evaluation/Final vae_mdist Std                          2.39594e-09
evaluation/Final vae_mdist Max                          1.02199e-08
evaluation/Final vae_mdist Min                          2.5961e-09
evaluation/vae_success Mean                             1
evaluation/vae_success Std                              0
evaluation/vae_success Max                              1
evaluation/vae_success Min                              1
evaluation/Final vae_success Mean                       1
evaluation/Final vae_success Std                        0
evaluation/Final vae_success Max                        1
evaluation/Final vae_success Min                        1
evaluation/vae_dist Mean                                3.34176e-06
evaluation/vae_dist Std                                 8.22341e-07
evaluation/vae_dist Max                                 4.89491e-06
evaluation/vae_dist Min                                 1.19433e-06
evaluation/Final vae_dist Mean                          3.53114e-06
evaluation/Final vae_dist Std                           6.97501e-07
evaluation/Final vae_dist Max                           4.52261e-06
evaluation/Final vae_dist Min                           2.27926e-06
evaluation/Rewards Mean                                -3.34176e-06
evaluation/Rewards Std                                  8.22341e-07
evaluation/Rewards Max                                 -1.19433e-06
evaluation/Rewards Min                                 -4.89491e-06
evaluation/Returns Mean                                -0.000167088
evaluation/Returns Std                                  3.94608e-05
evaluation/Returns Max                                 -9.63826e-05
evaluation/Returns Min                                 -0.000225884
evaluation/Actions Mean                                 0.000558567
evaluation/Actions Std                                  0.000672075
evaluation/Actions Max                                  0.00123064
evaluation/Actions Min                                 -0.000113509
evaluation/Num Paths                                   10
evaluation/Average Returns                             -0.000167088
evaluation/env_infos/final/hand_distance Mean           0.116755
evaluation/env_infos/final/hand_distance Std            0.0239756
evaluation/env_infos/final/hand_distance Max            0.150757
evaluation/env_infos/final/hand_distance Min            0.0727566
evaluation/env_infos/initial/hand_distance Mean         0.117245
evaluation/env_infos/initial/hand_distance Std          0.024094
evaluation/env_infos/initial/hand_distance Max          0.153326
evaluation/env_infos/initial/hand_distance Min          0.0752842
evaluation/env_infos/hand_distance Mean                 0.117069
evaluation/env_infos/hand_distance Std                  0.0240613
evaluation/env_infos/hand_distance Max                  0.153326
evaluation/env_infos/hand_distance Min                  0.0727367
evaluation/env_infos/final/puck_distance Mean           0.168603
evaluation/env_infos/final/puck_distance Std            0.0650431
evaluation/env_infos/final/puck_distance Max            0.255667
evaluation/env_infos/final/puck_distance Min            0.0577432
evaluation/env_infos/initial/puck_distance Mean         0.16868
evaluation/env_infos/initial/puck_distance Std          0.0650384
evaluation/env_infos/initial/puck_distance Max          0.255752
evaluation/env_infos/initial/puck_distance Min          0.0578648
evaluation/env_infos/puck_distance Mean                 0.168641
evaluation/env_infos/puck_distance Std                  0.0650408
evaluation/env_infos/puck_distance Max                  0.255752
evaluation/env_infos/puck_distance Min                  0.0577432
evaluation/env_infos/final/touch_distance Mean          0.241559
evaluation/env_infos/final/touch_distance Std           2.40913e-09
evaluation/env_infos/final/touch_distance Max           0.241559
evaluation/env_infos/final/touch_distance Min           0.241559
evaluation/env_infos/initial/touch_distance Mean        0.242818
evaluation/env_infos/initial/touch_distance Std         1.5401e-06
evaluation/env_infos/initial/touch_distance Max         0.242818
evaluation/env_infos/initial/touch_distance Min         0.242813
evaluation/env_infos/touch_distance Mean                0.242118
evaluation/env_infos/touch_distance Std                 0.000280202
evaluation/env_infos/touch_distance Max                 0.242818
evaluation/env_infos/touch_distance Min                 0.241559
evaluation/env_infos/final/success Mean                 0
evaluation/env_infos/final/success Std                  0
evaluation/env_infos/final/success Max                  0
evaluation/env_infos/final/success Min                  0
evaluation/env_infos/initial/success Mean               0
evaluation/env_infos/initial/success Std                0
evaluation/env_infos/initial/success Max                0
evaluation/env_infos/initial/success Min                0
evaluation/env_infos/success Mean                       0
evaluation/env_infos/success Std                        0
evaluation/env_infos/success Max                        0
evaluation/env_infos/success Min                        0
evaluation/env_infos/final/image_dist Mean              9.71484
evaluation/env_infos/final/image_dist Std               0.995914
evaluation/env_infos/final/image_dist Max              10.9412
evaluation/env_infos/final/image_dist Min               7.90017
evaluation/env_infos/initial/image_dist Mean            9.77566
evaluation/env_infos/initial/image_dist Std             0.876577
evaluation/env_infos/initial/image_dist Max            10.8172
evaluation/env_infos/initial/image_dist Min             8.29015
evaluation/env_infos/image_dist Mean                    9.72596
evaluation/env_infos/image_dist Std                     0.995096
evaluation/env_infos/image_dist Max                    10.9988
evaluation/env_infos/image_dist Min                     7.87854
evaluation/env_infos/final/image_success Mean          -0.5
evaluation/env_infos/final/image_success Std            0.5
evaluation/env_infos/final/image_success Max            0
evaluation/env_infos/final/image_success Min           -1
evaluation/env_infos/initial/image_success Mean        -0.4
evaluation/env_infos/initial/image_success Std          0.489898
evaluation/env_infos/initial/image_success Max          0
evaluation/env_infos/initial/image_success Min         -1
evaluation/env_infos/image_success Mean                -0.498
evaluation/env_infos/image_success Std                  0.499996
evaluation/env_infos/image_success Max                  0
evaluation/env_infos/image_success Min                 -1
evaluation/env_infos/final/vae_mdist Mean               6.47361e-09
evaluation/env_infos/final/vae_mdist Std                2.39594e-09
evaluation/env_infos/final/vae_mdist Max                1.02199e-08
evaluation/env_infos/final/vae_mdist Min                2.5961e-09
evaluation/env_infos/initial/vae_mdist Mean             3.90398e-09
evaluation/env_infos/initial/vae_mdist Std              1.84792e-09
evaluation/env_infos/initial/vae_mdist Max              6.97477e-09
evaluation/env_infos/initial/vae_mdist Min              1.30168e-09
evaluation/env_infos/vae_mdist Mean                     5.91797e-09
evaluation/env_infos/vae_mdist Std                      2.73635e-09
evaluation/env_infos/vae_mdist Max                      1.19723e-08
evaluation/env_infos/vae_mdist Min                      7.12842e-10
evaluation/env_infos/final/vae_success Mean             1
evaluation/env_infos/final/vae_success Std              0
evaluation/env_infos/final/vae_success Max              1
evaluation/env_infos/final/vae_success Min              1
evaluation/env_infos/initial/vae_success Mean           1
evaluation/env_infos/initial/vae_success Std            0
evaluation/env_infos/initial/vae_success Max            1
evaluation/env_infos/initial/vae_success Min            1
evaluation/env_infos/vae_success Mean                   1
evaluation/env_infos/vae_success Std                    0
evaluation/env_infos/vae_success Max                    1
evaluation/env_infos/vae_success Min                    1
evaluation/env_infos/final/vae_dist Mean                3.53114e-06
evaluation/env_infos/final/vae_dist Std                 6.97501e-07
evaluation/env_infos/final/vae_dist Max                 4.52261e-06
evaluation/env_infos/final/vae_dist Min                 2.27926e-06
evaluation/env_infos/initial/vae_dist Mean              2.70883e-06
evaluation/env_infos/initial/vae_dist Std               6.89322e-07
evaluation/env_infos/initial/vae_dist Max               3.73615e-06
evaluation/env_infos/initial/vae_dist Min               1.61402e-06
evaluation/env_infos/vae_dist Mean                      3.34176e-06
evaluation/env_infos/vae_dist Std                       8.22341e-07
evaluation/env_infos/vae_dist Max                       4.89491e-06
evaluation/env_infos/vae_dist Min                       1.19433e-06
evaluation/env_infos/final/vae_dist_l1 Mean             5.71651e-06
evaluation/env_infos/final/vae_dist_l1 Std              1.19276e-06
evaluation/env_infos/final/vae_dist_l1 Max              7.89502e-06
evaluation/env_infos/final/vae_dist_l1 Min              3.73238e-06
evaluation/env_infos/initial/vae_dist_l1 Mean           4.54398e-06
evaluation/env_infos/initial/vae_dist_l1 Std            1.25415e-06
evaluation/env_infos/initial/vae_dist_l1 Max            7.00275e-06
evaluation/env_infos/initial/vae_dist_l1 Min            2.80733e-06
evaluation/env_infos/vae_dist_l1 Mean                   5.52317e-06
evaluation/env_infos/vae_dist_l1 Std                    1.45816e-06
evaluation/env_infos/vae_dist_l1 Max                    8.86072e-06
evaluation/env_infos/vae_dist_l1 Min                    1.80764e-06
evaluation/env_infos/final/vae_dist_l2 Mean             3.53114e-06
evaluation/env_infos/final/vae_dist_l2 Std              6.97501e-07
evaluation/env_infos/final/vae_dist_l2 Max              4.52261e-06
evaluation/env_infos/final/vae_dist_l2 Min              2.27926e-06
evaluation/env_infos/initial/vae_dist_l2 Mean           2.70883e-06
evaluation/env_infos/initial/vae_dist_l2 Std            6.89322e-07
evaluation/env_infos/initial/vae_dist_l2 Max            3.73615e-06
evaluation/env_infos/initial/vae_dist_l2 Min            1.61402e-06
evaluation/env_infos/vae_dist_l2 Mean                   3.34176e-06
evaluation/env_infos/vae_dist_l2 Std                    8.22341e-07
evaluation/env_infos/vae_dist_l2 Max                    4.89491e-06
evaluation/env_infos/vae_dist_l2 Min                    1.19433e-06
time/data storing (s)                                   0.0825112
time/evaluation sampling (s)                           15.8554
time/exploration sampling (s)                          16.304
time/logging (s)                                        0.0108237
time/saving (s)                                         0.0242372
time/training (s)                                      16.6642
time/vae training (s)                                  10.9624
time/epoch (s)                                         59.9036
time/total (s)                                        386.614
Epoch                                                   0
-------------------------------------------------  ----------------
