2019-08-25 21:41:52.337463 EDT | [rlkit-skew-fit-pusher-reference-sample-from-true-prior-take2_2019_08_25_21_40_43_0000--s-0] Epoch 0 finished
-------------------------------------------------  ----------------
vae_trainer/train/log prob                         -11600.6
vae_trainer/train/KL                                   20.3171
vae_trainer/train/loss                              12006.9
vae_trainer/epoch                                       0
vae_trainer/test/log prob                          -15584.9
vae_trainer/test/KL                                    10.8019
vae_trainer/test/loss                               15800.9
vae_trainer/beta                                       20
replay_buffer/VAE Sample Weights Mean                   0.00166667
replay_buffer/VAE Sample Weights Std                    0.0132645
replay_buffer/VAE Sample Weights Max                    0.196493
replay_buffer/VAE Sample Weights Min                    1.44007e-09
replay_buffer/VAE Sample Probs Mean                     0.00166667
replay_buffer/VAE Sample Probs Std                      0.0132645
replay_buffer/VAE Sample Probs Max                      0.196493
replay_buffer/VAE Sample Probs Min                      1.44007e-09
trainer/QF1 Loss                                        1.17405
trainer/QF2 Loss                                        1.17475
trainer/Policy Loss                                    -1.33367
trainer/Q1 Predictions Mean                             0.00171244
trainer/Q1 Predictions Std                              0.00077523
trainer/Q1 Predictions Max                              0.00413331
trainer/Q1 Predictions Min                             -0.00133212
trainer/Q2 Predictions Mean                            -0.00279474
trainer/Q2 Predictions Std                              0.000777395
trainer/Q2 Predictions Max                              0.000133032
trainer/Q2 Predictions Min                             -0.00577385
trainer/Q Targets Mean                                  0.04648
trainer/Q Targets Std                                   1.0827
trainer/Q Targets Max                                   1.81518
trainer/Q Targets Min                                  -2.93688
trainer/Log Pis Mean                                   -1.33646
trainer/Log Pis Std                                     0.29339
trainer/Log Pis Max                                    -0.539053
trainer/Log Pis Min                                    -2.12783
trainer/Policy mu Mean                                  0.00060601
trainer/Policy mu Std                                   0.000253212
trainer/Policy mu Max                                   0.00164104
trainer/Policy mu Min                                  -5.20522e-05
trainer/Policy log std Mean                            -0.00103271
trainer/Policy log std Std                              0.000414405
trainer/Policy log std Max                              0.000387598
trainer/Policy log std Min                             -0.00208431
trainer/Alpha                                           0.999
trainer/Alpha Loss                                     -0
exploration/num steps total                           600
exploration/num paths total                            12
exploration/path length Mean                           50
exploration/path length Std                             0
exploration/path length Max                            50
exploration/path length Min                            50
exploration/hand_distance Mean                          0.104795
exploration/hand_distance Std                           0.0331005
exploration/hand_distance Max                           0.166922
exploration/hand_distance Min                           0.0324653
exploration/Final hand_distance Mean                    0.110367
exploration/Final hand_distance Std                     0.0378332
exploration/Final hand_distance Max                     0.163032
exploration/Final hand_distance Min                     0.0415623
exploration/puck_distance Mean                          0.0888983
exploration/puck_distance Std                           0.0532073
exploration/puck_distance Max                           0.202073
exploration/puck_distance Min                           0.00737311
exploration/Final puck_distance Mean                    0.0950329
exploration/Final puck_distance Std                     0.0461644
exploration/Final puck_distance Max                     0.202073
exploration/Final puck_distance Min                     0.0442619
exploration/touch_distance Mean                         0.104505
exploration/touch_distance Std                          0.0276889
exploration/touch_distance Max                          0.173118
exploration/touch_distance Min                          0.057563
exploration/Final touch_distance Mean                   0.10279
exploration/Final touch_distance Std                    0.0290728
exploration/Final touch_distance Max                    0.151033
exploration/Final touch_distance Min                    0.0610453
exploration/success Mean                                0.008
exploration/success Std                                 0.0890842
exploration/success Max                                 1
exploration/success Min                                 0
exploration/Final success Mean                          0
exploration/Final success Std                           0
exploration/Final success Max                           0
exploration/Final success Min                           0
exploration/image_dist Mean                            11.7072
exploration/image_dist Std                              1.66998
exploration/image_dist Max                             15.2331
exploration/image_dist Min                              7.67233
exploration/Final image_dist Mean                      12.3801
exploration/Final image_dist Std                        1.6524
exploration/Final image_dist Max                       14.9038
exploration/Final image_dist Min                        9.40669
exploration/image_success Mean                         -0.796
exploration/image_success Std                           0.402969
exploration/image_success Max                           0
exploration/image_success Min                          -1
exploration/Final image_success Mean                   -0.9
exploration/Final image_success Std                     0.3
exploration/Final image_success Max                     0
exploration/Final image_success Min                    -1
exploration/vae_mdist Mean                           1396.82
exploration/vae_mdist Std                            1141.43
exploration/vae_mdist Max                            4245.66
exploration/vae_mdist Min                              93.9168
exploration/Final vae_mdist Mean                     1396.82
exploration/Final vae_mdist Std                      1141.43
exploration/Final vae_mdist Max                      4245.64
exploration/Final vae_mdist Min                        93.9177
exploration/vae_success Mean                            0
exploration/vae_success Std                             0
exploration/vae_success Max                             0
exploration/vae_success Min                             0
exploration/Final vae_success Mean                      0
exploration/Final vae_success Std                       0
exploration/Final vae_success Max                       0
exploration/Final vae_success Min                       0
exploration/vae_dist Mean                               1.54306
exploration/vae_dist Std                                0.643553
exploration/vae_dist Max                                2.91501
exploration/vae_dist Min                                0.433496
exploration/Final vae_dist Mean                         1.54306
exploration/Final vae_dist Std                          0.643552
exploration/Final vae_dist Max                          2.91501
exploration/Final vae_dist Min                          0.433498
exploration/Rewards Mean                               -1.54306
exploration/Rewards Std                                 0.643553
exploration/Rewards Max                                -0.433496
exploration/Rewards Min                                -2.91501
exploration/Returns Mean                              -77.1528
exploration/Returns Std                                32.1777
exploration/Returns Max                               -21.6748
exploration/Returns Min                              -145.75
exploration/Actions Mean                               -0.00260584
exploration/Actions Std                                 0.623512
exploration/Actions Max                                 0.99451
exploration/Actions Min                                -0.99307
exploration/Num Paths                                  10
exploration/Average Returns                           -77.1528
exploration/env_infos/final/hand_distance Mean          0.110367
exploration/env_infos/final/hand_distance Std           0.0378332
exploration/env_infos/final/hand_distance Max           0.163032
exploration/env_infos/final/hand_distance Min           0.0415623
exploration/env_infos/initial/hand_distance Mean        0.115331
exploration/env_infos/initial/hand_distance Std         0.0305121
exploration/env_infos/initial/hand_distance Max         0.154607
exploration/env_infos/initial/hand_distance Min         0.0704805
exploration/env_infos/hand_distance Mean                0.104795
exploration/env_infos/hand_distance Std                 0.0331005
exploration/env_infos/hand_distance Max                 0.166922
exploration/env_infos/hand_distance Min                 0.0324653
exploration/env_infos/final/puck_distance Mean          0.0950329
exploration/env_infos/final/puck_distance Std           0.0461644
exploration/env_infos/final/puck_distance Max           0.202073
exploration/env_infos/final/puck_distance Min           0.0442619
exploration/env_infos/initial/puck_distance Mean        0.0864166
exploration/env_infos/initial/puck_distance Std         0.0554869
exploration/env_infos/initial/puck_distance Max         0.202073
exploration/env_infos/initial/puck_distance Min         0.00932594
exploration/env_infos/puck_distance Mean                0.0888983
exploration/env_infos/puck_distance Std                 0.0532073
exploration/env_infos/puck_distance Max                 0.202073
exploration/env_infos/puck_distance Min                 0.00737311
exploration/env_infos/final/touch_distance Mean         0.10279
exploration/env_infos/final/touch_distance Std          0.0290728
exploration/env_infos/final/touch_distance Max          0.151033
exploration/env_infos/final/touch_distance Min          0.0610453
exploration/env_infos/initial/touch_distance Mean       0.115102
exploration/env_infos/initial/touch_distance Std        0.00344842
exploration/env_infos/initial/touch_distance Max        0.119114
exploration/env_infos/initial/touch_distance Min        0.110317
exploration/env_infos/touch_distance Mean               0.104505
exploration/env_infos/touch_distance Std                0.0276889
exploration/env_infos/touch_distance Max                0.173118
exploration/env_infos/touch_distance Min                0.057563
exploration/env_infos/final/success Mean                0
exploration/env_infos/final/success Std                 0
exploration/env_infos/final/success Max                 0
exploration/env_infos/final/success Min                 0
exploration/env_infos/initial/success Mean              0
exploration/env_infos/initial/success Std               0
exploration/env_infos/initial/success Max               0
exploration/env_infos/initial/success Min               0
exploration/env_infos/success Mean                      0.008
exploration/env_infos/success Std                       0.0890842
exploration/env_infos/success Max                       1
exploration/env_infos/success Min                       0
exploration/env_infos/final/image_dist Mean            12.3801
exploration/env_infos/final/image_dist Std              1.6524
exploration/env_infos/final/image_dist Max             14.9038
exploration/env_infos/final/image_dist Min              9.40669
exploration/env_infos/initial/image_dist Mean          10.7023
exploration/env_infos/initial/image_dist Std            1.11725
exploration/env_infos/initial/image_dist Max           13.2084
exploration/env_infos/initial/image_dist Min            9.18712
exploration/env_infos/image_dist Mean                  11.7072
exploration/env_infos/image_dist Std                    1.66998
exploration/env_infos/image_dist Max                   15.2331
exploration/env_infos/image_dist Min                    7.67233
exploration/env_infos/final/image_success Mean         -0.9
exploration/env_infos/final/image_success Std           0.3
exploration/env_infos/final/image_success Max           0
exploration/env_infos/final/image_success Min          -1
exploration/env_infos/initial/image_success Mean       -0.7
exploration/env_infos/initial/image_success Std         0.458258
exploration/env_infos/initial/image_success Max         0
exploration/env_infos/initial/image_success Min        -1
exploration/env_infos/image_success Mean               -0.796
exploration/env_infos/image_success Std                 0.402969
exploration/env_infos/image_success Max                 0
exploration/env_infos/image_success Min                -1
exploration/env_infos/final/vae_mdist Mean           1396.82
exploration/env_infos/final/vae_mdist Std            1141.43
exploration/env_infos/final/vae_mdist Max            4245.64
exploration/env_infos/final/vae_mdist Min              93.9177
exploration/env_infos/initial/vae_mdist Mean         1396.82
exploration/env_infos/initial/vae_mdist Std          1141.44
exploration/env_infos/initial/vae_mdist Max          4245.66
exploration/env_infos/initial/vae_mdist Min            93.917
exploration/env_infos/vae_mdist Mean                 1396.82
exploration/env_infos/vae_mdist Std                  1141.43
exploration/env_infos/vae_mdist Max                  4245.66
exploration/env_infos/vae_mdist Min                    93.9168
exploration/env_infos/final/vae_success Mean            0
exploration/env_infos/final/vae_success Std             0
exploration/env_infos/final/vae_success Max             0
exploration/env_infos/final/vae_success Min             0
exploration/env_infos/initial/vae_success Mean          0
exploration/env_infos/initial/vae_success Std           0
exploration/env_infos/initial/vae_success Max           0
exploration/env_infos/initial/vae_success Min           0
exploration/env_infos/vae_success Mean                  0
exploration/env_infos/vae_success Std                   0
exploration/env_infos/vae_success Max                   0
exploration/env_infos/vae_success Min                   0
exploration/env_infos/final/vae_dist Mean               1.54306
exploration/env_infos/final/vae_dist Std                0.643552
exploration/env_infos/final/vae_dist Max                2.91501
exploration/env_infos/final/vae_dist Min                0.433498
exploration/env_infos/initial/vae_dist Mean             1.54306
exploration/env_infos/initial/vae_dist Std              0.643554
exploration/env_infos/initial/vae_dist Max              2.91501
exploration/env_infos/initial/vae_dist Min              0.433496
exploration/env_infos/vae_dist Mean                     1.54306
exploration/env_infos/vae_dist Std                      0.643553
exploration/env_infos/vae_dist Max                      2.91501
exploration/env_infos/vae_dist Min                      0.433496
exploration/env_infos/final/vae_dist_l1 Mean            2.70235
exploration/env_infos/final/vae_dist_l1 Std             1.21207
exploration/env_infos/final/vae_dist_l1 Max             5.1801
exploration/env_infos/final/vae_dist_l1 Min             0.736906
exploration/env_infos/initial/vae_dist_l1 Mean          2.70235
exploration/env_infos/initial/vae_dist_l1 Std           1.21207
exploration/env_infos/initial/vae_dist_l1 Max           5.1801
exploration/env_infos/initial/vae_dist_l1 Min           0.736902
exploration/env_infos/vae_dist_l1 Mean                  2.70235
exploration/env_infos/vae_dist_l1 Std                   1.21207
exploration/env_infos/vae_dist_l1 Max                   5.1801
exploration/env_infos/vae_dist_l1 Min                   0.736902
exploration/env_infos/final/vae_dist_l2 Mean            1.54306
exploration/env_infos/final/vae_dist_l2 Std             0.643552
exploration/env_infos/final/vae_dist_l2 Max             2.91501
exploration/env_infos/final/vae_dist_l2 Min             0.433498
exploration/env_infos/initial/vae_dist_l2 Mean          1.54306
exploration/env_infos/initial/vae_dist_l2 Std           0.643554
exploration/env_infos/initial/vae_dist_l2 Max           2.91501
exploration/env_infos/initial/vae_dist_l2 Min           0.433496
exploration/env_infos/vae_dist_l2 Mean                  1.54306
exploration/env_infos/vae_dist_l2 Std                   0.643553
exploration/env_infos/vae_dist_l2 Max                   2.91501
exploration/env_infos/vae_dist_l2 Min                   0.433496
evaluation/num steps total                            500
evaluation/num paths total                             10
evaluation/path length Mean                            50
evaluation/path length Std                              0
evaluation/path length Max                             50
evaluation/path length Min                             50
evaluation/hand_distance Mean                           0.106714
evaluation/hand_distance Std                            0.0324187
evaluation/hand_distance Max                            0.15374
evaluation/hand_distance Min                            0.0576362
evaluation/Final hand_distance Mean                     0.10664
evaluation/Final hand_distance Std                      0.0323285
evaluation/Final hand_distance Max                      0.15185
evaluation/Final hand_distance Min                      0.0582436
evaluation/puck_distance Mean                           0.100166
evaluation/puck_distance Std                            0.0536148
evaluation/puck_distance Max                            0.199214
evaluation/puck_distance Min                            0.040325
evaluation/Final puck_distance Mean                     0.100166
evaluation/Final puck_distance Std                      0.0536148
evaluation/Final puck_distance Max                      0.199213
evaluation/Final puck_distance Min                      0.040327
evaluation/touch_distance Mean                          0.116447
evaluation/touch_distance Std                           0.000609336
evaluation/touch_distance Max                           0.116767
evaluation/touch_distance Min                           0.112856
evaluation/Final touch_distance Mean                    0.116655
evaluation/Final touch_distance Std                     1.95011e-07
evaluation/Final touch_distance Max                     0.116655
evaluation/Final touch_distance Min                     0.116655
evaluation/success Mean                                 0
evaluation/success Std                                  0
evaluation/success Max                                  0
evaluation/success Min                                  0
evaluation/Final success Mean                           0
evaluation/Final success Std                            0
evaluation/Final success Max                            0
evaluation/Final success Min                            0
evaluation/image_dist Mean                             10.6765
evaluation/image_dist Std                               1.16402
evaluation/image_dist Max                              11.795
evaluation/image_dist Min                               8.30135
evaluation/Final image_dist Mean                       10.6564
evaluation/Final image_dist Std                         1.166
evaluation/Final image_dist Max                        11.7433
evaluation/Final image_dist Min                         8.32851
evaluation/image_success Mean                          -0.8
evaluation/image_success Std                            0.4
evaluation/image_success Max                            0
evaluation/image_success Min                           -1
evaluation/Final image_success Mean                    -0.8
evaluation/Final image_success Std                      0.4
evaluation/Final image_success Max                      0
evaluation/Final image_success Min                     -1
evaluation/vae_mdist Mean                               9.6757e-09
evaluation/vae_mdist Std                                5.47978e-09
evaluation/vae_mdist Max                                2.30081e-08
evaluation/vae_mdist Min                                3.8451e-10
evaluation/Final vae_mdist Mean                         9.98253e-09
evaluation/Final vae_mdist Std                          5.55373e-09
evaluation/Final vae_mdist Max                          2.06872e-08
evaluation/Final vae_mdist Min                          7.2532e-10
evaluation/vae_success Mean                             1
evaluation/vae_success Std                              0
evaluation/vae_success Max                              1
evaluation/vae_success Min                              1
evaluation/Final vae_success Mean                       1
evaluation/Final vae_success Std                        0
evaluation/Final vae_success Max                        1
evaluation/Final vae_success Min                        1
evaluation/vae_dist Mean                                4.18559e-06
evaluation/vae_dist Std                                 1.35633e-06
evaluation/vae_dist Max                                 6.78484e-06
evaluation/vae_dist Min                                 8.77113e-07
evaluation/Final vae_dist Mean                          4.25019e-06
evaluation/Final vae_dist Std                           1.38154e-06
evaluation/Final vae_dist Max                           6.43359e-06
evaluation/Final vae_dist Min                           1.20468e-06
evaluation/Rewards Mean                                -4.18559e-06
evaluation/Rewards Std                                  1.35633e-06
evaluation/Rewards Max                                 -8.77113e-07
evaluation/Rewards Min                                 -6.78484e-06
evaluation/Returns Mean                                -0.00020928
evaluation/Returns Std                                  6.72982e-05
evaluation/Returns Max                                 -6.5343e-05
evaluation/Returns Min                                 -0.00031719
evaluation/Actions Mean                                 0.000597857
evaluation/Actions Std                                  0.000138845
evaluation/Actions Max                                  0.000736703
evaluation/Actions Min                                  0.000459011
evaluation/Num Paths                                   10
evaluation/Average Returns                             -0.00020928
evaluation/env_infos/final/hand_distance Mean           0.10664
evaluation/env_infos/final/hand_distance Std            0.0323285
evaluation/env_infos/final/hand_distance Max            0.15185
evaluation/env_infos/final/hand_distance Min            0.0582436
evaluation/env_infos/initial/hand_distance Mean         0.10771
evaluation/env_infos/initial/hand_distance Std          0.0318757
evaluation/env_infos/initial/hand_distance Max          0.15374
evaluation/env_infos/initial/hand_distance Min          0.0595535
evaluation/env_infos/hand_distance Mean                 0.106714
evaluation/env_infos/hand_distance Std                  0.0324187
evaluation/env_infos/hand_distance Max                  0.15374
evaluation/env_infos/hand_distance Min                  0.0576362
evaluation/env_infos/final/puck_distance Mean           0.100166
evaluation/env_infos/final/puck_distance Std            0.0536148
evaluation/env_infos/final/puck_distance Max            0.199213
evaluation/env_infos/final/puck_distance Min            0.040327
evaluation/env_infos/initial/puck_distance Mean         0.100166
evaluation/env_infos/initial/puck_distance Std          0.0536143
evaluation/env_infos/initial/puck_distance Max          0.199212
evaluation/env_infos/initial/puck_distance Min          0.0403281
evaluation/env_infos/puck_distance Mean                 0.100166
evaluation/env_infos/puck_distance Std                  0.0536148
evaluation/env_infos/puck_distance Max                  0.199214
evaluation/env_infos/puck_distance Min                  0.040325
evaluation/env_infos/final/touch_distance Mean          0.116655
evaluation/env_infos/final/touch_distance Std           1.95011e-07
evaluation/env_infos/final/touch_distance Max           0.116655
evaluation/env_infos/final/touch_distance Min           0.116655
evaluation/env_infos/initial/touch_distance Mean        0.112859
evaluation/env_infos/initial/touch_distance Std         7.97008e-06
evaluation/env_infos/initial/touch_distance Max         0.112883
evaluation/env_infos/initial/touch_distance Min         0.112856
evaluation/env_infos/touch_distance Mean                0.116447
evaluation/env_infos/touch_distance Std                 0.000609336
evaluation/env_infos/touch_distance Max                 0.116767
evaluation/env_infos/touch_distance Min                 0.112856
evaluation/env_infos/final/success Mean                 0
evaluation/env_infos/final/success Std                  0
evaluation/env_infos/final/success Max                  0
evaluation/env_infos/final/success Min                  0
evaluation/env_infos/initial/success Mean               0
evaluation/env_infos/initial/success Std                0
evaluation/env_infos/initial/success Max                0
evaluation/env_infos/initial/success Min                0
evaluation/env_infos/success Mean                       0
evaluation/env_infos/success Std                        0
evaluation/env_infos/success Max                        0
evaluation/env_infos/success Min                        0
evaluation/env_infos/final/image_dist Mean             10.6564
evaluation/env_infos/final/image_dist Std               1.166
evaluation/env_infos/final/image_dist Max              11.7433
evaluation/env_infos/final/image_dist Min               8.32851
evaluation/env_infos/initial/image_dist Mean           10.7708
evaluation/env_infos/initial/image_dist Std             1.13001
evaluation/env_infos/initial/image_dist Max            11.5328
evaluation/env_infos/initial/image_dist Min             8.41089
evaluation/env_infos/image_dist Mean                   10.6765
evaluation/env_infos/image_dist Std                     1.16402
evaluation/env_infos/image_dist Max                    11.795
evaluation/env_infos/image_dist Min                     8.30135
evaluation/env_infos/final/image_success Mean          -0.8
evaluation/env_infos/final/image_success Std            0.4
evaluation/env_infos/final/image_success Max            0
evaluation/env_infos/final/image_success Min           -1
evaluation/env_infos/initial/image_success Mean        -0.8
evaluation/env_infos/initial/image_success Std          0.4
evaluation/env_infos/initial/image_success Max          0
evaluation/env_infos/initial/image_success Min         -1
evaluation/env_infos/image_success Mean                -0.8
evaluation/env_infos/image_success Std                  0.4
evaluation/env_infos/image_success Max                  0
evaluation/env_infos/image_success Min                 -1
evaluation/env_infos/final/vae_mdist Mean               9.98253e-09
evaluation/env_infos/final/vae_mdist Std                5.55373e-09
evaluation/env_infos/final/vae_mdist Max                2.06872e-08
evaluation/env_infos/final/vae_mdist Min                7.2532e-10
evaluation/env_infos/initial/vae_mdist Mean             1.16327e-08
evaluation/env_infos/initial/vae_mdist Std              6.08427e-09
evaluation/env_infos/initial/vae_mdist Max              2.30081e-08
evaluation/env_infos/initial/vae_mdist Min              1.43927e-09
evaluation/env_infos/vae_mdist Mean                     9.6757e-09
evaluation/env_infos/vae_mdist Std                      5.47978e-09
evaluation/env_infos/vae_mdist Max                      2.30081e-08
evaluation/env_infos/vae_mdist Min                      3.8451e-10
evaluation/env_infos/final/vae_success Mean             1
evaluation/env_infos/final/vae_success Std              0
evaluation/env_infos/final/vae_success Max              1
evaluation/env_infos/final/vae_success Min              1
evaluation/env_infos/initial/vae_success Mean           1
evaluation/env_infos/initial/vae_success Std            0
evaluation/env_infos/initial/vae_success Max            1
evaluation/env_infos/initial/vae_success Min            1
evaluation/env_infos/vae_success Mean                   1
evaluation/env_infos/vae_success Std                    0
evaluation/env_infos/vae_success Max                    1
evaluation/env_infos/vae_success Min                    1
evaluation/env_infos/final/vae_dist Mean                4.25019e-06
evaluation/env_infos/final/vae_dist Std                 1.38154e-06
evaluation/env_infos/final/vae_dist Max                 6.43359e-06
evaluation/env_infos/final/vae_dist Min                 1.20468e-06
evaluation/env_infos/initial/vae_dist Mean              4.62691e-06
evaluation/env_infos/initial/vae_dist Std               1.36594e-06
evaluation/env_infos/initial/vae_dist Max               6.78484e-06
evaluation/env_infos/initial/vae_dist Min               1.69694e-06
evaluation/env_infos/vae_dist Mean                      4.18559e-06
evaluation/env_infos/vae_dist Std                       1.35633e-06
evaluation/env_infos/vae_dist Max                       6.78484e-06
evaluation/env_infos/vae_dist Min                       8.77113e-07
evaluation/env_infos/final/vae_dist_l1 Mean             7.18487e-06
evaluation/env_infos/final/vae_dist_l1 Std              2.36567e-06
evaluation/env_infos/final/vae_dist_l1 Max              1.1336e-05
evaluation/env_infos/final/vae_dist_l1 Min              2.08549e-06
evaluation/env_infos/initial/vae_dist_l1 Mean           7.63998e-06
evaluation/env_infos/initial/vae_dist_l1 Std            2.19409e-06
evaluation/env_infos/initial/vae_dist_l1 Max            1.15654e-05
evaluation/env_infos/initial/vae_dist_l1 Min            2.97252e-06
evaluation/env_infos/vae_dist_l1 Mean                   6.99406e-06
evaluation/env_infos/vae_dist_l1 Std                    2.30919e-06
evaluation/env_infos/vae_dist_l1 Max                    1.22295e-05
evaluation/env_infos/vae_dist_l1 Min                    1.4769e-06
evaluation/env_infos/final/vae_dist_l2 Mean             4.25019e-06
evaluation/env_infos/final/vae_dist_l2 Std              1.38154e-06
evaluation/env_infos/final/vae_dist_l2 Max              6.43359e-06
evaluation/env_infos/final/vae_dist_l2 Min              1.20468e-06
evaluation/env_infos/initial/vae_dist_l2 Mean           4.62691e-06
evaluation/env_infos/initial/vae_dist_l2 Std            1.36594e-06
evaluation/env_infos/initial/vae_dist_l2 Max            6.78484e-06
evaluation/env_infos/initial/vae_dist_l2 Min            1.69694e-06
evaluation/env_infos/vae_dist_l2 Mean                   4.18559e-06
evaluation/env_infos/vae_dist_l2 Std                    1.35633e-06
evaluation/env_infos/vae_dist_l2 Max                    6.78484e-06
evaluation/env_infos/vae_dist_l2 Min                    8.77113e-07
time/data storing (s)                                   0.0741577
time/evaluation sampling (s)                           14.3137
time/exploration sampling (s)                          14.2275
time/logging (s)                                        0.0106504
time/saving (s)                                         0.045787
time/training (s)                                      18.4003
time/vae training (s)                                   9.99634
time/epoch (s)                                         57.0684
time/total (s)                                         68.94
Epoch                                                   0
-------------------------------------------------  ----------------
