2019-08-24 20:02:05.911316 EDT | [rlkit-skew-fit-pusher-reference-sample-from-true-prior-take2_2019_08_24_19_55_30_0000--s-0] Epoch 0 finished
-------------------------------------------------  ----------------
vae_trainer/train/log prob                         -12318.7
vae_trainer/train/KL                                   22.4906
vae_trainer/train/loss                              12768.5
vae_trainer/epoch                                       0
vae_trainer/test/log prob                          -11261.4
vae_trainer/test/KL                                    12.9675
vae_trainer/test/loss                               11520.8
vae_trainer/beta                                       20
replay_buffer/VAE Sample Weights Mean                   9.52381e-05
replay_buffer/VAE Sample Weights Std                    0.00215405
replay_buffer/VAE Sample Weights Max                    0.160378
replay_buffer/VAE Sample Weights Min                    1.9506e-11
replay_buffer/VAE Sample Probs Mean                     9.52381e-05
replay_buffer/VAE Sample Probs Std                      0.00215405
replay_buffer/VAE Sample Probs Max                      0.160378
replay_buffer/VAE Sample Probs Min                      1.9506e-11
trainer/QF1 Loss                                        1.13002
trainer/QF2 Loss                                        1.13008
trainer/Policy Loss                                    -1.32284
trainer/Q1 Predictions Mean                             0.00147739
trainer/Q1 Predictions Std                              0.000714477
trainer/Q1 Predictions Max                              0.00404077
trainer/Q1 Predictions Min                             -0.000765601
trainer/Q2 Predictions Mean                            -0.00377044
trainer/Q2 Predictions Std                              0.000841746
trainer/Q2 Predictions Max                             -0.00122538
trainer/Q2 Predictions Min                             -0.0073561
trainer/Q Targets Mean                                  0.0177104
trainer/Q Targets Std                                   1.06289
trainer/Q Targets Max                                   1.81671
trainer/Q Targets Min                                  -2.86834
trainer/Log Pis Mean                                   -1.32663
trainer/Log Pis Std                                     0.317484
trainer/Log Pis Max                                    -0.533097
trainer/Log Pis Min                                    -2.02637
trainer/Policy mu Mean                                  0.000656789
trainer/Policy mu Std                                   0.000955196
trainer/Policy mu Max                                   0.00248989
trainer/Policy mu Min                                  -0.00171534
trainer/Policy log std Mean                            -0.000280498
trainer/Policy log std Std                              0.000854344
trainer/Policy log std Max                              0.00115297
trainer/Policy log std Min                             -0.00186235
trainer/Alpha                                           0.999
trainer/Alpha Loss                                     -0
exploration/num steps total                         10500
exploration/num paths total                           210
exploration/path length Mean                           50
exploration/path length Std                             0
exploration/path length Max                            50
exploration/path length Min                            50
exploration/hand_distance Mean                          0.0918372
exploration/hand_distance Std                           0.0324548
exploration/hand_distance Max                           0.173278
exploration/hand_distance Min                           0.0337075
exploration/Final hand_distance Mean                    0.0879118
exploration/Final hand_distance Std                     0.0268376
exploration/Final hand_distance Max                     0.130638
exploration/Final hand_distance Min                     0.0573102
exploration/puck_distance Mean                          0.206206
exploration/puck_distance Std                           0.0337514
exploration/puck_distance Max                           0.274248
exploration/puck_distance Min                           0.138756
exploration/Final puck_distance Mean                    0.206148
exploration/Final puck_distance Std                     0.0337533
exploration/Final puck_distance Max                     0.274162
exploration/Final puck_distance Min                     0.138756
exploration/touch_distance Mean                         0.197392
exploration/touch_distance Std                          0.0393542
exploration/touch_distance Max                          0.258169
exploration/touch_distance Min                          0.0785096
exploration/Final touch_distance Mean                   0.184098
exploration/Final touch_distance Std                    0.0397513
exploration/Final touch_distance Max                    0.235834
exploration/Final touch_distance Min                    0.0908709
exploration/success Mean                                0
exploration/success Std                                 0
exploration/success Max                                 0
exploration/success Min                                 0
exploration/Final success Mean                          0
exploration/Final success Std                           0
exploration/Final success Max                           0
exploration/Final success Min                           0
exploration/image_dist Mean                            10.3833
exploration/image_dist Std                              1.25188
exploration/image_dist Max                             14.0107
exploration/image_dist Min                              7.14832
exploration/Final image_dist Mean                      11.272
exploration/Final image_dist Std                        1.4972
exploration/Final image_dist Max                       13.9286
exploration/Final image_dist Min                        9.03987
exploration/image_success Mean                         -0.592
exploration/image_success Std                           0.491463
exploration/image_success Max                           0
exploration/image_success Min                          -1
exploration/Final image_success Mean                   -0.7
exploration/Final image_success Std                     0.458258
exploration/Final image_success Max                     0
exploration/Final image_success Min                    -1
exploration/vae_mdist Mean                           2009.37
exploration/vae_mdist Std                            1353.19
exploration/vae_mdist Max                            5028.21
exploration/vae_mdist Min                             213.076
exploration/Final vae_mdist Mean                     2009.37
exploration/Final vae_mdist Std                      1353.19
exploration/Final vae_mdist Max                      5028.2
exploration/Final vae_mdist Min                       213.077
exploration/vae_success Mean                            0
exploration/vae_success Std                             0
exploration/vae_success Max                             0
exploration/vae_success Min                             0
exploration/Final vae_success Mean                      0
exploration/Final vae_success Std                       0
exploration/Final vae_success Max                       0
exploration/Final vae_success Min                       0
exploration/vae_dist Mean                               1.88239
exploration/vae_dist Std                                0.691282
exploration/vae_dist Max                                3.17213
exploration/vae_dist Min                                0.653098
exploration/Final vae_dist Mean                         1.88239
exploration/Final vae_dist Std                          0.691282
exploration/Final vae_dist Max                          3.17213
exploration/Final vae_dist Min                          0.653101
exploration/Rewards Mean                               -1.88239
exploration/Rewards Std                                 0.691282
exploration/Rewards Max                                -0.653098
exploration/Rewards Min                                -3.17213
exploration/Returns Mean                              -94.1196
exploration/Returns Std                                34.5641
exploration/Returns Max                               -32.655
exploration/Returns Min                              -158.606
exploration/Actions Mean                                0.0229915
exploration/Actions Std                                 0.623834
exploration/Actions Max                                 0.994182
exploration/Actions Min                                -0.991993
exploration/Num Paths                                  10
exploration/Average Returns                           -94.1196
exploration/env_infos/final/hand_distance Mean          0.0879118
exploration/env_infos/final/hand_distance Std           0.0268376
exploration/env_infos/final/hand_distance Max           0.130638
exploration/env_infos/final/hand_distance Min           0.0573102
exploration/env_infos/initial/hand_distance Mean        0.125885
exploration/env_infos/initial/hand_distance Std         0.027257
exploration/env_infos/initial/hand_distance Max         0.154965
exploration/env_infos/initial/hand_distance Min         0.0742855
exploration/env_infos/hand_distance Mean                0.0918372
exploration/env_infos/hand_distance Std                 0.0324548
exploration/env_infos/hand_distance Max                 0.173278
exploration/env_infos/hand_distance Min                 0.0337075
exploration/env_infos/final/puck_distance Mean          0.206148
exploration/env_infos/final/puck_distance Std           0.0337533
exploration/env_infos/final/puck_distance Max           0.274162
exploration/env_infos/final/puck_distance Min           0.138756
exploration/env_infos/initial/puck_distance Mean        0.206265
exploration/env_infos/initial/puck_distance Std         0.0337494
exploration/env_infos/initial/puck_distance Max         0.274248
exploration/env_infos/initial/puck_distance Min         0.138887
exploration/env_infos/puck_distance Mean                0.206206
exploration/env_infos/puck_distance Std                 0.0337514
exploration/env_infos/puck_distance Max                 0.274248
exploration/env_infos/puck_distance Min                 0.138756
exploration/env_infos/final/touch_distance Mean         0.184098
exploration/env_infos/final/touch_distance Std          0.0397513
exploration/env_infos/final/touch_distance Max          0.235834
exploration/env_infos/final/touch_distance Min          0.0908709
exploration/env_infos/initial/touch_distance Mean       0.242999
exploration/env_infos/initial/touch_distance Std        0.000193092
exploration/env_infos/initial/touch_distance Max        0.243291
exploration/env_infos/initial/touch_distance Min        0.242687
exploration/env_infos/touch_distance Mean               0.197392
exploration/env_infos/touch_distance Std                0.0393542
exploration/env_infos/touch_distance Max                0.258169
exploration/env_infos/touch_distance Min                0.0785096
exploration/env_infos/final/success Mean                0
exploration/env_infos/final/success Std                 0
exploration/env_infos/final/success Max                 0
exploration/env_infos/final/success Min                 0
exploration/env_infos/initial/success Mean              0
exploration/env_infos/initial/success Std               0
exploration/env_infos/initial/success Max               0
exploration/env_infos/initial/success Min               0
exploration/env_infos/success Mean                      0
exploration/env_infos/success Std                       0
exploration/env_infos/success Max                       0
exploration/env_infos/success Min                       0
exploration/env_infos/final/image_dist Mean            11.272
exploration/env_infos/final/image_dist Std              1.4972
exploration/env_infos/final/image_dist Max             13.9286
exploration/env_infos/final/image_dist Min              9.03987
exploration/env_infos/initial/image_dist Mean          10.13
exploration/env_infos/initial/image_dist Std            0.935873
exploration/env_infos/initial/image_dist Max           11.5281
exploration/env_infos/initial/image_dist Min            8.31311
exploration/env_infos/image_dist Mean                  10.3833
exploration/env_infos/image_dist Std                    1.25188
exploration/env_infos/image_dist Max                   14.0107
exploration/env_infos/image_dist Min                    7.14832
exploration/env_infos/final/image_success Mean         -0.7
exploration/env_infos/final/image_success Std           0.458258
exploration/env_infos/final/image_success Max           0
exploration/env_infos/final/image_success Min          -1
exploration/env_infos/initial/image_success Mean       -0.5
exploration/env_infos/initial/image_success Std         0.5
exploration/env_infos/initial/image_success Max         0
exploration/env_infos/initial/image_success Min        -1
exploration/env_infos/image_success Mean               -0.592
exploration/env_infos/image_success Std                 0.491463
exploration/env_infos/image_success Max                 0
exploration/env_infos/image_success Min                -1
exploration/env_infos/final/vae_mdist Mean           2009.37
exploration/env_infos/final/vae_mdist Std            1353.19
exploration/env_infos/final/vae_mdist Max            5028.2
exploration/env_infos/final/vae_mdist Min             213.077
exploration/env_infos/initial/vae_mdist Mean         2009.37
exploration/env_infos/initial/vae_mdist Std          1353.18
exploration/env_infos/initial/vae_mdist Max          5028.19
exploration/env_infos/initial/vae_mdist Min           213.077
exploration/env_infos/vae_mdist Mean                 2009.37
exploration/env_infos/vae_mdist Std                  1353.19
exploration/env_infos/vae_mdist Max                  5028.21
exploration/env_infos/vae_mdist Min                   213.076
exploration/env_infos/final/vae_success Mean            0
exploration/env_infos/final/vae_success Std             0
exploration/env_infos/final/vae_success Max             0
exploration/env_infos/final/vae_success Min             0
exploration/env_infos/initial/vae_success Mean          0
exploration/env_infos/initial/vae_success Std           0
exploration/env_infos/initial/vae_success Max           0
exploration/env_infos/initial/vae_success Min           0
exploration/env_infos/vae_success Mean                  0
exploration/env_infos/vae_success Std                   0
exploration/env_infos/vae_success Max                   0
exploration/env_infos/vae_success Min                   0
exploration/env_infos/final/vae_dist Mean               1.88239
exploration/env_infos/final/vae_dist Std                0.691282
exploration/env_infos/final/vae_dist Max                3.17213
exploration/env_infos/final/vae_dist Min                0.653101
exploration/env_infos/initial/vae_dist Mean             1.88239
exploration/env_infos/initial/vae_dist Std              0.691282
exploration/env_infos/initial/vae_dist Max              3.17213
exploration/env_infos/initial/vae_dist Min              0.6531
exploration/env_infos/vae_dist Mean                     1.88239
exploration/env_infos/vae_dist Std                      0.691282
exploration/env_infos/vae_dist Max                      3.17213
exploration/env_infos/vae_dist Min                      0.653098
exploration/env_infos/final/vae_dist_l1 Mean            3.17231
exploration/env_infos/final/vae_dist_l1 Std             1.31682
exploration/env_infos/final/vae_dist_l1 Max             5.66389
exploration/env_infos/final/vae_dist_l1 Min             0.867341
exploration/env_infos/initial/vae_dist_l1 Mean          3.17231
exploration/env_infos/initial/vae_dist_l1 Std           1.31682
exploration/env_infos/initial/vae_dist_l1 Max           5.66389
exploration/env_infos/initial/vae_dist_l1 Min           0.867338
exploration/env_infos/vae_dist_l1 Mean                  3.17231
exploration/env_infos/vae_dist_l1 Std                   1.31682
exploration/env_infos/vae_dist_l1 Max                   5.6639
exploration/env_infos/vae_dist_l1 Min                   0.867337
exploration/env_infos/final/vae_dist_l2 Mean            1.88239
exploration/env_infos/final/vae_dist_l2 Std             0.691282
exploration/env_infos/final/vae_dist_l2 Max             3.17213
exploration/env_infos/final/vae_dist_l2 Min             0.653101
exploration/env_infos/initial/vae_dist_l2 Mean          1.88239
exploration/env_infos/initial/vae_dist_l2 Std           0.691282
exploration/env_infos/initial/vae_dist_l2 Max           3.17213
exploration/env_infos/initial/vae_dist_l2 Min           0.6531
exploration/env_infos/vae_dist_l2 Mean                  1.88239
exploration/env_infos/vae_dist_l2 Std                   0.691282
exploration/env_infos/vae_dist_l2 Max                   3.17213
exploration/env_infos/vae_dist_l2 Min                   0.653098
evaluation/num steps total                            500
evaluation/num paths total                             10
evaluation/path length Mean                            50
evaluation/path length Std                              0
evaluation/path length Max                             50
evaluation/path length Min                             50
evaluation/hand_distance Mean                           0.107637
evaluation/hand_distance Std                            0.0263373
evaluation/hand_distance Max                            0.15239
evaluation/hand_distance Min                            0.0703372
evaluation/Final hand_distance Mean                     0.107921
evaluation/Final hand_distance Std                      0.026377
evaluation/Final hand_distance Max                      0.152324
evaluation/Final hand_distance Min                      0.0707432
evaluation/puck_distance Mean                           0.187699
evaluation/puck_distance Std                            0.0590482
evaluation/puck_distance Max                            0.256004
evaluation/puck_distance Min                            0.0917738
evaluation/Final puck_distance Mean                     0.187639
evaluation/Final puck_distance Std                      0.0590457
evaluation/Final puck_distance Max                      0.255948
evaluation/Final puck_distance Min                      0.0917738
evaluation/touch_distance Mean                          0.242692
evaluation/touch_distance Std                           8.27244e-05
evaluation/touch_distance Max                           0.242818
evaluation/touch_distance Min                           0.242546
evaluation/Final touch_distance Mean                    0.242729
evaluation/Final touch_distance Std                     4.61417e-09
evaluation/Final touch_distance Max                     0.242729
evaluation/Final touch_distance Min                     0.242729
evaluation/success Mean                                 0
evaluation/success Std                                  0
evaluation/success Max                                  0
evaluation/success Min                                  0
evaluation/Final success Mean                           0
evaluation/Final success Std                            0
evaluation/Final success Max                            0
evaluation/Final success Min                            0
evaluation/image_dist Mean                              9.81731
evaluation/image_dist Std                               1.1588
evaluation/image_dist Max                              11.4673
evaluation/image_dist Min                               6.73748
evaluation/Final image_dist Mean                        9.82493
evaluation/Final image_dist Std                         1.15529
evaluation/Final image_dist Max                        11.3998
evaluation/Final image_dist Min                         6.85209
evaluation/image_success Mean                          -0.492
evaluation/image_success Std                            0.499936
evaluation/image_success Max                            0
evaluation/image_success Min                           -1
evaluation/Final image_success Mean                    -0.5
evaluation/Final image_success Std                      0.5
evaluation/Final image_success Max                      0
evaluation/Final image_success Min                     -1
evaluation/vae_mdist Mean                               4.53502e-09
evaluation/vae_mdist Std                                3.76407e-09
evaluation/vae_mdist Max                                1.38454e-08
evaluation/vae_mdist Min                                6.50146e-10
evaluation/Final vae_mdist Mean                         4.37092e-09
evaluation/Final vae_mdist Std                          3.58825e-09
evaluation/Final vae_mdist Max                          1.22405e-08
evaluation/Final vae_mdist Min                          7.63926e-10
evaluation/vae_success Mean                             1
evaluation/vae_success Std                              0
evaluation/vae_success Max                              1
evaluation/vae_success Min                              1
evaluation/Final vae_success Mean                       1
evaluation/Final vae_success Std                        0
evaluation/Final vae_success Max                        1
evaluation/Final vae_success Min                        1
evaluation/vae_dist Mean                                2.76914e-06
evaluation/vae_dist Std                                 1.18619e-06
evaluation/vae_dist Max                                 5.26385e-06
evaluation/vae_dist Min                                 1.14069e-06
evaluation/Final vae_dist Mean                          2.72721e-06
evaluation/Final vae_dist Std                           1.14411e-06
evaluation/Final vae_dist Max                           4.94925e-06
evaluation/Final vae_dist Min                           1.23645e-06
evaluation/Rewards Mean                                -2.76914e-06
evaluation/Rewards Std                                  1.18619e-06
evaluation/Rewards Max                                 -1.14069e-06
evaluation/Rewards Min                                 -5.26385e-06
evaluation/Returns Mean                                -0.000138457
evaluation/Returns Std                                  5.85787e-05
evaluation/Returns Max                                 -6.77378e-05
evaluation/Returns Min                                 -0.000249812
evaluation/Actions Mean                                 0.000661127
evaluation/Actions Std                                  0.000856136
evaluation/Actions Max                                  0.00151726
evaluation/Actions Min                                 -0.00019501
evaluation/Num Paths                                   10
evaluation/Average Returns                             -0.000138457
evaluation/env_infos/final/hand_distance Mean           0.107921
evaluation/env_infos/final/hand_distance Std            0.026377
evaluation/env_infos/final/hand_distance Max            0.152324
evaluation/env_infos/final/hand_distance Min            0.0707432
evaluation/env_infos/initial/hand_distance Mean         0.107562
evaluation/env_infos/initial/hand_distance Std          0.0254386
evaluation/env_infos/initial/hand_distance Max          0.150393
evaluation/env_infos/initial/hand_distance Min          0.0741923
evaluation/env_infos/hand_distance Mean                 0.107637
evaluation/env_infos/hand_distance Std                  0.0263373
evaluation/env_infos/hand_distance Max                  0.15239
evaluation/env_infos/hand_distance Min                  0.0703372
evaluation/env_infos/final/puck_distance Mean           0.187639
evaluation/env_infos/final/puck_distance Std            0.0590457
evaluation/env_infos/final/puck_distance Max            0.255948
evaluation/env_infos/final/puck_distance Min            0.0917738
evaluation/env_infos/initial/puck_distance Mean         0.187759
evaluation/env_infos/initial/puck_distance Std          0.0590505
evaluation/env_infos/initial/puck_distance Max          0.256004
evaluation/env_infos/initial/puck_distance Min          0.0919103
evaluation/env_infos/puck_distance Mean                 0.187699
evaluation/env_infos/puck_distance Std                  0.0590482
evaluation/env_infos/puck_distance Max                  0.256004
evaluation/env_infos/puck_distance Min                  0.0917738
evaluation/env_infos/final/touch_distance Mean          0.242729
evaluation/env_infos/final/touch_distance Std           4.61417e-09
evaluation/env_infos/final/touch_distance Max           0.242729
evaluation/env_infos/final/touch_distance Min           0.242729
evaluation/env_infos/initial/touch_distance Mean        0.242817
evaluation/env_infos/initial/touch_distance Std         3.19142e-06
evaluation/env_infos/initial/touch_distance Max         0.242818
evaluation/env_infos/initial/touch_distance Min         0.242807
evaluation/env_infos/touch_distance Mean                0.242692
evaluation/env_infos/touch_distance Std                 8.27244e-05
evaluation/env_infos/touch_distance Max                 0.242818
evaluation/env_infos/touch_distance Min                 0.242546
evaluation/env_infos/final/success Mean                 0
evaluation/env_infos/final/success Std                  0
evaluation/env_infos/final/success Max                  0
evaluation/env_infos/final/success Min                  0
evaluation/env_infos/initial/success Mean               0
evaluation/env_infos/initial/success Std                0
evaluation/env_infos/initial/success Max                0
evaluation/env_infos/initial/success Min                0
evaluation/env_infos/success Mean                       0
evaluation/env_infos/success Std                        0
evaluation/env_infos/success Max                        0
evaluation/env_infos/success Min                        0
evaluation/env_infos/final/image_dist Mean              9.82493
evaluation/env_infos/final/image_dist Std               1.15529
evaluation/env_infos/final/image_dist Max              11.3998
evaluation/env_infos/final/image_dist Min               6.85209
evaluation/env_infos/initial/image_dist Mean            9.82117
evaluation/env_infos/initial/image_dist Std             1.06479
evaluation/env_infos/initial/image_dist Max            11.159
evaluation/env_infos/initial/image_dist Min             6.96615
evaluation/env_infos/image_dist Mean                    9.81731
evaluation/env_infos/image_dist Std                     1.1588
evaluation/env_infos/image_dist Max                    11.4673
evaluation/env_infos/image_dist Min                     6.73748
evaluation/env_infos/final/image_success Mean          -0.5
evaluation/env_infos/final/image_success Std            0.5
evaluation/env_infos/final/image_success Max            0
evaluation/env_infos/final/image_success Min           -1
evaluation/env_infos/initial/image_success Mean        -0.6
evaluation/env_infos/initial/image_success Std          0.489898
evaluation/env_infos/initial/image_success Max          0
evaluation/env_infos/initial/image_success Min         -1
evaluation/env_infos/image_success Mean                -0.492
evaluation/env_infos/image_success Std                  0.499936
evaluation/env_infos/image_success Max                  0
evaluation/env_infos/image_success Min                 -1
evaluation/env_infos/final/vae_mdist Mean               4.37092e-09
evaluation/env_infos/final/vae_mdist Std                3.58825e-09
evaluation/env_infos/final/vae_mdist Max                1.22405e-08
evaluation/env_infos/final/vae_mdist Min                7.63926e-10
evaluation/env_infos/initial/vae_mdist Mean             6.02059e-09
evaluation/env_infos/initial/vae_mdist Std              4.04086e-09
evaluation/env_infos/initial/vae_mdist Max              1.23554e-08
evaluation/env_infos/initial/vae_mdist Min              1.03342e-09
evaluation/env_infos/vae_mdist Mean                     4.53502e-09
evaluation/env_infos/vae_mdist Std                      3.76407e-09
evaluation/env_infos/vae_mdist Max                      1.38454e-08
evaluation/env_infos/vae_mdist Min                      6.50146e-10
evaluation/env_infos/final/vae_success Mean             1
evaluation/env_infos/final/vae_success Std              0
evaluation/env_infos/final/vae_success Max              1
evaluation/env_infos/final/vae_success Min              1
evaluation/env_infos/initial/vae_success Mean           1
evaluation/env_infos/initial/vae_success Std            0
evaluation/env_infos/initial/vae_success Max            1
evaluation/env_infos/initial/vae_success Min            1
evaluation/env_infos/vae_success Mean                   1
evaluation/env_infos/vae_success Std                    0
evaluation/env_infos/vae_success Max                    1
evaluation/env_infos/vae_success Min                    1
evaluation/env_infos/final/vae_dist Mean                2.72721e-06
evaluation/env_infos/final/vae_dist Std                 1.14411e-06
evaluation/env_infos/final/vae_dist Max                 4.94925e-06
evaluation/env_infos/final/vae_dist Min                 1.23645e-06
evaluation/env_infos/initial/vae_dist Mean              3.25904e-06
evaluation/env_infos/initial/vae_dist Std               1.19474e-06
evaluation/env_infos/initial/vae_dist Max               4.97264e-06
evaluation/env_infos/initial/vae_dist Min               1.43807e-06
evaluation/env_infos/vae_dist Mean                      2.76914e-06
evaluation/env_infos/vae_dist Std                       1.18619e-06
evaluation/env_infos/vae_dist Max                       5.26385e-06
evaluation/env_infos/vae_dist Min                       1.14069e-06
evaluation/env_infos/final/vae_dist_l1 Mean             4.73972e-06
evaluation/env_infos/final/vae_dist_l1 Std              2.21206e-06
evaluation/env_infos/final/vae_dist_l1 Max              9.4058e-06
evaluation/env_infos/final/vae_dist_l1 Min              1.87083e-06
evaluation/env_infos/initial/vae_dist_l1 Mean           5.47209e-06
evaluation/env_infos/initial/vae_dist_l1 Std            2.13566e-06
evaluation/env_infos/initial/vae_dist_l1 Max            8.94606e-06
evaluation/env_infos/initial/vae_dist_l1 Min            2.59539e-06
evaluation/env_infos/vae_dist_l1 Mean                   4.81898e-06
evaluation/env_infos/vae_dist_l1 Std                    2.24848e-06
evaluation/env_infos/vae_dist_l1 Max                    9.81347e-06
evaluation/env_infos/vae_dist_l1 Min                    1.76931e-06
evaluation/env_infos/final/vae_dist_l2 Mean             2.72721e-06
evaluation/env_infos/final/vae_dist_l2 Std              1.14411e-06
evaluation/env_infos/final/vae_dist_l2 Max              4.94925e-06
evaluation/env_infos/final/vae_dist_l2 Min              1.23645e-06
evaluation/env_infos/initial/vae_dist_l2 Mean           3.25904e-06
evaluation/env_infos/initial/vae_dist_l2 Std            1.19474e-06
evaluation/env_infos/initial/vae_dist_l2 Max            4.97264e-06
evaluation/env_infos/initial/vae_dist_l2 Min            1.43807e-06
evaluation/env_infos/vae_dist_l2 Mean                   2.76914e-06
evaluation/env_infos/vae_dist_l2 Std                    1.18619e-06
evaluation/env_infos/vae_dist_l2 Max                    5.26385e-06
evaluation/env_infos/vae_dist_l2 Min                    1.14069e-06
time/data storing (s)                                   0.0702348
time/evaluation sampling (s)                           16.2022
time/exploration sampling (s)                          16.3435
time/logging (s)                                        0.0109804
time/saving (s)                                         0.0240634
time/training (s)                                      16.1215
time/vae training (s)                                  10.4666
time/epoch (s)                                         59.2391
time/total (s)                                        395.463
Epoch                                                   0
-------------------------------------------------  ----------------
2019-08-24 20:03:06.148670 EDT | [rlkit-skew-fit-pusher-reference-sample-from-true-prior-take2_2019_08_24_19_55_30_0000--s-0] Epoch 1 finished
-------------------------------------------------  ---------------
vae_trainer/train/log prob                         -4767.03
vae_trainer/train/KL                                  11.152
vae_trainer/train/loss                              4990.07
vae_trainer/epoch                                      1
vae_trainer/test/log prob                          -9782.2
vae_trainer/test/KL                                    9.78503
vae_trainer/test/loss                               9977.9
vae_trainer/beta                                      20
replay_buffer/VAE Sample Weights Mean                  9.09091e-05
replay_buffer/VAE Sample Weights Std                   0.00277125
replay_buffer/VAE Sample Weights Max                   0.182638
replay_buffer/VAE Sample Weights Min                   2.37154e-11
replay_buffer/VAE Sample Probs Mean                    9.09091e-05
replay_buffer/VAE Sample Probs Std                     0.00277125
replay_buffer/VAE Sample Probs Max                     0.182638
replay_buffer/VAE Sample Probs Min                     2.37154e-11
trainer/QF1 Loss                                       8.05262
trainer/QF2 Loss                                       7.59036
trainer/Policy Loss                                   -2.12228
trainer/Q1 Predictions Mean                            0.836684
trainer/Q1 Predictions Std                             1.28683
trainer/Q1 Predictions Max                             2.77617
trainer/Q1 Predictions Min                            -2.47441
trainer/Q2 Predictions Mean                            0.811226
trainer/Q2 Predictions Std                             1.22494
trainer/Q2 Predictions Max                             2.72248
trainer/Q2 Predictions Min                            -2.62434
trainer/Q Targets Mean                                -1.14905
trainer/Q Targets Std                                  1.4392
trainer/Q Targets Max                                  0.884686
trainer/Q Targets Min                                 -5.76952
trainer/Log Pis Mean                                  -1.36172
trainer/Log Pis Std                                    0.150708
trainer/Log Pis Max                                   -1.15165
trainer/Log Pis Min                                   -2.63105
trainer/Policy mu Mean                                -0.000159437
trainer/Policy mu Std                                  0.00424695
trainer/Policy mu Max                                  0.00816716
trainer/Policy mu Min                                 -0.00567469
trainer/Policy log std Mean                           -0.182079
trainer/Policy log std Std                             0.0133025
trainer/Policy log std Max                            -0.152321
trainer/Policy log std Min                            -0.199969
trainer/Alpha                                          0.367472
trainer/Alpha Loss                                    -3.36208
exploration/num steps total                        11000
exploration/num paths total                          220
exploration/path length Mean                          50
exploration/path length Std                            0
exploration/path length Max                           50
exploration/path length Min                           50
exploration/hand_distance Mean                         0.0988346
exploration/hand_distance Std                          0.0352831
exploration/hand_distance Max                          0.195425
exploration/hand_distance Min                          0.0300771
exploration/Final hand_distance Mean                   0.0992571
exploration/Final hand_distance Std                    0.037199
exploration/Final hand_distance Max                    0.166797
exploration/Final hand_distance Min                    0.0462473
exploration/puck_distance Mean                         0.196729
exploration/puck_distance Std                          0.068285
exploration/puck_distance Max                          0.255465
exploration/puck_distance Min                          0.0747979
exploration/Final puck_distance Mean                   0.196671
exploration/Final puck_distance Std                    0.0682855
exploration/Final puck_distance Max                    0.255386
exploration/Final puck_distance Min                    0.0747979
exploration/touch_distance Mean                        0.206975
exploration/touch_distance Std                         0.0368085
exploration/touch_distance Max                         0.256066
exploration/touch_distance Min                         0.101902
exploration/Final touch_distance Mean                  0.186955
exploration/Final touch_distance Std                   0.0413111
exploration/Final touch_distance Max                   0.246626
exploration/Final touch_distance Min                   0.109328
exploration/success Mean                               0
exploration/success Std                                0
exploration/success Max                                0
exploration/success Min                                0
exploration/Final success Mean                         0
exploration/Final success Std                          0
exploration/Final success Max                          0
exploration/Final success Min                          0
exploration/image_dist Mean                           10.5974
exploration/image_dist Std                             1.81932
exploration/image_dist Max                            14.5277
exploration/image_dist Min                             6.61438
exploration/Final image_dist Mean                     11.7178
exploration/Final image_dist Std                       1.92551
exploration/Final image_dist Max                      14.3562
exploration/Final image_dist Min                       8.43615
exploration/image_success Mean                        -0.588
exploration/image_success Std                          0.492195
exploration/image_success Max                          0
exploration/image_success Min                         -1
exploration/Final image_success Mean                  -0.8
exploration/Final image_success Std                    0.4
exploration/Final image_success Max                    0
exploration/Final image_success Min                   -1
exploration/vae_mdist Mean                          2720.26
exploration/vae_mdist Std                           1857.66
exploration/vae_mdist Max                           7214.69
exploration/vae_mdist Min                            658.247
exploration/Final vae_mdist Mean                    2678.92
exploration/Final vae_mdist Std                     1842.26
exploration/Final vae_mdist Max                     7065.11
exploration/Final vae_mdist Min                      671.793
exploration/vae_success Mean                           0
exploration/vae_success Std                            0
exploration/vae_success Max                            0
exploration/vae_success Min                            0
exploration/Final vae_success Mean                     0
exploration/Final vae_success Std                      0
exploration/Final vae_success Max                      0
exploration/Final vae_success Min                      0
exploration/vae_dist Mean                              3.23917
exploration/vae_dist Std                               1.17702
exploration/vae_dist Max                               5.34094
exploration/vae_dist Min                               1.70138
exploration/Final vae_dist Mean                        3.18908
exploration/Final vae_dist Std                         1.17272
exploration/Final vae_dist Max                         5.15118
exploration/Final vae_dist Min                         1.72857
exploration/Rewards Mean                              -3.23917
exploration/Rewards Std                                1.17702
exploration/Rewards Max                               -1.70138
exploration/Rewards Min                               -5.34094
exploration/Returns Mean                            -161.959
exploration/Returns Std                               58.7861
exploration/Returns Max                              -87.8186
exploration/Returns Min                             -263.698
exploration/Actions Mean                              -0.00339187
exploration/Actions Std                                0.564354
exploration/Actions Max                                0.988164
exploration/Actions Min                               -0.984612
exploration/Num Paths                                 10
exploration/Average Returns                         -161.959
exploration/env_infos/final/hand_distance Mean         0.0992571
exploration/env_infos/final/hand_distance Std          0.037199
exploration/env_infos/final/hand_distance Max          0.166797
exploration/env_infos/final/hand_distance Min          0.0462473
exploration/env_infos/initial/hand_distance Mean       0.1187
exploration/env_infos/initial/hand_distance Std        0.0227482
exploration/env_infos/initial/hand_distance Max        0.158547
exploration/env_infos/initial/hand_distance Min        0.0837679
exploration/env_infos/hand_distance Mean               0.0988346
exploration/env_infos/hand_distance Std                0.0352831
exploration/env_infos/hand_distance Max                0.195425
exploration/env_infos/hand_distance Min                0.0300771
exploration/env_infos/final/puck_distance Mean         0.196671
exploration/env_infos/final/puck_distance Std          0.0682855
exploration/env_infos/final/puck_distance Max          0.255386
exploration/env_infos/final/puck_distance Min          0.0747979
exploration/env_infos/initial/puck_distance Mean       0.196787
exploration/env_infos/initial/puck_distance Std        0.0682845
exploration/env_infos/initial/puck_distance Max        0.255465
exploration/env_infos/initial/puck_distance Min        0.0749521
exploration/env_infos/puck_distance Mean               0.196729
exploration/env_infos/puck_distance Std                0.068285
exploration/env_infos/puck_distance Max                0.255465
exploration/env_infos/puck_distance Min                0.0747979
exploration/env_infos/final/touch_distance Mean        0.186955
exploration/env_infos/final/touch_distance Std         0.0413111
exploration/env_infos/final/touch_distance Max         0.246626
exploration/env_infos/final/touch_distance Min         0.109328
exploration/env_infos/initial/touch_distance Mean      0.242918
exploration/env_infos/initial/touch_distance Std       0.000193476
exploration/env_infos/initial/touch_distance Max       0.243271
exploration/env_infos/initial/touch_distance Min       0.242737
exploration/env_infos/touch_distance Mean              0.206975
exploration/env_infos/touch_distance Std               0.0368085
exploration/env_infos/touch_distance Max               0.256066
exploration/env_infos/touch_distance Min               0.101902
exploration/env_infos/final/success Mean               0
exploration/env_infos/final/success Std                0
exploration/env_infos/final/success Max                0
exploration/env_infos/final/success Min                0
exploration/env_infos/initial/success Mean             0
exploration/env_infos/initial/success Std              0
exploration/env_infos/initial/success Max              0
exploration/env_infos/initial/success Min              0
exploration/env_infos/success Mean                     0
exploration/env_infos/success Std                      0
exploration/env_infos/success Max                      0
exploration/env_infos/success Min                      0
exploration/env_infos/final/image_dist Mean           11.7178
exploration/env_infos/final/image_dist Std             1.92551
exploration/env_infos/final/image_dist Max            14.3562
exploration/env_infos/final/image_dist Min             8.43615
exploration/env_infos/initial/image_dist Mean          9.62877
exploration/env_infos/initial/image_dist Std           1.18122
exploration/env_infos/initial/image_dist Max          11.4778
exploration/env_infos/initial/image_dist Min           8.10761
exploration/env_infos/image_dist Mean                 10.5974
exploration/env_infos/image_dist Std                   1.81932
exploration/env_infos/image_dist Max                  14.5277
exploration/env_infos/image_dist Min                   6.61438
exploration/env_infos/final/image_success Mean        -0.8
exploration/env_infos/final/image_success Std          0.4
exploration/env_infos/final/image_success Max          0
exploration/env_infos/final/image_success Min         -1
exploration/env_infos/initial/image_success Mean      -0.4
exploration/env_infos/initial/image_success Std        0.489898
exploration/env_infos/initial/image_success Max        0
exploration/env_infos/initial/image_success Min       -1
exploration/env_infos/image_success Mean              -0.588
exploration/env_infos/image_success Std                0.492195
exploration/env_infos/image_success Max                0
exploration/env_infos/image_success Min               -1
exploration/env_infos/final/vae_mdist Mean          2678.92
exploration/env_infos/final/vae_mdist Std           1842.26
exploration/env_infos/final/vae_mdist Max           7065.11
exploration/env_infos/final/vae_mdist Min            671.793
exploration/env_infos/initial/vae_mdist Mean        2777.44
exploration/env_infos/initial/vae_mdist Std         1871.36
exploration/env_infos/initial/vae_mdist Max         7212.66
exploration/env_infos/initial/vae_mdist Min          713.098
exploration/env_infos/vae_mdist Mean                2720.26
exploration/env_infos/vae_mdist Std                 1857.66
exploration/env_infos/vae_mdist Max                 7214.69
exploration/env_infos/vae_mdist Min                  658.247
exploration/env_infos/final/vae_success Mean           0
exploration/env_infos/final/vae_success Std            0
exploration/env_infos/final/vae_success Max            0
exploration/env_infos/final/vae_success Min            0
exploration/env_infos/initial/vae_success Mean         0
exploration/env_infos/initial/vae_success Std          0
exploration/env_infos/initial/vae_success Max          0
exploration/env_infos/initial/vae_success Min          0
exploration/env_infos/vae_success Mean                 0
exploration/env_infos/vae_success Std                  0
exploration/env_infos/vae_success Max                  0
exploration/env_infos/vae_success Min                  0
exploration/env_infos/final/vae_dist Mean              3.18908
exploration/env_infos/final/vae_dist Std               1.17272
exploration/env_infos/final/vae_dist Max               5.15118
exploration/env_infos/final/vae_dist Min               1.72857
exploration/env_infos/initial/vae_dist Mean            3.31584
exploration/env_infos/initial/vae_dist Std             1.18767
exploration/env_infos/initial/vae_dist Max             5.3368
exploration/env_infos/initial/vae_dist Min             1.80483
exploration/env_infos/vae_dist Mean                    3.23917
exploration/env_infos/vae_dist Std                     1.17702
exploration/env_infos/vae_dist Max                     5.34094
exploration/env_infos/vae_dist Min                     1.70138
exploration/env_infos/final/vae_dist_l1 Mean           5.57815
exploration/env_infos/final/vae_dist_l1 Std            2.10097
exploration/env_infos/final/vae_dist_l1 Max            9.15492
exploration/env_infos/final/vae_dist_l1 Min            3.06586
exploration/env_infos/initial/vae_dist_l1 Mean         5.80944
exploration/env_infos/initial/vae_dist_l1 Std          2.13097
exploration/env_infos/initial/vae_dist_l1 Max          9.38236
exploration/env_infos/initial/vae_dist_l1 Min          3.18317
exploration/env_infos/vae_dist_l1 Mean                 5.66483
exploration/env_infos/vae_dist_l1 Std                  2.09839
exploration/env_infos/vae_dist_l1 Max                  9.38748
exploration/env_infos/vae_dist_l1 Min                  3.02094
exploration/env_infos/final/vae_dist_l2 Mean           3.18908
exploration/env_infos/final/vae_dist_l2 Std            1.17272
exploration/env_infos/final/vae_dist_l2 Max            5.15118
exploration/env_infos/final/vae_dist_l2 Min            1.72857
exploration/env_infos/initial/vae_dist_l2 Mean         3.31584
exploration/env_infos/initial/vae_dist_l2 Std          1.18767
exploration/env_infos/initial/vae_dist_l2 Max          5.3368
exploration/env_infos/initial/vae_dist_l2 Min          1.80483
exploration/env_infos/vae_dist_l2 Mean                 3.23917
exploration/env_infos/vae_dist_l2 Std                  1.17702
exploration/env_infos/vae_dist_l2 Max                  5.34094
exploration/env_infos/vae_dist_l2 Min                  1.70138
evaluation/num steps total                          1000
evaluation/num paths total                            20
evaluation/path length Mean                           50
evaluation/path length Std                             0
evaluation/path length Max                            50
evaluation/path length Min                            50
evaluation/hand_distance Mean                          0.113593
evaluation/hand_distance Std                           0.0218894
evaluation/hand_distance Max                           0.145841
evaluation/hand_distance Min                           0.0661217
evaluation/Final hand_distance Mean                    0.112427
evaluation/Final hand_distance Std                     0.0215273
evaluation/Final hand_distance Max                     0.141853
evaluation/Final hand_distance Min                     0.0661635
evaluation/puck_distance Mean                          0.196784
evaluation/puck_distance Std                           0.0540134
evaluation/puck_distance Max                           0.279137
evaluation/puck_distance Min                           0.106643
evaluation/Final puck_distance Mean                    0.19673
evaluation/Final puck_distance Std                     0.0540143
evaluation/Final puck_distance Max                     0.278985
evaluation/Final puck_distance Min                     0.106643
evaluation/touch_distance Mean                         0.241129
evaluation/touch_distance Std                          0.000875618
evaluation/touch_distance Max                          0.242819
evaluation/touch_distance Min                          0.239531
evaluation/Final touch_distance Mean                   0.239572
evaluation/Final touch_distance Std                    2.60413e-05
evaluation/Final touch_distance Max                    0.239609
evaluation/Final touch_distance Min                    0.239531
evaluation/success Mean                                0
evaluation/success Std                                 0
evaluation/success Max                                 0
evaluation/success Min                                 0
evaluation/Final success Mean                          0
evaluation/Final success Std                           0
evaluation/Final success Max                           0
evaluation/Final success Min                           0
evaluation/image_dist Mean                             9.71696
evaluation/image_dist Std                              1.27899
evaluation/image_dist Max                             11.2503
evaluation/image_dist Min                              7.24811
evaluation/Final image_dist Mean                       9.74829
evaluation/Final image_dist Std                        1.23257
evaluation/Final image_dist Max                       11.1319
evaluation/Final image_dist Min                        7.49165
evaluation/image_success Mean                         -0.5
evaluation/image_success Std                           0.5
evaluation/image_success Max                           0
evaluation/image_success Min                          -1
evaluation/Final image_success Mean                   -0.5
evaluation/Final image_success Std                     0.5
evaluation/Final image_success Max                     0
evaluation/Final image_success Min                    -1
evaluation/vae_mdist Mean                              7.33871
evaluation/vae_mdist Std                               4.75795
evaluation/vae_mdist Max                              14.8991
evaluation/vae_mdist Min                               0.612939
evaluation/Final vae_mdist Mean                        6.99729
evaluation/Final vae_mdist Std                         4.55712
evaluation/Final vae_mdist Max                        13.5902
evaluation/Final vae_mdist Min                         0.712377
evaluation/vae_success Mean                            1
evaluation/vae_success Std                             0
evaluation/vae_success Max                             1
evaluation/vae_success Min                             1
evaluation/Final vae_success Mean                      1
evaluation/Final vae_success Std                       0
evaluation/Final vae_success Max                       1
evaluation/Final vae_success Min                       1
evaluation/vae_dist Mean                               0.172333
evaluation/vae_dist Std                                0.0678146
evaluation/vae_dist Max                                0.264185
evaluation/vae_dist Min                                0.053557
evaluation/Final vae_dist Mean                         0.167912
evaluation/Final vae_dist Std                          0.0668103
evaluation/Final vae_dist Max                          0.2519
evaluation/Final vae_dist Min                          0.0576948
evaluation/Rewards Mean                               -0.172333
evaluation/Rewards Std                                 0.0678146
evaluation/Rewards Max                                -0.053557
evaluation/Rewards Min                                -0.264185
evaluation/Returns Mean                               -8.61665
evaluation/Returns Std                                 3.38501
evaluation/Returns Max                                -3.07171
evaluation/Returns Min                               -12.8805
evaluation/Actions Mean                               -5.36438e-05
evaluation/Actions Std                                 0.00343151
evaluation/Actions Max                                 0.00340048
evaluation/Actions Min                                -0.00355827
evaluation/Num Paths                                  10
evaluation/Average Returns                            -8.61665
evaluation/env_infos/final/hand_distance Mean          0.112427
evaluation/env_infos/final/hand_distance Std           0.0215273
evaluation/env_infos/final/hand_distance Max           0.141853
evaluation/env_infos/final/hand_distance Min           0.0661635
evaluation/env_infos/initial/hand_distance Mean        0.115147
evaluation/env_infos/initial/hand_distance Std         0.0211777
evaluation/env_infos/initial/hand_distance Max         0.145841
evaluation/env_infos/initial/hand_distance Min         0.0695292
evaluation/env_infos/hand_distance Mean                0.113593
evaluation/env_infos/hand_distance Std                 0.0218894
evaluation/env_infos/hand_distance Max                 0.145841
evaluation/env_infos/hand_distance Min                 0.0661217
evaluation/env_infos/final/puck_distance Mean          0.19673
evaluation/env_infos/final/puck_distance Std           0.0540143
evaluation/env_infos/final/puck_distance Max           0.278985
evaluation/env_infos/final/puck_distance Min           0.106643
evaluation/env_infos/initial/puck_distance Mean        0.196838
evaluation/env_infos/initial/puck_distance Std         0.0540125
evaluation/env_infos/initial/puck_distance Max         0.279137
evaluation/env_infos/initial/puck_distance Min         0.106764
evaluation/env_infos/puck_distance Mean                0.196784
evaluation/env_infos/puck_distance Std                 0.0540134
evaluation/env_infos/puck_distance Max                 0.279137
evaluation/env_infos/puck_distance Min                 0.106643
evaluation/env_infos/final/touch_distance Mean         0.239572
evaluation/env_infos/final/touch_distance Std          2.60413e-05
evaluation/env_infos/final/touch_distance Max          0.239609
evaluation/env_infos/final/touch_distance Min          0.239531
evaluation/env_infos/initial/touch_distance Mean       0.242814
evaluation/env_infos/initial/touch_distance Std        2.90752e-06
evaluation/env_infos/initial/touch_distance Max        0.242819
evaluation/env_infos/initial/touch_distance Min        0.242806
evaluation/env_infos/touch_distance Mean               0.241129
evaluation/env_infos/touch_distance Std                0.000875618
evaluation/env_infos/touch_distance Max                0.242819
evaluation/env_infos/touch_distance Min                0.239531
evaluation/env_infos/final/success Mean                0
evaluation/env_infos/final/success Std                 0
evaluation/env_infos/final/success Max                 0
evaluation/env_infos/final/success Min                 0
evaluation/env_infos/initial/success Mean              0
evaluation/env_infos/initial/success Std               0
evaluation/env_infos/initial/success Max               0
evaluation/env_infos/initial/success Min               0
evaluation/env_infos/success Mean                      0
evaluation/env_infos/success Std                       0
evaluation/env_infos/success Max                       0
evaluation/env_infos/success Min                       0
evaluation/env_infos/final/image_dist Mean             9.74829
evaluation/env_infos/final/image_dist Std              1.23257
evaluation/env_infos/final/image_dist Max             11.1319
evaluation/env_infos/final/image_dist Min              7.49165
evaluation/env_infos/initial/image_dist Mean           9.71903
evaluation/env_infos/initial/image_dist Std            1.12041
evaluation/env_infos/initial/image_dist Max           10.9599
evaluation/env_infos/initial/image_dist Min            7.66994
evaluation/env_infos/image_dist Mean                   9.71696
evaluation/env_infos/image_dist Std                    1.27899
evaluation/env_infos/image_dist Max                   11.2503
evaluation/env_infos/image_dist Min                    7.24811
evaluation/env_infos/final/image_success Mean         -0.5
evaluation/env_infos/final/image_success Std           0.5
evaluation/env_infos/final/image_success Max           0
evaluation/env_infos/final/image_success Min          -1
evaluation/env_infos/initial/image_success Mean       -0.5
evaluation/env_infos/initial/image_success Std         0.5
evaluation/env_infos/initial/image_success Max         0
evaluation/env_infos/initial/image_success Min        -1
evaluation/env_infos/image_success Mean               -0.5
evaluation/env_infos/image_success Std                 0.5
evaluation/env_infos/image_success Max                 0
evaluation/env_infos/image_success Min                -1
evaluation/env_infos/final/vae_mdist Mean              6.99729
evaluation/env_infos/final/vae_mdist Std               4.55712
evaluation/env_infos/final/vae_mdist Max              13.5902
evaluation/env_infos/final/vae_mdist Min               0.712377
evaluation/env_infos/initial/vae_mdist Mean            6.7962
evaluation/env_infos/initial/vae_mdist Std             4.54166
evaluation/env_infos/initial/vae_mdist Max            13.3781
evaluation/env_infos/initial/vae_mdist Min             0.612939
evaluation/env_infos/vae_mdist Mean                    7.33871
evaluation/env_infos/vae_mdist Std                     4.75795
evaluation/env_infos/vae_mdist Max                    14.8991
evaluation/env_infos/vae_mdist Min                     0.612939
evaluation/env_infos/final/vae_success Mean            1
evaluation/env_infos/final/vae_success Std             0
evaluation/env_infos/final/vae_success Max             1
evaluation/env_infos/final/vae_success Min             1
evaluation/env_infos/initial/vae_success Mean          1
evaluation/env_infos/initial/vae_success Std           0
evaluation/env_infos/initial/vae_success Max           1
evaluation/env_infos/initial/vae_success Min           1
evaluation/env_infos/vae_success Mean                  1
evaluation/env_infos/vae_success Std                   0
evaluation/env_infos/vae_success Max                   1
evaluation/env_infos/vae_success Min                   1
evaluation/env_infos/final/vae_dist Mean               0.167912
evaluation/env_infos/final/vae_dist Std                0.0668103
evaluation/env_infos/final/vae_dist Max                0.2519
evaluation/env_infos/final/vae_dist Min                0.0576948
evaluation/env_infos/initial/vae_dist Mean             0.164655
evaluation/env_infos/initial/vae_dist Std              0.0677704
evaluation/env_infos/initial/vae_dist Max              0.24986
evaluation/env_infos/initial/vae_dist Min              0.053557
evaluation/env_infos/vae_dist Mean                     0.172333
evaluation/env_infos/vae_dist Std                      0.0678146
evaluation/env_infos/vae_dist Max                      0.264185
evaluation/env_infos/vae_dist Min                      0.053557
evaluation/env_infos/final/vae_dist_l1 Mean            0.335809
evaluation/env_infos/final/vae_dist_l1 Std             0.133615
evaluation/env_infos/final/vae_dist_l1 Max             0.503783
evaluation/env_infos/final/vae_dist_l1 Min             0.115386
evaluation/env_infos/initial/vae_dist_l1 Mean          0.329301
evaluation/env_infos/initial/vae_dist_l1 Std           0.135537
evaluation/env_infos/initial/vae_dist_l1 Max           0.499708
evaluation/env_infos/initial/vae_dist_l1 Min           0.107112
evaluation/env_infos/vae_dist_l1 Mean                  0.344651
evaluation/env_infos/vae_dist_l1 Std                   0.135624
evaluation/env_infos/vae_dist_l1 Max                   0.528353
evaluation/env_infos/vae_dist_l1 Min                   0.107112
evaluation/env_infos/final/vae_dist_l2 Mean            0.167912
evaluation/env_infos/final/vae_dist_l2 Std             0.0668103
evaluation/env_infos/final/vae_dist_l2 Max             0.2519
evaluation/env_infos/final/vae_dist_l2 Min             0.0576948
evaluation/env_infos/initial/vae_dist_l2 Mean          0.164655
evaluation/env_infos/initial/vae_dist_l2 Std           0.0677704
evaluation/env_infos/initial/vae_dist_l2 Max           0.24986
evaluation/env_infos/initial/vae_dist_l2 Min           0.053557
evaluation/env_infos/vae_dist_l2 Mean                  0.172333
evaluation/env_infos/vae_dist_l2 Std                   0.0678146
evaluation/env_infos/vae_dist_l2 Max                   0.264185
evaluation/env_infos/vae_dist_l2 Min                   0.053557
time/data storing (s)                                  0.0711451
time/evaluation sampling (s)                          16.7958
time/exploration sampling (s)                         16.6119
time/logging (s)                                       0.0104848
time/saving (s)                                        0.0214979
time/training (s)                                     16.1812
time/vae training (s)                                 10.5312
time/epoch (s)                                        60.2232
time/total (s)                                       455.7
Epoch                                                  1
-------------------------------------------------  ---------------
