2019-08-22 21:48:54.460828 EDT | [rlkit-skew-fit-pusher-reference-sample-from-true-prior-take2_2019_08_22_21_42_13_0000--s-0] Epoch 0 finished
-------------------------------------------------  ----------------
vae_trainer/train/log prob                         -12366
vae_trainer/train/KL                                   20.3437
vae_trainer/train/loss                              12772.8
vae_trainer/epoch                                       0
vae_trainer/test/log prob                          -10529.2
vae_trainer/test/KL                                    12.6032
vae_trainer/test/loss                               10781.2
vae_trainer/beta                                       20
replay_buffer/VAE Sample Weights Mean                   9.52381e-05
replay_buffer/VAE Sample Weights Std                    0.00512688
replay_buffer/VAE Sample Weights Max                    0.429962
replay_buffer/VAE Sample Weights Min                    2.60827e-13
replay_buffer/VAE Sample Probs Mean                     9.52381e-05
replay_buffer/VAE Sample Probs Std                      0.00512688
replay_buffer/VAE Sample Probs Max                      0.429962
replay_buffer/VAE Sample Probs Min                      2.60827e-13
trainer/QF1 Loss                                        1.21563
trainer/QF2 Loss                                        1.21582
trainer/Policy Loss                                    -1.33747
trainer/Q1 Predictions Mean                             0.00431994
trainer/Q1 Predictions Std                              0.000568537
trainer/Q1 Predictions Max                              0.00574306
trainer/Q1 Predictions Min                              0.0023346
trainer/Q2 Predictions Mean                            -4.68306e-05
trainer/Q2 Predictions Std                              0.00101984
trainer/Q2 Predictions Max                              0.00331467
trainer/Q2 Predictions Min                             -0.00302478
trainer/Q Targets Mean                                 -0.00516433
trainer/Q Targets Std                                   1.10254
trainer/Q Targets Max                                   2.14693
trainer/Q Targets Min                                  -3.07322
trainer/Log Pis Mean                                   -1.33751
trainer/Log Pis Std                                     0.314101
trainer/Log Pis Max                                    -0.5264
trainer/Log Pis Min                                    -2.37122
trainer/Policy mu Mean                                  0.00155032
trainer/Policy mu Std                                   0.000525564
trainer/Policy mu Max                                   0.00295944
trainer/Policy mu Min                                   0.000458972
trainer/Policy log std Mean                             0.000656198
trainer/Policy log std Std                              0.000474895
trainer/Policy log std Max                              0.0027631
trainer/Policy log std Min                             -0.00115717
trainer/Alpha                                           0.999
trainer/Alpha Loss                                     -0
exploration/num steps total                         10500
exploration/num paths total                           210
exploration/path length Mean                           50
exploration/path length Std                             0
exploration/path length Max                            50
exploration/path length Min                            50
exploration/hand_distance Mean                          0.0813884
exploration/hand_distance Std                           0.0288943
exploration/hand_distance Max                           0.140258
exploration/hand_distance Min                           0.0285916
exploration/Final hand_distance Mean                    0.0789179
exploration/Final hand_distance Std                     0.025481
exploration/Final hand_distance Max                     0.125791
exploration/Final hand_distance Min                     0.0500033
exploration/puck_distance Mean                          0.1932
exploration/puck_distance Std                           0.0539681
exploration/puck_distance Max                           0.265835
exploration/puck_distance Min                           0.100875
exploration/Final puck_distance Mean                    0.193144
exploration/Final puck_distance Std                     0.0539729
exploration/Final puck_distance Max                     0.265688
exploration/Final puck_distance Min                     0.100875
exploration/touch_distance Mean                         0.203735
exploration/touch_distance Std                          0.0374362
exploration/touch_distance Max                          0.258438
exploration/touch_distance Min                          0.0821064
exploration/Final touch_distance Mean                   0.177946
exploration/Final touch_distance Std                    0.0482826
exploration/Final touch_distance Max                    0.253493
exploration/Final touch_distance Min                    0.0821064
exploration/success Mean                                0
exploration/success Std                                 0
exploration/success Max                                 0
exploration/success Min                                 0
exploration/Final success Mean                          0
exploration/Final success Std                           0
exploration/Final success Max                           0
exploration/Final success Min                           0
exploration/image_dist Mean                            10.0361
exploration/image_dist Std                              1.75054
exploration/image_dist Max                             13.352
exploration/image_dist Min                              4.40342
exploration/Final image_dist Mean                      10.9987
exploration/Final image_dist Std                        1.61343
exploration/Final image_dist Max                       13.2573
exploration/Final image_dist Min                        7.73139
exploration/image_success Mean                         -0.538
exploration/image_success Std                           0.498554
exploration/image_success Max                           0
exploration/image_success Min                          -1
exploration/Final image_success Mean                   -0.7
exploration/Final image_success Std                     0.458258
exploration/Final image_success Max                     0
exploration/Final image_success Min                    -1
exploration/vae_mdist Mean                           1305.86
exploration/vae_mdist Std                             546.574
exploration/vae_mdist Max                            2047.29
exploration/vae_mdist Min                             327.025
exploration/Final vae_mdist Mean                     1305.86
exploration/Final vae_mdist Std                       546.574
exploration/Final vae_mdist Max                      2047.29
exploration/Final vae_mdist Min                       327.026
exploration/vae_success Mean                            0
exploration/vae_success Std                             0
exploration/vae_success Max                             0
exploration/vae_success Min                             0
exploration/Final vae_success Mean                      0
exploration/Final vae_success Std                       0
exploration/Final vae_success Max                       0
exploration/Final vae_success Min                       0
exploration/vae_dist Mean                               1.57379
exploration/vae_dist Std                                0.369815
exploration/vae_dist Max                                2.02416
exploration/vae_dist Min                                0.80905
exploration/Final vae_dist Mean                         1.57379
exploration/Final vae_dist Std                          0.369815
exploration/Final vae_dist Max                          2.02416
exploration/Final vae_dist Min                          0.80905
exploration/Rewards Mean                               -1.57379
exploration/Rewards Std                                 0.369815
exploration/Rewards Max                                -0.80905
exploration/Rewards Min                                -2.02416
exploration/Returns Mean                              -78.6894
exploration/Returns Std                                18.4908
exploration/Returns Max                               -40.4525
exploration/Returns Min                              -101.208
exploration/Actions Mean                                0.0179281
exploration/Actions Std                                 0.62802
exploration/Actions Max                                 0.996932
exploration/Actions Min                                -0.995833
exploration/Num Paths                                  10
exploration/Average Returns                           -78.6894
exploration/env_infos/final/hand_distance Mean          0.0789179
exploration/env_infos/final/hand_distance Std           0.025481
exploration/env_infos/final/hand_distance Max           0.125791
exploration/env_infos/final/hand_distance Min           0.0500033
exploration/env_infos/initial/hand_distance Mean        0.10236
exploration/env_infos/initial/hand_distance Std         0.0258156
exploration/env_infos/initial/hand_distance Max         0.140258
exploration/env_infos/initial/hand_distance Min         0.0675211
exploration/env_infos/hand_distance Mean                0.0813884
exploration/env_infos/hand_distance Std                 0.0288943
exploration/env_infos/hand_distance Max                 0.140258
exploration/env_infos/hand_distance Min                 0.0285916
exploration/env_infos/final/puck_distance Mean          0.193144
exploration/env_infos/final/puck_distance Std           0.0539729
exploration/env_infos/final/puck_distance Max           0.265688
exploration/env_infos/final/puck_distance Min           0.100875
exploration/env_infos/initial/puck_distance Mean        0.193257
exploration/env_infos/initial/puck_distance Std         0.0539632
exploration/env_infos/initial/puck_distance Max         0.265835
exploration/env_infos/initial/puck_distance Min         0.101031
exploration/env_infos/puck_distance Mean                0.1932
exploration/env_infos/puck_distance Std                 0.0539681
exploration/env_infos/puck_distance Max                 0.265835
exploration/env_infos/puck_distance Min                 0.100875
exploration/env_infos/final/touch_distance Mean         0.177946
exploration/env_infos/final/touch_distance Std          0.0482826
exploration/env_infos/final/touch_distance Max          0.253493
exploration/env_infos/final/touch_distance Min          0.0821064
exploration/env_infos/initial/touch_distance Mean       0.243031
exploration/env_infos/initial/touch_distance Std        0.000248618
exploration/env_infos/initial/touch_distance Max        0.243394
exploration/env_infos/initial/touch_distance Min        0.242705
exploration/env_infos/touch_distance Mean               0.203735
exploration/env_infos/touch_distance Std                0.0374362
exploration/env_infos/touch_distance Max                0.258438
exploration/env_infos/touch_distance Min                0.0821064
exploration/env_infos/final/success Mean                0
exploration/env_infos/final/success Std                 0
exploration/env_infos/final/success Max                 0
exploration/env_infos/final/success Min                 0
exploration/env_infos/initial/success Mean              0
exploration/env_infos/initial/success Std               0
exploration/env_infos/initial/success Max               0
exploration/env_infos/initial/success Min               0
exploration/env_infos/success Mean                      0
exploration/env_infos/success Std                       0
exploration/env_infos/success Max                       0
exploration/env_infos/success Min                       0
exploration/env_infos/final/image_dist Mean            10.9987
exploration/env_infos/final/image_dist Std              1.61343
exploration/env_infos/final/image_dist Max             13.2573
exploration/env_infos/final/image_dist Min              7.73139
exploration/env_infos/initial/image_dist Mean           9.28828
exploration/env_infos/initial/image_dist Std            0.993095
exploration/env_infos/initial/image_dist Max           10.7735
exploration/env_infos/initial/image_dist Min            7.59543
exploration/env_infos/image_dist Mean                  10.0361
exploration/env_infos/image_dist Std                    1.75054
exploration/env_infos/image_dist Max                   13.352
exploration/env_infos/image_dist Min                    4.40342
exploration/env_infos/final/image_success Mean         -0.7
exploration/env_infos/final/image_success Std           0.458258
exploration/env_infos/final/image_success Max           0
exploration/env_infos/final/image_success Min          -1
exploration/env_infos/initial/image_success Mean       -0.4
exploration/env_infos/initial/image_success Std         0.489898
exploration/env_infos/initial/image_success Max         0
exploration/env_infos/initial/image_success Min        -1
exploration/env_infos/image_success Mean               -0.538
exploration/env_infos/image_success Std                 0.498554
exploration/env_infos/image_success Max                 0
exploration/env_infos/image_success Min                -1
exploration/env_infos/final/vae_mdist Mean           1305.86
exploration/env_infos/final/vae_mdist Std             546.574
exploration/env_infos/final/vae_mdist Max            2047.29
exploration/env_infos/final/vae_mdist Min             327.026
exploration/env_infos/initial/vae_mdist Mean         1305.86
exploration/env_infos/initial/vae_mdist Std           546.574
exploration/env_infos/initial/vae_mdist Max          2047.29
exploration/env_infos/initial/vae_mdist Min           327.026
exploration/env_infos/vae_mdist Mean                 1305.86
exploration/env_infos/vae_mdist Std                   546.574
exploration/env_infos/vae_mdist Max                  2047.29
exploration/env_infos/vae_mdist Min                   327.025
exploration/env_infos/final/vae_success Mean            0
exploration/env_infos/final/vae_success Std             0
exploration/env_infos/final/vae_success Max             0
exploration/env_infos/final/vae_success Min             0
exploration/env_infos/initial/vae_success Mean          0
exploration/env_infos/initial/vae_success Std           0
exploration/env_infos/initial/vae_success Max           0
exploration/env_infos/initial/vae_success Min           0
exploration/env_infos/vae_success Mean                  0
exploration/env_infos/vae_success Std                   0
exploration/env_infos/vae_success Max                   0
exploration/env_infos/vae_success Min                   0
exploration/env_infos/final/vae_dist Mean               1.57379
exploration/env_infos/final/vae_dist Std                0.369815
exploration/env_infos/final/vae_dist Max                2.02416
exploration/env_infos/final/vae_dist Min                0.80905
exploration/env_infos/initial/vae_dist Mean             1.57379
exploration/env_infos/initial/vae_dist Std              0.369815
exploration/env_infos/initial/vae_dist Max              2.02416
exploration/env_infos/initial/vae_dist Min              0.809051
exploration/env_infos/vae_dist Mean                     1.57379
exploration/env_infos/vae_dist Std                      0.369815
exploration/env_infos/vae_dist Max                      2.02416
exploration/env_infos/vae_dist Min                      0.80905
exploration/env_infos/final/vae_dist_l1 Mean            2.77567
exploration/env_infos/final/vae_dist_l1 Std             0.754714
exploration/env_infos/final/vae_dist_l1 Max             3.76297
exploration/env_infos/final/vae_dist_l1 Min             1.5806
exploration/env_infos/initial/vae_dist_l1 Mean          2.77567
exploration/env_infos/initial/vae_dist_l1 Std           0.754714
exploration/env_infos/initial/vae_dist_l1 Max           3.76297
exploration/env_infos/initial/vae_dist_l1 Min           1.5806
exploration/env_infos/vae_dist_l1 Mean                  2.77567
exploration/env_infos/vae_dist_l1 Std                   0.754714
exploration/env_infos/vae_dist_l1 Max                   3.76297
exploration/env_infos/vae_dist_l1 Min                   1.58059
exploration/env_infos/final/vae_dist_l2 Mean            1.57379
exploration/env_infos/final/vae_dist_l2 Std             0.369815
exploration/env_infos/final/vae_dist_l2 Max             2.02416
exploration/env_infos/final/vae_dist_l2 Min             0.80905
exploration/env_infos/initial/vae_dist_l2 Mean          1.57379
exploration/env_infos/initial/vae_dist_l2 Std           0.369815
exploration/env_infos/initial/vae_dist_l2 Max           2.02416
exploration/env_infos/initial/vae_dist_l2 Min           0.809051
exploration/env_infos/vae_dist_l2 Mean                  1.57379
exploration/env_infos/vae_dist_l2 Std                   0.369815
exploration/env_infos/vae_dist_l2 Max                   2.02416
exploration/env_infos/vae_dist_l2 Min                   0.80905
evaluation/num steps total                            500
evaluation/num paths total                             10
evaluation/path length Mean                            50
evaluation/path length Std                              0
evaluation/path length Max                             50
evaluation/path length Min                             50
evaluation/hand_distance Mean                           0.106718
evaluation/hand_distance Std                            0.0299078
evaluation/hand_distance Max                            0.146927
evaluation/hand_distance Min                            0.0656499
evaluation/Final hand_distance Mean                     0.106146
evaluation/Final hand_distance Std                      0.0297434
evaluation/Final hand_distance Max                      0.144904
evaluation/Final hand_distance Min                      0.0656499
evaluation/puck_distance Mean                           0.17883
evaluation/puck_distance Std                            0.0441701
evaluation/puck_distance Max                            0.25915
evaluation/puck_distance Min                            0.103819
evaluation/Final puck_distance Mean                     0.178775
evaluation/Final puck_distance Std                      0.0441747
evaluation/Final puck_distance Max                      0.259007
evaluation/Final puck_distance Min                      0.103819
evaluation/touch_distance Mean                          0.24175
evaluation/touch_distance Std                           0.000503904
evaluation/touch_distance Max                           0.242815
evaluation/touch_distance Min                           0.240778
evaluation/Final touch_distance Mean                    0.240778
evaluation/Final touch_distance Std                     2.43919e-09
evaluation/Final touch_distance Max                     0.240778
evaluation/Final touch_distance Min                     0.240778
evaluation/success Mean                                 0
evaluation/success Std                                  0
evaluation/success Max                                  0
evaluation/success Min                                  0
evaluation/Final success Mean                           0
evaluation/Final success Std                            0
evaluation/Final success Max                            0
evaluation/Final success Min                            0
evaluation/image_dist Mean                              9.46935
evaluation/image_dist Std                               1.81388
evaluation/image_dist Max                              11.7045
evaluation/image_dist Min                               5.14805
evaluation/Final image_dist Mean                        9.49536
evaluation/Final image_dist Std                         1.81139
evaluation/Final image_dist Max                        11.67
evaluation/Final image_dist Min                         5.3085
evaluation/image_success Mean                          -0.59
evaluation/image_success Std                            0.491833
evaluation/image_success Max                            0
evaluation/image_success Min                           -1
evaluation/Final image_success Mean                    -0.6
evaluation/Final image_success Std                      0.489898
evaluation/Final image_success Max                      0
evaluation/Final image_success Min                     -1
evaluation/vae_mdist Mean                               1.71662e-09
evaluation/vae_mdist Std                                1.06478e-09
evaluation/vae_mdist Max                                4.68479e-09
evaluation/vae_mdist Min                                1.54822e-10
evaluation/Final vae_mdist Mean                         1.53757e-09
evaluation/Final vae_mdist Std                          9.24579e-10
evaluation/Final vae_mdist Max                          3.104e-09
evaluation/Final vae_mdist Min                          2.79354e-10
evaluation/vae_success Mean                             1
evaluation/vae_success Std                              0
evaluation/vae_success Max                              1
evaluation/vae_success Min                              1
evaluation/Final vae_success Mean                       1
evaluation/Final vae_success Std                        0
evaluation/Final vae_success Max                        1
evaluation/Final vae_success Min                        1
evaluation/vae_dist Mean                                1.74478e-06
evaluation/vae_dist Std                                 6.25598e-07
evaluation/vae_dist Max                                 3.06199e-06
evaluation/vae_dist Min                                 5.56677e-07
evaluation/Final vae_dist Mean                          1.65657e-06
evaluation/Final vae_dist Std                           5.7714e-07
evaluation/Final vae_dist Max                           2.49241e-06
evaluation/Final vae_dist Min                           7.47787e-07
evaluation/Rewards Mean                                -1.74478e-06
evaluation/Rewards Std                                  6.25598e-07
evaluation/Rewards Max                                 -5.56677e-07
evaluation/Rewards Min                                 -3.06199e-06
evaluation/Returns Mean                                -8.72388e-05
evaluation/Returns Std                                  3.06332e-05
evaluation/Returns Max                                 -3.62484e-05
evaluation/Returns Min                                 -0.000133293
evaluation/Actions Mean                                 0.00152782
evaluation/Actions Std                                  0.000476058
evaluation/Actions Max                                  0.00200388
evaluation/Actions Min                                  0.00105176
evaluation/Num Paths                                   10
evaluation/Average Returns                             -8.72388e-05
evaluation/env_infos/final/hand_distance Mean           0.106146
evaluation/env_infos/final/hand_distance Std            0.0297434
evaluation/env_infos/final/hand_distance Max            0.144904
evaluation/env_infos/final/hand_distance Min            0.0656499
evaluation/env_infos/initial/hand_distance Mean         0.106716
evaluation/env_infos/initial/hand_distance Std          0.0305375
evaluation/env_infos/initial/hand_distance Max          0.146927
evaluation/env_infos/initial/hand_distance Min          0.06658
evaluation/env_infos/hand_distance Mean                 0.106718
evaluation/env_infos/hand_distance Std                  0.0299078
evaluation/env_infos/hand_distance Max                  0.146927
evaluation/env_infos/hand_distance Min                  0.0656499
evaluation/env_infos/final/puck_distance Mean           0.178775
evaluation/env_infos/final/puck_distance Std            0.0441747
evaluation/env_infos/final/puck_distance Max            0.259007
evaluation/env_infos/final/puck_distance Min            0.103819
evaluation/env_infos/initial/puck_distance Mean         0.178886
evaluation/env_infos/initial/puck_distance Std          0.0441655
evaluation/env_infos/initial/puck_distance Max          0.25915
evaluation/env_infos/initial/puck_distance Min          0.103966
evaluation/env_infos/puck_distance Mean                 0.17883
evaluation/env_infos/puck_distance Std                  0.0441701
evaluation/env_infos/puck_distance Max                  0.25915
evaluation/env_infos/puck_distance Min                  0.103819
evaluation/env_infos/final/touch_distance Mean          0.240778
evaluation/env_infos/final/touch_distance Std           2.43919e-09
evaluation/env_infos/final/touch_distance Max           0.240778
evaluation/env_infos/final/touch_distance Min           0.240778
evaluation/env_infos/initial/touch_distance Mean        0.242814
evaluation/env_infos/initial/touch_distance Std         2.54059e-06
evaluation/env_infos/initial/touch_distance Max         0.242815
evaluation/env_infos/initial/touch_distance Min         0.242806
evaluation/env_infos/touch_distance Mean                0.24175
evaluation/env_infos/touch_distance Std                 0.000503904
evaluation/env_infos/touch_distance Max                 0.242815
evaluation/env_infos/touch_distance Min                 0.240778
evaluation/env_infos/final/success Mean                 0
evaluation/env_infos/final/success Std                  0
evaluation/env_infos/final/success Max                  0
evaluation/env_infos/final/success Min                  0
evaluation/env_infos/initial/success Mean               0
evaluation/env_infos/initial/success Std                0
evaluation/env_infos/initial/success Max                0
evaluation/env_infos/initial/success Min                0
evaluation/env_infos/success Mean                       0
evaluation/env_infos/success Std                        0
evaluation/env_infos/success Max                        0
evaluation/env_infos/success Min                        0
evaluation/env_infos/final/image_dist Mean              9.49536
evaluation/env_infos/final/image_dist Std               1.81139
evaluation/env_infos/final/image_dist Max              11.67
evaluation/env_infos/final/image_dist Min               5.3085
evaluation/env_infos/initial/image_dist Mean            9.48036
evaluation/env_infos/initial/image_dist Std             1.76111
evaluation/env_infos/initial/image_dist Max            11.4149
evaluation/env_infos/initial/image_dist Min             5.43977
evaluation/env_infos/image_dist Mean                    9.46935
evaluation/env_infos/image_dist Std                     1.81388
evaluation/env_infos/image_dist Max                    11.7045
evaluation/env_infos/image_dist Min                     5.14805
evaluation/env_infos/final/image_success Mean          -0.6
evaluation/env_infos/final/image_success Std            0.489898
evaluation/env_infos/final/image_success Max            0
evaluation/env_infos/final/image_success Min           -1
evaluation/env_infos/initial/image_success Mean        -0.5
evaluation/env_infos/initial/image_success Std          0.5
evaluation/env_infos/initial/image_success Max          0
evaluation/env_infos/initial/image_success Min         -1
evaluation/env_infos/image_success Mean                -0.59
evaluation/env_infos/image_success Std                  0.491833
evaluation/env_infos/image_success Max                  0
evaluation/env_infos/image_success Min                 -1
evaluation/env_infos/final/vae_mdist Mean               1.53757e-09
evaluation/env_infos/final/vae_mdist Std                9.24579e-10
evaluation/env_infos/final/vae_mdist Max                3.104e-09
evaluation/env_infos/final/vae_mdist Min                2.79354e-10
evaluation/env_infos/initial/vae_mdist Mean             1.71317e-09
evaluation/env_infos/initial/vae_mdist Std              1.20082e-09
evaluation/env_infos/initial/vae_mdist Max              3.81243e-09
evaluation/env_infos/initial/vae_mdist Min              2.29832e-10
evaluation/env_infos/vae_mdist Mean                     1.71662e-09
evaluation/env_infos/vae_mdist Std                      1.06478e-09
evaluation/env_infos/vae_mdist Max                      4.68479e-09
evaluation/env_infos/vae_mdist Min                      1.54822e-10
evaluation/env_infos/final/vae_success Mean             1
evaluation/env_infos/final/vae_success Std              0
evaluation/env_infos/final/vae_success Max              1
evaluation/env_infos/final/vae_success Min              1
evaluation/env_infos/initial/vae_success Mean           1
evaluation/env_infos/initial/vae_success Std            0
evaluation/env_infos/initial/vae_success Max            1
evaluation/env_infos/initial/vae_success Min            1
evaluation/env_infos/vae_success Mean                   1
evaluation/env_infos/vae_success Std                    0
evaluation/env_infos/vae_success Max                    1
evaluation/env_infos/vae_success Min                    1
evaluation/env_infos/final/vae_dist Mean                1.65657e-06
evaluation/env_infos/final/vae_dist Std                 5.7714e-07
evaluation/env_infos/final/vae_dist Max                 2.49241e-06
evaluation/env_infos/final/vae_dist Min                 7.47787e-07
evaluation/env_infos/initial/vae_dist Mean              1.70989e-06
evaluation/env_infos/initial/vae_dist Std               7.10779e-07
evaluation/env_infos/initial/vae_dist Max               2.76232e-06
evaluation/env_infos/initial/vae_dist Min               6.78201e-07
evaluation/env_infos/vae_dist Mean                      1.74478e-06
evaluation/env_infos/vae_dist Std                       6.25598e-07
evaluation/env_infos/vae_dist Max                       3.06199e-06
evaluation/env_infos/vae_dist Min                       5.56677e-07
evaluation/env_infos/final/vae_dist_l1 Mean             2.96458e-06
evaluation/env_infos/final/vae_dist_l1 Std              1.10671e-06
evaluation/env_infos/final/vae_dist_l1 Max              4.36345e-06
evaluation/env_infos/final/vae_dist_l1 Min              1.19208e-06
evaluation/env_infos/initial/vae_dist_l1 Mean           3.18091e-06
evaluation/env_infos/initial/vae_dist_l1 Std            1.36791e-06
evaluation/env_infos/initial/vae_dist_l1 Max            4.83957e-06
evaluation/env_infos/initial/vae_dist_l1 Min            1.23028e-06
evaluation/env_infos/vae_dist_l1 Mean                   3.12034e-06
evaluation/env_infos/vae_dist_l1 Std                    1.1808e-06
evaluation/env_infos/vae_dist_l1 Max                    5.29518e-06
evaluation/env_infos/vae_dist_l1 Min                    9.67644e-07
evaluation/env_infos/final/vae_dist_l2 Mean             1.65657e-06
evaluation/env_infos/final/vae_dist_l2 Std              5.7714e-07
evaluation/env_infos/final/vae_dist_l2 Max              2.49241e-06
evaluation/env_infos/final/vae_dist_l2 Min              7.47787e-07
evaluation/env_infos/initial/vae_dist_l2 Mean           1.70989e-06
evaluation/env_infos/initial/vae_dist_l2 Std            7.10779e-07
evaluation/env_infos/initial/vae_dist_l2 Max            2.76232e-06
evaluation/env_infos/initial/vae_dist_l2 Min            6.78201e-07
evaluation/env_infos/vae_dist_l2 Mean                   1.74478e-06
evaluation/env_infos/vae_dist_l2 Std                    6.25598e-07
evaluation/env_infos/vae_dist_l2 Max                    3.06199e-06
evaluation/env_infos/vae_dist_l2 Min                    5.56677e-07
time/data storing (s)                                   0.0741071
time/evaluation sampling (s)                           16.3658
time/exploration sampling (s)                          16.8494
time/logging (s)                                        0.0100235
time/saving (s)                                         0.0230215
time/training (s)                                      15.3102
time/vae training (s)                                   9.92731
time/epoch (s)                                         58.5598
time/total (s)                                        401.431
Epoch                                                   0
-------------------------------------------------  ----------------
2019-08-22 21:49:50.304843 EDT | [rlkit-skew-fit-pusher-reference-sample-from-true-prior-take2_2019_08_22_21_42_13_0000--s-0] Epoch 1 finished
-------------------------------------------------  ---------------
vae_trainer/train/log prob                         -3426.51
vae_trainer/train/KL                                  12.2303
vae_trainer/train/loss                              3671.11
vae_trainer/epoch                                      1
vae_trainer/test/log prob                          -7580.64
vae_trainer/test/KL                                   12.9304
vae_trainer/test/loss                               7839.24
vae_trainer/beta                                      20
replay_buffer/VAE Sample Weights Mean                  9.09091e-05
replay_buffer/VAE Sample Weights Std                   0.00607664
replay_buffer/VAE Sample Weights Max                   0.475434
replay_buffer/VAE Sample Weights Min                   3.47109e-15
replay_buffer/VAE Sample Probs Mean                    9.09091e-05
replay_buffer/VAE Sample Probs Std                     0.00607664
replay_buffer/VAE Sample Probs Max                     0.475434
replay_buffer/VAE Sample Probs Min                     3.47109e-15
trainer/QF1 Loss                                      10.1717
trainer/QF2 Loss                                      10.261
trainer/Policy Loss                                   -3.56559
trainer/Q1 Predictions Mean                            2.38252
trainer/Q1 Predictions Std                             0.853762
trainer/Q1 Predictions Max                             3.72929
trainer/Q1 Predictions Min                            -0.884353
trainer/Q2 Predictions Mean                            2.25814
trainer/Q2 Predictions Std                             0.940071
trainer/Q2 Predictions Max                             3.68297
trainer/Q2 Predictions Min                            -0.982525
trainer/Q Targets Mean                                -0.505329
trainer/Q Targets Std                                  1.38926
trainer/Q Targets Max                                  1.41528
trainer/Q Targets Min                                 -4.38198
trainer/Log Pis Mean                                  -1.3671
trainer/Log Pis Std                                    0.149734
trainer/Log Pis Max                                   -1.10369
trainer/Log Pis Min                                   -2.87556
trainer/Policy mu Mean                                -0.00131849
trainer/Policy mu Std                                  0.010108
trainer/Policy mu Max                                  0.0103307
trainer/Policy mu Min                                 -0.0135698
trainer/Policy log std Mean                           -0.169097
trainer/Policy log std Std                             0.00328824
trainer/Policy log std Max                            -0.151388
trainer/Policy log std Min                            -0.175407
trainer/Alpha                                          0.367456
trainer/Alpha Loss                                    -3.36761
exploration/num steps total                        11000
exploration/num paths total                          220
exploration/path length Mean                          50
exploration/path length Std                            0
exploration/path length Max                           50
exploration/path length Min                           50
exploration/hand_distance Mean                         0.0937451
exploration/hand_distance Std                          0.0257278
exploration/hand_distance Max                          0.155654
exploration/hand_distance Min                          0.0331883
exploration/Final hand_distance Mean                   0.089257
exploration/Final hand_distance Std                    0.0333659
exploration/Final hand_distance Max                    0.154901
exploration/Final hand_distance Min                    0.0477756
exploration/puck_distance Mean                         0.176073
exploration/puck_distance Std                          0.0563436
exploration/puck_distance Max                          0.250432
exploration/puck_distance Min                          0.0724886
exploration/Final puck_distance Mean                   0.176021
exploration/Final puck_distance Std                    0.0563362
exploration/Final puck_distance Max                    0.250282
exploration/Final puck_distance Min                    0.0724886
exploration/touch_distance Mean                        0.229614
exploration/touch_distance Std                         0.0146459
exploration/touch_distance Max                         0.254764
exploration/touch_distance Min                         0.182744
exploration/Final touch_distance Mean                  0.223489
exploration/Final touch_distance Std                   0.0259886
exploration/Final touch_distance Max                   0.253204
exploration/Final touch_distance Min                   0.18567
exploration/success Mean                               0
exploration/success Std                                0
exploration/success Max                                0
exploration/success Min                                0
exploration/Final success Mean                         0
exploration/Final success Std                          0
exploration/Final success Max                          0
exploration/Final success Min                          0
exploration/image_dist Mean                            9.98718
exploration/image_dist Std                             1.39813
exploration/image_dist Max                            13.1768
exploration/image_dist Min                             6.54173
exploration/Final image_dist Mean                     10.1868
exploration/Final image_dist Std                       1.36782
exploration/Final image_dist Max                      12.185
exploration/Final image_dist Min                       8.47312
exploration/image_success Mean                        -0.496
exploration/image_success Std                          0.499984
exploration/image_success Max                          0
exploration/image_success Min                         -1
exploration/Final image_success Mean                  -0.4
exploration/Final image_success Std                    0.489898
exploration/Final image_success Max                    0
exploration/Final image_success Min                   -1
exploration/vae_mdist Mean                          1601.71
exploration/vae_mdist Std                            656.721
exploration/vae_mdist Max                           3001.4
exploration/vae_mdist Min                            678.722
exploration/Final vae_mdist Mean                    1587.13
exploration/Final vae_mdist Std                      621.487
exploration/Final vae_mdist Max                     2821.18
exploration/Final vae_mdist Min                      710.962
exploration/vae_success Mean                           0
exploration/vae_success Std                            0
exploration/vae_success Max                            0
exploration/vae_success Min                            0
exploration/Final vae_success Mean                     0
exploration/Final vae_success Std                      0
exploration/Final vae_success Max                      0
exploration/Final vae_success Min                      0
exploration/vae_dist Mean                              2.44905
exploration/vae_dist Std                               0.456838
exploration/vae_dist Max                               3.33328
exploration/vae_dist Min                               1.7133
exploration/Final vae_dist Mean                        2.42823
exploration/Final vae_dist Std                         0.418741
exploration/Final vae_dist Max                         3.16277
exploration/Final vae_dist Min                         1.74843
exploration/Rewards Mean                              -2.44905
exploration/Rewards Std                                0.456838
exploration/Rewards Max                               -1.7133
exploration/Rewards Min                               -3.33328
exploration/Returns Mean                            -122.453
exploration/Returns Std                               22.7429
exploration/Returns Max                              -88.5806
exploration/Returns Min                             -164.158
exploration/Actions Mean                              -0.0277424
exploration/Actions Std                                0.577361
exploration/Actions Max                                0.993465
exploration/Actions Min                               -0.993131
exploration/Num Paths                                 10
exploration/Average Returns                         -122.453
exploration/env_infos/final/hand_distance Mean         0.089257
exploration/env_infos/final/hand_distance Std          0.0333659
exploration/env_infos/final/hand_distance Max          0.154901
exploration/env_infos/final/hand_distance Min          0.0477756
exploration/env_infos/initial/hand_distance Mean       0.0993742
exploration/env_infos/initial/hand_distance Std        0.0172176
exploration/env_infos/initial/hand_distance Max        0.144491
exploration/env_infos/initial/hand_distance Min        0.0849364
exploration/env_infos/hand_distance Mean               0.0937451
exploration/env_infos/hand_distance Std                0.0257278
exploration/env_infos/hand_distance Max                0.155654
exploration/env_infos/hand_distance Min                0.0331883
exploration/env_infos/final/puck_distance Mean         0.176021
exploration/env_infos/final/puck_distance Std          0.0563362
exploration/env_infos/final/puck_distance Max          0.250282
exploration/env_infos/final/puck_distance Min          0.0724886
exploration/env_infos/initial/puck_distance Mean       0.176125
exploration/env_infos/initial/puck_distance Std        0.0563508
exploration/env_infos/initial/puck_distance Max        0.250432
exploration/env_infos/initial/puck_distance Min        0.0725607
exploration/env_infos/puck_distance Mean               0.176073
exploration/env_infos/puck_distance Std                0.0563436
exploration/env_infos/puck_distance Max                0.250432
exploration/env_infos/puck_distance Min                0.0724886
exploration/env_infos/final/touch_distance Mean        0.223489
exploration/env_infos/final/touch_distance Std         0.0259886
exploration/env_infos/final/touch_distance Max         0.253204
exploration/env_infos/final/touch_distance Min         0.18567
exploration/env_infos/initial/touch_distance Mean      0.242806
exploration/env_infos/initial/touch_distance Std       0.000141084
exploration/env_infos/initial/touch_distance Max       0.243071
exploration/env_infos/initial/touch_distance Min       0.24267
exploration/env_infos/touch_distance Mean              0.229614
exploration/env_infos/touch_distance Std               0.0146459
exploration/env_infos/touch_distance Max               0.254764
exploration/env_infos/touch_distance Min               0.182744
exploration/env_infos/final/success Mean               0
exploration/env_infos/final/success Std                0
exploration/env_infos/final/success Max                0
exploration/env_infos/final/success Min                0
exploration/env_infos/initial/success Mean             0
exploration/env_infos/initial/success Std              0
exploration/env_infos/initial/success Max              0
exploration/env_infos/initial/success Min              0
exploration/env_infos/success Mean                     0
exploration/env_infos/success Std                      0
exploration/env_infos/success Max                      0
exploration/env_infos/success Min                      0
exploration/env_infos/final/image_dist Mean           10.1868
exploration/env_infos/final/image_dist Std             1.36782
exploration/env_infos/final/image_dist Max            12.185
exploration/env_infos/final/image_dist Min             8.47312
exploration/env_infos/initial/image_dist Mean          8.96684
exploration/env_infos/initial/image_dist Std           0.818396
exploration/env_infos/initial/image_dist Max          10.2466
exploration/env_infos/initial/image_dist Min           7.52684
exploration/env_infos/image_dist Mean                  9.98718
exploration/env_infos/image_dist Std                   1.39813
exploration/env_infos/image_dist Max                  13.1768
exploration/env_infos/image_dist Min                   6.54173
exploration/env_infos/final/image_success Mean        -0.4
exploration/env_infos/final/image_success Std          0.489898
exploration/env_infos/final/image_success Max          0
exploration/env_infos/final/image_success Min         -1
exploration/env_infos/initial/image_success Mean      -0.2
exploration/env_infos/initial/image_success Std        0.4
exploration/env_infos/initial/image_success Max        0
exploration/env_infos/initial/image_success Min       -1
exploration/env_infos/image_success Mean              -0.496
exploration/env_infos/image_success Std                0.499984
exploration/env_infos/image_success Max                0
exploration/env_infos/image_success Min               -1
exploration/env_infos/final/vae_mdist Mean          1587.13
exploration/env_infos/final/vae_mdist Std            621.487
exploration/env_infos/final/vae_mdist Max           2821.18
exploration/env_infos/final/vae_mdist Min            710.962
exploration/env_infos/initial/vae_mdist Mean        1634.08
exploration/env_infos/initial/vae_mdist Std          661.877
exploration/env_infos/initial/vae_mdist Max         2984.14
exploration/env_infos/initial/vae_mdist Min          720.542
exploration/env_infos/vae_mdist Mean                1601.71
exploration/env_infos/vae_mdist Std                  656.721
exploration/env_infos/vae_mdist Max                 3001.4
exploration/env_infos/vae_mdist Min                  678.722
exploration/env_infos/final/vae_success Mean           0
exploration/env_infos/final/vae_success Std            0
exploration/env_infos/final/vae_success Max            0
exploration/env_infos/final/vae_success Min            0
exploration/env_infos/initial/vae_success Mean         0
exploration/env_infos/initial/vae_success Std          0
exploration/env_infos/initial/vae_success Max          0
exploration/env_infos/initial/vae_success Min          0
exploration/env_infos/vae_success Mean                 0
exploration/env_infos/vae_success Std                  0
exploration/env_infos/vae_success Max                  0
exploration/env_infos/vae_success Min                  0
exploration/env_infos/final/vae_dist Mean              2.42823
exploration/env_infos/final/vae_dist Std               0.418741
exploration/env_infos/final/vae_dist Max               3.16277
exploration/env_infos/final/vae_dist Min               1.74843
exploration/env_infos/initial/vae_dist Mean            2.49474
exploration/env_infos/initial/vae_dist Std             0.449649
exploration/env_infos/initial/vae_dist Max             3.31732
exploration/env_infos/initial/vae_dist Min             1.81033
exploration/env_infos/vae_dist Mean                    2.44905
exploration/env_infos/vae_dist Std                     0.456838
exploration/env_infos/vae_dist Max                     3.33328
exploration/env_infos/vae_dist Min                     1.7133
exploration/env_infos/final/vae_dist_l1 Mean           4.24641
exploration/env_infos/final/vae_dist_l1 Std            0.86742
exploration/env_infos/final/vae_dist_l1 Max            6.03652
exploration/env_infos/final/vae_dist_l1 Min            3.02713
exploration/env_infos/initial/vae_dist_l1 Mean         4.38227
exploration/env_infos/initial/vae_dist_l1 Std          0.927654
exploration/env_infos/initial/vae_dist_l1 Max          6.35993
exploration/env_infos/initial/vae_dist_l1 Min          3.12862
exploration/env_infos/vae_dist_l1 Mean                 4.28572
exploration/env_infos/vae_dist_l1 Std                  0.939036
exploration/env_infos/vae_dist_l1 Max                  6.39325
exploration/env_infos/vae_dist_l1 Min                  2.93604
exploration/env_infos/final/vae_dist_l2 Mean           2.42823
exploration/env_infos/final/vae_dist_l2 Std            0.418741
exploration/env_infos/final/vae_dist_l2 Max            3.16277
exploration/env_infos/final/vae_dist_l2 Min            1.74843
exploration/env_infos/initial/vae_dist_l2 Mean         2.49474
exploration/env_infos/initial/vae_dist_l2 Std          0.449649
exploration/env_infos/initial/vae_dist_l2 Max          3.31732
exploration/env_infos/initial/vae_dist_l2 Min          1.81033
exploration/env_infos/vae_dist_l2 Mean                 2.44905
exploration/env_infos/vae_dist_l2 Std                  0.456838
exploration/env_infos/vae_dist_l2 Max                  3.33328
exploration/env_infos/vae_dist_l2 Min                  1.7133
evaluation/num steps total                          1000
evaluation/num paths total                            20
evaluation/path length Mean                           50
evaluation/path length Std                             0
evaluation/path length Max                            50
evaluation/path length Min                            50
evaluation/hand_distance Mean                          0.101729
evaluation/hand_distance Std                           0.0209226
evaluation/hand_distance Max                           0.137717
evaluation/hand_distance Min                           0.0673991
evaluation/Final hand_distance Mean                    0.102274
evaluation/Final hand_distance Std                     0.021507
evaluation/Final hand_distance Max                     0.137623
evaluation/Final hand_distance Min                     0.0673991
evaluation/puck_distance Mean                          0.165275
evaluation/puck_distance Std                           0.0624193
evaluation/puck_distance Max                           0.267019
evaluation/puck_distance Min                           0.0747214
evaluation/Final puck_distance Mean                    0.165239
evaluation/Final puck_distance Std                     0.0624132
evaluation/Final puck_distance Max                     0.26692
evaluation/Final puck_distance Min                     0.0747214
evaluation/touch_distance Mean                         0.242714
evaluation/touch_distance Std                          0.000105483
evaluation/touch_distance Max                          0.242886
evaluation/touch_distance Min                          0.242544
evaluation/Final touch_distance Mean                   0.242798
evaluation/Final touch_distance Std                    1.5107e-06
evaluation/Final touch_distance Max                    0.242801
evaluation/Final touch_distance Min                    0.242796
evaluation/success Mean                                0
evaluation/success Std                                 0
evaluation/success Max                                 0
evaluation/success Min                                 0
evaluation/Final success Mean                          0
evaluation/Final success Std                           0
evaluation/Final success Max                           0
evaluation/Final success Min                           0
evaluation/image_dist Mean                             9.86019
evaluation/image_dist Std                              1.20354
evaluation/image_dist Max                             11.8799
evaluation/image_dist Min                              7.95175
evaluation/Final image_dist Mean                       9.89792
evaluation/Final image_dist Std                        1.28371
evaluation/Final image_dist Max                       11.8722
evaluation/Final image_dist Min                        8.01415
evaluation/image_success Mean                         -0.384
evaluation/image_success Std                           0.486358
evaluation/image_success Max                           0
evaluation/image_success Min                          -1
evaluation/Final image_success Mean                   -0.3
evaluation/Final image_success Std                     0.458258
evaluation/Final image_success Max                     0
evaluation/Final image_success Min                    -1
evaluation/vae_mdist Mean                              7.24672
evaluation/vae_mdist Std                               5.17965
evaluation/vae_mdist Max                              17.0798
evaluation/vae_mdist Min                               0.564917
evaluation/Final vae_mdist Mean                        7.24906
evaluation/Final vae_mdist Std                         5.13297
evaluation/Final vae_mdist Max                        15.6374
evaluation/Final vae_mdist Min                         0.995339
evaluation/vae_success Mean                            1
evaluation/vae_success Std                             0
evaluation/vae_success Max                             1
evaluation/vae_success Min                             1
evaluation/Final vae_success Mean                      1
evaluation/Final vae_success Std                       0
evaluation/Final vae_success Max                       1
evaluation/Final vae_success Min                       1
evaluation/vae_dist Mean                               0.156292
evaluation/vae_dist Std                                0.0629818
evaluation/vae_dist Max                                0.259015
evaluation/vae_dist Min                                0.0469432
evaluation/Final vae_dist Mean                         0.156657
evaluation/Final vae_dist Std                          0.0621586
evaluation/Final vae_dist Max                          0.247566
evaluation/Final vae_dist Min                          0.0624646
evaluation/Rewards Mean                               -0.156292
evaluation/Rewards Std                                 0.0629818
evaluation/Rewards Max                                -0.0469432
evaluation/Rewards Min                                -0.259015
evaluation/Returns Mean                               -7.81459
evaluation/Returns Std                                 3.13063
evaluation/Returns Max                                -3.00243
evaluation/Returns Min                               -12.3792
evaluation/Actions Mean                               -0.00122565
evaluation/Actions Std                                 0.00959467
evaluation/Actions Max                                 0.00846587
evaluation/Actions Min                                -0.0109257
evaluation/Num Paths                                  10
evaluation/Average Returns                            -7.81459
evaluation/env_infos/final/hand_distance Mean          0.102274
evaluation/env_infos/final/hand_distance Std           0.021507
evaluation/env_infos/final/hand_distance Max           0.137623
evaluation/env_infos/final/hand_distance Min           0.0673991
evaluation/env_infos/initial/hand_distance Mean        0.101286
evaluation/env_infos/initial/hand_distance Std         0.0194381
evaluation/env_infos/initial/hand_distance Max         0.137563
evaluation/env_infos/initial/hand_distance Min         0.0692205
evaluation/env_infos/hand_distance Mean                0.101729
evaluation/env_infos/hand_distance Std                 0.0209226
evaluation/env_infos/hand_distance Max                 0.137717
evaluation/env_infos/hand_distance Min                 0.0673991
evaluation/env_infos/final/puck_distance Mean          0.165239
evaluation/env_infos/final/puck_distance Std           0.0624132
evaluation/env_infos/final/puck_distance Max           0.26692
evaluation/env_infos/final/puck_distance Min           0.0747214
evaluation/env_infos/initial/puck_distance Mean        0.165311
evaluation/env_infos/initial/puck_distance Std         0.0624253
evaluation/env_infos/initial/puck_distance Max         0.267019
evaluation/env_infos/initial/puck_distance Min         0.0748762
evaluation/env_infos/puck_distance Mean                0.165275
evaluation/env_infos/puck_distance Std                 0.0624193
evaluation/env_infos/puck_distance Max                 0.267019
evaluation/env_infos/puck_distance Min                 0.0747214
evaluation/env_infos/final/touch_distance Mean         0.242798
evaluation/env_infos/final/touch_distance Std          1.5107e-06
evaluation/env_infos/final/touch_distance Max          0.242801
evaluation/env_infos/final/touch_distance Min          0.242796
evaluation/env_infos/initial/touch_distance Mean       0.242811
evaluation/env_infos/initial/touch_distance Std        8.76832e-07
evaluation/env_infos/initial/touch_distance Max        0.242814
evaluation/env_infos/initial/touch_distance Min        0.242811
evaluation/env_infos/touch_distance Mean               0.242714
evaluation/env_infos/touch_distance Std                0.000105483
evaluation/env_infos/touch_distance Max                0.242886
evaluation/env_infos/touch_distance Min                0.242544
evaluation/env_infos/final/success Mean                0
evaluation/env_infos/final/success Std                 0
evaluation/env_infos/final/success Max                 0
evaluation/env_infos/final/success Min                 0
evaluation/env_infos/initial/success Mean              0
evaluation/env_infos/initial/success Std               0
evaluation/env_infos/initial/success Max               0
evaluation/env_infos/initial/success Min               0
evaluation/env_infos/success Mean                      0
evaluation/env_infos/success Std                       0
evaluation/env_infos/success Max                       0
evaluation/env_infos/success Min                       0
evaluation/env_infos/final/image_dist Mean             9.89792
evaluation/env_infos/final/image_dist Std              1.28371
evaluation/env_infos/final/image_dist Max             11.8722
evaluation/env_infos/final/image_dist Min              8.01415
evaluation/env_infos/initial/image_dist Mean           9.8474
evaluation/env_infos/initial/image_dist Std            1.03948
evaluation/env_infos/initial/image_dist Max           11.3472
evaluation/env_infos/initial/image_dist Min            8.2535
evaluation/env_infos/image_dist Mean                   9.86019
evaluation/env_infos/image_dist Std                    1.20354
evaluation/env_infos/image_dist Max                   11.8799
evaluation/env_infos/image_dist Min                    7.95175
evaluation/env_infos/final/image_success Mean         -0.3
evaluation/env_infos/final/image_success Std           0.458258
evaluation/env_infos/final/image_success Max           0
evaluation/env_infos/final/image_success Min          -1
evaluation/env_infos/initial/image_success Mean       -0.5
evaluation/env_infos/initial/image_success Std         0.5
evaluation/env_infos/initial/image_success Max         0
evaluation/env_infos/initial/image_success Min        -1
evaluation/env_infos/image_success Mean               -0.384
evaluation/env_infos/image_success Std                 0.486358
evaluation/env_infos/image_success Max                 0
evaluation/env_infos/image_success Min                -1
evaluation/env_infos/final/vae_mdist Mean              7.24906
evaluation/env_infos/final/vae_mdist Std               5.13297
evaluation/env_infos/final/vae_mdist Max              15.6374
evaluation/env_infos/final/vae_mdist Min               0.995339
evaluation/env_infos/initial/vae_mdist Mean            6.24686
evaluation/env_infos/initial/vae_mdist Std             4.74355
evaluation/env_infos/initial/vae_mdist Max            14.0625
evaluation/env_infos/initial/vae_mdist Min             0.564917
evaluation/env_infos/vae_mdist Mean                    7.24672
evaluation/env_infos/vae_mdist Std                     5.17965
evaluation/env_infos/vae_mdist Max                    17.0798
evaluation/env_infos/vae_mdist Min                     0.564917
evaluation/env_infos/final/vae_success Mean            1
evaluation/env_infos/final/vae_success Std             0
evaluation/env_infos/final/vae_success Max             1
evaluation/env_infos/final/vae_success Min             1
evaluation/env_infos/initial/vae_success Mean          1
evaluation/env_infos/initial/vae_success Std           0
evaluation/env_infos/initial/vae_success Max           1
evaluation/env_infos/initial/vae_success Min           1
evaluation/env_infos/vae_success Mean                  1
evaluation/env_infos/vae_success Std                   0
evaluation/env_infos/vae_success Max                   1
evaluation/env_infos/vae_success Min                   1
evaluation/env_infos/final/vae_dist Mean               0.156657
evaluation/env_infos/final/vae_dist Std                0.0621586
evaluation/env_infos/final/vae_dist Max                0.247566
evaluation/env_infos/final/vae_dist Min                0.0624646
evaluation/env_infos/initial/vae_dist Mean             0.143067
evaluation/env_infos/initial/vae_dist Std              0.0625291
evaluation/env_infos/initial/vae_dist Max              0.2343
evaluation/env_infos/initial/vae_dist Min              0.0469432
evaluation/env_infos/vae_dist Mean                     0.156292
evaluation/env_infos/vae_dist Std                      0.0629818
evaluation/env_infos/vae_dist Max                      0.259015
evaluation/env_infos/vae_dist Min                      0.0469432
evaluation/env_infos/final/vae_dist_l1 Mean            0.313244
evaluation/env_infos/final/vae_dist_l1 Std             0.12429
evaluation/env_infos/final/vae_dist_l1 Max             0.49503
evaluation/env_infos/final/vae_dist_l1 Min             0.124902
evaluation/env_infos/initial/vae_dist_l1 Mean          0.286067
evaluation/env_infos/initial/vae_dist_l1 Std           0.125031
evaluation/env_infos/initial/vae_dist_l1 Max           0.468502
evaluation/env_infos/initial/vae_dist_l1 Min           0.0938643
evaluation/env_infos/vae_dist_l1 Mean                  0.312513
evaluation/env_infos/vae_dist_l1 Std                   0.125936
evaluation/env_infos/vae_dist_l1 Max                   0.517921
evaluation/env_infos/vae_dist_l1 Min                   0.0938643
evaluation/env_infos/final/vae_dist_l2 Mean            0.156657
evaluation/env_infos/final/vae_dist_l2 Std             0.0621586
evaluation/env_infos/final/vae_dist_l2 Max             0.247566
evaluation/env_infos/final/vae_dist_l2 Min             0.0624646
evaluation/env_infos/initial/vae_dist_l2 Mean          0.143067
evaluation/env_infos/initial/vae_dist_l2 Std           0.0625291
evaluation/env_infos/initial/vae_dist_l2 Max           0.2343
evaluation/env_infos/initial/vae_dist_l2 Min           0.0469432
evaluation/env_infos/vae_dist_l2 Mean                  0.156292
evaluation/env_infos/vae_dist_l2 Std                   0.0629818
evaluation/env_infos/vae_dist_l2 Max                   0.259015
evaluation/env_infos/vae_dist_l2 Min                   0.0469432
time/data storing (s)                                  0.0776735
time/evaluation sampling (s)                          15.6947
time/exploration sampling (s)                         14.2387
time/logging (s)                                       0.00987885
time/saving (s)                                        0.0208846
time/training (s)                                     15.6099
time/vae training (s)                                 10.181
time/epoch (s)                                        55.8327
time/total (s)                                       457.274
Epoch                                                  1
-------------------------------------------------  ---------------
