2019-08-24 22:00:41.130618 EDT | [rlkit-skew-fit-pusher-reference-sample-from-true-prior-take2_2019_08_24_21_59_31_0000--s-0] Epoch 0 finished
-------------------------------------------------  ----------------
vae_trainer/train/log prob                         -14227.2
vae_trainer/train/KL                                   19.0834
vae_trainer/train/loss                              14608.9
vae_trainer/epoch                                       0
vae_trainer/test/log prob                           -9519.32
vae_trainer/test/KL                                    10.477
vae_trainer/test/loss                                9728.86
vae_trainer/beta                                       20
replay_buffer/VAE Sample Weights Mean                   0.00166667
replay_buffer/VAE Sample Weights Std                    0.0120699
replay_buffer/VAE Sample Weights Max                    0.219673
replay_buffer/VAE Sample Weights Min                    1.84971e-08
replay_buffer/VAE Sample Probs Mean                     0.00166667
replay_buffer/VAE Sample Probs Std                      0.0120699
replay_buffer/VAE Sample Probs Max                      0.219673
replay_buffer/VAE Sample Probs Min                      1.84971e-08
trainer/QF1 Loss                                        1.09007
trainer/QF2 Loss                                        1.09014
trainer/Policy Loss                                    -1.34446
trainer/Q1 Predictions Mean                             0.00263129
trainer/Q1 Predictions Std                              0.00106391
trainer/Q1 Predictions Max                              0.00624711
trainer/Q1 Predictions Min                             -0.000940819
trainer/Q2 Predictions Mean                             6.61105e-05
trainer/Q2 Predictions Std                              0.000543797
trainer/Q2 Predictions Max                              0.00191879
trainer/Q2 Predictions Min                             -0.00121444
trainer/Q Targets Mean                                  0.0375458
trainer/Q Targets Std                                   1.0434
trainer/Q Targets Max                                   1.81611
trainer/Q Targets Min                                  -2.93114
trainer/Log Pis Mean                                   -1.34441
trainer/Log Pis Std                                     0.297829
trainer/Log Pis Max                                    -0.535223
trainer/Log Pis Min                                    -2.06421
trainer/Policy mu Mean                                  0.00126105
trainer/Policy mu Std                                   0.000630129
trainer/Policy mu Max                                   0.00298051
trainer/Policy mu Min                                  -0.000126534
trainer/Policy log std Mean                            -4.00193e-05
trainer/Policy log std Std                              0.000546458
trainer/Policy log std Max                              0.00154361
trainer/Policy log std Min                             -0.00138843
trainer/Alpha                                           0.999
trainer/Alpha Loss                                     -0
exploration/num steps total                           600
exploration/num paths total                            12
exploration/path length Mean                           50
exploration/path length Std                             0
exploration/path length Max                            50
exploration/path length Min                            50
exploration/hand_distance Mean                          0.0800474
exploration/hand_distance Std                           0.0330062
exploration/hand_distance Max                           0.158597
exploration/hand_distance Min                           0.0295482
exploration/Final hand_distance Mean                    0.0779488
exploration/Final hand_distance Std                     0.0347903
exploration/Final hand_distance Max                     0.14065
exploration/Final hand_distance Min                     0.0313945
exploration/puck_distance Mean                          0.133215
exploration/puck_distance Std                           0.0683409
exploration/puck_distance Max                           0.221408
exploration/puck_distance Min                           0.0240568
exploration/Final puck_distance Mean                    0.139455
exploration/Final puck_distance Std                     0.0627543
exploration/Final puck_distance Max                     0.221392
exploration/Final puck_distance Min                     0.0597926
exploration/touch_distance Mean                         0.133616
exploration/touch_distance Std                          0.0451863
exploration/touch_distance Max                          0.226282
exploration/touch_distance Min                          0.0562018
exploration/Final touch_distance Mean                   0.13074
exploration/Final touch_distance Std                    0.0368863
exploration/Final touch_distance Max                    0.182824
exploration/Final touch_distance Min                    0.0737718
exploration/success Mean                                0
exploration/success Std                                 0
exploration/success Max                                 0
exploration/success Min                                 0
exploration/Final success Mean                          0
exploration/Final success Std                           0
exploration/Final success Max                           0
exploration/Final success Min                           0
exploration/image_dist Mean                            11.6075
exploration/image_dist Std                              1.66375
exploration/image_dist Max                             15.9026
exploration/image_dist Min                              6.35013
exploration/Final image_dist Mean                      12.016
exploration/Final image_dist Std                        2.35972
exploration/Final image_dist Max                       15.4158
exploration/Final image_dist Min                        7.34757
exploration/image_success Mean                         -0.832
exploration/image_success Std                           0.373866
exploration/image_success Max                           0
exploration/image_success Min                          -1
exploration/Final image_success Mean                   -0.9
exploration/Final image_success Std                     0.3
exploration/Final image_success Max                     0
exploration/Final image_success Min                    -1
exploration/vae_mdist Mean                           1814.17
exploration/vae_mdist Std                             960.151
exploration/vae_mdist Max                            3217.7
exploration/vae_mdist Min                             505.197
exploration/Final vae_mdist Mean                     1814.17
exploration/Final vae_mdist Std                       960.151
exploration/Final vae_mdist Max                      3217.7
exploration/Final vae_mdist Min                       505.198
exploration/vae_success Mean                            0
exploration/vae_success Std                             0
exploration/vae_success Max                             0
exploration/vae_success Min                             0
exploration/Final vae_success Mean                      0
exploration/Final vae_success Std                       0
exploration/Final vae_success Max                       0
exploration/Final vae_success Min                       0
exploration/vae_dist Mean                               1.83217
exploration/vae_dist Std                                0.522677
exploration/vae_dist Max                                2.53726
exploration/vae_dist Min                                1.00545
exploration/Final vae_dist Mean                         1.83217
exploration/Final vae_dist Std                          0.522677
exploration/Final vae_dist Max                          2.53726
exploration/Final vae_dist Min                          1.00546
exploration/Rewards Mean                               -1.83217
exploration/Rewards Std                                 0.522677
exploration/Rewards Max                                -1.00545
exploration/Rewards Min                                -2.53726
exploration/Returns Mean                              -91.6085
exploration/Returns Std                                26.1338
exploration/Returns Max                               -50.2727
exploration/Returns Min                              -126.863
exploration/Actions Mean                                0.0381242
exploration/Actions Std                                 0.619219
exploration/Actions Max                                 0.991923
exploration/Actions Min                                -0.991803
exploration/Num Paths                                  10
exploration/Average Returns                           -91.6085
exploration/env_infos/final/hand_distance Mean          0.0779488
exploration/env_infos/final/hand_distance Std           0.0347903
exploration/env_infos/final/hand_distance Max           0.14065
exploration/env_infos/final/hand_distance Min           0.0313945
exploration/env_infos/initial/hand_distance Mean        0.100854
exploration/env_infos/initial/hand_distance Std         0.0287764
exploration/env_infos/initial/hand_distance Max         0.143674
exploration/env_infos/initial/hand_distance Min         0.0601551
exploration/env_infos/hand_distance Mean                0.0800474
exploration/env_infos/hand_distance Std                 0.0330062
exploration/env_infos/hand_distance Max                 0.158597
exploration/env_infos/hand_distance Min                 0.0295482
exploration/env_infos/final/puck_distance Mean          0.139455
exploration/env_infos/final/puck_distance Std           0.0627543
exploration/env_infos/final/puck_distance Max           0.221392
exploration/env_infos/final/puck_distance Min           0.0597926
exploration/env_infos/initial/puck_distance Mean        0.131205
exploration/env_infos/initial/puck_distance Std         0.0707669
exploration/env_infos/initial/puck_distance Max         0.221408
exploration/env_infos/initial/puck_distance Min         0.0240665
exploration/env_infos/puck_distance Mean                0.133215
exploration/env_infos/puck_distance Std                 0.0683409
exploration/env_infos/puck_distance Max                 0.221408
exploration/env_infos/puck_distance Min                 0.0240568
exploration/env_infos/final/touch_distance Mean         0.13074
exploration/env_infos/final/touch_distance Std          0.0368863
exploration/env_infos/final/touch_distance Max          0.182824
exploration/env_infos/final/touch_distance Min          0.0737718
exploration/env_infos/initial/touch_distance Mean       0.148934
exploration/env_infos/initial/touch_distance Std        0.0537635
exploration/env_infos/initial/touch_distance Max        0.225939
exploration/env_infos/initial/touch_distance Min        0.0687037
exploration/env_infos/touch_distance Mean               0.133616
exploration/env_infos/touch_distance Std                0.0451863
exploration/env_infos/touch_distance Max                0.226282
exploration/env_infos/touch_distance Min                0.0562018
exploration/env_infos/final/success Mean                0
exploration/env_infos/final/success Std                 0
exploration/env_infos/final/success Max                 0
exploration/env_infos/final/success Min                 0
exploration/env_infos/initial/success Mean              0
exploration/env_infos/initial/success Std               0
exploration/env_infos/initial/success Max               0
exploration/env_infos/initial/success Min               0
exploration/env_infos/success Mean                      0
exploration/env_infos/success Std                       0
exploration/env_infos/success Max                       0
exploration/env_infos/success Min                       0
exploration/env_infos/final/image_dist Mean            12.016
exploration/env_infos/final/image_dist Std              2.35972
exploration/env_infos/final/image_dist Max             15.4158
exploration/env_infos/final/image_dist Min              7.34757
exploration/env_infos/initial/image_dist Mean          10.5912
exploration/env_infos/initial/image_dist Std            0.941379
exploration/env_infos/initial/image_dist Max           12.1837
exploration/env_infos/initial/image_dist Min            8.82048
exploration/env_infos/image_dist Mean                  11.6075
exploration/env_infos/image_dist Std                    1.66375
exploration/env_infos/image_dist Max                   15.9026
exploration/env_infos/image_dist Min                    6.35013
exploration/env_infos/final/image_success Mean         -0.9
exploration/env_infos/final/image_success Std           0.3
exploration/env_infos/final/image_success Max           0
exploration/env_infos/final/image_success Min          -1
exploration/env_infos/initial/image_success Mean       -0.7
exploration/env_infos/initial/image_success Std         0.458258
exploration/env_infos/initial/image_success Max         0
exploration/env_infos/initial/image_success Min        -1
exploration/env_infos/image_success Mean               -0.832
exploration/env_infos/image_success Std                 0.373866
exploration/env_infos/image_success Max                 0
exploration/env_infos/image_success Min                -1
exploration/env_infos/final/vae_mdist Mean           1814.17
exploration/env_infos/final/vae_mdist Std             960.151
exploration/env_infos/final/vae_mdist Max            3217.7
exploration/env_infos/final/vae_mdist Min             505.198
exploration/env_infos/initial/vae_mdist Mean         1814.17
exploration/env_infos/initial/vae_mdist Std           960.151
exploration/env_infos/initial/vae_mdist Max          3217.7
exploration/env_infos/initial/vae_mdist Min           505.198
exploration/env_infos/vae_mdist Mean                 1814.17
exploration/env_infos/vae_mdist Std                   960.151
exploration/env_infos/vae_mdist Max                  3217.7
exploration/env_infos/vae_mdist Min                   505.197
exploration/env_infos/final/vae_success Mean            0
exploration/env_infos/final/vae_success Std             0
exploration/env_infos/final/vae_success Max             0
exploration/env_infos/final/vae_success Min             0
exploration/env_infos/initial/vae_success Mean          0
exploration/env_infos/initial/vae_success Std           0
exploration/env_infos/initial/vae_success Max           0
exploration/env_infos/initial/vae_success Min           0
exploration/env_infos/vae_success Mean                  0
exploration/env_infos/vae_success Std                   0
exploration/env_infos/vae_success Max                   0
exploration/env_infos/vae_success Min                   0
exploration/env_infos/final/vae_dist Mean               1.83217
exploration/env_infos/final/vae_dist Std                0.522677
exploration/env_infos/final/vae_dist Max                2.53726
exploration/env_infos/final/vae_dist Min                1.00546
exploration/env_infos/initial/vae_dist Mean             1.83217
exploration/env_infos/initial/vae_dist Std              0.522677
exploration/env_infos/initial/vae_dist Max              2.53726
exploration/env_infos/initial/vae_dist Min              1.00545
exploration/env_infos/vae_dist Mean                     1.83217
exploration/env_infos/vae_dist Std                      0.522677
exploration/env_infos/vae_dist Max                      2.53726
exploration/env_infos/vae_dist Min                      1.00545
exploration/env_infos/final/vae_dist_l1 Mean            3.15819
exploration/env_infos/final/vae_dist_l1 Std             0.958121
exploration/env_infos/final/vae_dist_l1 Max             4.6746
exploration/env_infos/final/vae_dist_l1 Min             1.97246
exploration/env_infos/initial/vae_dist_l1 Mean          3.15818
exploration/env_infos/initial/vae_dist_l1 Std           0.958121
exploration/env_infos/initial/vae_dist_l1 Max           4.6746
exploration/env_infos/initial/vae_dist_l1 Min           1.97245
exploration/env_infos/vae_dist_l1 Mean                  3.15818
exploration/env_infos/vae_dist_l1 Std                   0.958121
exploration/env_infos/vae_dist_l1 Max                   4.6746
exploration/env_infos/vae_dist_l1 Min                   1.97245
exploration/env_infos/final/vae_dist_l2 Mean            1.83217
exploration/env_infos/final/vae_dist_l2 Std             0.522677
exploration/env_infos/final/vae_dist_l2 Max             2.53726
exploration/env_infos/final/vae_dist_l2 Min             1.00546
exploration/env_infos/initial/vae_dist_l2 Mean          1.83217
exploration/env_infos/initial/vae_dist_l2 Std           0.522677
exploration/env_infos/initial/vae_dist_l2 Max           2.53726
exploration/env_infos/initial/vae_dist_l2 Min           1.00545
exploration/env_infos/vae_dist_l2 Mean                  1.83217
exploration/env_infos/vae_dist_l2 Std                   0.522677
exploration/env_infos/vae_dist_l2 Max                   2.53726
exploration/env_infos/vae_dist_l2 Min                   1.00545
evaluation/num steps total                            500
evaluation/num paths total                             10
evaluation/path length Mean                            50
evaluation/path length Std                              0
evaluation/path length Max                             50
evaluation/path length Min                             50
evaluation/hand_distance Mean                           0.114335
evaluation/hand_distance Std                            0.0212537
evaluation/hand_distance Max                            0.13998
evaluation/hand_distance Min                            0.0760291
evaluation/Final hand_distance Mean                     0.114255
evaluation/Final hand_distance Std                      0.0209989
evaluation/Final hand_distance Max                      0.138952
evaluation/Final hand_distance Min                      0.0814648
evaluation/puck_distance Mean                           0.11045
evaluation/puck_distance Std                            0.0619784
evaluation/puck_distance Max                            0.21073
evaluation/puck_distance Min                            0.0291744
evaluation/Final puck_distance Mean                     0.11045
evaluation/Final puck_distance Std                      0.0619783
evaluation/Final puck_distance Max                      0.21073
evaluation/Final puck_distance Min                      0.0291744
evaluation/touch_distance Mean                          0.163648
evaluation/touch_distance Std                           0.0364543
evaluation/touch_distance Max                           0.23309
evaluation/touch_distance Min                           0.105137
evaluation/Final touch_distance Mean                    0.163812
evaluation/Final touch_distance Std                     0.0362272
evaluation/Final touch_distance Max                     0.226342
evaluation/Final touch_distance Min                     0.105137
evaluation/success Mean                                 0
evaluation/success Std                                  0
evaluation/success Max                                  0
evaluation/success Min                                  0
evaluation/Final success Mean                           0
evaluation/Final success Std                            0
evaluation/Final success Max                            0
evaluation/Final success Min                            0
evaluation/image_dist Mean                             11.0534
evaluation/image_dist Std                               0.808457
evaluation/image_dist Max                              12.2841
evaluation/image_dist Min                               9.50737
evaluation/Final image_dist Mean                       11.0789
evaluation/Final image_dist Std                         0.802583
evaluation/Final image_dist Max                        12.2447
evaluation/Final image_dist Min                         9.86871
evaluation/image_success Mean                          -0.802
evaluation/image_success Std                            0.398492
evaluation/image_success Max                            0
evaluation/image_success Min                           -1
evaluation/Final image_success Mean                    -0.8
evaluation/Final image_success Std                      0.4
evaluation/Final image_success Max                      0
evaluation/Final image_success Min                     -1
evaluation/vae_mdist Mean                               1.7819e-09
evaluation/vae_mdist Std                                1.31687e-09
evaluation/vae_mdist Max                                8.20921e-09
evaluation/vae_mdist Min                                2.20229e-10
evaluation/Final vae_mdist Mean                         1.74064e-09
evaluation/Final vae_mdist Std                          1.20047e-09
evaluation/Final vae_mdist Max                          4.19009e-09
evaluation/Final vae_mdist Min                          4.05151e-10
evaluation/vae_success Mean                             1
evaluation/vae_success Std                              0
evaluation/vae_success Max                              1
evaluation/vae_success Min                              1
evaluation/Final vae_success Mean                       1
evaluation/Final vae_success Std                        0
evaluation/Final vae_success Max                        1
evaluation/Final vae_success Min                        1
evaluation/vae_dist Mean                                1.77619e-06
evaluation/vae_dist Std                                 6.40727e-07
evaluation/vae_dist Max                                 4.05292e-06
evaluation/vae_dist Min                                 6.63869e-07
evaluation/Final vae_dist Mean                          1.76196e-06
evaluation/Final vae_dist Std                           6.15134e-07
evaluation/Final vae_dist Max                           2.89558e-06
evaluation/Final vae_dist Min                           9.00422e-07
evaluation/Rewards Mean                                -1.77619e-06
evaluation/Rewards Std                                  6.40727e-07
evaluation/Rewards Max                                 -6.63869e-07
evaluation/Rewards Min                                 -4.05292e-06
evaluation/Returns Mean                                -8.88094e-05
evaluation/Returns Std                                  3.07071e-05
evaluation/Returns Max                                 -4.17136e-05
evaluation/Returns Min                                 -0.000155492
evaluation/Actions Mean                                 0.00126804
evaluation/Actions Std                                  0.000596508
evaluation/Actions Max                                  0.00186455
evaluation/Actions Min                                  0.000671528
evaluation/Num Paths                                   10
evaluation/Average Returns                             -8.88094e-05
evaluation/env_infos/final/hand_distance Mean           0.114255
evaluation/env_infos/final/hand_distance Std            0.0209989
evaluation/env_infos/final/hand_distance Max            0.138952
evaluation/env_infos/final/hand_distance Min            0.0814648
evaluation/env_infos/initial/hand_distance Mean         0.114984
evaluation/env_infos/initial/hand_distance Std          0.0227651
evaluation/env_infos/initial/hand_distance Max          0.13998
evaluation/env_infos/initial/hand_distance Min          0.0760291
evaluation/env_infos/hand_distance Mean                 0.114335
evaluation/env_infos/hand_distance Std                  0.0212537
evaluation/env_infos/hand_distance Max                  0.13998
evaluation/env_infos/hand_distance Min                  0.0760291
evaluation/env_infos/final/puck_distance Mean           0.11045
evaluation/env_infos/final/puck_distance Std            0.0619783
evaluation/env_infos/final/puck_distance Max            0.21073
evaluation/env_infos/final/puck_distance Min            0.0291744
evaluation/env_infos/initial/puck_distance Mean         0.110451
evaluation/env_infos/initial/puck_distance Std          0.0619785
evaluation/env_infos/initial/puck_distance Max          0.21073
evaluation/env_infos/initial/puck_distance Min          0.0291813
evaluation/env_infos/puck_distance Mean                 0.11045
evaluation/env_infos/puck_distance Std                  0.0619784
evaluation/env_infos/puck_distance Max                  0.21073
evaluation/env_infos/puck_distance Min                  0.0291744
evaluation/env_infos/final/touch_distance Mean          0.163812
evaluation/env_infos/final/touch_distance Std           0.0362272
evaluation/env_infos/final/touch_distance Max           0.226342
evaluation/env_infos/final/touch_distance Min           0.105137
evaluation/env_infos/initial/touch_distance Mean        0.162375
evaluation/env_infos/initial/touch_distance Std         0.037829
evaluation/env_infos/initial/touch_distance Max         0.23309
evaluation/env_infos/initial/touch_distance Min         0.113215
evaluation/env_infos/touch_distance Mean                0.163648
evaluation/env_infos/touch_distance Std                 0.0364543
evaluation/env_infos/touch_distance Max                 0.23309
evaluation/env_infos/touch_distance Min                 0.105137
evaluation/env_infos/final/success Mean                 0
evaluation/env_infos/final/success Std                  0
evaluation/env_infos/final/success Max                  0
evaluation/env_infos/final/success Min                  0
evaluation/env_infos/initial/success Mean               0
evaluation/env_infos/initial/success Std                0
evaluation/env_infos/initial/success Max                0
evaluation/env_infos/initial/success Min                0
evaluation/env_infos/success Mean                       0
evaluation/env_infos/success Std                        0
evaluation/env_infos/success Max                        0
evaluation/env_infos/success Min                        0
evaluation/env_infos/final/image_dist Mean             11.0789
evaluation/env_infos/final/image_dist Std               0.802583
evaluation/env_infos/final/image_dist Max              12.2447
evaluation/env_infos/final/image_dist Min               9.86871
evaluation/env_infos/initial/image_dist Mean           11.1033
evaluation/env_infos/initial/image_dist Std             0.810412
evaluation/env_infos/initial/image_dist Max            12.1094
evaluation/env_infos/initial/image_dist Min             9.50737
evaluation/env_infos/image_dist Mean                   11.0534
evaluation/env_infos/image_dist Std                     0.808457
evaluation/env_infos/image_dist Max                    12.2841
evaluation/env_infos/image_dist Min                     9.50737
evaluation/env_infos/final/image_success Mean          -0.8
evaluation/env_infos/final/image_success Std            0.4
evaluation/env_infos/final/image_success Max            0
evaluation/env_infos/final/image_success Min           -1
evaluation/env_infos/initial/image_success Mean        -0.9
evaluation/env_infos/initial/image_success Std          0.3
evaluation/env_infos/initial/image_success Max          0
evaluation/env_infos/initial/image_success Min         -1
evaluation/env_infos/image_success Mean                -0.802
evaluation/env_infos/image_success Std                  0.398492
evaluation/env_infos/image_success Max                  0
evaluation/env_infos/image_success Min                 -1
evaluation/env_infos/final/vae_mdist Mean               1.74064e-09
evaluation/env_infos/final/vae_mdist Std                1.20047e-09
evaluation/env_infos/final/vae_mdist Max                4.19009e-09
evaluation/env_infos/final/vae_mdist Min                4.05151e-10
evaluation/env_infos/initial/vae_mdist Mean             2.78847e-09
evaluation/env_infos/initial/vae_mdist Std              2.016e-09
evaluation/env_infos/initial/vae_mdist Max              8.20921e-09
evaluation/env_infos/initial/vae_mdist Min              6.63282e-10
evaluation/env_infos/vae_mdist Mean                     1.7819e-09
evaluation/env_infos/vae_mdist Std                      1.31687e-09
evaluation/env_infos/vae_mdist Max                      8.20921e-09
evaluation/env_infos/vae_mdist Min                      2.20229e-10
evaluation/env_infos/final/vae_success Mean             1
evaluation/env_infos/final/vae_success Std              0
evaluation/env_infos/final/vae_success Max              1
evaluation/env_infos/final/vae_success Min              1
evaluation/env_infos/initial/vae_success Mean           1
evaluation/env_infos/initial/vae_success Std            0
evaluation/env_infos/initial/vae_success Max            1
evaluation/env_infos/initial/vae_success Min            1
evaluation/env_infos/vae_success Mean                   1
evaluation/env_infos/vae_success Std                    0
evaluation/env_infos/vae_success Max                    1
evaluation/env_infos/vae_success Min                    1
evaluation/env_infos/final/vae_dist Mean                1.76196e-06
evaluation/env_infos/final/vae_dist Std                 6.15134e-07
evaluation/env_infos/final/vae_dist Max                 2.89558e-06
evaluation/env_infos/final/vae_dist Min                 9.00422e-07
evaluation/env_infos/initial/vae_dist Mean              2.23103e-06
evaluation/env_infos/initial/vae_dist Std               7.75677e-07
evaluation/env_infos/initial/vae_dist Max               4.05292e-06
evaluation/env_infos/initial/vae_dist Min               1.15199e-06
evaluation/env_infos/vae_dist Mean                      1.77619e-06
evaluation/env_infos/vae_dist Std                       6.40727e-07
evaluation/env_infos/vae_dist Max                       4.05292e-06
evaluation/env_infos/vae_dist Min                       6.63869e-07
evaluation/env_infos/final/vae_dist_l1 Mean             3.10225e-06
evaluation/env_infos/final/vae_dist_l1 Std              1.12667e-06
evaluation/env_infos/final/vae_dist_l1 Max              5.12903e-06
evaluation/env_infos/final/vae_dist_l1 Min              1.59733e-06
evaluation/env_infos/initial/vae_dist_l1 Mean           3.52438e-06
evaluation/env_infos/initial/vae_dist_l1 Std            1.36939e-06
evaluation/env_infos/initial/vae_dist_l1 Max            6.76612e-06
evaluation/env_infos/initial/vae_dist_l1 Min            1.74087e-06
evaluation/env_infos/vae_dist_l1 Mean                   3.06437e-06
evaluation/env_infos/vae_dist_l1 Std                    1.14717e-06
evaluation/env_infos/vae_dist_l1 Max                    6.76612e-06
evaluation/env_infos/vae_dist_l1 Min                    1.11916e-06
evaluation/env_infos/final/vae_dist_l2 Mean             1.76196e-06
evaluation/env_infos/final/vae_dist_l2 Std              6.15134e-07
evaluation/env_infos/final/vae_dist_l2 Max              2.89558e-06
evaluation/env_infos/final/vae_dist_l2 Min              9.00422e-07
evaluation/env_infos/initial/vae_dist_l2 Mean           2.23103e-06
evaluation/env_infos/initial/vae_dist_l2 Std            7.75677e-07
evaluation/env_infos/initial/vae_dist_l2 Max            4.05292e-06
evaluation/env_infos/initial/vae_dist_l2 Min            1.15199e-06
evaluation/env_infos/vae_dist_l2 Mean                   1.77619e-06
evaluation/env_infos/vae_dist_l2 Std                    6.40727e-07
evaluation/env_infos/vae_dist_l2 Max                    4.05292e-06
evaluation/env_infos/vae_dist_l2 Min                    6.63869e-07
time/data storing (s)                                   0.0606861
time/evaluation sampling (s)                           16.4909
time/exploration sampling (s)                          16.7323
time/logging (s)                                        0.0103102
time/saving (s)                                         0.0229531
time/training (s)                                      15.8884
time/vae training (s)                                   8.41748
time/epoch (s)                                         57.623
time/total (s)                                         69.5962
Epoch                                                   0
-------------------------------------------------  ----------------
