2019-08-24 07:55:34.081379 EDT | [rlkit-skew-fit-pusher-reference-sample-from-true-prior-take2_2019_08_24_07_49_16_0000--s-0] Epoch 0 finished
-------------------------------------------------  ----------------
vae_trainer/train/log prob                         -12551.1
vae_trainer/train/KL                                   21.4149
vae_trainer/train/loss                              12979.4
vae_trainer/epoch                                       0
vae_trainer/test/log prob                          -10605.5
vae_trainer/test/KL                                    10.9404
vae_trainer/test/loss                               10824.3
vae_trainer/beta                                       20
replay_buffer/VAE Sample Weights Mean                   9.52381e-05
replay_buffer/VAE Sample Weights Std                    0.00351426
replay_buffer/VAE Sample Weights Max                    0.197355
replay_buffer/VAE Sample Weights Min                    3.39112e-12
replay_buffer/VAE Sample Probs Mean                     9.52381e-05
replay_buffer/VAE Sample Probs Std                      0.00351426
replay_buffer/VAE Sample Probs Max                      0.197355
replay_buffer/VAE Sample Probs Min                      3.39112e-12
trainer/QF1 Loss                                        1.16259
trainer/QF2 Loss                                        1.16199
trainer/Policy Loss                                    -1.33124
trainer/Q1 Predictions Mean                             0.00589997
trainer/Q1 Predictions Std                              0.000829791
trainer/Q1 Predictions Max                              0.00891386
trainer/Q1 Predictions Min                              0.00299791
trainer/Q2 Predictions Mean                            -0.000360119
trainer/Q2 Predictions Std                              0.000751739
trainer/Q2 Predictions Max                              0.00276135
trainer/Q2 Predictions Min                             -0.00285703
trainer/Q Targets Mean                                 -0.0367777
trainer/Q Targets Std                                   1.07737
trainer/Q Targets Max                                   1.80767
trainer/Q Targets Min                                  -2.99072
trainer/Log Pis Mean                                   -1.33157
trainer/Log Pis Std                                     0.304696
trainer/Log Pis Max                                    -0.544447
trainer/Log Pis Min                                    -2.08446
trainer/Policy mu Mean                                  0.000874213
trainer/Policy mu Std                                   0.000333067
trainer/Policy mu Max                                   0.00218679
trainer/Policy mu Min                                  -0.000130473
trainer/Policy log std Mean                             0.00100731
trainer/Policy log std Std                              0.000584559
trainer/Policy log std Max                              0.00267052
trainer/Policy log std Min                             -2.13531e-05
trainer/Alpha                                           0.999
trainer/Alpha Loss                                     -0
exploration/num steps total                         10500
exploration/num paths total                           210
exploration/path length Mean                           50
exploration/path length Std                             0
exploration/path length Max                            50
exploration/path length Min                            50
exploration/hand_distance Mean                          0.0896162
exploration/hand_distance Std                           0.0350536
exploration/hand_distance Max                           0.183986
exploration/hand_distance Min                           0.0274541
exploration/Final hand_distance Mean                    0.0886472
exploration/Final hand_distance Std                     0.0318428
exploration/Final hand_distance Max                     0.148887
exploration/Final hand_distance Min                     0.0318797
exploration/puck_distance Mean                          0.201162
exploration/puck_distance Std                           0.0577032
exploration/puck_distance Max                           0.284071
exploration/puck_distance Min                           0.0939403
exploration/Final puck_distance Mean                    0.201102
exploration/Final puck_distance Std                     0.0577112
exploration/Final puck_distance Max                     0.283997
exploration/Final puck_distance Min                     0.0939403
exploration/touch_distance Mean                         0.199999
exploration/touch_distance Std                          0.035152
exploration/touch_distance Max                          0.258997
exploration/touch_distance Min                          0.0895557
exploration/Final touch_distance Mean                   0.177193
exploration/Final touch_distance Std                    0.042345
exploration/Final touch_distance Max                    0.258327
exploration/Final touch_distance Min                    0.101739
exploration/success Mean                                0
exploration/success Std                                 0
exploration/success Max                                 0
exploration/success Min                                 0
exploration/Final success Mean                          0
exploration/Final success Std                           0
exploration/Final success Max                           0
exploration/Final success Min                           0
exploration/image_dist Mean                            10.4465
exploration/image_dist Std                              2.01745
exploration/image_dist Max                             13.9073
exploration/image_dist Min                              5.60467
exploration/Final image_dist Mean                      11.0581
exploration/Final image_dist Std                        2.26419
exploration/Final image_dist Max                       13.9073
exploration/Final image_dist Min                        6.97861
exploration/image_success Mean                         -0.602
exploration/image_success Std                           0.489485
exploration/image_success Max                           0
exploration/image_success Min                          -1
exploration/Final image_success Mean                   -0.7
exploration/Final image_success Std                     0.458258
exploration/Final image_success Max                     0
exploration/Final image_success Min                    -1
exploration/vae_mdist Mean                           2195.31
exploration/vae_mdist Std                            1132.3
exploration/vae_mdist Max                            3616.43
exploration/vae_mdist Min                             314.641
exploration/Final vae_mdist Mean                     2195.31
exploration/Final vae_mdist Std                      1132.3
exploration/Final vae_mdist Max                      3616.42
exploration/Final vae_mdist Min                       314.642
exploration/vae_success Mean                            0
exploration/vae_success Std                             0
exploration/vae_success Max                             0
exploration/vae_success Min                             0
exploration/Final vae_success Mean                      0
exploration/Final vae_success Std                       0
exploration/Final vae_success Max                       0
exploration/Final vae_success Min                       0
exploration/vae_dist Mean                               2.00632
exploration/vae_dist Std                                0.606914
exploration/vae_dist Max                                2.69068
exploration/vae_dist Min                                0.793527
exploration/Final vae_dist Mean                         2.00632
exploration/Final vae_dist Std                          0.606913
exploration/Final vae_dist Max                          2.69068
exploration/Final vae_dist Min                          0.793528
exploration/Rewards Mean                               -2.00632
exploration/Rewards Std                                 0.606914
exploration/Rewards Max                                -0.793527
exploration/Rewards Min                                -2.69068
exploration/Returns Mean                             -100.316
exploration/Returns Std                                30.3457
exploration/Returns Max                               -39.6764
exploration/Returns Min                              -134.534
exploration/Actions Mean                                0.0149044
exploration/Actions Std                                 0.633578
exploration/Actions Max                                 0.997486
exploration/Actions Min                                -0.995658
exploration/Num Paths                                  10
exploration/Average Returns                          -100.316
exploration/env_infos/final/hand_distance Mean          0.0886472
exploration/env_infos/final/hand_distance Std           0.0318428
exploration/env_infos/final/hand_distance Max           0.148887
exploration/env_infos/final/hand_distance Min           0.0318797
exploration/env_infos/initial/hand_distance Mean        0.102035
exploration/env_infos/initial/hand_distance Std         0.030043
exploration/env_infos/initial/hand_distance Max         0.150167
exploration/env_infos/initial/hand_distance Min         0.0595408
exploration/env_infos/hand_distance Mean                0.0896162
exploration/env_infos/hand_distance Std                 0.0350536
exploration/env_infos/hand_distance Max                 0.183986
exploration/env_infos/hand_distance Min                 0.0274541
exploration/env_infos/final/puck_distance Mean          0.201102
exploration/env_infos/final/puck_distance Std           0.0577112
exploration/env_infos/final/puck_distance Max           0.283997
exploration/env_infos/final/puck_distance Min           0.0939403
exploration/env_infos/initial/puck_distance Mean        0.201221
exploration/env_infos/initial/puck_distance Std         0.057695
exploration/env_infos/initial/puck_distance Max         0.284071
exploration/env_infos/initial/puck_distance Min         0.094089
exploration/env_infos/puck_distance Mean                0.201162
exploration/env_infos/puck_distance Std                 0.0577032
exploration/env_infos/puck_distance Max                 0.284071
exploration/env_infos/puck_distance Min                 0.0939403
exploration/env_infos/final/touch_distance Mean         0.177193
exploration/env_infos/final/touch_distance Std          0.042345
exploration/env_infos/final/touch_distance Max          0.258327
exploration/env_infos/final/touch_distance Min          0.101739
exploration/env_infos/initial/touch_distance Mean       0.242894
exploration/env_infos/initial/touch_distance Std        0.000279416
exploration/env_infos/initial/touch_distance Max        0.243378
exploration/env_infos/initial/touch_distance Min        0.242661
exploration/env_infos/touch_distance Mean               0.199999
exploration/env_infos/touch_distance Std                0.035152
exploration/env_infos/touch_distance Max                0.258997
exploration/env_infos/touch_distance Min                0.0895557
exploration/env_infos/final/success Mean                0
exploration/env_infos/final/success Std                 0
exploration/env_infos/final/success Max                 0
exploration/env_infos/final/success Min                 0
exploration/env_infos/initial/success Mean              0
exploration/env_infos/initial/success Std               0
exploration/env_infos/initial/success Max               0
exploration/env_infos/initial/success Min               0
exploration/env_infos/success Mean                      0
exploration/env_infos/success Std                       0
exploration/env_infos/success Max                       0
exploration/env_infos/success Min                       0
exploration/env_infos/final/image_dist Mean            11.0581
exploration/env_infos/final/image_dist Std              2.26419
exploration/env_infos/final/image_dist Max             13.9073
exploration/env_infos/final/image_dist Min              6.97861
exploration/env_infos/initial/image_dist Mean           9.43384
exploration/env_infos/initial/image_dist Std            1.24091
exploration/env_infos/initial/image_dist Max           10.7176
exploration/env_infos/initial/image_dist Min            6.89026
exploration/env_infos/image_dist Mean                  10.4465
exploration/env_infos/image_dist Std                    2.01745
exploration/env_infos/image_dist Max                   13.9073
exploration/env_infos/image_dist Min                    5.60467
exploration/env_infos/final/image_success Mean         -0.7
exploration/env_infos/final/image_success Std           0.458258
exploration/env_infos/final/image_success Max           0
exploration/env_infos/final/image_success Min          -1
exploration/env_infos/initial/image_success Mean       -0.5
exploration/env_infos/initial/image_success Std         0.5
exploration/env_infos/initial/image_success Max         0
exploration/env_infos/initial/image_success Min        -1
exploration/env_infos/image_success Mean               -0.602
exploration/env_infos/image_success Std                 0.489485
exploration/env_infos/image_success Max                 0
exploration/env_infos/image_success Min                -1
exploration/env_infos/final/vae_mdist Mean           2195.31
exploration/env_infos/final/vae_mdist Std            1132.3
exploration/env_infos/final/vae_mdist Max            3616.42
exploration/env_infos/final/vae_mdist Min             314.642
exploration/env_infos/initial/vae_mdist Mean         2195.31
exploration/env_infos/initial/vae_mdist Std          1132.3
exploration/env_infos/initial/vae_mdist Max          3616.42
exploration/env_infos/initial/vae_mdist Min           314.642
exploration/env_infos/vae_mdist Mean                 2195.31
exploration/env_infos/vae_mdist Std                  1132.3
exploration/env_infos/vae_mdist Max                  3616.43
exploration/env_infos/vae_mdist Min                   314.641
exploration/env_infos/final/vae_success Mean            0
exploration/env_infos/final/vae_success Std             0
exploration/env_infos/final/vae_success Max             0
exploration/env_infos/final/vae_success Min             0
exploration/env_infos/initial/vae_success Mean          0
exploration/env_infos/initial/vae_success Std           0
exploration/env_infos/initial/vae_success Max           0
exploration/env_infos/initial/vae_success Min           0
exploration/env_infos/vae_success Mean                  0
exploration/env_infos/vae_success Std                   0
exploration/env_infos/vae_success Max                   0
exploration/env_infos/vae_success Min                   0
exploration/env_infos/final/vae_dist Mean               2.00632
exploration/env_infos/final/vae_dist Std                0.606913
exploration/env_infos/final/vae_dist Max                2.69068
exploration/env_infos/final/vae_dist Min                0.793528
exploration/env_infos/initial/vae_dist Mean             2.00632
exploration/env_infos/initial/vae_dist Std              0.606914
exploration/env_infos/initial/vae_dist Max              2.69068
exploration/env_infos/initial/vae_dist Min              0.793527
exploration/env_infos/vae_dist Mean                     2.00632
exploration/env_infos/vae_dist Std                      0.606914
exploration/env_infos/vae_dist Max                      2.69068
exploration/env_infos/vae_dist Min                      0.793527
exploration/env_infos/final/vae_dist_l1 Mean            3.37038
exploration/env_infos/final/vae_dist_l1 Std             1.09588
exploration/env_infos/final/vae_dist_l1 Max             4.79401
exploration/env_infos/final/vae_dist_l1 Min             1.35792
exploration/env_infos/initial/vae_dist_l1 Mean          3.37038
exploration/env_infos/initial/vae_dist_l1 Std           1.09588
exploration/env_infos/initial/vae_dist_l1 Max           4.79401
exploration/env_infos/initial/vae_dist_l1 Min           1.35792
exploration/env_infos/vae_dist_l1 Mean                  3.37038
exploration/env_infos/vae_dist_l1 Std                   1.09588
exploration/env_infos/vae_dist_l1 Max                   4.79401
exploration/env_infos/vae_dist_l1 Min                   1.35792
exploration/env_infos/final/vae_dist_l2 Mean            2.00632
exploration/env_infos/final/vae_dist_l2 Std             0.606913
exploration/env_infos/final/vae_dist_l2 Max             2.69068
exploration/env_infos/final/vae_dist_l2 Min             0.793528
exploration/env_infos/initial/vae_dist_l2 Mean          2.00632
exploration/env_infos/initial/vae_dist_l2 Std           0.606914
exploration/env_infos/initial/vae_dist_l2 Max           2.69068
exploration/env_infos/initial/vae_dist_l2 Min           0.793527
exploration/env_infos/vae_dist_l2 Mean                  2.00632
exploration/env_infos/vae_dist_l2 Std                   0.606914
exploration/env_infos/vae_dist_l2 Max                   2.69068
exploration/env_infos/vae_dist_l2 Min                   0.793527
evaluation/num steps total                            500
evaluation/num paths total                             10
evaluation/path length Mean                            50
evaluation/path length Std                              0
evaluation/path length Max                             50
evaluation/path length Min                             50
evaluation/hand_distance Mean                           0.0981519
evaluation/hand_distance Std                            0.0219503
evaluation/hand_distance Max                            0.130695
evaluation/hand_distance Min                            0.0623547
evaluation/Final hand_distance Mean                     0.0981497
evaluation/Final hand_distance Std                      0.0218118
evaluation/Final hand_distance Max                      0.130615
evaluation/Final hand_distance Min                      0.0657453
evaluation/puck_distance Mean                           0.159936
evaluation/puck_distance Std                            0.0733647
evaluation/puck_distance Max                            0.275834
evaluation/puck_distance Min                            0.0597539
evaluation/Final puck_distance Mean                     0.159888
evaluation/Final puck_distance Std                      0.0733646
evaluation/Final puck_distance Max                      0.275741
evaluation/Final puck_distance Min                      0.0597539
evaluation/touch_distance Mean                          0.24235
evaluation/touch_distance Std                           0.000141887
evaluation/touch_distance Max                           0.242813
evaluation/touch_distance Min                           0.242039
evaluation/Final touch_distance Mean                    0.242039
evaluation/Final touch_distance Std                     4.94517e-09
evaluation/Final touch_distance Max                     0.242039
evaluation/Final touch_distance Min                     0.242039
evaluation/success Mean                                 0
evaluation/success Std                                  0
evaluation/success Max                                  0
evaluation/success Min                                  0
evaluation/Final success Mean                           0
evaluation/Final success Std                            0
evaluation/Final success Max                            0
evaluation/Final success Min                            0
evaluation/image_dist Mean                              9.73815
evaluation/image_dist Std                               1.1956
evaluation/image_dist Max                              11.4149
evaluation/image_dist Min                               6.54226
evaluation/Final image_dist Mean                        9.78059
evaluation/Final image_dist Std                         1.18646
evaluation/Final image_dist Max                        11.414
evaluation/Final image_dist Min                         6.74199
evaluation/image_success Mean                          -0.406
evaluation/image_success Std                            0.491085
evaluation/image_success Max                            0
evaluation/image_success Min                           -1
evaluation/Final image_success Mean                    -0.4
evaluation/Final image_success Std                      0.489898
evaluation/Final image_success Max                      0
evaluation/Final image_success Min                     -1
evaluation/vae_mdist Mean                               3.23677e-09
evaluation/vae_mdist Std                                1.91278e-09
evaluation/vae_mdist Max                                7.3522e-09
evaluation/vae_mdist Min                                2.8066e-10
evaluation/Final vae_mdist Mean                         3.71536e-09
evaluation/Final vae_mdist Std                          1.8176e-09
evaluation/Final vae_mdist Max                          5.92964e-09
evaluation/Final vae_mdist Min                          7.88286e-10
evaluation/vae_success Mean                             1
evaluation/vae_success Std                              0
evaluation/vae_success Max                              1
evaluation/vae_success Min                              1
evaluation/Final vae_success Mean                       1
evaluation/Final vae_success Std                        0
evaluation/Final vae_success Max                        1
evaluation/Final vae_success Min                        1
evaluation/vae_dist Mean                                2.40482e-06
evaluation/vae_dist Std                                 8.33464e-07
evaluation/vae_dist Max                                 3.8357e-06
evaluation/vae_dist Min                                 7.49487e-07
evaluation/Final vae_dist Mean                          2.61883e-06
evaluation/Final vae_dist Std                           7.60104e-07
evaluation/Final vae_dist Max                           3.44486e-06
evaluation/Final vae_dist Min                           1.256e-06
evaluation/Rewards Mean                                -2.40482e-06
evaluation/Rewards Std                                  8.33464e-07
evaluation/Rewards Max                                 -7.49487e-07
evaluation/Rewards Min                                 -3.8357e-06
evaluation/Returns Mean                                -0.000120241
evaluation/Returns Std                                  4.03582e-05
evaluation/Returns Max                                 -5.70686e-05
evaluation/Returns Min                                 -0.000175966
evaluation/Actions Mean                                 0.000866689
evaluation/Actions Std                                  0.000138203
evaluation/Actions Max                                  0.00100489
evaluation/Actions Min                                  0.000728485
evaluation/Num Paths                                   10
evaluation/Average Returns                             -0.000120241
evaluation/env_infos/final/hand_distance Mean           0.0981497
evaluation/env_infos/final/hand_distance Std            0.0218118
evaluation/env_infos/final/hand_distance Max            0.130615
evaluation/env_infos/final/hand_distance Min            0.0657453
evaluation/env_infos/initial/hand_distance Mean         0.0985646
evaluation/env_infos/initial/hand_distance Std          0.0225883
evaluation/env_infos/initial/hand_distance Max          0.128762
evaluation/env_infos/initial/hand_distance Min          0.0623547
evaluation/env_infos/hand_distance Mean                 0.0981519
evaluation/env_infos/hand_distance Std                  0.0219503
evaluation/env_infos/hand_distance Max                  0.130695
evaluation/env_infos/hand_distance Min                  0.0623547
evaluation/env_infos/final/puck_distance Mean           0.159888
evaluation/env_infos/final/puck_distance Std            0.0733646
evaluation/env_infos/final/puck_distance Max            0.275741
evaluation/env_infos/final/puck_distance Min            0.0597539
evaluation/env_infos/initial/puck_distance Mean         0.159983
evaluation/env_infos/initial/puck_distance Std          0.0733647
evaluation/env_infos/initial/puck_distance Max          0.275834
evaluation/env_infos/initial/puck_distance Min          0.0598807
evaluation/env_infos/puck_distance Mean                 0.159936
evaluation/env_infos/puck_distance Std                  0.0733647
evaluation/env_infos/puck_distance Max                  0.275834
evaluation/env_infos/puck_distance Min                  0.0597539
evaluation/env_infos/final/touch_distance Mean          0.242039
evaluation/env_infos/final/touch_distance Std           4.94517e-09
evaluation/env_infos/final/touch_distance Max           0.242039
evaluation/env_infos/final/touch_distance Min           0.242039
evaluation/env_infos/initial/touch_distance Mean        0.242813
evaluation/env_infos/initial/touch_distance Std         3.3795e-07
evaluation/env_infos/initial/touch_distance Max         0.242813
evaluation/env_infos/initial/touch_distance Min         0.242812
evaluation/env_infos/touch_distance Mean                0.24235
evaluation/env_infos/touch_distance Std                 0.000141887
evaluation/env_infos/touch_distance Max                 0.242813
evaluation/env_infos/touch_distance Min                 0.242039
evaluation/env_infos/final/success Mean                 0
evaluation/env_infos/final/success Std                  0
evaluation/env_infos/final/success Max                  0
evaluation/env_infos/final/success Min                  0
evaluation/env_infos/initial/success Mean               0
evaluation/env_infos/initial/success Std                0
evaluation/env_infos/initial/success Max                0
evaluation/env_infos/initial/success Min                0
evaluation/env_infos/success Mean                       0
evaluation/env_infos/success Std                        0
evaluation/env_infos/success Max                        0
evaluation/env_infos/success Min                        0
evaluation/env_infos/final/image_dist Mean              9.78059
evaluation/env_infos/final/image_dist Std               1.18646
evaluation/env_infos/final/image_dist Max              11.414
evaluation/env_infos/final/image_dist Min               6.74199
evaluation/env_infos/initial/image_dist Mean            9.76252
evaluation/env_infos/initial/image_dist Std             1.15083
evaluation/env_infos/initial/image_dist Max            11.1596
evaluation/env_infos/initial/image_dist Min             6.98138
evaluation/env_infos/image_dist Mean                    9.73815
evaluation/env_infos/image_dist Std                     1.1956
evaluation/env_infos/image_dist Max                    11.4149
evaluation/env_infos/image_dist Min                     6.54226
evaluation/env_infos/final/image_success Mean          -0.4
evaluation/env_infos/final/image_success Std            0.489898
evaluation/env_infos/final/image_success Max            0
evaluation/env_infos/final/image_success Min           -1
evaluation/env_infos/initial/image_success Mean        -0.5
evaluation/env_infos/initial/image_success Std          0.5
evaluation/env_infos/initial/image_success Max          0
evaluation/env_infos/initial/image_success Min         -1
evaluation/env_infos/image_success Mean                -0.406
evaluation/env_infos/image_success Std                  0.491085
evaluation/env_infos/image_success Max                  0
evaluation/env_infos/image_success Min                 -1
evaluation/env_infos/final/vae_mdist Mean               3.71536e-09
evaluation/env_infos/final/vae_mdist Std                1.8176e-09
evaluation/env_infos/final/vae_mdist Max                5.92964e-09
evaluation/env_infos/final/vae_mdist Min                7.88286e-10
evaluation/env_infos/initial/vae_mdist Mean             3.12975e-09
evaluation/env_infos/initial/vae_mdist Std              1.54767e-09
evaluation/env_infos/initial/vae_mdist Max              5.59676e-09
evaluation/env_infos/initial/vae_mdist Min              6.6705e-10
evaluation/env_infos/vae_mdist Mean                     3.23677e-09
evaluation/env_infos/vae_mdist Std                      1.91278e-09
evaluation/env_infos/vae_mdist Max                      7.3522e-09
evaluation/env_infos/vae_mdist Min                      2.8066e-10
evaluation/env_infos/final/vae_success Mean             1
evaluation/env_infos/final/vae_success Std              0
evaluation/env_infos/final/vae_success Max              1
evaluation/env_infos/final/vae_success Min              1
evaluation/env_infos/initial/vae_success Mean           1
evaluation/env_infos/initial/vae_success Std            0
evaluation/env_infos/initial/vae_success Max            1
evaluation/env_infos/initial/vae_success Min            1
evaluation/env_infos/vae_success Mean                   1
evaluation/env_infos/vae_success Std                    0
evaluation/env_infos/vae_success Max                    1
evaluation/env_infos/vae_success Min                    1
evaluation/env_infos/final/vae_dist Mean                2.61883e-06
evaluation/env_infos/final/vae_dist Std                 7.60104e-07
evaluation/env_infos/final/vae_dist Max                 3.44486e-06
evaluation/env_infos/final/vae_dist Min                 1.256e-06
evaluation/env_infos/initial/vae_dist Mean              2.40232e-06
evaluation/env_infos/initial/vae_dist Std               7.01895e-07
evaluation/env_infos/initial/vae_dist Max               3.3463e-06
evaluation/env_infos/initial/vae_dist Min               1.15554e-06
evaluation/env_infos/vae_dist Mean                      2.40482e-06
evaluation/env_infos/vae_dist Std                       8.33464e-07
evaluation/env_infos/vae_dist Max                       3.8357e-06
evaluation/env_infos/vae_dist Min                       7.49487e-07
evaluation/env_infos/final/vae_dist_l1 Mean             4.59893e-06
evaluation/env_infos/final/vae_dist_l1 Std              1.42816e-06
evaluation/env_infos/final/vae_dist_l1 Max              6.23219e-06
evaluation/env_infos/final/vae_dist_l1 Min              2.02876e-06
evaluation/env_infos/initial/vae_dist_l1 Mean           3.97516e-06
evaluation/env_infos/initial/vae_dist_l1 Std            1.15036e-06
evaluation/env_infos/initial/vae_dist_l1 Max            5.15499e-06
evaluation/env_infos/initial/vae_dist_l1 Min            2.05501e-06
evaluation/env_infos/vae_dist_l1 Mean                   4.06998e-06
evaluation/env_infos/vae_dist_l1 Std                    1.52626e-06
evaluation/env_infos/vae_dist_l1 Max                    6.30111e-06
evaluation/env_infos/vae_dist_l1 Min                    1.17002e-06
evaluation/env_infos/final/vae_dist_l2 Mean             2.61883e-06
evaluation/env_infos/final/vae_dist_l2 Std              7.60104e-07
evaluation/env_infos/final/vae_dist_l2 Max              3.44486e-06
evaluation/env_infos/final/vae_dist_l2 Min              1.256e-06
evaluation/env_infos/initial/vae_dist_l2 Mean           2.40232e-06
evaluation/env_infos/initial/vae_dist_l2 Std            7.01895e-07
evaluation/env_infos/initial/vae_dist_l2 Max            3.3463e-06
evaluation/env_infos/initial/vae_dist_l2 Min            1.15554e-06
evaluation/env_infos/vae_dist_l2 Mean                   2.40482e-06
evaluation/env_infos/vae_dist_l2 Std                    8.33464e-07
evaluation/env_infos/vae_dist_l2 Max                    3.8357e-06
evaluation/env_infos/vae_dist_l2 Min                    7.49487e-07
time/data storing (s)                                   0.0747558
time/evaluation sampling (s)                           15.7011
time/exploration sampling (s)                          14.5255
time/logging (s)                                        0.0110046
time/saving (s)                                         0.0249693
time/training (s)                                      19.6874
time/vae training (s)                                  12.4657
time/epoch (s)                                         62.4904
time/total (s)                                        377.576
Epoch                                                   0
-------------------------------------------------  ----------------
2019-08-24 07:56:45.024640 EDT | [rlkit-skew-fit-pusher-reference-sample-from-true-prior-take2_2019_08_24_07_49_16_0000--s-0] Epoch 1 finished
-------------------------------------------------  ---------------
vae_trainer/train/log prob                         -4080.9
vae_trainer/train/KL                                   9.89058
vae_trainer/train/loss                              4278.71
vae_trainer/epoch                                      1
vae_trainer/test/log prob                          -7537.82
vae_trainer/test/KL                                    9.55538
vae_trainer/test/loss                               7728.92
vae_trainer/beta                                      20
replay_buffer/VAE Sample Weights Mean                  9.09091e-05
replay_buffer/VAE Sample Weights Std                   0.00491855
replay_buffer/VAE Sample Weights Max                   0.486349
replay_buffer/VAE Sample Weights Min                   8.64873e-11
replay_buffer/VAE Sample Probs Mean                    9.09091e-05
replay_buffer/VAE Sample Probs Std                     0.00491855
replay_buffer/VAE Sample Probs Max                     0.486349
replay_buffer/VAE Sample Probs Min                     8.64873e-11
trainer/QF1 Loss                                       3.32739
trainer/QF2 Loss                                       3.39082
trainer/Policy Loss                                    0.778333
trainer/Q1 Predictions Mean                           -2.13736
trainer/Q1 Predictions Std                             1.05681
trainer/Q1 Predictions Max                            -0.254488
trainer/Q1 Predictions Min                            -5.09258
trainer/Q2 Predictions Mean                           -2.07741
trainer/Q2 Predictions Std                             1.0588
trainer/Q2 Predictions Max                            -0.188532
trainer/Q2 Predictions Min                            -5.18304
trainer/Q Targets Mean                                -2.05429
trainer/Q Targets Std                                  1.45118
trainer/Q Targets Max                                  0.425433
trainer/Q Targets Min                                 -7.06168
trainer/Log Pis Mean                                  -1.36305
trainer/Log Pis Std                                    0.141759
trainer/Log Pis Max                                   -1.10207
trainer/Log Pis Min                                   -2.78897
trainer/Policy mu Mean                                 0.00043095
trainer/Policy mu Std                                  0.00306994
trainer/Policy mu Max                                  0.00562273
trainer/Policy mu Min                                 -0.00353962
trainer/Policy log std Mean                           -0.153238
trainer/Policy log std Std                             0.00883185
trainer/Policy log std Max                            -0.13845
trainer/Policy log std Min                            -0.174086
trainer/Alpha                                          0.36746
trainer/Alpha Loss                                    -3.36352
exploration/num steps total                        11000
exploration/num paths total                          220
exploration/path length Mean                          50
exploration/path length Std                            0
exploration/path length Max                           50
exploration/path length Min                           50
exploration/hand_distance Mean                         0.0846518
exploration/hand_distance Std                          0.0306468
exploration/hand_distance Max                          0.167088
exploration/hand_distance Min                          0.0297342
exploration/Final hand_distance Mean                   0.0916847
exploration/Final hand_distance Std                    0.0376385
exploration/Final hand_distance Max                    0.159782
exploration/Final hand_distance Min                    0.0424429
exploration/puck_distance Mean                         0.211504
exploration/puck_distance Std                          0.0427124
exploration/puck_distance Max                          0.27481
exploration/puck_distance Min                          0.128217
exploration/Final puck_distance Mean                   0.21145
exploration/Final puck_distance Std                    0.0427134
exploration/Final puck_distance Max                    0.274722
exploration/Final puck_distance Min                    0.128217
exploration/touch_distance Mean                        0.205807
exploration/touch_distance Std                         0.0336297
exploration/touch_distance Max                         0.2592
exploration/touch_distance Min                         0.112293
exploration/Final touch_distance Mean                  0.203498
exploration/Final touch_distance Std                   0.0431486
exploration/Final touch_distance Max                   0.2592
exploration/Final touch_distance Min                   0.123283
exploration/success Mean                               0
exploration/success Std                                0
exploration/success Max                                0
exploration/success Min                                0
exploration/Final success Mean                         0
exploration/Final success Std                          0
exploration/Final success Max                          0
exploration/Final success Min                          0
exploration/image_dist Mean                           10.3223
exploration/image_dist Std                             1.58595
exploration/image_dist Max                            14.4045
exploration/image_dist Min                             6.81456
exploration/Final image_dist Mean                     11.3084
exploration/Final image_dist Std                       2.02879
exploration/Final image_dist Max                      13.9204
exploration/Final image_dist Min                       8.32082
exploration/image_success Mean                        -0.494
exploration/image_success Std                          0.499964
exploration/image_success Max                          0
exploration/image_success Min                         -1
exploration/Final image_success Mean                  -0.6
exploration/Final image_success Std                    0.489898
exploration/Final image_success Max                    0
exploration/Final image_success Min                   -1
exploration/vae_mdist Mean                           729.684
exploration/vae_mdist Std                            398.935
exploration/vae_mdist Max                           1446.12
exploration/vae_mdist Min                             49.0318
exploration/Final vae_mdist Mean                     733.284
exploration/Final vae_mdist Std                      397.177
exploration/Final vae_mdist Max                     1356.04
exploration/Final vae_mdist Min                       55.0215
exploration/vae_success Mean                           0
exploration/vae_success Std                            0
exploration/vae_success Max                            0
exploration/vae_success Min                            0
exploration/Final vae_success Mean                     0
exploration/Final vae_success Std                      0
exploration/Final vae_success Max                      0
exploration/Final vae_success Min                      0
exploration/vae_dist Mean                              2.94346
exploration/vae_dist Std                               1.02325
exploration/vae_dist Max                               4.41459
exploration/vae_dist Min                               0.824015
exploration/Final vae_dist Mean                        2.84676
exploration/Final vae_dist Std                         1.02977
exploration/Final vae_dist Max                         4.39986
exploration/Final vae_dist Min                         0.824196
exploration/Rewards Mean                              -2.94346
exploration/Rewards Std                                1.02325
exploration/Rewards Max                               -0.824015
exploration/Rewards Min                               -4.41459
exploration/Returns Mean                            -147.173
exploration/Returns Std                               50.9405
exploration/Returns Max                              -41.4839
exploration/Returns Min                             -217.457
exploration/Actions Mean                               0.00486082
exploration/Actions Std                                0.594246
exploration/Actions Max                                0.990584
exploration/Actions Min                               -0.995092
exploration/Num Paths                                 10
exploration/Average Returns                         -147.173
exploration/env_infos/final/hand_distance Mean         0.0916847
exploration/env_infos/final/hand_distance Std          0.0376385
exploration/env_infos/final/hand_distance Max          0.159782
exploration/env_infos/final/hand_distance Min          0.0424429
exploration/env_infos/initial/hand_distance Mean       0.110907
exploration/env_infos/initial/hand_distance Std        0.020122
exploration/env_infos/initial/hand_distance Max        0.149096
exploration/env_infos/initial/hand_distance Min        0.0763959
exploration/env_infos/hand_distance Mean               0.0846518
exploration/env_infos/hand_distance Std                0.0306468
exploration/env_infos/hand_distance Max                0.167088
exploration/env_infos/hand_distance Min                0.0297342
exploration/env_infos/final/puck_distance Mean         0.21145
exploration/env_infos/final/puck_distance Std          0.0427134
exploration/env_infos/final/puck_distance Max          0.274722
exploration/env_infos/final/puck_distance Min          0.128217
exploration/env_infos/initial/puck_distance Mean       0.211558
exploration/env_infos/initial/puck_distance Std        0.0427113
exploration/env_infos/initial/puck_distance Max        0.27481
exploration/env_infos/initial/puck_distance Min        0.128361
exploration/env_infos/puck_distance Mean               0.211504
exploration/env_infos/puck_distance Std                0.0427124
exploration/env_infos/puck_distance Max                0.27481
exploration/env_infos/puck_distance Min                0.128217
exploration/env_infos/final/touch_distance Mean        0.203498
exploration/env_infos/final/touch_distance Std         0.0431486
exploration/env_infos/final/touch_distance Max         0.2592
exploration/env_infos/final/touch_distance Min         0.123283
exploration/env_infos/initial/touch_distance Mean      0.242832
exploration/env_infos/initial/touch_distance Std       0.000127567
exploration/env_infos/initial/touch_distance Max       0.243081
exploration/env_infos/initial/touch_distance Min       0.242687
exploration/env_infos/touch_distance Mean              0.205807
exploration/env_infos/touch_distance Std               0.0336297
exploration/env_infos/touch_distance Max               0.2592
exploration/env_infos/touch_distance Min               0.112293
exploration/env_infos/final/success Mean               0
exploration/env_infos/final/success Std                0
exploration/env_infos/final/success Max                0
exploration/env_infos/final/success Min                0
exploration/env_infos/initial/success Mean             0
exploration/env_infos/initial/success Std              0
exploration/env_infos/initial/success Max              0
exploration/env_infos/initial/success Min              0
exploration/env_infos/success Mean                     0
exploration/env_infos/success Std                      0
exploration/env_infos/success Max                      0
exploration/env_infos/success Min                      0
exploration/env_infos/final/image_dist Mean           11.3084
exploration/env_infos/final/image_dist Std             2.02879
exploration/env_infos/final/image_dist Max            13.9204
exploration/env_infos/final/image_dist Min             8.32082
exploration/env_infos/initial/image_dist Mean         10.3203
exploration/env_infos/initial/image_dist Std           0.818458
exploration/env_infos/initial/image_dist Max          11.8392
exploration/env_infos/initial/image_dist Min           8.9947
exploration/env_infos/image_dist Mean                 10.3223
exploration/env_infos/image_dist Std                   1.58595
exploration/env_infos/image_dist Max                  14.4045
exploration/env_infos/image_dist Min                   6.81456
exploration/env_infos/final/image_success Mean        -0.6
exploration/env_infos/final/image_success Std          0.489898
exploration/env_infos/final/image_success Max          0
exploration/env_infos/final/image_success Min         -1
exploration/env_infos/initial/image_success Mean      -0.6
exploration/env_infos/initial/image_success Std        0.489898
exploration/env_infos/initial/image_success Max        0
exploration/env_infos/initial/image_success Min       -1
exploration/env_infos/image_success Mean              -0.494
exploration/env_infos/image_success Std                0.499964
exploration/env_infos/image_success Max                0
exploration/env_infos/image_success Min               -1
exploration/env_infos/final/vae_mdist Mean           733.284
exploration/env_infos/final/vae_mdist Std            397.177
exploration/env_infos/final/vae_mdist Max           1356.04
exploration/env_infos/final/vae_mdist Min             55.0215
exploration/env_infos/initial/vae_mdist Mean         714.724
exploration/env_infos/initial/vae_mdist Std          387.691
exploration/env_infos/initial/vae_mdist Max         1356.51
exploration/env_infos/initial/vae_mdist Min           49.0815
exploration/env_infos/vae_mdist Mean                 729.684
exploration/env_infos/vae_mdist Std                  398.935
exploration/env_infos/vae_mdist Max                 1446.12
exploration/env_infos/vae_mdist Min                   49.0318
exploration/env_infos/final/vae_success Mean           0
exploration/env_infos/final/vae_success Std            0
exploration/env_infos/final/vae_success Max            0
exploration/env_infos/final/vae_success Min            0
exploration/env_infos/initial/vae_success Mean         0
exploration/env_infos/initial/vae_success Std          0
exploration/env_infos/initial/vae_success Max          0
exploration/env_infos/initial/vae_success Min          0
exploration/env_infos/vae_success Mean                 0
exploration/env_infos/vae_success Std                  0
exploration/env_infos/vae_success Max                  0
exploration/env_infos/vae_success Min                  0
exploration/env_infos/final/vae_dist Mean              2.84676
exploration/env_infos/final/vae_dist Std               1.02977
exploration/env_infos/final/vae_dist Max               4.39986
exploration/env_infos/final/vae_dist Min               0.824196
exploration/env_infos/initial/vae_dist Mean            3.05164
exploration/env_infos/initial/vae_dist Std             1.04352
exploration/env_infos/initial/vae_dist Max             4.4009
exploration/env_infos/initial/vae_dist Min             0.852832
exploration/env_infos/vae_dist Mean                    2.94346
exploration/env_infos/vae_dist Std                     1.02325
exploration/env_infos/vae_dist Max                     4.41459
exploration/env_infos/vae_dist Min                     0.824015
exploration/env_infos/final/vae_dist_l1 Mean           5.11539
exploration/env_infos/final/vae_dist_l1 Std            1.85774
exploration/env_infos/final/vae_dist_l1 Max            7.5447
exploration/env_infos/final/vae_dist_l1 Min            1.6315
exploration/env_infos/initial/vae_dist_l1 Mean         5.5236
exploration/env_infos/initial/vae_dist_l1 Std          1.92287
exploration/env_infos/initial/vae_dist_l1 Max          7.98898
exploration/env_infos/initial/vae_dist_l1 Min          1.62702
exploration/env_infos/vae_dist_l1 Mean                 5.30961
exploration/env_infos/vae_dist_l1 Std                  1.85917
exploration/env_infos/vae_dist_l1 Max                  8.01612
exploration/env_infos/vae_dist_l1 Min                  1.62682
exploration/env_infos/final/vae_dist_l2 Mean           2.84676
exploration/env_infos/final/vae_dist_l2 Std            1.02977
exploration/env_infos/final/vae_dist_l2 Max            4.39986
exploration/env_infos/final/vae_dist_l2 Min            0.824196
exploration/env_infos/initial/vae_dist_l2 Mean         3.05164
exploration/env_infos/initial/vae_dist_l2 Std          1.04352
exploration/env_infos/initial/vae_dist_l2 Max          4.4009
exploration/env_infos/initial/vae_dist_l2 Min          0.852832
exploration/env_infos/vae_dist_l2 Mean                 2.94346
exploration/env_infos/vae_dist_l2 Std                  1.02325
exploration/env_infos/vae_dist_l2 Max                  4.41459
exploration/env_infos/vae_dist_l2 Min                  0.824015
evaluation/num steps total                          1000
evaluation/num paths total                            20
evaluation/path length Mean                           50
evaluation/path length Std                             0
evaluation/path length Max                            50
evaluation/path length Min                            50
evaluation/hand_distance Mean                          0.113156
evaluation/hand_distance Std                           0.0264003
evaluation/hand_distance Max                           0.147736
evaluation/hand_distance Min                           0.0622259
evaluation/Final hand_distance Mean                    0.111937
evaluation/Final hand_distance Std                     0.0260894
evaluation/Final hand_distance Max                     0.144513
evaluation/Final hand_distance Min                     0.0622683
evaluation/puck_distance Mean                          0.16697
evaluation/puck_distance Std                           0.0744067
evaluation/puck_distance Max                           0.297581
evaluation/puck_distance Min                           0.0561707
evaluation/Final puck_distance Mean                    0.166902
evaluation/Final puck_distance Std                     0.0744113
evaluation/Final puck_distance Max                     0.297503
evaluation/Final puck_distance Min                     0.0561707
evaluation/touch_distance Mean                         0.241003
evaluation/touch_distance Std                          0.000952497
evaluation/touch_distance Max                          0.242814
evaluation/touch_distance Min                          0.239314
evaluation/Final touch_distance Mean                   0.239327
evaluation/Final touch_distance Std                    8.29028e-06
evaluation/Final touch_distance Max                    0.23934
evaluation/Final touch_distance Min                    0.239314
evaluation/success Mean                                0
evaluation/success Std                                 0
evaluation/success Max                                 0
evaluation/success Min                                 0
evaluation/Final success Mean                          0
evaluation/Final success Std                           0
evaluation/Final success Max                           0
evaluation/Final success Min                           0
evaluation/image_dist Mean                             9.77416
evaluation/image_dist Std                              0.961407
evaluation/image_dist Max                             11.126
evaluation/image_dist Min                              8.09299
evaluation/Final image_dist Mean                       9.80704
evaluation/Final image_dist Std                        0.94376
evaluation/Final image_dist Max                       11.0605
evaluation/Final image_dist Min                        8.27001
evaluation/image_success Mean                         -0.6
evaluation/image_success Std                           0.489898
evaluation/image_success Max                           0
evaluation/image_success Min                          -1
evaluation/Final image_success Mean                   -0.6
evaluation/Final image_success Std                     0.489898
evaluation/Final image_success Max                     0
evaluation/Final image_success Min                    -1
evaluation/vae_mdist Mean                              3.28405
evaluation/vae_mdist Std                               2.58833
evaluation/vae_mdist Max                               8.58801
evaluation/vae_mdist Min                               0.167366
evaluation/Final vae_mdist Mean                        3.24672
evaluation/Final vae_mdist Std                         2.57289
evaluation/Final vae_mdist Max                         7.92389
evaluation/Final vae_mdist Min                         0.219678
evaluation/vae_success Mean                            1
evaluation/vae_success Std                             0
evaluation/vae_success Max                             1
evaluation/vae_success Min                             1
evaluation/Final vae_success Mean                      1
evaluation/Final vae_success Std                       0
evaluation/Final vae_success Max                       1
evaluation/Final vae_success Min                       1
evaluation/vae_dist Mean                               0.198873
evaluation/vae_dist Std                                0.0904525
evaluation/vae_dist Max                                0.355045
evaluation/vae_dist Min                                0.0491681
evaluation/Final vae_dist Mean                         0.197372
evaluation/Final vae_dist Std                          0.0904195
evaluation/Final vae_dist Max                          0.339146
evaluation/Final vae_dist Min                          0.0564733
evaluation/Rewards Mean                               -0.198873
evaluation/Rewards Std                                 0.0904525
evaluation/Rewards Max                                -0.0491681
evaluation/Rewards Min                                -0.355045
evaluation/Returns Mean                               -9.94367
evaluation/Returns Std                                 4.51627
evaluation/Returns Max                                -2.90243
evaluation/Returns Min                               -17.024
evaluation/Actions Mean                                0.000420077
evaluation/Actions Std                                 0.00321228
evaluation/Actions Max                                 0.00364622
evaluation/Actions Min                                -0.00280768
evaluation/Num Paths                                  10
evaluation/Average Returns                            -9.94367
evaluation/env_infos/final/hand_distance Mean          0.111937
evaluation/env_infos/final/hand_distance Std           0.0260894
evaluation/env_infos/final/hand_distance Max           0.144513
evaluation/env_infos/final/hand_distance Min           0.0622683
evaluation/env_infos/initial/hand_distance Mean        0.115055
evaluation/env_infos/initial/hand_distance Std         0.0256844
evaluation/env_infos/initial/hand_distance Max         0.145499
evaluation/env_infos/initial/hand_distance Min         0.0661339
evaluation/env_infos/hand_distance Mean                0.113156
evaluation/env_infos/hand_distance Std                 0.0264003
evaluation/env_infos/hand_distance Max                 0.147736
evaluation/env_infos/hand_distance Min                 0.0622259
evaluation/env_infos/final/puck_distance Mean          0.166902
evaluation/env_infos/final/puck_distance Std           0.0744113
evaluation/env_infos/final/puck_distance Max           0.297503
evaluation/env_infos/final/puck_distance Min           0.0561707
evaluation/env_infos/initial/puck_distance Mean        0.167038
evaluation/env_infos/initial/puck_distance Std         0.0744021
evaluation/env_infos/initial/puck_distance Max         0.297581
evaluation/env_infos/initial/puck_distance Min         0.0563269
evaluation/env_infos/puck_distance Mean                0.16697
evaluation/env_infos/puck_distance Std                 0.0744067
evaluation/env_infos/puck_distance Max                 0.297581
evaluation/env_infos/puck_distance Min                 0.0561707
evaluation/env_infos/final/touch_distance Mean         0.239327
evaluation/env_infos/final/touch_distance Std          8.29028e-06
evaluation/env_infos/final/touch_distance Max          0.23934
evaluation/env_infos/final/touch_distance Min          0.239314
evaluation/env_infos/initial/touch_distance Mean       0.242814
evaluation/env_infos/initial/touch_distance Std        2.44572e-06
evaluation/env_infos/initial/touch_distance Max        0.242814
evaluation/env_infos/initial/touch_distance Min        0.242806
evaluation/env_infos/touch_distance Mean               0.241003
evaluation/env_infos/touch_distance Std                0.000952497
evaluation/env_infos/touch_distance Max                0.242814
evaluation/env_infos/touch_distance Min                0.239314
evaluation/env_infos/final/success Mean                0
evaluation/env_infos/final/success Std                 0
evaluation/env_infos/final/success Max                 0
evaluation/env_infos/final/success Min                 0
evaluation/env_infos/initial/success Mean              0
evaluation/env_infos/initial/success Std               0
evaluation/env_infos/initial/success Max               0
evaluation/env_infos/initial/success Min               0
evaluation/env_infos/success Mean                      0
evaluation/env_infos/success Std                       0
evaluation/env_infos/success Max                       0
evaluation/env_infos/success Min                       0
evaluation/env_infos/final/image_dist Mean             9.80704
evaluation/env_infos/final/image_dist Std              0.94376
evaluation/env_infos/final/image_dist Max             11.0605
evaluation/env_infos/final/image_dist Min              8.27001
evaluation/env_infos/initial/image_dist Mean           9.78774
evaluation/env_infos/initial/image_dist Std            0.862381
evaluation/env_infos/initial/image_dist Max           10.882
evaluation/env_infos/initial/image_dist Min            8.43611
evaluation/env_infos/image_dist Mean                   9.77416
evaluation/env_infos/image_dist Std                    0.961407
evaluation/env_infos/image_dist Max                   11.126
evaluation/env_infos/image_dist Min                    8.09299
evaluation/env_infos/final/image_success Mean         -0.6
evaluation/env_infos/final/image_success Std           0.489898
evaluation/env_infos/final/image_success Max           0
evaluation/env_infos/final/image_success Min          -1
evaluation/env_infos/initial/image_success Mean       -0.6
evaluation/env_infos/initial/image_success Std         0.489898
evaluation/env_infos/initial/image_success Max         0
evaluation/env_infos/initial/image_success Min        -1
evaluation/env_infos/image_success Mean               -0.6
evaluation/env_infos/image_success Std                 0.489898
evaluation/env_infos/image_success Max                 0
evaluation/env_infos/image_success Min                -1
evaluation/env_infos/final/vae_mdist Mean              3.24672
evaluation/env_infos/final/vae_mdist Std               2.57289
evaluation/env_infos/final/vae_mdist Max               7.92389
evaluation/env_infos/final/vae_mdist Min               0.219678
evaluation/env_infos/initial/vae_mdist Mean            3.55888
evaluation/env_infos/initial/vae_mdist Std             2.69977
evaluation/env_infos/initial/vae_mdist Max             8.43382
evaluation/env_infos/initial/vae_mdist Min             0.322075
evaluation/env_infos/vae_mdist Mean                    3.28405
evaluation/env_infos/vae_mdist Std                     2.58833
evaluation/env_infos/vae_mdist Max                     8.58801
evaluation/env_infos/vae_mdist Min                     0.167366
evaluation/env_infos/final/vae_success Mean            1
evaluation/env_infos/final/vae_success Std             0
evaluation/env_infos/final/vae_success Max             1
evaluation/env_infos/final/vae_success Min             1
evaluation/env_infos/initial/vae_success Mean          1
evaluation/env_infos/initial/vae_success Std           0
evaluation/env_infos/initial/vae_success Max           1
evaluation/env_infos/initial/vae_success Min           1
evaluation/env_infos/vae_success Mean                  1
evaluation/env_infos/vae_success Std                   0
evaluation/env_infos/vae_success Max                   1
evaluation/env_infos/vae_success Min                   1
evaluation/env_infos/final/vae_dist Mean               0.197372
evaluation/env_infos/final/vae_dist Std                0.0904195
evaluation/env_infos/final/vae_dist Max                0.339146
evaluation/env_infos/final/vae_dist Min                0.0564733
evaluation/env_infos/initial/vae_dist Mean             0.209521
evaluation/env_infos/initial/vae_dist Std              0.0904031
evaluation/env_infos/initial/vae_dist Max              0.351268
evaluation/env_infos/initial/vae_dist Min              0.0686541
evaluation/env_infos/vae_dist Mean                     0.198873
evaluation/env_infos/vae_dist Std                      0.0904525
evaluation/env_infos/vae_dist Max                      0.355045
evaluation/env_infos/vae_dist Min                      0.0491681
evaluation/env_infos/final/vae_dist_l1 Mean            0.394706
evaluation/env_infos/final/vae_dist_l1 Std             0.180822
evaluation/env_infos/final/vae_dist_l1 Max             0.678224
evaluation/env_infos/final/vae_dist_l1 Min             0.112937
evaluation/env_infos/initial/vae_dist_l1 Mean          0.419004
evaluation/env_infos/initial/vae_dist_l1 Std           0.18079
evaluation/env_infos/initial/vae_dist_l1 Max           0.702468
evaluation/env_infos/initial/vae_dist_l1 Min           0.137297
evaluation/env_infos/vae_dist_l1 Mean                  0.397709
evaluation/env_infos/vae_dist_l1 Std                   0.180888
evaluation/env_infos/vae_dist_l1 Max                   0.71002
evaluation/env_infos/vae_dist_l1 Min                   0.0983279
evaluation/env_infos/final/vae_dist_l2 Mean            0.197372
evaluation/env_infos/final/vae_dist_l2 Std             0.0904195
evaluation/env_infos/final/vae_dist_l2 Max             0.339146
evaluation/env_infos/final/vae_dist_l2 Min             0.0564733
evaluation/env_infos/initial/vae_dist_l2 Mean          0.209521
evaluation/env_infos/initial/vae_dist_l2 Std           0.0904031
evaluation/env_infos/initial/vae_dist_l2 Max           0.351268
evaluation/env_infos/initial/vae_dist_l2 Min           0.0686541
evaluation/env_infos/vae_dist_l2 Mean                  0.198873
evaluation/env_infos/vae_dist_l2 Std                   0.0904525
evaluation/env_infos/vae_dist_l2 Max                   0.355045
evaluation/env_infos/vae_dist_l2 Min                   0.0491681
time/data storing (s)                                  0.077836
time/evaluation sampling (s)                          14.1855
time/exploration sampling (s)                         14.7283
time/logging (s)                                       0.011378
time/saving (s)                                        0.0236138
time/training (s)                                     22.5656
time/vae training (s)                                 19.3393
time/epoch (s)                                        70.9316
time/total (s)                                       448.52
Epoch                                                  1
-------------------------------------------------  ---------------
2019-08-24 07:57:45.717990 EDT | [rlkit-skew-fit-pusher-reference-sample-from-true-prior-take2_2019_08_24_07_49_16_0000--s-0] Epoch 2 finished
-------------------------------------------------  ---------------
vae_trainer/train/log prob                         -1643.82
vae_trainer/train/KL                                  10.8555
vae_trainer/train/loss                              1860.93
vae_trainer/epoch                                      2
vae_trainer/test/log prob                          -5458.57
vae_trainer/test/KL                                   10.2679
vae_trainer/test/loss                               5663.93
vae_trainer/beta                                      20
replay_buffer/VAE Sample Weights Mean                  8.69565e-05
replay_buffer/VAE Sample Weights Std                   0.00207874
replay_buffer/VAE Sample Weights Max                   0.109529
replay_buffer/VAE Sample Weights Min                   4.3778e-09
replay_buffer/VAE Sample Probs Mean                    8.69565e-05
replay_buffer/VAE Sample Probs Std                     0.00207874
replay_buffer/VAE Sample Probs Max                     0.109529
replay_buffer/VAE Sample Probs Min                     4.3778e-09
trainer/QF1 Loss                                       1.86003
trainer/QF2 Loss                                       2.81808
trainer/Policy Loss                                    3.31045
trainer/Q1 Predictions Mean                           -4.45697
trainer/Q1 Predictions Std                             2.42861
trainer/Q1 Predictions Max                             0.129958
trainer/Q1 Predictions Min                           -12.5733
trainer/Q2 Predictions Mean                           -4.54993
trainer/Q2 Predictions Std                             2.74452
trainer/Q2 Predictions Max                             0.288157
trainer/Q2 Predictions Min                           -13.0205
trainer/Q Targets Mean                                -4.49054
trainer/Q Targets Std                                  2.20075
trainer/Q Targets Max                                  0.0932117
trainer/Q Targets Min                                -12.362
trainer/Log Pis Mean                                  -1.36552
trainer/Log Pis Std                                    0.177839
trainer/Log Pis Max                                   -1.00361
trainer/Log Pis Min                                   -3.55981
trainer/Policy mu Mean                                 0.0214303
trainer/Policy mu Std                                  0.0222912
trainer/Policy mu Max                                  0.0608355
trainer/Policy mu Min                                 -0.0119501
trainer/Policy log std Mean                           -0.149233
trainer/Policy log std Std                             0.012047
trainer/Policy log std Max                            -0.129101
trainer/Policy log std Min                            -0.183483
trainer/Alpha                                          0.135193
trainer/Alpha Loss                                    -6.7312
exploration/num steps total                        11500
exploration/num paths total                          230
exploration/path length Mean                          50
exploration/path length Std                            0
exploration/path length Max                           50
exploration/path length Min                           50
exploration/hand_distance Mean                         0.0862003
exploration/hand_distance Std                          0.0294794
exploration/hand_distance Max                          0.164132
exploration/hand_distance Min                          0.0302658
exploration/Final hand_distance Mean                   0.0745269
exploration/Final hand_distance Std                    0.0292244
exploration/Final hand_distance Max                    0.127001
exploration/Final hand_distance Min                    0.0321825
exploration/puck_distance Mean                         0.17412
exploration/puck_distance Std                          0.0895704
exploration/puck_distance Max                          0.270059
exploration/puck_distance Min                          0.0434405
exploration/Final puck_distance Mean                   0.174051
exploration/Final puck_distance Std                    0.0895765
exploration/Final puck_distance Max                    0.269981
exploration/Final puck_distance Min                    0.0434405
exploration/touch_distance Mean                        0.207779
exploration/touch_distance Std                         0.0364982
exploration/touch_distance Max                         0.260577
exploration/touch_distance Min                         0.105039
exploration/Final touch_distance Mean                  0.175373
exploration/Final touch_distance Std                   0.0410131
exploration/Final touch_distance Max                   0.246522
exploration/Final touch_distance Min                   0.125131
exploration/success Mean                               0
exploration/success Std                                0
exploration/success Max                                0
exploration/success Min                                0
exploration/Final success Mean                         0
exploration/Final success Std                          0
exploration/Final success Max                          0
exploration/Final success Min                          0
exploration/image_dist Mean                           10.1525
exploration/image_dist Std                             1.91831
exploration/image_dist Max                            14.372
exploration/image_dist Min                             4.88336
exploration/Final image_dist Mean                     10.4047
exploration/Final image_dist Std                       2.25953
exploration/Final image_dist Max                      13.9927
exploration/Final image_dist Min                       6.31105
exploration/image_success Mean                        -0.52
exploration/image_success Std                          0.4996
exploration/image_success Max                          0
exploration/image_success Min                         -1
exploration/Final image_success Mean                  -0.6
exploration/Final image_success Std                    0.489898
exploration/Final image_success Max                    0
exploration/Final image_success Min                   -1
exploration/vae_mdist Mean                           594.647
exploration/vae_mdist Std                            415.017
exploration/vae_mdist Max                           2041.04
exploration/vae_mdist Min                             94.2602
exploration/Final vae_mdist Mean                     807.677
exploration/Final vae_mdist Std                      544.307
exploration/Final vae_mdist Max                     1779.55
exploration/Final vae_mdist Min                      103.676
exploration/vae_success Mean                           0
exploration/vae_success Std                            0
exploration/vae_success Max                            0
exploration/vae_success Min                            0
exploration/Final vae_success Mean                     0
exploration/Final vae_success Std                      0
exploration/Final vae_success Max                      0
exploration/Final vae_success Min                      0
exploration/vae_dist Mean                              3.23685
exploration/vae_dist Std                               1.15832
exploration/vae_dist Max                               6.48797
exploration/vae_dist Min                               1.24567
exploration/Final vae_dist Mean                        2.88821
exploration/Final vae_dist Std                         1.20736
exploration/Final vae_dist Max                         5.48749
exploration/Final vae_dist Min                         1.24567
exploration/Rewards Mean                              -3.23685
exploration/Rewards Std                                1.15832
exploration/Rewards Max                               -1.24567
exploration/Rewards Min                               -6.48797
exploration/Returns Mean                            -161.843
exploration/Returns Std                               54.7869
exploration/Returns Max                             -106.303
exploration/Returns Min                             -293.973
exploration/Actions Mean                               0.0415118
exploration/Actions Std                                0.578493
exploration/Actions Max                                0.992722
exploration/Actions Min                               -0.996151
exploration/Num Paths                                 10
exploration/Average Returns                         -161.843
exploration/env_infos/final/hand_distance Mean         0.0745269
exploration/env_infos/final/hand_distance Std          0.0292244
exploration/env_infos/final/hand_distance Max          0.127001
exploration/env_infos/final/hand_distance Min          0.0321825
exploration/env_infos/initial/hand_distance Mean       0.1017
exploration/env_infos/initial/hand_distance Std        0.0257171
exploration/env_infos/initial/hand_distance Max        0.141871
exploration/env_infos/initial/hand_distance Min        0.0630848
exploration/env_infos/hand_distance Mean               0.0862003
exploration/env_infos/hand_distance Std                0.0294794
exploration/env_infos/hand_distance Max                0.164132
exploration/env_infos/hand_distance Min                0.0302658
exploration/env_infos/final/puck_distance Mean         0.174051
exploration/env_infos/final/puck_distance Std          0.0895765
exploration/env_infos/final/puck_distance Max          0.269981
exploration/env_infos/final/puck_distance Min          0.0434405
exploration/env_infos/initial/puck_distance Mean       0.174189
exploration/env_infos/initial/puck_distance Std        0.0895641
exploration/env_infos/initial/puck_distance Max        0.270059
exploration/env_infos/initial/puck_distance Min        0.0435912
exploration/env_infos/puck_distance Mean               0.17412
exploration/env_infos/puck_distance Std                0.0895704
exploration/env_infos/puck_distance Max                0.270059
exploration/env_infos/puck_distance Min                0.0434405
exploration/env_infos/final/touch_distance Mean        0.175373
exploration/env_infos/final/touch_distance Std         0.0410131
exploration/env_infos/final/touch_distance Max         0.246522
exploration/env_infos/final/touch_distance Min         0.125131
exploration/env_infos/initial/touch_distance Mean      0.242873
exploration/env_infos/initial/touch_distance Std       0.00020384
exploration/env_infos/initial/touch_distance Max       0.243397
exploration/env_infos/initial/touch_distance Min       0.242688
exploration/env_infos/touch_distance Mean              0.207779
exploration/env_infos/touch_distance Std               0.0364982
exploration/env_infos/touch_distance Max               0.260577
exploration/env_infos/touch_distance Min               0.105039
exploration/env_infos/final/success Mean               0
exploration/env_infos/final/success Std                0
exploration/env_infos/final/success Max                0
exploration/env_infos/final/success Min                0
exploration/env_infos/initial/success Mean             0
exploration/env_infos/initial/success Std              0
exploration/env_infos/initial/success Max              0
exploration/env_infos/initial/success Min              0
exploration/env_infos/success Mean                     0
exploration/env_infos/success Std                      0
exploration/env_infos/success Max                      0
exploration/env_infos/success Min                      0
exploration/env_infos/final/image_dist Mean           10.4047
exploration/env_infos/final/image_dist Std             2.25953
exploration/env_infos/final/image_dist Max            13.9927
exploration/env_infos/final/image_dist Min             6.31105
exploration/env_infos/initial/image_dist Mean          9.09853
exploration/env_infos/initial/image_dist Std           0.967094
exploration/env_infos/initial/image_dist Max          10.7538
exploration/env_infos/initial/image_dist Min           7.6968
exploration/env_infos/image_dist Mean                 10.1525
exploration/env_infos/image_dist Std                   1.91831
exploration/env_infos/image_dist Max                  14.372
exploration/env_infos/image_dist Min                   4.88336
exploration/env_infos/final/image_success Mean        -0.6
exploration/env_infos/final/image_success Std          0.489898
exploration/env_infos/final/image_success Max          0
exploration/env_infos/final/image_success Min         -1
exploration/env_infos/initial/image_success Mean      -0.2
exploration/env_infos/initial/image_success Std        0.4
exploration/env_infos/initial/image_success Max        0
exploration/env_infos/initial/image_success Min       -1
exploration/env_infos/image_success Mean              -0.52
exploration/env_infos/image_success Std                0.4996
exploration/env_infos/image_success Max                0
exploration/env_infos/image_success Min               -1
exploration/env_infos/final/vae_mdist Mean           807.677
exploration/env_infos/final/vae_mdist Std            544.307
exploration/env_infos/final/vae_mdist Max           1779.55
exploration/env_infos/final/vae_mdist Min            103.676
exploration/env_infos/initial/vae_mdist Mean         373.711
exploration/env_infos/initial/vae_mdist Std          259.216
exploration/env_infos/initial/vae_mdist Max         1041.65
exploration/env_infos/initial/vae_mdist Min          102.839
exploration/env_infos/vae_mdist Mean                 594.647
exploration/env_infos/vae_mdist Std                  415.017
exploration/env_infos/vae_mdist Max                 2041.04
exploration/env_infos/vae_mdist Min                   94.2602
exploration/env_infos/final/vae_success Mean           0
exploration/env_infos/final/vae_success Std            0
exploration/env_infos/final/vae_success Max            0
exploration/env_infos/final/vae_success Min            0
exploration/env_infos/initial/vae_success Mean         0
exploration/env_infos/initial/vae_success Std          0
exploration/env_infos/initial/vae_success Max          0
exploration/env_infos/initial/vae_success Min          0
exploration/env_infos/vae_success Mean                 0
exploration/env_infos/vae_success Std                  0
exploration/env_infos/vae_success Max                  0
exploration/env_infos/vae_success Min                  0
exploration/env_infos/final/vae_dist Mean              2.88821
exploration/env_infos/final/vae_dist Std               1.20736
exploration/env_infos/final/vae_dist Max               5.48749
exploration/env_infos/final/vae_dist Min               1.24567
exploration/env_infos/initial/vae_dist Mean            3.10882
exploration/env_infos/initial/vae_dist Std             1.12729
exploration/env_infos/initial/vae_dist Max             5.86843
exploration/env_infos/initial/vae_dist Min             1.76877
exploration/env_infos/vae_dist Mean                    3.23685
exploration/env_infos/vae_dist Std                     1.15832
exploration/env_infos/vae_dist Max                     6.48797
exploration/env_infos/vae_dist Min                     1.24567
exploration/env_infos/final/vae_dist_l1 Mean           5.08468
exploration/env_infos/final/vae_dist_l1 Std            2.31239
exploration/env_infos/final/vae_dist_l1 Max            9.84437
exploration/env_infos/final/vae_dist_l1 Min            1.70702
exploration/env_infos/initial/vae_dist_l1 Mean         5.67055
exploration/env_infos/initial/vae_dist_l1 Std          1.94748
exploration/env_infos/initial/vae_dist_l1 Max         10.3812
exploration/env_infos/initial/vae_dist_l1 Min          3.23821
exploration/env_infos/vae_dist_l1 Mean                 5.55306
exploration/env_infos/vae_dist_l1 Std                  2.11625
exploration/env_infos/vae_dist_l1 Max                 11.4458
exploration/env_infos/vae_dist_l1 Min                  1.70702
exploration/env_infos/final/vae_dist_l2 Mean           2.88821
exploration/env_infos/final/vae_dist_l2 Std            1.20736
exploration/env_infos/final/vae_dist_l2 Max            5.48749
exploration/env_infos/final/vae_dist_l2 Min            1.24567
exploration/env_infos/initial/vae_dist_l2 Mean         3.10882
exploration/env_infos/initial/vae_dist_l2 Std          1.12729
exploration/env_infos/initial/vae_dist_l2 Max          5.86843
exploration/env_infos/initial/vae_dist_l2 Min          1.76877
exploration/env_infos/vae_dist_l2 Mean                 3.23685
exploration/env_infos/vae_dist_l2 Std                  1.15832
exploration/env_infos/vae_dist_l2 Max                  6.48797
exploration/env_infos/vae_dist_l2 Min                  1.24567
evaluation/num steps total                          1500
evaluation/num paths total                            30
evaluation/path length Mean                           50
evaluation/path length Std                             0
evaluation/path length Max                            50
evaluation/path length Min                            50
evaluation/hand_distance Mean                          0.0905002
evaluation/hand_distance Std                           0.0204918
evaluation/hand_distance Max                           0.140996
evaluation/hand_distance Min                           0.0600347
evaluation/Final hand_distance Mean                    0.0778579
evaluation/Final hand_distance Std                     0.0163575
evaluation/Final hand_distance Max                     0.108348
evaluation/Final hand_distance Min                     0.0600347
evaluation/puck_distance Mean                          0.202521
evaluation/puck_distance Std                           0.0556343
evaluation/puck_distance Max                           0.283549
evaluation/puck_distance Min                           0.108162
evaluation/Final puck_distance Mean                    0.202457
evaluation/Final puck_distance Std                     0.0556327
evaluation/Final puck_distance Max                     0.283394
evaluation/Final puck_distance Min                     0.108162
evaluation/touch_distance Mean                         0.228046
evaluation/touch_distance Std                          0.00908693
evaluation/touch_distance Max                          0.24287
evaluation/touch_distance Min                          0.206317
evaluation/Final touch_distance Mean                   0.213247
evaluation/Final touch_distance Std                    0.00433896
evaluation/Final touch_distance Max                    0.219979
evaluation/Final touch_distance Min                    0.206317
evaluation/success Mean                                0
evaluation/success Std                                 0
evaluation/success Max                                 0
evaluation/success Min                                 0
evaluation/Final success Mean                          0
evaluation/Final success Std                           0
evaluation/Final success Max                           0
evaluation/Final success Min                           0
evaluation/image_dist Mean                             9.60654
evaluation/image_dist Std                              0.841515
evaluation/image_dist Max                             11.1081
evaluation/image_dist Min                              8.32145
evaluation/Final image_dist Mean                       9.52657
evaluation/Final image_dist Std                        0.867675
evaluation/Final image_dist Max                       11.0115
evaluation/Final image_dist Min                        8.32145
evaluation/image_success Mean                         -0.206
evaluation/image_success Std                           0.40443
evaluation/image_success Max                           0
evaluation/image_success Min                          -1
evaluation/Final image_success Mean                   -0.2
evaluation/Final image_success Std                     0.4
evaluation/Final image_success Max                     0
evaluation/Final image_success Min                    -1
evaluation/vae_mdist Mean                             61.1352
evaluation/vae_mdist Std                              37.0546
evaluation/vae_mdist Max                             139.586
evaluation/vae_mdist Min                              17.2198
evaluation/Final vae_mdist Mean                       61.6393
evaluation/Final vae_mdist Std                        39.2857
evaluation/Final vae_mdist Max                       136.911
evaluation/Final vae_mdist Min                        19.6236
evaluation/vae_success Mean                            0.096
evaluation/vae_success Std                             0.294591
evaluation/vae_success Max                             1
evaluation/vae_success Min                             0
evaluation/Final vae_success Mean                      0.1
evaluation/Final vae_success Std                       0.3
evaluation/Final vae_success Max                       1
evaluation/Final vae_success Min                       0
evaluation/vae_dist Mean                               1.24795
evaluation/vae_dist Std                                0.430985
evaluation/vae_dist Max                                2.16443
evaluation/vae_dist Min                                0.650845
evaluation/Final vae_dist Mean                         1.20803
evaluation/Final vae_dist Std                          0.423031
evaluation/Final vae_dist Max                          2.04766
evaluation/Final vae_dist Min                          0.665717
evaluation/Rewards Mean                               -1.24795
evaluation/Rewards Std                                 0.430985
evaluation/Rewards Max                                -0.650845
evaluation/Rewards Min                                -2.16443
evaluation/Returns Mean                              -62.3976
evaluation/Returns Std                                21.4446
evaluation/Returns Max                               -33.8967
evaluation/Returns Min                              -104.702
evaluation/Actions Mean                                0.0145055
evaluation/Actions Std                                 0.0167525
evaluation/Actions Max                                 0.0391455
evaluation/Actions Min                                -0.00616487
evaluation/Num Paths                                  10
evaluation/Average Returns                           -62.3976
evaluation/env_infos/final/hand_distance Mean          0.0778579
evaluation/env_infos/final/hand_distance Std           0.0163575
evaluation/env_infos/final/hand_distance Max           0.108348
evaluation/env_infos/final/hand_distance Min           0.0600347
evaluation/env_infos/initial/hand_distance Mean        0.103943
evaluation/env_infos/initial/hand_distance Std         0.0208575
evaluation/env_infos/initial/hand_distance Max         0.140499
evaluation/env_infos/initial/hand_distance Min         0.0775882
evaluation/env_infos/hand_distance Mean                0.0905002
evaluation/env_infos/hand_distance Std                 0.0204918
evaluation/env_infos/hand_distance Max                 0.140996
evaluation/env_infos/hand_distance Min                 0.0600347
evaluation/env_infos/final/puck_distance Mean          0.202457
evaluation/env_infos/final/puck_distance Std           0.0556327
evaluation/env_infos/final/puck_distance Max           0.283394
evaluation/env_infos/final/puck_distance Min           0.108162
evaluation/env_infos/initial/puck_distance Mean        0.202585
evaluation/env_infos/initial/puck_distance Std         0.0556358
evaluation/env_infos/initial/puck_distance Max         0.283549
evaluation/env_infos/initial/puck_distance Min         0.108315
evaluation/env_infos/puck_distance Mean                0.202521
evaluation/env_infos/puck_distance Std                 0.0556343
evaluation/env_infos/puck_distance Max                 0.283549
evaluation/env_infos/puck_distance Min                 0.108162
evaluation/env_infos/final/touch_distance Mean         0.213247
evaluation/env_infos/final/touch_distance Std          0.00433896
evaluation/env_infos/final/touch_distance Max          0.219979
evaluation/env_infos/final/touch_distance Min          0.206317
evaluation/env_infos/initial/touch_distance Mean       0.242817
evaluation/env_infos/initial/touch_distance Std        1.90431e-05
evaluation/env_infos/initial/touch_distance Max        0.24287
evaluation/env_infos/initial/touch_distance Min        0.242808
evaluation/env_infos/touch_distance Mean               0.228046
evaluation/env_infos/touch_distance Std                0.00908693
evaluation/env_infos/touch_distance Max                0.24287
evaluation/env_infos/touch_distance Min                0.206317
evaluation/env_infos/final/success Mean                0
evaluation/env_infos/final/success Std                 0
evaluation/env_infos/final/success Max                 0
evaluation/env_infos/final/success Min                 0
evaluation/env_infos/initial/success Mean              0
evaluation/env_infos/initial/success Std               0
evaluation/env_infos/initial/success Max               0
evaluation/env_infos/initial/success Min               0
evaluation/env_infos/success Mean                      0
evaluation/env_infos/success Std                       0
evaluation/env_infos/success Max                       0
evaluation/env_infos/success Min                       0
evaluation/env_infos/final/image_dist Mean             9.52657
evaluation/env_infos/final/image_dist Std              0.867675
evaluation/env_infos/final/image_dist Max             11.0115
evaluation/env_infos/final/image_dist Min              8.32145
evaluation/env_infos/initial/image_dist Mean           9.74119
evaluation/env_infos/initial/image_dist Std            0.779078
evaluation/env_infos/initial/image_dist Max           10.9502
evaluation/env_infos/initial/image_dist Min            8.43233
evaluation/env_infos/image_dist Mean                   9.60654
evaluation/env_infos/image_dist Std                    0.841515
evaluation/env_infos/image_dist Max                   11.1081
evaluation/env_infos/image_dist Min                    8.32145
evaluation/env_infos/final/image_success Mean         -0.2
evaluation/env_infos/final/image_success Std           0.4
evaluation/env_infos/final/image_success Max           0
evaluation/env_infos/final/image_success Min          -1
evaluation/env_infos/initial/image_success Mean       -0.3
evaluation/env_infos/initial/image_success Std         0.458258
evaluation/env_infos/initial/image_success Max         0
evaluation/env_infos/initial/image_success Min        -1
evaluation/env_infos/image_success Mean               -0.206
evaluation/env_infos/image_success Std                 0.40443
evaluation/env_infos/image_success Max                 0
evaluation/env_infos/image_success Min                -1
evaluation/env_infos/final/vae_mdist Mean             61.6393
evaluation/env_infos/final/vae_mdist Std              39.2857
evaluation/env_infos/final/vae_mdist Max             136.911
evaluation/env_infos/final/vae_mdist Min              19.6236
evaluation/env_infos/initial/vae_mdist Mean           58.5243
evaluation/env_infos/initial/vae_mdist Std            28.5585
evaluation/env_infos/initial/vae_mdist Max           101.207
evaluation/env_infos/initial/vae_mdist Min            24.5511
evaluation/env_infos/vae_mdist Mean                   61.1352
evaluation/env_infos/vae_mdist Std                    37.0546
evaluation/env_infos/vae_mdist Max                   139.586
evaluation/env_infos/vae_mdist Min                    17.2198
evaluation/env_infos/final/vae_success Mean            0.1
evaluation/env_infos/final/vae_success Std             0.3
evaluation/env_infos/final/vae_success Max             1
evaluation/env_infos/final/vae_success Min             0
evaluation/env_infos/initial/vae_success Mean          0
evaluation/env_infos/initial/vae_success Std           0
evaluation/env_infos/initial/vae_success Max           0
evaluation/env_infos/initial/vae_success Min           0
evaluation/env_infos/vae_success Mean                  0.096
evaluation/env_infos/vae_success Std                   0.294591
evaluation/env_infos/vae_success Max                   1
evaluation/env_infos/vae_success Min                   0
evaluation/env_infos/final/vae_dist Mean               1.20803
evaluation/env_infos/final/vae_dist Std                0.423031
evaluation/env_infos/final/vae_dist Max                2.04766
evaluation/env_infos/final/vae_dist Min                0.665717
evaluation/env_infos/initial/vae_dist Mean             1.26223
evaluation/env_infos/initial/vae_dist Std              0.354805
evaluation/env_infos/initial/vae_dist Max              1.93206
evaluation/env_infos/initial/vae_dist Min              0.766538
evaluation/env_infos/vae_dist Mean                     1.24795
evaluation/env_infos/vae_dist Std                      0.430985
evaluation/env_infos/vae_dist Max                      2.16443
evaluation/env_infos/vae_dist Min                      0.650845
evaluation/env_infos/final/vae_dist_l1 Mean            2.08448
evaluation/env_infos/final/vae_dist_l1 Std             0.796541
evaluation/env_infos/final/vae_dist_l1 Max             3.64516
evaluation/env_infos/final/vae_dist_l1 Min             1.29664
evaluation/env_infos/initial/vae_dist_l1 Mean          2.09709
evaluation/env_infos/initial/vae_dist_l1 Std           0.593287
evaluation/env_infos/initial/vae_dist_l1 Max           3.2029
evaluation/env_infos/initial/vae_dist_l1 Min           1.45612
evaluation/env_infos/vae_dist_l1 Mean                  2.15892
evaluation/env_infos/vae_dist_l1 Std                   0.797822
evaluation/env_infos/vae_dist_l1 Max                   3.78437
evaluation/env_infos/vae_dist_l1 Min                   1.2669
evaluation/env_infos/final/vae_dist_l2 Mean            1.20803
evaluation/env_infos/final/vae_dist_l2 Std             0.423031
evaluation/env_infos/final/vae_dist_l2 Max             2.04766
evaluation/env_infos/final/vae_dist_l2 Min             0.665717
evaluation/env_infos/initial/vae_dist_l2 Mean          1.26223
evaluation/env_infos/initial/vae_dist_l2 Std           0.354805
evaluation/env_infos/initial/vae_dist_l2 Max           1.93206
evaluation/env_infos/initial/vae_dist_l2 Min           0.766538
evaluation/env_infos/vae_dist_l2 Mean                  1.24795
evaluation/env_infos/vae_dist_l2 Std                   0.430985
evaluation/env_infos/vae_dist_l2 Max                   2.16443
evaluation/env_infos/vae_dist_l2 Min                   0.650845
time/data storing (s)                                  0.0633046
time/evaluation sampling (s)                          14.2212
time/exploration sampling (s)                         14.4194
time/logging (s)                                       0.0109493
time/saving (s)                                        0.0222755
time/training (s)                                     20.3669
time/vae training (s)                                 11.5752
time/epoch (s)                                        60.6792
time/total (s)                                       509.212
Epoch                                                  2
-------------------------------------------------  ---------------
